[2024-07-21T20:49:24.536+0100] {processor.py:157} INFO - Started process (PID=82469) to work on /Users/apoorvasaxena/.pyenv/versions/airflow-venv/lib/python3.10/site-packages/airflow/example_dags/subdags/subdag.py
[2024-07-21T20:49:24.538+0100] {processor.py:829} INFO - Processing file /Users/apoorvasaxena/.pyenv/versions/airflow-venv/lib/python3.10/site-packages/airflow/example_dags/subdags/subdag.py for tasks to queue
[2024-07-21T20:49:24.538+0100] {logging_mixin.py:151} INFO - [2024-07-21T20:49:24.538+0100] {dagbag.py:539} INFO - Filling up the DagBag from /Users/apoorvasaxena/.pyenv/versions/airflow-venv/lib/python3.10/site-packages/airflow/example_dags/subdags/subdag.py
[2024-07-21T20:49:24.539+0100] {processor.py:841} WARNING - No viable dags retrieved from /Users/apoorvasaxena/.pyenv/versions/airflow-venv/lib/python3.10/site-packages/airflow/example_dags/subdags/subdag.py
[2024-07-21T20:49:24.597+0100] {processor.py:179} INFO - Processing /Users/apoorvasaxena/.pyenv/versions/airflow-venv/lib/python3.10/site-packages/airflow/example_dags/subdags/subdag.py took 0.062 seconds
[2024-07-21T20:50:31.457+0100] {processor.py:157} INFO - Started process (PID=82582) to work on /Users/apoorvasaxena/.pyenv/versions/airflow-venv/lib/python3.10/site-packages/airflow/example_dags/subdags/subdag.py
[2024-07-21T20:50:31.460+0100] {processor.py:829} INFO - Processing file /Users/apoorvasaxena/.pyenv/versions/airflow-venv/lib/python3.10/site-packages/airflow/example_dags/subdags/subdag.py for tasks to queue
[2024-07-21T20:50:31.460+0100] {logging_mixin.py:151} INFO - [2024-07-21T20:50:31.460+0100] {dagbag.py:539} INFO - Filling up the DagBag from /Users/apoorvasaxena/.pyenv/versions/airflow-venv/lib/python3.10/site-packages/airflow/example_dags/subdags/subdag.py
[2024-07-21T20:50:31.461+0100] {processor.py:841} WARNING - No viable dags retrieved from /Users/apoorvasaxena/.pyenv/versions/airflow-venv/lib/python3.10/site-packages/airflow/example_dags/subdags/subdag.py
[2024-07-21T20:50:31.514+0100] {processor.py:179} INFO - Processing /Users/apoorvasaxena/.pyenv/versions/airflow-venv/lib/python3.10/site-packages/airflow/example_dags/subdags/subdag.py took 0.058 seconds
[2024-07-21T20:51:08.896+0100] {processor.py:157} INFO - Started process (PID=82656) to work on /Users/apoorvasaxena/.pyenv/versions/airflow-venv/lib/python3.10/site-packages/airflow/example_dags/subdags/subdag.py
[2024-07-21T20:51:08.898+0100] {processor.py:829} INFO - Processing file /Users/apoorvasaxena/.pyenv/versions/airflow-venv/lib/python3.10/site-packages/airflow/example_dags/subdags/subdag.py for tasks to queue
[2024-07-21T20:51:08.898+0100] {logging_mixin.py:151} INFO - [2024-07-21T20:51:08.898+0100] {dagbag.py:539} INFO - Filling up the DagBag from /Users/apoorvasaxena/.pyenv/versions/airflow-venv/lib/python3.10/site-packages/airflow/example_dags/subdags/subdag.py
[2024-07-21T20:51:08.899+0100] {processor.py:841} WARNING - No viable dags retrieved from /Users/apoorvasaxena/.pyenv/versions/airflow-venv/lib/python3.10/site-packages/airflow/example_dags/subdags/subdag.py
[2024-07-21T20:51:08.953+0100] {processor.py:179} INFO - Processing /Users/apoorvasaxena/.pyenv/versions/airflow-venv/lib/python3.10/site-packages/airflow/example_dags/subdags/subdag.py took 0.058 seconds
[2024-07-21T20:51:46.708+0100] {processor.py:157} INFO - Started process (PID=82831) to work on /Users/apoorvasaxena/.pyenv/versions/airflow-venv/lib/python3.10/site-packages/airflow/example_dags/subdags/subdag.py
[2024-07-21T20:51:46.711+0100] {processor.py:829} INFO - Processing file /Users/apoorvasaxena/.pyenv/versions/airflow-venv/lib/python3.10/site-packages/airflow/example_dags/subdags/subdag.py for tasks to queue
[2024-07-21T20:51:46.711+0100] {logging_mixin.py:151} INFO - [2024-07-21T20:51:46.711+0100] {dagbag.py:539} INFO - Filling up the DagBag from /Users/apoorvasaxena/.pyenv/versions/airflow-venv/lib/python3.10/site-packages/airflow/example_dags/subdags/subdag.py
[2024-07-21T20:51:46.712+0100] {processor.py:841} WARNING - No viable dags retrieved from /Users/apoorvasaxena/.pyenv/versions/airflow-venv/lib/python3.10/site-packages/airflow/example_dags/subdags/subdag.py
[2024-07-21T20:51:46.766+0100] {processor.py:179} INFO - Processing /Users/apoorvasaxena/.pyenv/versions/airflow-venv/lib/python3.10/site-packages/airflow/example_dags/subdags/subdag.py took 0.058 seconds
[2024-07-21T20:52:22.115+0100] {processor.py:157} INFO - Started process (PID=82871) to work on /Users/apoorvasaxena/.pyenv/versions/airflow-venv/lib/python3.10/site-packages/airflow/example_dags/subdags/subdag.py
[2024-07-21T20:52:22.117+0100] {processor.py:829} INFO - Processing file /Users/apoorvasaxena/.pyenv/versions/airflow-venv/lib/python3.10/site-packages/airflow/example_dags/subdags/subdag.py for tasks to queue
[2024-07-21T20:52:22.117+0100] {logging_mixin.py:151} INFO - [2024-07-21T20:52:22.117+0100] {dagbag.py:539} INFO - Filling up the DagBag from /Users/apoorvasaxena/.pyenv/versions/airflow-venv/lib/python3.10/site-packages/airflow/example_dags/subdags/subdag.py
[2024-07-21T20:52:22.118+0100] {processor.py:841} WARNING - No viable dags retrieved from /Users/apoorvasaxena/.pyenv/versions/airflow-venv/lib/python3.10/site-packages/airflow/example_dags/subdags/subdag.py
[2024-07-21T20:52:22.171+0100] {processor.py:179} INFO - Processing /Users/apoorvasaxena/.pyenv/versions/airflow-venv/lib/python3.10/site-packages/airflow/example_dags/subdags/subdag.py took 0.057 seconds
[2024-07-21T20:52:56.928+0100] {processor.py:157} INFO - Started process (PID=83344) to work on /Users/apoorvasaxena/.pyenv/versions/airflow-venv/lib/python3.10/site-packages/airflow/example_dags/subdags/subdag.py
[2024-07-21T20:52:56.930+0100] {processor.py:829} INFO - Processing file /Users/apoorvasaxena/.pyenv/versions/airflow-venv/lib/python3.10/site-packages/airflow/example_dags/subdags/subdag.py for tasks to queue
[2024-07-21T20:52:56.931+0100] {logging_mixin.py:151} INFO - [2024-07-21T20:52:56.931+0100] {dagbag.py:539} INFO - Filling up the DagBag from /Users/apoorvasaxena/.pyenv/versions/airflow-venv/lib/python3.10/site-packages/airflow/example_dags/subdags/subdag.py
[2024-07-21T20:52:56.932+0100] {processor.py:841} WARNING - No viable dags retrieved from /Users/apoorvasaxena/.pyenv/versions/airflow-venv/lib/python3.10/site-packages/airflow/example_dags/subdags/subdag.py
[2024-07-21T20:52:56.986+0100] {processor.py:179} INFO - Processing /Users/apoorvasaxena/.pyenv/versions/airflow-venv/lib/python3.10/site-packages/airflow/example_dags/subdags/subdag.py took 0.058 seconds
[2024-07-21T20:53:33.803+0100] {processor.py:157} INFO - Started process (PID=83686) to work on /Users/apoorvasaxena/.pyenv/versions/airflow-venv/lib/python3.10/site-packages/airflow/example_dags/subdags/subdag.py
[2024-07-21T20:53:33.805+0100] {processor.py:829} INFO - Processing file /Users/apoorvasaxena/.pyenv/versions/airflow-venv/lib/python3.10/site-packages/airflow/example_dags/subdags/subdag.py for tasks to queue
[2024-07-21T20:53:33.806+0100] {logging_mixin.py:151} INFO - [2024-07-21T20:53:33.806+0100] {dagbag.py:539} INFO - Filling up the DagBag from /Users/apoorvasaxena/.pyenv/versions/airflow-venv/lib/python3.10/site-packages/airflow/example_dags/subdags/subdag.py
[2024-07-21T20:53:33.807+0100] {processor.py:841} WARNING - No viable dags retrieved from /Users/apoorvasaxena/.pyenv/versions/airflow-venv/lib/python3.10/site-packages/airflow/example_dags/subdags/subdag.py
[2024-07-21T20:53:33.860+0100] {processor.py:179} INFO - Processing /Users/apoorvasaxena/.pyenv/versions/airflow-venv/lib/python3.10/site-packages/airflow/example_dags/subdags/subdag.py took 0.058 seconds
[2024-07-21T20:54:12.593+0100] {processor.py:157} INFO - Started process (PID=83738) to work on /Users/apoorvasaxena/.pyenv/versions/airflow-venv/lib/python3.10/site-packages/airflow/example_dags/subdags/subdag.py
[2024-07-21T20:54:12.596+0100] {processor.py:829} INFO - Processing file /Users/apoorvasaxena/.pyenv/versions/airflow-venv/lib/python3.10/site-packages/airflow/example_dags/subdags/subdag.py for tasks to queue
[2024-07-21T20:54:12.596+0100] {logging_mixin.py:151} INFO - [2024-07-21T20:54:12.596+0100] {dagbag.py:539} INFO - Filling up the DagBag from /Users/apoorvasaxena/.pyenv/versions/airflow-venv/lib/python3.10/site-packages/airflow/example_dags/subdags/subdag.py
[2024-07-21T20:54:12.597+0100] {processor.py:841} WARNING - No viable dags retrieved from /Users/apoorvasaxena/.pyenv/versions/airflow-venv/lib/python3.10/site-packages/airflow/example_dags/subdags/subdag.py
[2024-07-21T20:54:12.660+0100] {processor.py:179} INFO - Processing /Users/apoorvasaxena/.pyenv/versions/airflow-venv/lib/python3.10/site-packages/airflow/example_dags/subdags/subdag.py took 0.068 seconds
[2024-07-21T20:54:50.915+0100] {processor.py:157} INFO - Started process (PID=83790) to work on /Users/apoorvasaxena/.pyenv/versions/airflow-venv/lib/python3.10/site-packages/airflow/example_dags/subdags/subdag.py
[2024-07-21T20:54:50.917+0100] {processor.py:829} INFO - Processing file /Users/apoorvasaxena/.pyenv/versions/airflow-venv/lib/python3.10/site-packages/airflow/example_dags/subdags/subdag.py for tasks to queue
[2024-07-21T20:54:50.917+0100] {logging_mixin.py:151} INFO - [2024-07-21T20:54:50.917+0100] {dagbag.py:539} INFO - Filling up the DagBag from /Users/apoorvasaxena/.pyenv/versions/airflow-venv/lib/python3.10/site-packages/airflow/example_dags/subdags/subdag.py
[2024-07-21T20:54:50.918+0100] {processor.py:841} WARNING - No viable dags retrieved from /Users/apoorvasaxena/.pyenv/versions/airflow-venv/lib/python3.10/site-packages/airflow/example_dags/subdags/subdag.py
[2024-07-21T20:54:50.972+0100] {processor.py:179} INFO - Processing /Users/apoorvasaxena/.pyenv/versions/airflow-venv/lib/python3.10/site-packages/airflow/example_dags/subdags/subdag.py took 0.058 seconds
[2024-07-21T20:55:28.134+0100] {processor.py:157} INFO - Started process (PID=83832) to work on /Users/apoorvasaxena/.pyenv/versions/airflow-venv/lib/python3.10/site-packages/airflow/example_dags/subdags/subdag.py
[2024-07-21T20:55:28.136+0100] {processor.py:829} INFO - Processing file /Users/apoorvasaxena/.pyenv/versions/airflow-venv/lib/python3.10/site-packages/airflow/example_dags/subdags/subdag.py for tasks to queue
[2024-07-21T20:55:28.136+0100] {logging_mixin.py:151} INFO - [2024-07-21T20:55:28.136+0100] {dagbag.py:539} INFO - Filling up the DagBag from /Users/apoorvasaxena/.pyenv/versions/airflow-venv/lib/python3.10/site-packages/airflow/example_dags/subdags/subdag.py
[2024-07-21T20:55:28.137+0100] {processor.py:841} WARNING - No viable dags retrieved from /Users/apoorvasaxena/.pyenv/versions/airflow-venv/lib/python3.10/site-packages/airflow/example_dags/subdags/subdag.py
[2024-07-21T20:55:28.191+0100] {processor.py:179} INFO - Processing /Users/apoorvasaxena/.pyenv/versions/airflow-venv/lib/python3.10/site-packages/airflow/example_dags/subdags/subdag.py took 0.058 seconds
[2024-07-21T20:56:04.541+0100] {processor.py:157} INFO - Started process (PID=83891) to work on /Users/apoorvasaxena/.pyenv/versions/airflow-venv/lib/python3.10/site-packages/airflow/example_dags/subdags/subdag.py
[2024-07-21T20:56:04.543+0100] {processor.py:829} INFO - Processing file /Users/apoorvasaxena/.pyenv/versions/airflow-venv/lib/python3.10/site-packages/airflow/example_dags/subdags/subdag.py for tasks to queue
[2024-07-21T20:56:04.543+0100] {logging_mixin.py:151} INFO - [2024-07-21T20:56:04.543+0100] {dagbag.py:539} INFO - Filling up the DagBag from /Users/apoorvasaxena/.pyenv/versions/airflow-venv/lib/python3.10/site-packages/airflow/example_dags/subdags/subdag.py
[2024-07-21T20:56:04.544+0100] {processor.py:841} WARNING - No viable dags retrieved from /Users/apoorvasaxena/.pyenv/versions/airflow-venv/lib/python3.10/site-packages/airflow/example_dags/subdags/subdag.py
[2024-07-21T20:56:04.598+0100] {processor.py:179} INFO - Processing /Users/apoorvasaxena/.pyenv/versions/airflow-venv/lib/python3.10/site-packages/airflow/example_dags/subdags/subdag.py took 0.058 seconds
[2024-07-21T20:56:42.079+0100] {processor.py:157} INFO - Started process (PID=83939) to work on /Users/apoorvasaxena/.pyenv/versions/airflow-venv/lib/python3.10/site-packages/airflow/example_dags/subdags/subdag.py
[2024-07-21T20:56:42.081+0100] {processor.py:829} INFO - Processing file /Users/apoorvasaxena/.pyenv/versions/airflow-venv/lib/python3.10/site-packages/airflow/example_dags/subdags/subdag.py for tasks to queue
[2024-07-21T20:56:42.082+0100] {logging_mixin.py:151} INFO - [2024-07-21T20:56:42.082+0100] {dagbag.py:539} INFO - Filling up the DagBag from /Users/apoorvasaxena/.pyenv/versions/airflow-venv/lib/python3.10/site-packages/airflow/example_dags/subdags/subdag.py
[2024-07-21T20:56:42.082+0100] {processor.py:841} WARNING - No viable dags retrieved from /Users/apoorvasaxena/.pyenv/versions/airflow-venv/lib/python3.10/site-packages/airflow/example_dags/subdags/subdag.py
[2024-07-21T20:56:42.137+0100] {processor.py:179} INFO - Processing /Users/apoorvasaxena/.pyenv/versions/airflow-venv/lib/python3.10/site-packages/airflow/example_dags/subdags/subdag.py took 0.058 seconds
[2024-07-21T20:57:18.090+0100] {processor.py:157} INFO - Started process (PID=83994) to work on /Users/apoorvasaxena/.pyenv/versions/airflow-venv/lib/python3.10/site-packages/airflow/example_dags/subdags/subdag.py
[2024-07-21T20:57:18.093+0100] {processor.py:829} INFO - Processing file /Users/apoorvasaxena/.pyenv/versions/airflow-venv/lib/python3.10/site-packages/airflow/example_dags/subdags/subdag.py for tasks to queue
[2024-07-21T20:57:18.093+0100] {logging_mixin.py:151} INFO - [2024-07-21T20:57:18.093+0100] {dagbag.py:539} INFO - Filling up the DagBag from /Users/apoorvasaxena/.pyenv/versions/airflow-venv/lib/python3.10/site-packages/airflow/example_dags/subdags/subdag.py
[2024-07-21T20:57:18.094+0100] {processor.py:841} WARNING - No viable dags retrieved from /Users/apoorvasaxena/.pyenv/versions/airflow-venv/lib/python3.10/site-packages/airflow/example_dags/subdags/subdag.py
[2024-07-21T20:57:18.149+0100] {processor.py:179} INFO - Processing /Users/apoorvasaxena/.pyenv/versions/airflow-venv/lib/python3.10/site-packages/airflow/example_dags/subdags/subdag.py took 0.059 seconds
[2024-07-21T20:57:53.140+0100] {processor.py:157} INFO - Started process (PID=84032) to work on /Users/apoorvasaxena/.pyenv/versions/airflow-venv/lib/python3.10/site-packages/airflow/example_dags/subdags/subdag.py
[2024-07-21T20:57:53.142+0100] {processor.py:829} INFO - Processing file /Users/apoorvasaxena/.pyenv/versions/airflow-venv/lib/python3.10/site-packages/airflow/example_dags/subdags/subdag.py for tasks to queue
[2024-07-21T20:57:53.142+0100] {logging_mixin.py:151} INFO - [2024-07-21T20:57:53.142+0100] {dagbag.py:539} INFO - Filling up the DagBag from /Users/apoorvasaxena/.pyenv/versions/airflow-venv/lib/python3.10/site-packages/airflow/example_dags/subdags/subdag.py
[2024-07-21T20:57:53.143+0100] {processor.py:841} WARNING - No viable dags retrieved from /Users/apoorvasaxena/.pyenv/versions/airflow-venv/lib/python3.10/site-packages/airflow/example_dags/subdags/subdag.py
[2024-07-21T20:57:53.197+0100] {processor.py:179} INFO - Processing /Users/apoorvasaxena/.pyenv/versions/airflow-venv/lib/python3.10/site-packages/airflow/example_dags/subdags/subdag.py took 0.058 seconds
[2024-07-21T20:58:27.876+0100] {processor.py:157} INFO - Started process (PID=84069) to work on /Users/apoorvasaxena/.pyenv/versions/airflow-venv/lib/python3.10/site-packages/airflow/example_dags/subdags/subdag.py
[2024-07-21T20:58:27.878+0100] {processor.py:829} INFO - Processing file /Users/apoorvasaxena/.pyenv/versions/airflow-venv/lib/python3.10/site-packages/airflow/example_dags/subdags/subdag.py for tasks to queue
[2024-07-21T20:58:27.879+0100] {logging_mixin.py:151} INFO - [2024-07-21T20:58:27.879+0100] {dagbag.py:539} INFO - Filling up the DagBag from /Users/apoorvasaxena/.pyenv/versions/airflow-venv/lib/python3.10/site-packages/airflow/example_dags/subdags/subdag.py
[2024-07-21T20:58:27.879+0100] {processor.py:841} WARNING - No viable dags retrieved from /Users/apoorvasaxena/.pyenv/versions/airflow-venv/lib/python3.10/site-packages/airflow/example_dags/subdags/subdag.py
[2024-07-21T20:58:27.935+0100] {processor.py:179} INFO - Processing /Users/apoorvasaxena/.pyenv/versions/airflow-venv/lib/python3.10/site-packages/airflow/example_dags/subdags/subdag.py took 0.059 seconds
[2024-07-21T20:59:03.920+0100] {processor.py:157} INFO - Started process (PID=84110) to work on /Users/apoorvasaxena/.pyenv/versions/airflow-venv/lib/python3.10/site-packages/airflow/example_dags/subdags/subdag.py
[2024-07-21T20:59:03.922+0100] {processor.py:829} INFO - Processing file /Users/apoorvasaxena/.pyenv/versions/airflow-venv/lib/python3.10/site-packages/airflow/example_dags/subdags/subdag.py for tasks to queue
[2024-07-21T20:59:03.922+0100] {logging_mixin.py:151} INFO - [2024-07-21T20:59:03.922+0100] {dagbag.py:539} INFO - Filling up the DagBag from /Users/apoorvasaxena/.pyenv/versions/airflow-venv/lib/python3.10/site-packages/airflow/example_dags/subdags/subdag.py
[2024-07-21T20:59:03.923+0100] {processor.py:841} WARNING - No viable dags retrieved from /Users/apoorvasaxena/.pyenv/versions/airflow-venv/lib/python3.10/site-packages/airflow/example_dags/subdags/subdag.py
[2024-07-21T20:59:03.977+0100] {processor.py:179} INFO - Processing /Users/apoorvasaxena/.pyenv/versions/airflow-venv/lib/python3.10/site-packages/airflow/example_dags/subdags/subdag.py took 0.057 seconds
[2024-07-21T20:59:41.605+0100] {processor.py:157} INFO - Started process (PID=84159) to work on /Users/apoorvasaxena/.pyenv/versions/airflow-venv/lib/python3.10/site-packages/airflow/example_dags/subdags/subdag.py
[2024-07-21T20:59:41.607+0100] {processor.py:829} INFO - Processing file /Users/apoorvasaxena/.pyenv/versions/airflow-venv/lib/python3.10/site-packages/airflow/example_dags/subdags/subdag.py for tasks to queue
[2024-07-21T20:59:41.607+0100] {logging_mixin.py:151} INFO - [2024-07-21T20:59:41.607+0100] {dagbag.py:539} INFO - Filling up the DagBag from /Users/apoorvasaxena/.pyenv/versions/airflow-venv/lib/python3.10/site-packages/airflow/example_dags/subdags/subdag.py
[2024-07-21T20:59:41.607+0100] {processor.py:841} WARNING - No viable dags retrieved from /Users/apoorvasaxena/.pyenv/versions/airflow-venv/lib/python3.10/site-packages/airflow/example_dags/subdags/subdag.py
[2024-07-21T20:59:41.661+0100] {processor.py:179} INFO - Processing /Users/apoorvasaxena/.pyenv/versions/airflow-venv/lib/python3.10/site-packages/airflow/example_dags/subdags/subdag.py took 0.057 seconds
[2024-07-21T21:00:15.926+0100] {processor.py:157} INFO - Started process (PID=84197) to work on /Users/apoorvasaxena/.pyenv/versions/airflow-venv/lib/python3.10/site-packages/airflow/example_dags/subdags/subdag.py
[2024-07-21T21:00:15.928+0100] {processor.py:829} INFO - Processing file /Users/apoorvasaxena/.pyenv/versions/airflow-venv/lib/python3.10/site-packages/airflow/example_dags/subdags/subdag.py for tasks to queue
[2024-07-21T21:00:15.928+0100] {logging_mixin.py:151} INFO - [2024-07-21T21:00:15.928+0100] {dagbag.py:539} INFO - Filling up the DagBag from /Users/apoorvasaxena/.pyenv/versions/airflow-venv/lib/python3.10/site-packages/airflow/example_dags/subdags/subdag.py
[2024-07-21T21:00:15.929+0100] {processor.py:841} WARNING - No viable dags retrieved from /Users/apoorvasaxena/.pyenv/versions/airflow-venv/lib/python3.10/site-packages/airflow/example_dags/subdags/subdag.py
[2024-07-21T21:00:15.983+0100] {processor.py:179} INFO - Processing /Users/apoorvasaxena/.pyenv/versions/airflow-venv/lib/python3.10/site-packages/airflow/example_dags/subdags/subdag.py took 0.058 seconds
[2024-07-21T21:00:52.947+0100] {processor.py:157} INFO - Started process (PID=84236) to work on /Users/apoorvasaxena/.pyenv/versions/airflow-venv/lib/python3.10/site-packages/airflow/example_dags/subdags/subdag.py
[2024-07-21T21:00:52.949+0100] {processor.py:829} INFO - Processing file /Users/apoorvasaxena/.pyenv/versions/airflow-venv/lib/python3.10/site-packages/airflow/example_dags/subdags/subdag.py for tasks to queue
[2024-07-21T21:00:52.949+0100] {logging_mixin.py:151} INFO - [2024-07-21T21:00:52.949+0100] {dagbag.py:539} INFO - Filling up the DagBag from /Users/apoorvasaxena/.pyenv/versions/airflow-venv/lib/python3.10/site-packages/airflow/example_dags/subdags/subdag.py
[2024-07-21T21:00:52.950+0100] {processor.py:841} WARNING - No viable dags retrieved from /Users/apoorvasaxena/.pyenv/versions/airflow-venv/lib/python3.10/site-packages/airflow/example_dags/subdags/subdag.py
[2024-07-21T21:00:53.005+0100] {processor.py:179} INFO - Processing /Users/apoorvasaxena/.pyenv/versions/airflow-venv/lib/python3.10/site-packages/airflow/example_dags/subdags/subdag.py took 0.058 seconds
[2024-07-21T21:01:28.958+0100] {processor.py:157} INFO - Started process (PID=84278) to work on /Users/apoorvasaxena/.pyenv/versions/airflow-venv/lib/python3.10/site-packages/airflow/example_dags/subdags/subdag.py
[2024-07-21T21:01:28.960+0100] {processor.py:829} INFO - Processing file /Users/apoorvasaxena/.pyenv/versions/airflow-venv/lib/python3.10/site-packages/airflow/example_dags/subdags/subdag.py for tasks to queue
[2024-07-21T21:01:28.960+0100] {logging_mixin.py:151} INFO - [2024-07-21T21:01:28.960+0100] {dagbag.py:539} INFO - Filling up the DagBag from /Users/apoorvasaxena/.pyenv/versions/airflow-venv/lib/python3.10/site-packages/airflow/example_dags/subdags/subdag.py
[2024-07-21T21:01:28.961+0100] {processor.py:841} WARNING - No viable dags retrieved from /Users/apoorvasaxena/.pyenv/versions/airflow-venv/lib/python3.10/site-packages/airflow/example_dags/subdags/subdag.py
[2024-07-21T21:01:29.017+0100] {processor.py:179} INFO - Processing /Users/apoorvasaxena/.pyenv/versions/airflow-venv/lib/python3.10/site-packages/airflow/example_dags/subdags/subdag.py took 0.059 seconds
[2024-07-21T21:02:05.906+0100] {processor.py:157} INFO - Started process (PID=84320) to work on /Users/apoorvasaxena/.pyenv/versions/airflow-venv/lib/python3.10/site-packages/airflow/example_dags/subdags/subdag.py
[2024-07-21T21:02:05.909+0100] {processor.py:829} INFO - Processing file /Users/apoorvasaxena/.pyenv/versions/airflow-venv/lib/python3.10/site-packages/airflow/example_dags/subdags/subdag.py for tasks to queue
[2024-07-21T21:02:05.909+0100] {logging_mixin.py:151} INFO - [2024-07-21T21:02:05.909+0100] {dagbag.py:539} INFO - Filling up the DagBag from /Users/apoorvasaxena/.pyenv/versions/airflow-venv/lib/python3.10/site-packages/airflow/example_dags/subdags/subdag.py
[2024-07-21T21:02:05.910+0100] {processor.py:841} WARNING - No viable dags retrieved from /Users/apoorvasaxena/.pyenv/versions/airflow-venv/lib/python3.10/site-packages/airflow/example_dags/subdags/subdag.py
[2024-07-21T21:02:05.965+0100] {processor.py:179} INFO - Processing /Users/apoorvasaxena/.pyenv/versions/airflow-venv/lib/python3.10/site-packages/airflow/example_dags/subdags/subdag.py took 0.059 seconds
[2024-07-21T21:02:43.099+0100] {processor.py:157} INFO - Started process (PID=84373) to work on /Users/apoorvasaxena/.pyenv/versions/airflow-venv/lib/python3.10/site-packages/airflow/example_dags/subdags/subdag.py
[2024-07-21T21:02:43.101+0100] {processor.py:829} INFO - Processing file /Users/apoorvasaxena/.pyenv/versions/airflow-venv/lib/python3.10/site-packages/airflow/example_dags/subdags/subdag.py for tasks to queue
[2024-07-21T21:02:43.101+0100] {logging_mixin.py:151} INFO - [2024-07-21T21:02:43.101+0100] {dagbag.py:539} INFO - Filling up the DagBag from /Users/apoorvasaxena/.pyenv/versions/airflow-venv/lib/python3.10/site-packages/airflow/example_dags/subdags/subdag.py
[2024-07-21T21:02:43.102+0100] {processor.py:841} WARNING - No viable dags retrieved from /Users/apoorvasaxena/.pyenv/versions/airflow-venv/lib/python3.10/site-packages/airflow/example_dags/subdags/subdag.py
[2024-07-21T21:02:43.156+0100] {processor.py:179} INFO - Processing /Users/apoorvasaxena/.pyenv/versions/airflow-venv/lib/python3.10/site-packages/airflow/example_dags/subdags/subdag.py took 0.058 seconds
[2024-07-21T21:03:20.727+0100] {processor.py:157} INFO - Started process (PID=84414) to work on /Users/apoorvasaxena/.pyenv/versions/airflow-venv/lib/python3.10/site-packages/airflow/example_dags/subdags/subdag.py
[2024-07-21T21:03:20.730+0100] {processor.py:829} INFO - Processing file /Users/apoorvasaxena/.pyenv/versions/airflow-venv/lib/python3.10/site-packages/airflow/example_dags/subdags/subdag.py for tasks to queue
[2024-07-21T21:03:20.730+0100] {logging_mixin.py:151} INFO - [2024-07-21T21:03:20.730+0100] {dagbag.py:539} INFO - Filling up the DagBag from /Users/apoorvasaxena/.pyenv/versions/airflow-venv/lib/python3.10/site-packages/airflow/example_dags/subdags/subdag.py
[2024-07-21T21:03:20.731+0100] {processor.py:841} WARNING - No viable dags retrieved from /Users/apoorvasaxena/.pyenv/versions/airflow-venv/lib/python3.10/site-packages/airflow/example_dags/subdags/subdag.py
[2024-07-21T21:03:20.785+0100] {processor.py:179} INFO - Processing /Users/apoorvasaxena/.pyenv/versions/airflow-venv/lib/python3.10/site-packages/airflow/example_dags/subdags/subdag.py took 0.059 seconds
[2024-07-21T21:03:57.826+0100] {processor.py:157} INFO - Started process (PID=84457) to work on /Users/apoorvasaxena/.pyenv/versions/airflow-venv/lib/python3.10/site-packages/airflow/example_dags/subdags/subdag.py
[2024-07-21T21:03:57.828+0100] {processor.py:829} INFO - Processing file /Users/apoorvasaxena/.pyenv/versions/airflow-venv/lib/python3.10/site-packages/airflow/example_dags/subdags/subdag.py for tasks to queue
[2024-07-21T21:03:57.828+0100] {logging_mixin.py:151} INFO - [2024-07-21T21:03:57.828+0100] {dagbag.py:539} INFO - Filling up the DagBag from /Users/apoorvasaxena/.pyenv/versions/airflow-venv/lib/python3.10/site-packages/airflow/example_dags/subdags/subdag.py
[2024-07-21T21:03:57.830+0100] {processor.py:841} WARNING - No viable dags retrieved from /Users/apoorvasaxena/.pyenv/versions/airflow-venv/lib/python3.10/site-packages/airflow/example_dags/subdags/subdag.py
[2024-07-21T21:03:57.884+0100] {processor.py:179} INFO - Processing /Users/apoorvasaxena/.pyenv/versions/airflow-venv/lib/python3.10/site-packages/airflow/example_dags/subdags/subdag.py took 0.059 seconds
[2024-07-21T21:04:35.534+0100] {processor.py:157} INFO - Started process (PID=84517) to work on /Users/apoorvasaxena/.pyenv/versions/airflow-venv/lib/python3.10/site-packages/airflow/example_dags/subdags/subdag.py
[2024-07-21T21:04:35.536+0100] {processor.py:829} INFO - Processing file /Users/apoorvasaxena/.pyenv/versions/airflow-venv/lib/python3.10/site-packages/airflow/example_dags/subdags/subdag.py for tasks to queue
[2024-07-21T21:04:35.536+0100] {logging_mixin.py:151} INFO - [2024-07-21T21:04:35.536+0100] {dagbag.py:539} INFO - Filling up the DagBag from /Users/apoorvasaxena/.pyenv/versions/airflow-venv/lib/python3.10/site-packages/airflow/example_dags/subdags/subdag.py
[2024-07-21T21:04:35.537+0100] {processor.py:841} WARNING - No viable dags retrieved from /Users/apoorvasaxena/.pyenv/versions/airflow-venv/lib/python3.10/site-packages/airflow/example_dags/subdags/subdag.py
[2024-07-21T21:04:35.591+0100] {processor.py:179} INFO - Processing /Users/apoorvasaxena/.pyenv/versions/airflow-venv/lib/python3.10/site-packages/airflow/example_dags/subdags/subdag.py took 0.058 seconds
[2024-07-21T21:05:12.784+0100] {processor.py:157} INFO - Started process (PID=84568) to work on /Users/apoorvasaxena/.pyenv/versions/airflow-venv/lib/python3.10/site-packages/airflow/example_dags/subdags/subdag.py
[2024-07-21T21:05:12.787+0100] {processor.py:829} INFO - Processing file /Users/apoorvasaxena/.pyenv/versions/airflow-venv/lib/python3.10/site-packages/airflow/example_dags/subdags/subdag.py for tasks to queue
[2024-07-21T21:05:12.787+0100] {logging_mixin.py:151} INFO - [2024-07-21T21:05:12.787+0100] {dagbag.py:539} INFO - Filling up the DagBag from /Users/apoorvasaxena/.pyenv/versions/airflow-venv/lib/python3.10/site-packages/airflow/example_dags/subdags/subdag.py
[2024-07-21T21:05:12.788+0100] {processor.py:841} WARNING - No viable dags retrieved from /Users/apoorvasaxena/.pyenv/versions/airflow-venv/lib/python3.10/site-packages/airflow/example_dags/subdags/subdag.py
[2024-07-21T21:05:12.842+0100] {processor.py:179} INFO - Processing /Users/apoorvasaxena/.pyenv/versions/airflow-venv/lib/python3.10/site-packages/airflow/example_dags/subdags/subdag.py took 0.058 seconds
[2024-07-21T21:05:48.464+0100] {processor.py:157} INFO - Started process (PID=84607) to work on /Users/apoorvasaxena/.pyenv/versions/airflow-venv/lib/python3.10/site-packages/airflow/example_dags/subdags/subdag.py
[2024-07-21T21:05:48.466+0100] {processor.py:829} INFO - Processing file /Users/apoorvasaxena/.pyenv/versions/airflow-venv/lib/python3.10/site-packages/airflow/example_dags/subdags/subdag.py for tasks to queue
[2024-07-21T21:05:48.466+0100] {logging_mixin.py:151} INFO - [2024-07-21T21:05:48.466+0100] {dagbag.py:539} INFO - Filling up the DagBag from /Users/apoorvasaxena/.pyenv/versions/airflow-venv/lib/python3.10/site-packages/airflow/example_dags/subdags/subdag.py
[2024-07-21T21:05:48.467+0100] {processor.py:841} WARNING - No viable dags retrieved from /Users/apoorvasaxena/.pyenv/versions/airflow-venv/lib/python3.10/site-packages/airflow/example_dags/subdags/subdag.py
[2024-07-21T21:05:48.522+0100] {processor.py:179} INFO - Processing /Users/apoorvasaxena/.pyenv/versions/airflow-venv/lib/python3.10/site-packages/airflow/example_dags/subdags/subdag.py took 0.058 seconds
[2024-07-21T21:06:23.644+0100] {processor.py:157} INFO - Started process (PID=84660) to work on /Users/apoorvasaxena/.pyenv/versions/airflow-venv/lib/python3.10/site-packages/airflow/example_dags/subdags/subdag.py
[2024-07-21T21:06:23.646+0100] {processor.py:829} INFO - Processing file /Users/apoorvasaxena/.pyenv/versions/airflow-venv/lib/python3.10/site-packages/airflow/example_dags/subdags/subdag.py for tasks to queue
[2024-07-21T21:06:23.647+0100] {logging_mixin.py:151} INFO - [2024-07-21T21:06:23.647+0100] {dagbag.py:539} INFO - Filling up the DagBag from /Users/apoorvasaxena/.pyenv/versions/airflow-venv/lib/python3.10/site-packages/airflow/example_dags/subdags/subdag.py
[2024-07-21T21:06:23.648+0100] {processor.py:841} WARNING - No viable dags retrieved from /Users/apoorvasaxena/.pyenv/versions/airflow-venv/lib/python3.10/site-packages/airflow/example_dags/subdags/subdag.py
[2024-07-21T21:06:23.702+0100] {processor.py:179} INFO - Processing /Users/apoorvasaxena/.pyenv/versions/airflow-venv/lib/python3.10/site-packages/airflow/example_dags/subdags/subdag.py took 0.058 seconds
[2024-07-21T21:06:58.845+0100] {processor.py:157} INFO - Started process (PID=84706) to work on /Users/apoorvasaxena/.pyenv/versions/airflow-venv/lib/python3.10/site-packages/airflow/example_dags/subdags/subdag.py
[2024-07-21T21:06:58.847+0100] {processor.py:829} INFO - Processing file /Users/apoorvasaxena/.pyenv/versions/airflow-venv/lib/python3.10/site-packages/airflow/example_dags/subdags/subdag.py for tasks to queue
[2024-07-21T21:06:58.847+0100] {logging_mixin.py:151} INFO - [2024-07-21T21:06:58.847+0100] {dagbag.py:539} INFO - Filling up the DagBag from /Users/apoorvasaxena/.pyenv/versions/airflow-venv/lib/python3.10/site-packages/airflow/example_dags/subdags/subdag.py
[2024-07-21T21:06:58.848+0100] {processor.py:841} WARNING - No viable dags retrieved from /Users/apoorvasaxena/.pyenv/versions/airflow-venv/lib/python3.10/site-packages/airflow/example_dags/subdags/subdag.py
[2024-07-21T21:06:58.901+0100] {processor.py:179} INFO - Processing /Users/apoorvasaxena/.pyenv/versions/airflow-venv/lib/python3.10/site-packages/airflow/example_dags/subdags/subdag.py took 0.057 seconds
[2024-07-21T21:07:32.869+0100] {processor.py:157} INFO - Started process (PID=84748) to work on /Users/apoorvasaxena/.pyenv/versions/airflow-venv/lib/python3.10/site-packages/airflow/example_dags/subdags/subdag.py
[2024-07-21T21:07:32.871+0100] {processor.py:829} INFO - Processing file /Users/apoorvasaxena/.pyenv/versions/airflow-venv/lib/python3.10/site-packages/airflow/example_dags/subdags/subdag.py for tasks to queue
[2024-07-21T21:07:32.871+0100] {logging_mixin.py:151} INFO - [2024-07-21T21:07:32.871+0100] {dagbag.py:539} INFO - Filling up the DagBag from /Users/apoorvasaxena/.pyenv/versions/airflow-venv/lib/python3.10/site-packages/airflow/example_dags/subdags/subdag.py
[2024-07-21T21:07:32.872+0100] {processor.py:841} WARNING - No viable dags retrieved from /Users/apoorvasaxena/.pyenv/versions/airflow-venv/lib/python3.10/site-packages/airflow/example_dags/subdags/subdag.py
[2024-07-21T21:07:32.925+0100] {processor.py:179} INFO - Processing /Users/apoorvasaxena/.pyenv/versions/airflow-venv/lib/python3.10/site-packages/airflow/example_dags/subdags/subdag.py took 0.056 seconds
[2024-07-21T21:08:08.516+0100] {processor.py:157} INFO - Started process (PID=84794) to work on /Users/apoorvasaxena/.pyenv/versions/airflow-venv/lib/python3.10/site-packages/airflow/example_dags/subdags/subdag.py
[2024-07-21T21:08:08.518+0100] {processor.py:829} INFO - Processing file /Users/apoorvasaxena/.pyenv/versions/airflow-venv/lib/python3.10/site-packages/airflow/example_dags/subdags/subdag.py for tasks to queue
[2024-07-21T21:08:08.519+0100] {logging_mixin.py:151} INFO - [2024-07-21T21:08:08.518+0100] {dagbag.py:539} INFO - Filling up the DagBag from /Users/apoorvasaxena/.pyenv/versions/airflow-venv/lib/python3.10/site-packages/airflow/example_dags/subdags/subdag.py
[2024-07-21T21:08:08.519+0100] {processor.py:841} WARNING - No viable dags retrieved from /Users/apoorvasaxena/.pyenv/versions/airflow-venv/lib/python3.10/site-packages/airflow/example_dags/subdags/subdag.py
[2024-07-21T21:08:08.573+0100] {processor.py:179} INFO - Processing /Users/apoorvasaxena/.pyenv/versions/airflow-venv/lib/python3.10/site-packages/airflow/example_dags/subdags/subdag.py took 0.057 seconds
[2024-07-21T21:08:44.986+0100] {processor.py:157} INFO - Started process (PID=84843) to work on /Users/apoorvasaxena/.pyenv/versions/airflow-venv/lib/python3.10/site-packages/airflow/example_dags/subdags/subdag.py
[2024-07-21T21:08:44.988+0100] {processor.py:829} INFO - Processing file /Users/apoorvasaxena/.pyenv/versions/airflow-venv/lib/python3.10/site-packages/airflow/example_dags/subdags/subdag.py for tasks to queue
[2024-07-21T21:08:44.989+0100] {logging_mixin.py:151} INFO - [2024-07-21T21:08:44.989+0100] {dagbag.py:539} INFO - Filling up the DagBag from /Users/apoorvasaxena/.pyenv/versions/airflow-venv/lib/python3.10/site-packages/airflow/example_dags/subdags/subdag.py
[2024-07-21T21:08:44.990+0100] {processor.py:841} WARNING - No viable dags retrieved from /Users/apoorvasaxena/.pyenv/versions/airflow-venv/lib/python3.10/site-packages/airflow/example_dags/subdags/subdag.py
[2024-07-21T21:08:45.043+0100] {processor.py:179} INFO - Processing /Users/apoorvasaxena/.pyenv/versions/airflow-venv/lib/python3.10/site-packages/airflow/example_dags/subdags/subdag.py took 0.058 seconds
[2024-07-21T21:09:20.700+0100] {processor.py:157} INFO - Started process (PID=84887) to work on /Users/apoorvasaxena/.pyenv/versions/airflow-venv/lib/python3.10/site-packages/airflow/example_dags/subdags/subdag.py
[2024-07-21T21:09:20.702+0100] {processor.py:829} INFO - Processing file /Users/apoorvasaxena/.pyenv/versions/airflow-venv/lib/python3.10/site-packages/airflow/example_dags/subdags/subdag.py for tasks to queue
[2024-07-21T21:09:20.702+0100] {logging_mixin.py:151} INFO - [2024-07-21T21:09:20.702+0100] {dagbag.py:539} INFO - Filling up the DagBag from /Users/apoorvasaxena/.pyenv/versions/airflow-venv/lib/python3.10/site-packages/airflow/example_dags/subdags/subdag.py
[2024-07-21T21:09:20.703+0100] {processor.py:841} WARNING - No viable dags retrieved from /Users/apoorvasaxena/.pyenv/versions/airflow-venv/lib/python3.10/site-packages/airflow/example_dags/subdags/subdag.py
[2024-07-21T21:09:20.756+0100] {processor.py:179} INFO - Processing /Users/apoorvasaxena/.pyenv/versions/airflow-venv/lib/python3.10/site-packages/airflow/example_dags/subdags/subdag.py took 0.057 seconds
[2024-07-21T21:09:57.572+0100] {processor.py:157} INFO - Started process (PID=84933) to work on /Users/apoorvasaxena/.pyenv/versions/airflow-venv/lib/python3.10/site-packages/airflow/example_dags/subdags/subdag.py
[2024-07-21T21:09:57.574+0100] {processor.py:829} INFO - Processing file /Users/apoorvasaxena/.pyenv/versions/airflow-venv/lib/python3.10/site-packages/airflow/example_dags/subdags/subdag.py for tasks to queue
[2024-07-21T21:09:57.574+0100] {logging_mixin.py:151} INFO - [2024-07-21T21:09:57.574+0100] {dagbag.py:539} INFO - Filling up the DagBag from /Users/apoorvasaxena/.pyenv/versions/airflow-venv/lib/python3.10/site-packages/airflow/example_dags/subdags/subdag.py
[2024-07-21T21:09:57.575+0100] {processor.py:841} WARNING - No viable dags retrieved from /Users/apoorvasaxena/.pyenv/versions/airflow-venv/lib/python3.10/site-packages/airflow/example_dags/subdags/subdag.py
[2024-07-21T21:09:57.628+0100] {processor.py:179} INFO - Processing /Users/apoorvasaxena/.pyenv/versions/airflow-venv/lib/python3.10/site-packages/airflow/example_dags/subdags/subdag.py took 0.057 seconds
[2024-07-21T21:10:33.883+0100] {processor.py:157} INFO - Started process (PID=84980) to work on /Users/apoorvasaxena/.pyenv/versions/airflow-venv/lib/python3.10/site-packages/airflow/example_dags/subdags/subdag.py
[2024-07-21T21:10:33.885+0100] {processor.py:829} INFO - Processing file /Users/apoorvasaxena/.pyenv/versions/airflow-venv/lib/python3.10/site-packages/airflow/example_dags/subdags/subdag.py for tasks to queue
[2024-07-21T21:10:33.885+0100] {logging_mixin.py:151} INFO - [2024-07-21T21:10:33.885+0100] {dagbag.py:539} INFO - Filling up the DagBag from /Users/apoorvasaxena/.pyenv/versions/airflow-venv/lib/python3.10/site-packages/airflow/example_dags/subdags/subdag.py
[2024-07-21T21:10:33.886+0100] {processor.py:841} WARNING - No viable dags retrieved from /Users/apoorvasaxena/.pyenv/versions/airflow-venv/lib/python3.10/site-packages/airflow/example_dags/subdags/subdag.py
[2024-07-21T21:10:33.939+0100] {processor.py:179} INFO - Processing /Users/apoorvasaxena/.pyenv/versions/airflow-venv/lib/python3.10/site-packages/airflow/example_dags/subdags/subdag.py took 0.057 seconds
[2024-07-21T21:11:11.512+0100] {processor.py:157} INFO - Started process (PID=85033) to work on /Users/apoorvasaxena/.pyenv/versions/airflow-venv/lib/python3.10/site-packages/airflow/example_dags/subdags/subdag.py
[2024-07-21T21:11:11.515+0100] {processor.py:829} INFO - Processing file /Users/apoorvasaxena/.pyenv/versions/airflow-venv/lib/python3.10/site-packages/airflow/example_dags/subdags/subdag.py for tasks to queue
[2024-07-21T21:11:11.515+0100] {logging_mixin.py:151} INFO - [2024-07-21T21:11:11.515+0100] {dagbag.py:539} INFO - Filling up the DagBag from /Users/apoorvasaxena/.pyenv/versions/airflow-venv/lib/python3.10/site-packages/airflow/example_dags/subdags/subdag.py
[2024-07-21T21:11:11.516+0100] {processor.py:841} WARNING - No viable dags retrieved from /Users/apoorvasaxena/.pyenv/versions/airflow-venv/lib/python3.10/site-packages/airflow/example_dags/subdags/subdag.py
[2024-07-21T21:11:11.569+0100] {processor.py:179} INFO - Processing /Users/apoorvasaxena/.pyenv/versions/airflow-venv/lib/python3.10/site-packages/airflow/example_dags/subdags/subdag.py took 0.058 seconds
[2024-07-21T21:11:48.654+0100] {processor.py:157} INFO - Started process (PID=85082) to work on /Users/apoorvasaxena/.pyenv/versions/airflow-venv/lib/python3.10/site-packages/airflow/example_dags/subdags/subdag.py
[2024-07-21T21:11:48.656+0100] {processor.py:829} INFO - Processing file /Users/apoorvasaxena/.pyenv/versions/airflow-venv/lib/python3.10/site-packages/airflow/example_dags/subdags/subdag.py for tasks to queue
[2024-07-21T21:11:48.656+0100] {logging_mixin.py:151} INFO - [2024-07-21T21:11:48.656+0100] {dagbag.py:539} INFO - Filling up the DagBag from /Users/apoorvasaxena/.pyenv/versions/airflow-venv/lib/python3.10/site-packages/airflow/example_dags/subdags/subdag.py
[2024-07-21T21:11:48.657+0100] {processor.py:841} WARNING - No viable dags retrieved from /Users/apoorvasaxena/.pyenv/versions/airflow-venv/lib/python3.10/site-packages/airflow/example_dags/subdags/subdag.py
[2024-07-21T21:11:48.711+0100] {processor.py:179} INFO - Processing /Users/apoorvasaxena/.pyenv/versions/airflow-venv/lib/python3.10/site-packages/airflow/example_dags/subdags/subdag.py took 0.057 seconds
[2024-07-21T21:12:23.704+0100] {processor.py:157} INFO - Started process (PID=85126) to work on /Users/apoorvasaxena/.pyenv/versions/airflow-venv/lib/python3.10/site-packages/airflow/example_dags/subdags/subdag.py
[2024-07-21T21:12:23.707+0100] {processor.py:829} INFO - Processing file /Users/apoorvasaxena/.pyenv/versions/airflow-venv/lib/python3.10/site-packages/airflow/example_dags/subdags/subdag.py for tasks to queue
[2024-07-21T21:12:23.707+0100] {logging_mixin.py:151} INFO - [2024-07-21T21:12:23.707+0100] {dagbag.py:539} INFO - Filling up the DagBag from /Users/apoorvasaxena/.pyenv/versions/airflow-venv/lib/python3.10/site-packages/airflow/example_dags/subdags/subdag.py
[2024-07-21T21:12:23.708+0100] {processor.py:841} WARNING - No viable dags retrieved from /Users/apoorvasaxena/.pyenv/versions/airflow-venv/lib/python3.10/site-packages/airflow/example_dags/subdags/subdag.py
[2024-07-21T21:12:23.761+0100] {processor.py:179} INFO - Processing /Users/apoorvasaxena/.pyenv/versions/airflow-venv/lib/python3.10/site-packages/airflow/example_dags/subdags/subdag.py took 0.058 seconds
[2024-07-21T21:12:58.806+0100] {processor.py:157} INFO - Started process (PID=85173) to work on /Users/apoorvasaxena/.pyenv/versions/airflow-venv/lib/python3.10/site-packages/airflow/example_dags/subdags/subdag.py
[2024-07-21T21:12:58.808+0100] {processor.py:829} INFO - Processing file /Users/apoorvasaxena/.pyenv/versions/airflow-venv/lib/python3.10/site-packages/airflow/example_dags/subdags/subdag.py for tasks to queue
[2024-07-21T21:12:58.809+0100] {logging_mixin.py:151} INFO - [2024-07-21T21:12:58.809+0100] {dagbag.py:539} INFO - Filling up the DagBag from /Users/apoorvasaxena/.pyenv/versions/airflow-venv/lib/python3.10/site-packages/airflow/example_dags/subdags/subdag.py
[2024-07-21T21:12:58.809+0100] {processor.py:841} WARNING - No viable dags retrieved from /Users/apoorvasaxena/.pyenv/versions/airflow-venv/lib/python3.10/site-packages/airflow/example_dags/subdags/subdag.py
[2024-07-21T21:12:58.863+0100] {processor.py:179} INFO - Processing /Users/apoorvasaxena/.pyenv/versions/airflow-venv/lib/python3.10/site-packages/airflow/example_dags/subdags/subdag.py took 0.057 seconds
[2024-07-21T21:13:35.460+0100] {processor.py:157} INFO - Started process (PID=85219) to work on /Users/apoorvasaxena/.pyenv/versions/airflow-venv/lib/python3.10/site-packages/airflow/example_dags/subdags/subdag.py
[2024-07-21T21:13:35.463+0100] {processor.py:829} INFO - Processing file /Users/apoorvasaxena/.pyenv/versions/airflow-venv/lib/python3.10/site-packages/airflow/example_dags/subdags/subdag.py for tasks to queue
[2024-07-21T21:13:35.463+0100] {logging_mixin.py:151} INFO - [2024-07-21T21:13:35.463+0100] {dagbag.py:539} INFO - Filling up the DagBag from /Users/apoorvasaxena/.pyenv/versions/airflow-venv/lib/python3.10/site-packages/airflow/example_dags/subdags/subdag.py
[2024-07-21T21:13:35.464+0100] {processor.py:841} WARNING - No viable dags retrieved from /Users/apoorvasaxena/.pyenv/versions/airflow-venv/lib/python3.10/site-packages/airflow/example_dags/subdags/subdag.py
[2024-07-21T21:13:35.517+0100] {processor.py:179} INFO - Processing /Users/apoorvasaxena/.pyenv/versions/airflow-venv/lib/python3.10/site-packages/airflow/example_dags/subdags/subdag.py took 0.057 seconds
[2024-07-21T21:14:10.135+0100] {processor.py:157} INFO - Started process (PID=85269) to work on /Users/apoorvasaxena/.pyenv/versions/airflow-venv/lib/python3.10/site-packages/airflow/example_dags/subdags/subdag.py
[2024-07-21T21:14:10.137+0100] {processor.py:829} INFO - Processing file /Users/apoorvasaxena/.pyenv/versions/airflow-venv/lib/python3.10/site-packages/airflow/example_dags/subdags/subdag.py for tasks to queue
[2024-07-21T21:14:10.137+0100] {logging_mixin.py:151} INFO - [2024-07-21T21:14:10.137+0100] {dagbag.py:539} INFO - Filling up the DagBag from /Users/apoorvasaxena/.pyenv/versions/airflow-venv/lib/python3.10/site-packages/airflow/example_dags/subdags/subdag.py
[2024-07-21T21:14:10.137+0100] {processor.py:841} WARNING - No viable dags retrieved from /Users/apoorvasaxena/.pyenv/versions/airflow-venv/lib/python3.10/site-packages/airflow/example_dags/subdags/subdag.py
[2024-07-21T21:14:10.192+0100] {processor.py:179} INFO - Processing /Users/apoorvasaxena/.pyenv/versions/airflow-venv/lib/python3.10/site-packages/airflow/example_dags/subdags/subdag.py took 0.058 seconds
[2024-07-21T21:14:45.023+0100] {processor.py:157} INFO - Started process (PID=85316) to work on /Users/apoorvasaxena/.pyenv/versions/airflow-venv/lib/python3.10/site-packages/airflow/example_dags/subdags/subdag.py
[2024-07-21T21:14:45.025+0100] {processor.py:829} INFO - Processing file /Users/apoorvasaxena/.pyenv/versions/airflow-venv/lib/python3.10/site-packages/airflow/example_dags/subdags/subdag.py for tasks to queue
[2024-07-21T21:14:45.025+0100] {logging_mixin.py:151} INFO - [2024-07-21T21:14:45.025+0100] {dagbag.py:539} INFO - Filling up the DagBag from /Users/apoorvasaxena/.pyenv/versions/airflow-venv/lib/python3.10/site-packages/airflow/example_dags/subdags/subdag.py
[2024-07-21T21:14:45.026+0100] {processor.py:841} WARNING - No viable dags retrieved from /Users/apoorvasaxena/.pyenv/versions/airflow-venv/lib/python3.10/site-packages/airflow/example_dags/subdags/subdag.py
[2024-07-21T21:14:45.079+0100] {processor.py:179} INFO - Processing /Users/apoorvasaxena/.pyenv/versions/airflow-venv/lib/python3.10/site-packages/airflow/example_dags/subdags/subdag.py took 0.057 seconds
[2024-07-21T21:15:20.273+0100] {processor.py:157} INFO - Started process (PID=85361) to work on /Users/apoorvasaxena/.pyenv/versions/airflow-venv/lib/python3.10/site-packages/airflow/example_dags/subdags/subdag.py
[2024-07-21T21:15:20.275+0100] {processor.py:829} INFO - Processing file /Users/apoorvasaxena/.pyenv/versions/airflow-venv/lib/python3.10/site-packages/airflow/example_dags/subdags/subdag.py for tasks to queue
[2024-07-21T21:15:20.275+0100] {logging_mixin.py:151} INFO - [2024-07-21T21:15:20.275+0100] {dagbag.py:539} INFO - Filling up the DagBag from /Users/apoorvasaxena/.pyenv/versions/airflow-venv/lib/python3.10/site-packages/airflow/example_dags/subdags/subdag.py
[2024-07-21T21:15:20.276+0100] {processor.py:841} WARNING - No viable dags retrieved from /Users/apoorvasaxena/.pyenv/versions/airflow-venv/lib/python3.10/site-packages/airflow/example_dags/subdags/subdag.py
[2024-07-21T21:15:20.330+0100] {processor.py:179} INFO - Processing /Users/apoorvasaxena/.pyenv/versions/airflow-venv/lib/python3.10/site-packages/airflow/example_dags/subdags/subdag.py took 0.057 seconds
[2024-07-21T21:15:54.930+0100] {processor.py:157} INFO - Started process (PID=85405) to work on /Users/apoorvasaxena/.pyenv/versions/airflow-venv/lib/python3.10/site-packages/airflow/example_dags/subdags/subdag.py
[2024-07-21T21:15:54.932+0100] {processor.py:829} INFO - Processing file /Users/apoorvasaxena/.pyenv/versions/airflow-venv/lib/python3.10/site-packages/airflow/example_dags/subdags/subdag.py for tasks to queue
[2024-07-21T21:15:54.932+0100] {logging_mixin.py:151} INFO - [2024-07-21T21:15:54.932+0100] {dagbag.py:539} INFO - Filling up the DagBag from /Users/apoorvasaxena/.pyenv/versions/airflow-venv/lib/python3.10/site-packages/airflow/example_dags/subdags/subdag.py
[2024-07-21T21:15:54.933+0100] {processor.py:841} WARNING - No viable dags retrieved from /Users/apoorvasaxena/.pyenv/versions/airflow-venv/lib/python3.10/site-packages/airflow/example_dags/subdags/subdag.py
[2024-07-21T21:15:54.986+0100] {processor.py:179} INFO - Processing /Users/apoorvasaxena/.pyenv/versions/airflow-venv/lib/python3.10/site-packages/airflow/example_dags/subdags/subdag.py took 0.057 seconds
[2024-07-21T21:16:30.739+0100] {processor.py:157} INFO - Started process (PID=85461) to work on /Users/apoorvasaxena/.pyenv/versions/airflow-venv/lib/python3.10/site-packages/airflow/example_dags/subdags/subdag.py
[2024-07-21T21:16:30.742+0100] {processor.py:829} INFO - Processing file /Users/apoorvasaxena/.pyenv/versions/airflow-venv/lib/python3.10/site-packages/airflow/example_dags/subdags/subdag.py for tasks to queue
[2024-07-21T21:16:30.742+0100] {logging_mixin.py:151} INFO - [2024-07-21T21:16:30.742+0100] {dagbag.py:539} INFO - Filling up the DagBag from /Users/apoorvasaxena/.pyenv/versions/airflow-venv/lib/python3.10/site-packages/airflow/example_dags/subdags/subdag.py
[2024-07-21T21:16:30.743+0100] {processor.py:841} WARNING - No viable dags retrieved from /Users/apoorvasaxena/.pyenv/versions/airflow-venv/lib/python3.10/site-packages/airflow/example_dags/subdags/subdag.py
[2024-07-21T21:16:30.796+0100] {processor.py:179} INFO - Processing /Users/apoorvasaxena/.pyenv/versions/airflow-venv/lib/python3.10/site-packages/airflow/example_dags/subdags/subdag.py took 0.058 seconds
[2024-07-21T21:17:06.300+0100] {processor.py:157} INFO - Started process (PID=85509) to work on /Users/apoorvasaxena/.pyenv/versions/airflow-venv/lib/python3.10/site-packages/airflow/example_dags/subdags/subdag.py
[2024-07-21T21:17:06.303+0100] {processor.py:829} INFO - Processing file /Users/apoorvasaxena/.pyenv/versions/airflow-venv/lib/python3.10/site-packages/airflow/example_dags/subdags/subdag.py for tasks to queue
[2024-07-21T21:17:06.303+0100] {logging_mixin.py:151} INFO - [2024-07-21T21:17:06.303+0100] {dagbag.py:539} INFO - Filling up the DagBag from /Users/apoorvasaxena/.pyenv/versions/airflow-venv/lib/python3.10/site-packages/airflow/example_dags/subdags/subdag.py
[2024-07-21T21:17:06.304+0100] {processor.py:841} WARNING - No viable dags retrieved from /Users/apoorvasaxena/.pyenv/versions/airflow-venv/lib/python3.10/site-packages/airflow/example_dags/subdags/subdag.py
[2024-07-21T21:17:06.357+0100] {processor.py:179} INFO - Processing /Users/apoorvasaxena/.pyenv/versions/airflow-venv/lib/python3.10/site-packages/airflow/example_dags/subdags/subdag.py took 0.058 seconds
[2024-07-21T21:17:41.093+0100] {processor.py:157} INFO - Started process (PID=85557) to work on /Users/apoorvasaxena/.pyenv/versions/airflow-venv/lib/python3.10/site-packages/airflow/example_dags/subdags/subdag.py
[2024-07-21T21:17:41.095+0100] {processor.py:829} INFO - Processing file /Users/apoorvasaxena/.pyenv/versions/airflow-venv/lib/python3.10/site-packages/airflow/example_dags/subdags/subdag.py for tasks to queue
[2024-07-21T21:17:41.096+0100] {logging_mixin.py:151} INFO - [2024-07-21T21:17:41.095+0100] {dagbag.py:539} INFO - Filling up the DagBag from /Users/apoorvasaxena/.pyenv/versions/airflow-venv/lib/python3.10/site-packages/airflow/example_dags/subdags/subdag.py
[2024-07-21T21:17:41.096+0100] {processor.py:841} WARNING - No viable dags retrieved from /Users/apoorvasaxena/.pyenv/versions/airflow-venv/lib/python3.10/site-packages/airflow/example_dags/subdags/subdag.py
[2024-07-21T21:17:41.150+0100] {processor.py:179} INFO - Processing /Users/apoorvasaxena/.pyenv/versions/airflow-venv/lib/python3.10/site-packages/airflow/example_dags/subdags/subdag.py took 0.058 seconds
[2024-07-21T21:18:15.939+0100] {processor.py:157} INFO - Started process (PID=85603) to work on /Users/apoorvasaxena/.pyenv/versions/airflow-venv/lib/python3.10/site-packages/airflow/example_dags/subdags/subdag.py
[2024-07-21T21:18:15.941+0100] {processor.py:829} INFO - Processing file /Users/apoorvasaxena/.pyenv/versions/airflow-venv/lib/python3.10/site-packages/airflow/example_dags/subdags/subdag.py for tasks to queue
[2024-07-21T21:18:15.942+0100] {logging_mixin.py:151} INFO - [2024-07-21T21:18:15.942+0100] {dagbag.py:539} INFO - Filling up the DagBag from /Users/apoorvasaxena/.pyenv/versions/airflow-venv/lib/python3.10/site-packages/airflow/example_dags/subdags/subdag.py
[2024-07-21T21:18:15.943+0100] {processor.py:841} WARNING - No viable dags retrieved from /Users/apoorvasaxena/.pyenv/versions/airflow-venv/lib/python3.10/site-packages/airflow/example_dags/subdags/subdag.py
[2024-07-21T21:18:15.996+0100] {processor.py:179} INFO - Processing /Users/apoorvasaxena/.pyenv/versions/airflow-venv/lib/python3.10/site-packages/airflow/example_dags/subdags/subdag.py took 0.058 seconds
[2024-07-21T21:18:51.184+0100] {processor.py:157} INFO - Started process (PID=85647) to work on /Users/apoorvasaxena/.pyenv/versions/airflow-venv/lib/python3.10/site-packages/airflow/example_dags/subdags/subdag.py
[2024-07-21T21:18:51.186+0100] {processor.py:829} INFO - Processing file /Users/apoorvasaxena/.pyenv/versions/airflow-venv/lib/python3.10/site-packages/airflow/example_dags/subdags/subdag.py for tasks to queue
[2024-07-21T21:18:51.187+0100] {logging_mixin.py:151} INFO - [2024-07-21T21:18:51.187+0100] {dagbag.py:539} INFO - Filling up the DagBag from /Users/apoorvasaxena/.pyenv/versions/airflow-venv/lib/python3.10/site-packages/airflow/example_dags/subdags/subdag.py
[2024-07-21T21:18:51.187+0100] {processor.py:841} WARNING - No viable dags retrieved from /Users/apoorvasaxena/.pyenv/versions/airflow-venv/lib/python3.10/site-packages/airflow/example_dags/subdags/subdag.py
[2024-07-21T21:18:51.241+0100] {processor.py:179} INFO - Processing /Users/apoorvasaxena/.pyenv/versions/airflow-venv/lib/python3.10/site-packages/airflow/example_dags/subdags/subdag.py took 0.057 seconds
[2024-07-21T21:19:26.527+0100] {processor.py:157} INFO - Started process (PID=85689) to work on /Users/apoorvasaxena/.pyenv/versions/airflow-venv/lib/python3.10/site-packages/airflow/example_dags/subdags/subdag.py
[2024-07-21T21:19:26.529+0100] {processor.py:829} INFO - Processing file /Users/apoorvasaxena/.pyenv/versions/airflow-venv/lib/python3.10/site-packages/airflow/example_dags/subdags/subdag.py for tasks to queue
[2024-07-21T21:19:26.529+0100] {logging_mixin.py:151} INFO - [2024-07-21T21:19:26.529+0100] {dagbag.py:539} INFO - Filling up the DagBag from /Users/apoorvasaxena/.pyenv/versions/airflow-venv/lib/python3.10/site-packages/airflow/example_dags/subdags/subdag.py
[2024-07-21T21:19:26.530+0100] {processor.py:841} WARNING - No viable dags retrieved from /Users/apoorvasaxena/.pyenv/versions/airflow-venv/lib/python3.10/site-packages/airflow/example_dags/subdags/subdag.py
[2024-07-21T21:19:26.583+0100] {processor.py:179} INFO - Processing /Users/apoorvasaxena/.pyenv/versions/airflow-venv/lib/python3.10/site-packages/airflow/example_dags/subdags/subdag.py took 0.057 seconds
[2024-07-21T21:20:03.559+0100] {processor.py:157} INFO - Started process (PID=85739) to work on /Users/apoorvasaxena/.pyenv/versions/airflow-venv/lib/python3.10/site-packages/airflow/example_dags/subdags/subdag.py
[2024-07-21T21:20:03.561+0100] {processor.py:829} INFO - Processing file /Users/apoorvasaxena/.pyenv/versions/airflow-venv/lib/python3.10/site-packages/airflow/example_dags/subdags/subdag.py for tasks to queue
[2024-07-21T21:20:03.561+0100] {logging_mixin.py:151} INFO - [2024-07-21T21:20:03.561+0100] {dagbag.py:539} INFO - Filling up the DagBag from /Users/apoorvasaxena/.pyenv/versions/airflow-venv/lib/python3.10/site-packages/airflow/example_dags/subdags/subdag.py
[2024-07-21T21:20:03.562+0100] {processor.py:841} WARNING - No viable dags retrieved from /Users/apoorvasaxena/.pyenv/versions/airflow-venv/lib/python3.10/site-packages/airflow/example_dags/subdags/subdag.py
[2024-07-21T21:20:03.615+0100] {processor.py:179} INFO - Processing /Users/apoorvasaxena/.pyenv/versions/airflow-venv/lib/python3.10/site-packages/airflow/example_dags/subdags/subdag.py took 0.057 seconds
[2024-07-21T21:20:40.074+0100] {processor.py:157} INFO - Started process (PID=85794) to work on /Users/apoorvasaxena/.pyenv/versions/airflow-venv/lib/python3.10/site-packages/airflow/example_dags/subdags/subdag.py
[2024-07-21T21:20:40.076+0100] {processor.py:829} INFO - Processing file /Users/apoorvasaxena/.pyenv/versions/airflow-venv/lib/python3.10/site-packages/airflow/example_dags/subdags/subdag.py for tasks to queue
[2024-07-21T21:20:40.076+0100] {logging_mixin.py:151} INFO - [2024-07-21T21:20:40.076+0100] {dagbag.py:539} INFO - Filling up the DagBag from /Users/apoorvasaxena/.pyenv/versions/airflow-venv/lib/python3.10/site-packages/airflow/example_dags/subdags/subdag.py
[2024-07-21T21:20:40.077+0100] {processor.py:841} WARNING - No viable dags retrieved from /Users/apoorvasaxena/.pyenv/versions/airflow-venv/lib/python3.10/site-packages/airflow/example_dags/subdags/subdag.py
[2024-07-21T21:20:40.130+0100] {processor.py:179} INFO - Processing /Users/apoorvasaxena/.pyenv/versions/airflow-venv/lib/python3.10/site-packages/airflow/example_dags/subdags/subdag.py took 0.057 seconds
[2024-07-21T21:21:16.544+0100] {processor.py:157} INFO - Started process (PID=85843) to work on /Users/apoorvasaxena/.pyenv/versions/airflow-venv/lib/python3.10/site-packages/airflow/example_dags/subdags/subdag.py
[2024-07-21T21:21:16.546+0100] {processor.py:829} INFO - Processing file /Users/apoorvasaxena/.pyenv/versions/airflow-venv/lib/python3.10/site-packages/airflow/example_dags/subdags/subdag.py for tasks to queue
[2024-07-21T21:21:16.546+0100] {logging_mixin.py:151} INFO - [2024-07-21T21:21:16.546+0100] {dagbag.py:539} INFO - Filling up the DagBag from /Users/apoorvasaxena/.pyenv/versions/airflow-venv/lib/python3.10/site-packages/airflow/example_dags/subdags/subdag.py
[2024-07-21T21:21:16.547+0100] {processor.py:841} WARNING - No viable dags retrieved from /Users/apoorvasaxena/.pyenv/versions/airflow-venv/lib/python3.10/site-packages/airflow/example_dags/subdags/subdag.py
[2024-07-21T21:21:16.600+0100] {processor.py:179} INFO - Processing /Users/apoorvasaxena/.pyenv/versions/airflow-venv/lib/python3.10/site-packages/airflow/example_dags/subdags/subdag.py took 0.057 seconds
[2024-07-21T21:21:50.547+0100] {processor.py:157} INFO - Started process (PID=85887) to work on /Users/apoorvasaxena/.pyenv/versions/airflow-venv/lib/python3.10/site-packages/airflow/example_dags/subdags/subdag.py
[2024-07-21T21:21:50.550+0100] {processor.py:829} INFO - Processing file /Users/apoorvasaxena/.pyenv/versions/airflow-venv/lib/python3.10/site-packages/airflow/example_dags/subdags/subdag.py for tasks to queue
[2024-07-21T21:21:50.550+0100] {logging_mixin.py:151} INFO - [2024-07-21T21:21:50.550+0100] {dagbag.py:539} INFO - Filling up the DagBag from /Users/apoorvasaxena/.pyenv/versions/airflow-venv/lib/python3.10/site-packages/airflow/example_dags/subdags/subdag.py
[2024-07-21T21:21:50.551+0100] {processor.py:841} WARNING - No viable dags retrieved from /Users/apoorvasaxena/.pyenv/versions/airflow-venv/lib/python3.10/site-packages/airflow/example_dags/subdags/subdag.py
[2024-07-21T21:21:50.604+0100] {processor.py:179} INFO - Processing /Users/apoorvasaxena/.pyenv/versions/airflow-venv/lib/python3.10/site-packages/airflow/example_dags/subdags/subdag.py took 0.058 seconds
[2024-07-21T21:22:26.372+0100] {processor.py:157} INFO - Started process (PID=85931) to work on /Users/apoorvasaxena/.pyenv/versions/airflow-venv/lib/python3.10/site-packages/airflow/example_dags/subdags/subdag.py
[2024-07-21T21:22:26.374+0100] {processor.py:829} INFO - Processing file /Users/apoorvasaxena/.pyenv/versions/airflow-venv/lib/python3.10/site-packages/airflow/example_dags/subdags/subdag.py for tasks to queue
[2024-07-21T21:22:26.374+0100] {logging_mixin.py:151} INFO - [2024-07-21T21:22:26.374+0100] {dagbag.py:539} INFO - Filling up the DagBag from /Users/apoorvasaxena/.pyenv/versions/airflow-venv/lib/python3.10/site-packages/airflow/example_dags/subdags/subdag.py
[2024-07-21T21:22:26.375+0100] {processor.py:841} WARNING - No viable dags retrieved from /Users/apoorvasaxena/.pyenv/versions/airflow-venv/lib/python3.10/site-packages/airflow/example_dags/subdags/subdag.py
[2024-07-21T21:22:26.428+0100] {processor.py:179} INFO - Processing /Users/apoorvasaxena/.pyenv/versions/airflow-venv/lib/python3.10/site-packages/airflow/example_dags/subdags/subdag.py took 0.057 seconds
[2024-07-21T21:23:03.172+0100] {processor.py:157} INFO - Started process (PID=85980) to work on /Users/apoorvasaxena/.pyenv/versions/airflow-venv/lib/python3.10/site-packages/airflow/example_dags/subdags/subdag.py
[2024-07-21T21:23:03.174+0100] {processor.py:829} INFO - Processing file /Users/apoorvasaxena/.pyenv/versions/airflow-venv/lib/python3.10/site-packages/airflow/example_dags/subdags/subdag.py for tasks to queue
[2024-07-21T21:23:03.174+0100] {logging_mixin.py:151} INFO - [2024-07-21T21:23:03.174+0100] {dagbag.py:539} INFO - Filling up the DagBag from /Users/apoorvasaxena/.pyenv/versions/airflow-venv/lib/python3.10/site-packages/airflow/example_dags/subdags/subdag.py
[2024-07-21T21:23:03.175+0100] {processor.py:841} WARNING - No viable dags retrieved from /Users/apoorvasaxena/.pyenv/versions/airflow-venv/lib/python3.10/site-packages/airflow/example_dags/subdags/subdag.py
[2024-07-21T21:23:03.228+0100] {processor.py:179} INFO - Processing /Users/apoorvasaxena/.pyenv/versions/airflow-venv/lib/python3.10/site-packages/airflow/example_dags/subdags/subdag.py took 0.057 seconds
[2024-07-21T21:23:38.594+0100] {processor.py:157} INFO - Started process (PID=86028) to work on /Users/apoorvasaxena/.pyenv/versions/airflow-venv/lib/python3.10/site-packages/airflow/example_dags/subdags/subdag.py
[2024-07-21T21:23:38.596+0100] {processor.py:829} INFO - Processing file /Users/apoorvasaxena/.pyenv/versions/airflow-venv/lib/python3.10/site-packages/airflow/example_dags/subdags/subdag.py for tasks to queue
[2024-07-21T21:23:38.596+0100] {logging_mixin.py:151} INFO - [2024-07-21T21:23:38.596+0100] {dagbag.py:539} INFO - Filling up the DagBag from /Users/apoorvasaxena/.pyenv/versions/airflow-venv/lib/python3.10/site-packages/airflow/example_dags/subdags/subdag.py
[2024-07-21T21:23:38.597+0100] {processor.py:841} WARNING - No viable dags retrieved from /Users/apoorvasaxena/.pyenv/versions/airflow-venv/lib/python3.10/site-packages/airflow/example_dags/subdags/subdag.py
[2024-07-21T21:23:38.650+0100] {processor.py:179} INFO - Processing /Users/apoorvasaxena/.pyenv/versions/airflow-venv/lib/python3.10/site-packages/airflow/example_dags/subdags/subdag.py took 0.057 seconds
[2024-07-21T21:24:13.137+0100] {processor.py:157} INFO - Started process (PID=86077) to work on /Users/apoorvasaxena/.pyenv/versions/airflow-venv/lib/python3.10/site-packages/airflow/example_dags/subdags/subdag.py
[2024-07-21T21:24:13.140+0100] {processor.py:829} INFO - Processing file /Users/apoorvasaxena/.pyenv/versions/airflow-venv/lib/python3.10/site-packages/airflow/example_dags/subdags/subdag.py for tasks to queue
[2024-07-21T21:24:13.140+0100] {logging_mixin.py:151} INFO - [2024-07-21T21:24:13.140+0100] {dagbag.py:539} INFO - Filling up the DagBag from /Users/apoorvasaxena/.pyenv/versions/airflow-venv/lib/python3.10/site-packages/airflow/example_dags/subdags/subdag.py
[2024-07-21T21:24:13.141+0100] {processor.py:841} WARNING - No viable dags retrieved from /Users/apoorvasaxena/.pyenv/versions/airflow-venv/lib/python3.10/site-packages/airflow/example_dags/subdags/subdag.py
[2024-07-21T21:24:13.194+0100] {processor.py:179} INFO - Processing /Users/apoorvasaxena/.pyenv/versions/airflow-venv/lib/python3.10/site-packages/airflow/example_dags/subdags/subdag.py took 0.058 seconds
[2024-07-21T21:24:49.082+0100] {processor.py:157} INFO - Started process (PID=86131) to work on /Users/apoorvasaxena/.pyenv/versions/airflow-venv/lib/python3.10/site-packages/airflow/example_dags/subdags/subdag.py
[2024-07-21T21:24:49.084+0100] {processor.py:829} INFO - Processing file /Users/apoorvasaxena/.pyenv/versions/airflow-venv/lib/python3.10/site-packages/airflow/example_dags/subdags/subdag.py for tasks to queue
[2024-07-21T21:24:49.084+0100] {logging_mixin.py:151} INFO - [2024-07-21T21:24:49.084+0100] {dagbag.py:539} INFO - Filling up the DagBag from /Users/apoorvasaxena/.pyenv/versions/airflow-venv/lib/python3.10/site-packages/airflow/example_dags/subdags/subdag.py
[2024-07-21T21:24:49.085+0100] {processor.py:841} WARNING - No viable dags retrieved from /Users/apoorvasaxena/.pyenv/versions/airflow-venv/lib/python3.10/site-packages/airflow/example_dags/subdags/subdag.py
[2024-07-21T21:24:49.138+0100] {processor.py:179} INFO - Processing /Users/apoorvasaxena/.pyenv/versions/airflow-venv/lib/python3.10/site-packages/airflow/example_dags/subdags/subdag.py took 0.057 seconds
[2024-07-21T21:25:24.985+0100] {processor.py:157} INFO - Started process (PID=86173) to work on /Users/apoorvasaxena/.pyenv/versions/airflow-venv/lib/python3.10/site-packages/airflow/example_dags/subdags/subdag.py
[2024-07-21T21:25:24.987+0100] {processor.py:829} INFO - Processing file /Users/apoorvasaxena/.pyenv/versions/airflow-venv/lib/python3.10/site-packages/airflow/example_dags/subdags/subdag.py for tasks to queue
[2024-07-21T21:25:24.987+0100] {logging_mixin.py:151} INFO - [2024-07-21T21:25:24.987+0100] {dagbag.py:539} INFO - Filling up the DagBag from /Users/apoorvasaxena/.pyenv/versions/airflow-venv/lib/python3.10/site-packages/airflow/example_dags/subdags/subdag.py
[2024-07-21T21:25:24.988+0100] {processor.py:841} WARNING - No viable dags retrieved from /Users/apoorvasaxena/.pyenv/versions/airflow-venv/lib/python3.10/site-packages/airflow/example_dags/subdags/subdag.py
[2024-07-21T21:25:25.042+0100] {processor.py:179} INFO - Processing /Users/apoorvasaxena/.pyenv/versions/airflow-venv/lib/python3.10/site-packages/airflow/example_dags/subdags/subdag.py took 0.057 seconds
[2024-07-21T21:25:59.377+0100] {processor.py:157} INFO - Started process (PID=86221) to work on /Users/apoorvasaxena/.pyenv/versions/airflow-venv/lib/python3.10/site-packages/airflow/example_dags/subdags/subdag.py
[2024-07-21T21:25:59.379+0100] {processor.py:829} INFO - Processing file /Users/apoorvasaxena/.pyenv/versions/airflow-venv/lib/python3.10/site-packages/airflow/example_dags/subdags/subdag.py for tasks to queue
[2024-07-21T21:25:59.379+0100] {logging_mixin.py:151} INFO - [2024-07-21T21:25:59.379+0100] {dagbag.py:539} INFO - Filling up the DagBag from /Users/apoorvasaxena/.pyenv/versions/airflow-venv/lib/python3.10/site-packages/airflow/example_dags/subdags/subdag.py
[2024-07-21T21:25:59.380+0100] {processor.py:841} WARNING - No viable dags retrieved from /Users/apoorvasaxena/.pyenv/versions/airflow-venv/lib/python3.10/site-packages/airflow/example_dags/subdags/subdag.py
[2024-07-21T21:25:59.433+0100] {processor.py:179} INFO - Processing /Users/apoorvasaxena/.pyenv/versions/airflow-venv/lib/python3.10/site-packages/airflow/example_dags/subdags/subdag.py took 0.057 seconds
[2024-07-21T21:26:33.370+0100] {processor.py:157} INFO - Started process (PID=86262) to work on /Users/apoorvasaxena/.pyenv/versions/airflow-venv/lib/python3.10/site-packages/airflow/example_dags/subdags/subdag.py
[2024-07-21T21:26:33.372+0100] {processor.py:829} INFO - Processing file /Users/apoorvasaxena/.pyenv/versions/airflow-venv/lib/python3.10/site-packages/airflow/example_dags/subdags/subdag.py for tasks to queue
[2024-07-21T21:26:33.372+0100] {logging_mixin.py:151} INFO - [2024-07-21T21:26:33.372+0100] {dagbag.py:539} INFO - Filling up the DagBag from /Users/apoorvasaxena/.pyenv/versions/airflow-venv/lib/python3.10/site-packages/airflow/example_dags/subdags/subdag.py
[2024-07-21T21:26:33.373+0100] {processor.py:841} WARNING - No viable dags retrieved from /Users/apoorvasaxena/.pyenv/versions/airflow-venv/lib/python3.10/site-packages/airflow/example_dags/subdags/subdag.py
[2024-07-21T21:26:33.426+0100] {processor.py:179} INFO - Processing /Users/apoorvasaxena/.pyenv/versions/airflow-venv/lib/python3.10/site-packages/airflow/example_dags/subdags/subdag.py took 0.057 seconds
[2024-07-21T21:27:10.943+0100] {processor.py:157} INFO - Started process (PID=86317) to work on /Users/apoorvasaxena/.pyenv/versions/airflow-venv/lib/python3.10/site-packages/airflow/example_dags/subdags/subdag.py
[2024-07-21T21:27:10.945+0100] {processor.py:829} INFO - Processing file /Users/apoorvasaxena/.pyenv/versions/airflow-venv/lib/python3.10/site-packages/airflow/example_dags/subdags/subdag.py for tasks to queue
[2024-07-21T21:27:10.946+0100] {logging_mixin.py:151} INFO - [2024-07-21T21:27:10.946+0100] {dagbag.py:539} INFO - Filling up the DagBag from /Users/apoorvasaxena/.pyenv/versions/airflow-venv/lib/python3.10/site-packages/airflow/example_dags/subdags/subdag.py
[2024-07-21T21:27:10.947+0100] {processor.py:841} WARNING - No viable dags retrieved from /Users/apoorvasaxena/.pyenv/versions/airflow-venv/lib/python3.10/site-packages/airflow/example_dags/subdags/subdag.py
[2024-07-21T21:27:11.003+0100] {processor.py:179} INFO - Processing /Users/apoorvasaxena/.pyenv/versions/airflow-venv/lib/python3.10/site-packages/airflow/example_dags/subdags/subdag.py took 0.060 seconds
[2024-07-21T21:27:46.267+0100] {processor.py:157} INFO - Started process (PID=86362) to work on /Users/apoorvasaxena/.pyenv/versions/airflow-venv/lib/python3.10/site-packages/airflow/example_dags/subdags/subdag.py
[2024-07-21T21:27:46.269+0100] {processor.py:829} INFO - Processing file /Users/apoorvasaxena/.pyenv/versions/airflow-venv/lib/python3.10/site-packages/airflow/example_dags/subdags/subdag.py for tasks to queue
[2024-07-21T21:27:46.269+0100] {logging_mixin.py:151} INFO - [2024-07-21T21:27:46.269+0100] {dagbag.py:539} INFO - Filling up the DagBag from /Users/apoorvasaxena/.pyenv/versions/airflow-venv/lib/python3.10/site-packages/airflow/example_dags/subdags/subdag.py
[2024-07-21T21:27:46.270+0100] {processor.py:841} WARNING - No viable dags retrieved from /Users/apoorvasaxena/.pyenv/versions/airflow-venv/lib/python3.10/site-packages/airflow/example_dags/subdags/subdag.py
[2024-07-21T21:27:46.324+0100] {processor.py:179} INFO - Processing /Users/apoorvasaxena/.pyenv/versions/airflow-venv/lib/python3.10/site-packages/airflow/example_dags/subdags/subdag.py took 0.057 seconds
[2024-07-21T21:28:21.506+0100] {processor.py:157} INFO - Started process (PID=86406) to work on /Users/apoorvasaxena/.pyenv/versions/airflow-venv/lib/python3.10/site-packages/airflow/example_dags/subdags/subdag.py
[2024-07-21T21:28:21.508+0100] {processor.py:829} INFO - Processing file /Users/apoorvasaxena/.pyenv/versions/airflow-venv/lib/python3.10/site-packages/airflow/example_dags/subdags/subdag.py for tasks to queue
[2024-07-21T21:28:21.508+0100] {logging_mixin.py:151} INFO - [2024-07-21T21:28:21.508+0100] {dagbag.py:539} INFO - Filling up the DagBag from /Users/apoorvasaxena/.pyenv/versions/airflow-venv/lib/python3.10/site-packages/airflow/example_dags/subdags/subdag.py
[2024-07-21T21:28:21.509+0100] {processor.py:841} WARNING - No viable dags retrieved from /Users/apoorvasaxena/.pyenv/versions/airflow-venv/lib/python3.10/site-packages/airflow/example_dags/subdags/subdag.py
[2024-07-21T21:28:21.562+0100] {processor.py:179} INFO - Processing /Users/apoorvasaxena/.pyenv/versions/airflow-venv/lib/python3.10/site-packages/airflow/example_dags/subdags/subdag.py took 0.057 seconds
[2024-07-21T21:28:58.694+0100] {processor.py:157} INFO - Started process (PID=86456) to work on /Users/apoorvasaxena/.pyenv/versions/airflow-venv/lib/python3.10/site-packages/airflow/example_dags/subdags/subdag.py
[2024-07-21T21:28:58.697+0100] {processor.py:829} INFO - Processing file /Users/apoorvasaxena/.pyenv/versions/airflow-venv/lib/python3.10/site-packages/airflow/example_dags/subdags/subdag.py for tasks to queue
[2024-07-21T21:28:58.697+0100] {logging_mixin.py:151} INFO - [2024-07-21T21:28:58.697+0100] {dagbag.py:539} INFO - Filling up the DagBag from /Users/apoorvasaxena/.pyenv/versions/airflow-venv/lib/python3.10/site-packages/airflow/example_dags/subdags/subdag.py
[2024-07-21T21:28:58.698+0100] {processor.py:841} WARNING - No viable dags retrieved from /Users/apoorvasaxena/.pyenv/versions/airflow-venv/lib/python3.10/site-packages/airflow/example_dags/subdags/subdag.py
[2024-07-21T21:28:58.751+0100] {processor.py:179} INFO - Processing /Users/apoorvasaxena/.pyenv/versions/airflow-venv/lib/python3.10/site-packages/airflow/example_dags/subdags/subdag.py took 0.058 seconds
[2024-07-21T21:29:33.660+0100] {processor.py:157} INFO - Started process (PID=86500) to work on /Users/apoorvasaxena/.pyenv/versions/airflow-venv/lib/python3.10/site-packages/airflow/example_dags/subdags/subdag.py
[2024-07-21T21:29:33.663+0100] {processor.py:829} INFO - Processing file /Users/apoorvasaxena/.pyenv/versions/airflow-venv/lib/python3.10/site-packages/airflow/example_dags/subdags/subdag.py for tasks to queue
[2024-07-21T21:29:33.663+0100] {logging_mixin.py:151} INFO - [2024-07-21T21:29:33.663+0100] {dagbag.py:539} INFO - Filling up the DagBag from /Users/apoorvasaxena/.pyenv/versions/airflow-venv/lib/python3.10/site-packages/airflow/example_dags/subdags/subdag.py
[2024-07-21T21:29:33.664+0100] {processor.py:841} WARNING - No viable dags retrieved from /Users/apoorvasaxena/.pyenv/versions/airflow-venv/lib/python3.10/site-packages/airflow/example_dags/subdags/subdag.py
[2024-07-21T21:29:33.717+0100] {processor.py:179} INFO - Processing /Users/apoorvasaxena/.pyenv/versions/airflow-venv/lib/python3.10/site-packages/airflow/example_dags/subdags/subdag.py took 0.057 seconds
[2024-07-21T21:30:09.038+0100] {processor.py:157} INFO - Started process (PID=86549) to work on /Users/apoorvasaxena/.pyenv/versions/airflow-venv/lib/python3.10/site-packages/airflow/example_dags/subdags/subdag.py
[2024-07-21T21:30:09.040+0100] {processor.py:829} INFO - Processing file /Users/apoorvasaxena/.pyenv/versions/airflow-venv/lib/python3.10/site-packages/airflow/example_dags/subdags/subdag.py for tasks to queue
[2024-07-21T21:30:09.041+0100] {logging_mixin.py:151} INFO - [2024-07-21T21:30:09.041+0100] {dagbag.py:539} INFO - Filling up the DagBag from /Users/apoorvasaxena/.pyenv/versions/airflow-venv/lib/python3.10/site-packages/airflow/example_dags/subdags/subdag.py
[2024-07-21T21:30:09.042+0100] {processor.py:841} WARNING - No viable dags retrieved from /Users/apoorvasaxena/.pyenv/versions/airflow-venv/lib/python3.10/site-packages/airflow/example_dags/subdags/subdag.py
[2024-07-21T21:30:09.095+0100] {processor.py:179} INFO - Processing /Users/apoorvasaxena/.pyenv/versions/airflow-venv/lib/python3.10/site-packages/airflow/example_dags/subdags/subdag.py took 0.058 seconds
[2024-07-21T21:30:45.412+0100] {processor.py:157} INFO - Started process (PID=86598) to work on /Users/apoorvasaxena/.pyenv/versions/airflow-venv/lib/python3.10/site-packages/airflow/example_dags/subdags/subdag.py
[2024-07-21T21:30:45.414+0100] {processor.py:829} INFO - Processing file /Users/apoorvasaxena/.pyenv/versions/airflow-venv/lib/python3.10/site-packages/airflow/example_dags/subdags/subdag.py for tasks to queue
[2024-07-21T21:30:45.415+0100] {logging_mixin.py:151} INFO - [2024-07-21T21:30:45.414+0100] {dagbag.py:539} INFO - Filling up the DagBag from /Users/apoorvasaxena/.pyenv/versions/airflow-venv/lib/python3.10/site-packages/airflow/example_dags/subdags/subdag.py
[2024-07-21T21:30:45.415+0100] {processor.py:841} WARNING - No viable dags retrieved from /Users/apoorvasaxena/.pyenv/versions/airflow-venv/lib/python3.10/site-packages/airflow/example_dags/subdags/subdag.py
[2024-07-21T21:30:45.469+0100] {processor.py:179} INFO - Processing /Users/apoorvasaxena/.pyenv/versions/airflow-venv/lib/python3.10/site-packages/airflow/example_dags/subdags/subdag.py took 0.057 seconds
[2024-07-21T21:31:21.925+0100] {processor.py:157} INFO - Started process (PID=86643) to work on /Users/apoorvasaxena/.pyenv/versions/airflow-venv/lib/python3.10/site-packages/airflow/example_dags/subdags/subdag.py
[2024-07-21T21:31:21.927+0100] {processor.py:829} INFO - Processing file /Users/apoorvasaxena/.pyenv/versions/airflow-venv/lib/python3.10/site-packages/airflow/example_dags/subdags/subdag.py for tasks to queue
[2024-07-21T21:31:21.927+0100] {logging_mixin.py:151} INFO - [2024-07-21T21:31:21.927+0100] {dagbag.py:539} INFO - Filling up the DagBag from /Users/apoorvasaxena/.pyenv/versions/airflow-venv/lib/python3.10/site-packages/airflow/example_dags/subdags/subdag.py
[2024-07-21T21:31:21.928+0100] {processor.py:841} WARNING - No viable dags retrieved from /Users/apoorvasaxena/.pyenv/versions/airflow-venv/lib/python3.10/site-packages/airflow/example_dags/subdags/subdag.py
[2024-07-21T21:31:21.984+0100] {processor.py:179} INFO - Processing /Users/apoorvasaxena/.pyenv/versions/airflow-venv/lib/python3.10/site-packages/airflow/example_dags/subdags/subdag.py took 0.059 seconds
[2024-07-21T21:31:56.266+0100] {processor.py:157} INFO - Started process (PID=86685) to work on /Users/apoorvasaxena/.pyenv/versions/airflow-venv/lib/python3.10/site-packages/airflow/example_dags/subdags/subdag.py
[2024-07-21T21:31:56.268+0100] {processor.py:829} INFO - Processing file /Users/apoorvasaxena/.pyenv/versions/airflow-venv/lib/python3.10/site-packages/airflow/example_dags/subdags/subdag.py for tasks to queue
[2024-07-21T21:31:56.268+0100] {logging_mixin.py:151} INFO - [2024-07-21T21:31:56.268+0100] {dagbag.py:539} INFO - Filling up the DagBag from /Users/apoorvasaxena/.pyenv/versions/airflow-venv/lib/python3.10/site-packages/airflow/example_dags/subdags/subdag.py
[2024-07-21T21:31:56.269+0100] {processor.py:841} WARNING - No viable dags retrieved from /Users/apoorvasaxena/.pyenv/versions/airflow-venv/lib/python3.10/site-packages/airflow/example_dags/subdags/subdag.py
[2024-07-21T21:31:56.322+0100] {processor.py:179} INFO - Processing /Users/apoorvasaxena/.pyenv/versions/airflow-venv/lib/python3.10/site-packages/airflow/example_dags/subdags/subdag.py took 0.057 seconds
[2024-07-21T21:32:34.686+0100] {processor.py:157} INFO - Started process (PID=86757) to work on /Users/apoorvasaxena/.pyenv/versions/airflow-venv/lib/python3.10/site-packages/airflow/example_dags/subdags/subdag.py
[2024-07-21T21:32:34.688+0100] {processor.py:829} INFO - Processing file /Users/apoorvasaxena/.pyenv/versions/airflow-venv/lib/python3.10/site-packages/airflow/example_dags/subdags/subdag.py for tasks to queue
[2024-07-21T21:32:34.688+0100] {logging_mixin.py:151} INFO - [2024-07-21T21:32:34.688+0100] {dagbag.py:539} INFO - Filling up the DagBag from /Users/apoorvasaxena/.pyenv/versions/airflow-venv/lib/python3.10/site-packages/airflow/example_dags/subdags/subdag.py
[2024-07-21T21:32:34.689+0100] {processor.py:841} WARNING - No viable dags retrieved from /Users/apoorvasaxena/.pyenv/versions/airflow-venv/lib/python3.10/site-packages/airflow/example_dags/subdags/subdag.py
[2024-07-21T21:32:34.744+0100] {processor.py:179} INFO - Processing /Users/apoorvasaxena/.pyenv/versions/airflow-venv/lib/python3.10/site-packages/airflow/example_dags/subdags/subdag.py took 0.058 seconds
[2024-07-21T21:33:12.445+0100] {processor.py:157} INFO - Started process (PID=86810) to work on /Users/apoorvasaxena/.pyenv/versions/airflow-venv/lib/python3.10/site-packages/airflow/example_dags/subdags/subdag.py
[2024-07-21T21:33:12.447+0100] {processor.py:829} INFO - Processing file /Users/apoorvasaxena/.pyenv/versions/airflow-venv/lib/python3.10/site-packages/airflow/example_dags/subdags/subdag.py for tasks to queue
[2024-07-21T21:33:12.448+0100] {logging_mixin.py:151} INFO - [2024-07-21T21:33:12.448+0100] {dagbag.py:539} INFO - Filling up the DagBag from /Users/apoorvasaxena/.pyenv/versions/airflow-venv/lib/python3.10/site-packages/airflow/example_dags/subdags/subdag.py
[2024-07-21T21:33:12.448+0100] {processor.py:841} WARNING - No viable dags retrieved from /Users/apoorvasaxena/.pyenv/versions/airflow-venv/lib/python3.10/site-packages/airflow/example_dags/subdags/subdag.py
[2024-07-21T21:33:12.503+0100] {processor.py:179} INFO - Processing /Users/apoorvasaxena/.pyenv/versions/airflow-venv/lib/python3.10/site-packages/airflow/example_dags/subdags/subdag.py took 0.058 seconds
[2024-07-21T21:33:49.691+0100] {processor.py:157} INFO - Started process (PID=86854) to work on /Users/apoorvasaxena/.pyenv/versions/airflow-venv/lib/python3.10/site-packages/airflow/example_dags/subdags/subdag.py
[2024-07-21T21:33:49.693+0100] {processor.py:829} INFO - Processing file /Users/apoorvasaxena/.pyenv/versions/airflow-venv/lib/python3.10/site-packages/airflow/example_dags/subdags/subdag.py for tasks to queue
[2024-07-21T21:33:49.694+0100] {logging_mixin.py:151} INFO - [2024-07-21T21:33:49.694+0100] {dagbag.py:539} INFO - Filling up the DagBag from /Users/apoorvasaxena/.pyenv/versions/airflow-venv/lib/python3.10/site-packages/airflow/example_dags/subdags/subdag.py
[2024-07-21T21:33:49.695+0100] {processor.py:841} WARNING - No viable dags retrieved from /Users/apoorvasaxena/.pyenv/versions/airflow-venv/lib/python3.10/site-packages/airflow/example_dags/subdags/subdag.py
[2024-07-21T21:33:49.748+0100] {processor.py:179} INFO - Processing /Users/apoorvasaxena/.pyenv/versions/airflow-venv/lib/python3.10/site-packages/airflow/example_dags/subdags/subdag.py took 0.058 seconds
[2024-07-21T21:34:25.814+0100] {processor.py:157} INFO - Started process (PID=86893) to work on /Users/apoorvasaxena/.pyenv/versions/airflow-venv/lib/python3.10/site-packages/airflow/example_dags/subdags/subdag.py
[2024-07-21T21:34:25.816+0100] {processor.py:829} INFO - Processing file /Users/apoorvasaxena/.pyenv/versions/airflow-venv/lib/python3.10/site-packages/airflow/example_dags/subdags/subdag.py for tasks to queue
[2024-07-21T21:34:25.816+0100] {logging_mixin.py:151} INFO - [2024-07-21T21:34:25.816+0100] {dagbag.py:539} INFO - Filling up the DagBag from /Users/apoorvasaxena/.pyenv/versions/airflow-venv/lib/python3.10/site-packages/airflow/example_dags/subdags/subdag.py
[2024-07-21T21:34:25.817+0100] {processor.py:841} WARNING - No viable dags retrieved from /Users/apoorvasaxena/.pyenv/versions/airflow-venv/lib/python3.10/site-packages/airflow/example_dags/subdags/subdag.py
[2024-07-21T21:34:25.874+0100] {processor.py:179} INFO - Processing /Users/apoorvasaxena/.pyenv/versions/airflow-venv/lib/python3.10/site-packages/airflow/example_dags/subdags/subdag.py took 0.061 seconds
[2024-07-21T21:35:02.646+0100] {processor.py:157} INFO - Started process (PID=86936) to work on /Users/apoorvasaxena/.pyenv/versions/airflow-venv/lib/python3.10/site-packages/airflow/example_dags/subdags/subdag.py
[2024-07-21T21:35:02.648+0100] {processor.py:829} INFO - Processing file /Users/apoorvasaxena/.pyenv/versions/airflow-venv/lib/python3.10/site-packages/airflow/example_dags/subdags/subdag.py for tasks to queue
[2024-07-21T21:35:02.648+0100] {logging_mixin.py:151} INFO - [2024-07-21T21:35:02.648+0100] {dagbag.py:539} INFO - Filling up the DagBag from /Users/apoorvasaxena/.pyenv/versions/airflow-venv/lib/python3.10/site-packages/airflow/example_dags/subdags/subdag.py
[2024-07-21T21:35:02.649+0100] {processor.py:841} WARNING - No viable dags retrieved from /Users/apoorvasaxena/.pyenv/versions/airflow-venv/lib/python3.10/site-packages/airflow/example_dags/subdags/subdag.py
[2024-07-21T21:35:02.703+0100] {processor.py:179} INFO - Processing /Users/apoorvasaxena/.pyenv/versions/airflow-venv/lib/python3.10/site-packages/airflow/example_dags/subdags/subdag.py took 0.058 seconds
[2024-07-21T21:35:38.419+0100] {processor.py:157} INFO - Started process (PID=86979) to work on /Users/apoorvasaxena/.pyenv/versions/airflow-venv/lib/python3.10/site-packages/airflow/example_dags/subdags/subdag.py
[2024-07-21T21:35:38.421+0100] {processor.py:829} INFO - Processing file /Users/apoorvasaxena/.pyenv/versions/airflow-venv/lib/python3.10/site-packages/airflow/example_dags/subdags/subdag.py for tasks to queue
[2024-07-21T21:35:38.422+0100] {logging_mixin.py:151} INFO - [2024-07-21T21:35:38.422+0100] {dagbag.py:539} INFO - Filling up the DagBag from /Users/apoorvasaxena/.pyenv/versions/airflow-venv/lib/python3.10/site-packages/airflow/example_dags/subdags/subdag.py
[2024-07-21T21:35:38.423+0100] {processor.py:841} WARNING - No viable dags retrieved from /Users/apoorvasaxena/.pyenv/versions/airflow-venv/lib/python3.10/site-packages/airflow/example_dags/subdags/subdag.py
[2024-07-21T21:35:38.477+0100] {processor.py:179} INFO - Processing /Users/apoorvasaxena/.pyenv/versions/airflow-venv/lib/python3.10/site-packages/airflow/example_dags/subdags/subdag.py took 0.058 seconds
[2024-07-21T21:36:13.667+0100] {processor.py:157} INFO - Started process (PID=87030) to work on /Users/apoorvasaxena/.pyenv/versions/airflow-venv/lib/python3.10/site-packages/airflow/example_dags/subdags/subdag.py
[2024-07-21T21:36:13.670+0100] {processor.py:829} INFO - Processing file /Users/apoorvasaxena/.pyenv/versions/airflow-venv/lib/python3.10/site-packages/airflow/example_dags/subdags/subdag.py for tasks to queue
[2024-07-21T21:36:13.670+0100] {logging_mixin.py:151} INFO - [2024-07-21T21:36:13.670+0100] {dagbag.py:539} INFO - Filling up the DagBag from /Users/apoorvasaxena/.pyenv/versions/airflow-venv/lib/python3.10/site-packages/airflow/example_dags/subdags/subdag.py
[2024-07-21T21:36:13.671+0100] {processor.py:841} WARNING - No viable dags retrieved from /Users/apoorvasaxena/.pyenv/versions/airflow-venv/lib/python3.10/site-packages/airflow/example_dags/subdags/subdag.py
[2024-07-21T21:36:13.725+0100] {processor.py:179} INFO - Processing /Users/apoorvasaxena/.pyenv/versions/airflow-venv/lib/python3.10/site-packages/airflow/example_dags/subdags/subdag.py took 0.058 seconds
[2024-07-21T21:36:49.005+0100] {processor.py:157} INFO - Started process (PID=87069) to work on /Users/apoorvasaxena/.pyenv/versions/airflow-venv/lib/python3.10/site-packages/airflow/example_dags/subdags/subdag.py
[2024-07-21T21:36:49.007+0100] {processor.py:829} INFO - Processing file /Users/apoorvasaxena/.pyenv/versions/airflow-venv/lib/python3.10/site-packages/airflow/example_dags/subdags/subdag.py for tasks to queue
[2024-07-21T21:36:49.007+0100] {logging_mixin.py:151} INFO - [2024-07-21T21:36:49.007+0100] {dagbag.py:539} INFO - Filling up the DagBag from /Users/apoorvasaxena/.pyenv/versions/airflow-venv/lib/python3.10/site-packages/airflow/example_dags/subdags/subdag.py
[2024-07-21T21:36:49.008+0100] {processor.py:841} WARNING - No viable dags retrieved from /Users/apoorvasaxena/.pyenv/versions/airflow-venv/lib/python3.10/site-packages/airflow/example_dags/subdags/subdag.py
[2024-07-21T21:36:49.065+0100] {processor.py:179} INFO - Processing /Users/apoorvasaxena/.pyenv/versions/airflow-venv/lib/python3.10/site-packages/airflow/example_dags/subdags/subdag.py took 0.060 seconds
[2024-07-21T21:37:25.027+0100] {processor.py:157} INFO - Started process (PID=87110) to work on /Users/apoorvasaxena/.pyenv/versions/airflow-venv/lib/python3.10/site-packages/airflow/example_dags/subdags/subdag.py
[2024-07-21T21:37:25.029+0100] {processor.py:829} INFO - Processing file /Users/apoorvasaxena/.pyenv/versions/airflow-venv/lib/python3.10/site-packages/airflow/example_dags/subdags/subdag.py for tasks to queue
[2024-07-21T21:37:25.029+0100] {logging_mixin.py:151} INFO - [2024-07-21T21:37:25.029+0100] {dagbag.py:539} INFO - Filling up the DagBag from /Users/apoorvasaxena/.pyenv/versions/airflow-venv/lib/python3.10/site-packages/airflow/example_dags/subdags/subdag.py
[2024-07-21T21:37:25.030+0100] {processor.py:841} WARNING - No viable dags retrieved from /Users/apoorvasaxena/.pyenv/versions/airflow-venv/lib/python3.10/site-packages/airflow/example_dags/subdags/subdag.py
[2024-07-21T21:37:25.085+0100] {processor.py:179} INFO - Processing /Users/apoorvasaxena/.pyenv/versions/airflow-venv/lib/python3.10/site-packages/airflow/example_dags/subdags/subdag.py took 0.058 seconds
