[2024-07-21T20:49:39.094+0100] {processor.py:157} INFO - Started process (PID=82492) to work on /Users/apoorvasaxena/.pyenv/versions/airflow-venv/lib/python3.10/site-packages/airflow/example_dags/example_trigger_target_dag.py
[2024-07-21T20:49:39.096+0100] {processor.py:829} INFO - Processing file /Users/apoorvasaxena/.pyenv/versions/airflow-venv/lib/python3.10/site-packages/airflow/example_dags/example_trigger_target_dag.py for tasks to queue
[2024-07-21T20:49:39.096+0100] {logging_mixin.py:151} INFO - [2024-07-21T20:49:39.096+0100] {dagbag.py:539} INFO - Filling up the DagBag from /Users/apoorvasaxena/.pyenv/versions/airflow-venv/lib/python3.10/site-packages/airflow/example_dags/example_trigger_target_dag.py
[2024-07-21T20:49:39.119+0100] {processor.py:839} INFO - DAG(s) dict_keys(['example_trigger_target_dag']) retrieved from /Users/apoorvasaxena/.pyenv/versions/airflow-venv/lib/python3.10/site-packages/airflow/example_dags/example_trigger_target_dag.py
[2024-07-21T20:49:39.137+0100] {logging_mixin.py:151} INFO - [2024-07-21T20:49:39.137+0100] {dag.py:2915} INFO - Sync 1 DAGs
[2024-07-21T20:49:39.169+0100] {logging_mixin.py:151} INFO - [2024-07-21T20:49:39.169+0100] {dag.py:3696} INFO - Setting next_dagrun for example_trigger_target_dag to None, run_after=None
[2024-07-21T20:49:39.176+0100] {processor.py:179} INFO - Processing /Users/apoorvasaxena/.pyenv/versions/airflow-venv/lib/python3.10/site-packages/airflow/example_dags/example_trigger_target_dag.py took 0.082 seconds
[2024-07-21T20:50:46.162+0100] {processor.py:157} INFO - Started process (PID=82623) to work on /Users/apoorvasaxena/.pyenv/versions/airflow-venv/lib/python3.10/site-packages/airflow/example_dags/example_trigger_target_dag.py
[2024-07-21T20:50:46.165+0100] {processor.py:829} INFO - Processing file /Users/apoorvasaxena/.pyenv/versions/airflow-venv/lib/python3.10/site-packages/airflow/example_dags/example_trigger_target_dag.py for tasks to queue
[2024-07-21T20:50:46.165+0100] {logging_mixin.py:151} INFO - [2024-07-21T20:50:46.165+0100] {dagbag.py:539} INFO - Filling up the DagBag from /Users/apoorvasaxena/.pyenv/versions/airflow-venv/lib/python3.10/site-packages/airflow/example_dags/example_trigger_target_dag.py
[2024-07-21T20:50:46.187+0100] {processor.py:839} INFO - DAG(s) dict_keys(['example_trigger_target_dag']) retrieved from /Users/apoorvasaxena/.pyenv/versions/airflow-venv/lib/python3.10/site-packages/airflow/example_dags/example_trigger_target_dag.py
[2024-07-21T20:50:46.258+0100] {logging_mixin.py:151} INFO - [2024-07-21T20:50:46.258+0100] {dag.py:2915} INFO - Sync 1 DAGs
[2024-07-21T20:50:46.261+0100] {logging_mixin.py:151} INFO - [2024-07-21T20:50:46.261+0100] {dag.py:3696} INFO - Setting next_dagrun for example_trigger_target_dag to None, run_after=None
[2024-07-21T20:50:46.268+0100] {processor.py:179} INFO - Processing /Users/apoorvasaxena/.pyenv/versions/airflow-venv/lib/python3.10/site-packages/airflow/example_dags/example_trigger_target_dag.py took 0.106 seconds
[2024-07-21T20:51:59.935+0100] {processor.py:157} INFO - Started process (PID=82844) to work on /Users/apoorvasaxena/.pyenv/versions/airflow-venv/lib/python3.10/site-packages/airflow/example_dags/example_trigger_target_dag.py
[2024-07-21T20:51:59.937+0100] {processor.py:829} INFO - Processing file /Users/apoorvasaxena/.pyenv/versions/airflow-venv/lib/python3.10/site-packages/airflow/example_dags/example_trigger_target_dag.py for tasks to queue
[2024-07-21T20:51:59.937+0100] {logging_mixin.py:151} INFO - [2024-07-21T20:51:59.937+0100] {dagbag.py:539} INFO - Filling up the DagBag from /Users/apoorvasaxena/.pyenv/versions/airflow-venv/lib/python3.10/site-packages/airflow/example_dags/example_trigger_target_dag.py
[2024-07-21T20:51:59.960+0100] {processor.py:839} INFO - DAG(s) dict_keys(['example_trigger_target_dag']) retrieved from /Users/apoorvasaxena/.pyenv/versions/airflow-venv/lib/python3.10/site-packages/airflow/example_dags/example_trigger_target_dag.py
[2024-07-21T20:52:00.030+0100] {logging_mixin.py:151} INFO - [2024-07-21T20:52:00.030+0100] {dag.py:2915} INFO - Sync 1 DAGs
[2024-07-21T20:52:00.033+0100] {logging_mixin.py:151} INFO - [2024-07-21T20:52:00.033+0100] {dag.py:3696} INFO - Setting next_dagrun for example_trigger_target_dag to None, run_after=None
[2024-07-21T20:52:00.040+0100] {processor.py:179} INFO - Processing /Users/apoorvasaxena/.pyenv/versions/airflow-venv/lib/python3.10/site-packages/airflow/example_dags/example_trigger_target_dag.py took 0.106 seconds
[2024-07-21T20:53:09.662+0100] {processor.py:157} INFO - Started process (PID=83542) to work on /Users/apoorvasaxena/.pyenv/versions/airflow-venv/lib/python3.10/site-packages/airflow/example_dags/example_trigger_target_dag.py
[2024-07-21T20:53:09.664+0100] {processor.py:829} INFO - Processing file /Users/apoorvasaxena/.pyenv/versions/airflow-venv/lib/python3.10/site-packages/airflow/example_dags/example_trigger_target_dag.py for tasks to queue
[2024-07-21T20:53:09.664+0100] {logging_mixin.py:151} INFO - [2024-07-21T20:53:09.664+0100] {dagbag.py:539} INFO - Filling up the DagBag from /Users/apoorvasaxena/.pyenv/versions/airflow-venv/lib/python3.10/site-packages/airflow/example_dags/example_trigger_target_dag.py
[2024-07-21T20:53:09.687+0100] {processor.py:839} INFO - DAG(s) dict_keys(['example_trigger_target_dag']) retrieved from /Users/apoorvasaxena/.pyenv/versions/airflow-venv/lib/python3.10/site-packages/airflow/example_dags/example_trigger_target_dag.py
[2024-07-21T20:53:09.758+0100] {logging_mixin.py:151} INFO - [2024-07-21T20:53:09.758+0100] {dag.py:2915} INFO - Sync 1 DAGs
[2024-07-21T20:53:09.761+0100] {logging_mixin.py:151} INFO - [2024-07-21T20:53:09.761+0100] {dag.py:3696} INFO - Setting next_dagrun for example_trigger_target_dag to None, run_after=None
[2024-07-21T20:53:09.768+0100] {processor.py:179} INFO - Processing /Users/apoorvasaxena/.pyenv/versions/airflow-venv/lib/python3.10/site-packages/airflow/example_dags/example_trigger_target_dag.py took 0.107 seconds
[2024-07-21T20:54:28.270+0100] {processor.py:157} INFO - Started process (PID=83757) to work on /Users/apoorvasaxena/.pyenv/versions/airflow-venv/lib/python3.10/site-packages/airflow/example_dags/example_trigger_target_dag.py
[2024-07-21T20:54:28.272+0100] {processor.py:829} INFO - Processing file /Users/apoorvasaxena/.pyenv/versions/airflow-venv/lib/python3.10/site-packages/airflow/example_dags/example_trigger_target_dag.py for tasks to queue
[2024-07-21T20:54:28.273+0100] {logging_mixin.py:151} INFO - [2024-07-21T20:54:28.273+0100] {dagbag.py:539} INFO - Filling up the DagBag from /Users/apoorvasaxena/.pyenv/versions/airflow-venv/lib/python3.10/site-packages/airflow/example_dags/example_trigger_target_dag.py
[2024-07-21T20:54:28.295+0100] {processor.py:839} INFO - DAG(s) dict_keys(['example_trigger_target_dag']) retrieved from /Users/apoorvasaxena/.pyenv/versions/airflow-venv/lib/python3.10/site-packages/airflow/example_dags/example_trigger_target_dag.py
[2024-07-21T20:54:28.366+0100] {logging_mixin.py:151} INFO - [2024-07-21T20:54:28.366+0100] {dag.py:2915} INFO - Sync 1 DAGs
[2024-07-21T20:54:28.369+0100] {logging_mixin.py:151} INFO - [2024-07-21T20:54:28.369+0100] {dag.py:3696} INFO - Setting next_dagrun for example_trigger_target_dag to None, run_after=None
[2024-07-21T20:54:28.376+0100] {processor.py:179} INFO - Processing /Users/apoorvasaxena/.pyenv/versions/airflow-venv/lib/python3.10/site-packages/airflow/example_dags/example_trigger_target_dag.py took 0.107 seconds
[2024-07-21T20:55:41.828+0100] {processor.py:157} INFO - Started process (PID=83870) to work on /Users/apoorvasaxena/.pyenv/versions/airflow-venv/lib/python3.10/site-packages/airflow/example_dags/example_trigger_target_dag.py
[2024-07-21T20:55:41.830+0100] {processor.py:829} INFO - Processing file /Users/apoorvasaxena/.pyenv/versions/airflow-venv/lib/python3.10/site-packages/airflow/example_dags/example_trigger_target_dag.py for tasks to queue
[2024-07-21T20:55:41.831+0100] {logging_mixin.py:151} INFO - [2024-07-21T20:55:41.830+0100] {dagbag.py:539} INFO - Filling up the DagBag from /Users/apoorvasaxena/.pyenv/versions/airflow-venv/lib/python3.10/site-packages/airflow/example_dags/example_trigger_target_dag.py
[2024-07-21T20:55:41.854+0100] {processor.py:839} INFO - DAG(s) dict_keys(['example_trigger_target_dag']) retrieved from /Users/apoorvasaxena/.pyenv/versions/airflow-venv/lib/python3.10/site-packages/airflow/example_dags/example_trigger_target_dag.py
[2024-07-21T20:55:41.928+0100] {logging_mixin.py:151} INFO - [2024-07-21T20:55:41.928+0100] {dag.py:2915} INFO - Sync 1 DAGs
[2024-07-21T20:55:41.931+0100] {logging_mixin.py:151} INFO - [2024-07-21T20:55:41.931+0100] {dag.py:3696} INFO - Setting next_dagrun for example_trigger_target_dag to None, run_after=None
[2024-07-21T20:55:41.938+0100] {processor.py:179} INFO - Processing /Users/apoorvasaxena/.pyenv/versions/airflow-venv/lib/python3.10/site-packages/airflow/example_dags/example_trigger_target_dag.py took 0.111 seconds
[2024-07-21T20:56:56.536+0100] {processor.py:157} INFO - Started process (PID=83950) to work on /Users/apoorvasaxena/.pyenv/versions/airflow-venv/lib/python3.10/site-packages/airflow/example_dags/example_trigger_target_dag.py
[2024-07-21T20:56:56.538+0100] {processor.py:829} INFO - Processing file /Users/apoorvasaxena/.pyenv/versions/airflow-venv/lib/python3.10/site-packages/airflow/example_dags/example_trigger_target_dag.py for tasks to queue
[2024-07-21T20:56:56.538+0100] {logging_mixin.py:151} INFO - [2024-07-21T20:56:56.538+0100] {dagbag.py:539} INFO - Filling up the DagBag from /Users/apoorvasaxena/.pyenv/versions/airflow-venv/lib/python3.10/site-packages/airflow/example_dags/example_trigger_target_dag.py
[2024-07-21T20:56:56.561+0100] {processor.py:839} INFO - DAG(s) dict_keys(['example_trigger_target_dag']) retrieved from /Users/apoorvasaxena/.pyenv/versions/airflow-venv/lib/python3.10/site-packages/airflow/example_dags/example_trigger_target_dag.py
[2024-07-21T20:56:56.632+0100] {logging_mixin.py:151} INFO - [2024-07-21T20:56:56.632+0100] {dag.py:2915} INFO - Sync 1 DAGs
[2024-07-21T20:56:56.636+0100] {logging_mixin.py:151} INFO - [2024-07-21T20:56:56.636+0100] {dag.py:3696} INFO - Setting next_dagrun for example_trigger_target_dag to None, run_after=None
[2024-07-21T20:56:56.643+0100] {processor.py:179} INFO - Processing /Users/apoorvasaxena/.pyenv/versions/airflow-venv/lib/python3.10/site-packages/airflow/example_dags/example_trigger_target_dag.py took 0.107 seconds
[2024-07-21T20:58:05.394+0100] {processor.py:157} INFO - Started process (PID=84044) to work on /Users/apoorvasaxena/.pyenv/versions/airflow-venv/lib/python3.10/site-packages/airflow/example_dags/example_trigger_target_dag.py
[2024-07-21T20:58:05.396+0100] {processor.py:829} INFO - Processing file /Users/apoorvasaxena/.pyenv/versions/airflow-venv/lib/python3.10/site-packages/airflow/example_dags/example_trigger_target_dag.py for tasks to queue
[2024-07-21T20:58:05.396+0100] {logging_mixin.py:151} INFO - [2024-07-21T20:58:05.396+0100] {dagbag.py:539} INFO - Filling up the DagBag from /Users/apoorvasaxena/.pyenv/versions/airflow-venv/lib/python3.10/site-packages/airflow/example_dags/example_trigger_target_dag.py
[2024-07-21T20:58:05.420+0100] {processor.py:839} INFO - DAG(s) dict_keys(['example_trigger_target_dag']) retrieved from /Users/apoorvasaxena/.pyenv/versions/airflow-venv/lib/python3.10/site-packages/airflow/example_dags/example_trigger_target_dag.py
[2024-07-21T20:58:05.491+0100] {logging_mixin.py:151} INFO - [2024-07-21T20:58:05.491+0100] {dag.py:2915} INFO - Sync 1 DAGs
[2024-07-21T20:58:05.495+0100] {logging_mixin.py:151} INFO - [2024-07-21T20:58:05.495+0100] {dag.py:3696} INFO - Setting next_dagrun for example_trigger_target_dag to None, run_after=None
[2024-07-21T20:58:05.502+0100] {processor.py:179} INFO - Processing /Users/apoorvasaxena/.pyenv/versions/airflow-venv/lib/python3.10/site-packages/airflow/example_dags/example_trigger_target_dag.py took 0.108 seconds
[2024-07-21T20:59:18.344+0100] {processor.py:157} INFO - Started process (PID=84129) to work on /Users/apoorvasaxena/.pyenv/versions/airflow-venv/lib/python3.10/site-packages/airflow/example_dags/example_trigger_target_dag.py
[2024-07-21T20:59:18.346+0100] {processor.py:829} INFO - Processing file /Users/apoorvasaxena/.pyenv/versions/airflow-venv/lib/python3.10/site-packages/airflow/example_dags/example_trigger_target_dag.py for tasks to queue
[2024-07-21T20:59:18.346+0100] {logging_mixin.py:151} INFO - [2024-07-21T20:59:18.346+0100] {dagbag.py:539} INFO - Filling up the DagBag from /Users/apoorvasaxena/.pyenv/versions/airflow-venv/lib/python3.10/site-packages/airflow/example_dags/example_trigger_target_dag.py
[2024-07-21T20:59:18.368+0100] {processor.py:839} INFO - DAG(s) dict_keys(['example_trigger_target_dag']) retrieved from /Users/apoorvasaxena/.pyenv/versions/airflow-venv/lib/python3.10/site-packages/airflow/example_dags/example_trigger_target_dag.py
[2024-07-21T20:59:18.439+0100] {logging_mixin.py:151} INFO - [2024-07-21T20:59:18.439+0100] {dag.py:2915} INFO - Sync 1 DAGs
[2024-07-21T20:59:18.443+0100] {logging_mixin.py:151} INFO - [2024-07-21T20:59:18.443+0100] {dag.py:3696} INFO - Setting next_dagrun for example_trigger_target_dag to None, run_after=None
[2024-07-21T20:59:18.450+0100] {processor.py:179} INFO - Processing /Users/apoorvasaxena/.pyenv/versions/airflow-venv/lib/python3.10/site-packages/airflow/example_dags/example_trigger_target_dag.py took 0.107 seconds
[2024-07-21T21:00:28.746+0100] {processor.py:157} INFO - Started process (PID=84208) to work on /Users/apoorvasaxena/.pyenv/versions/airflow-venv/lib/python3.10/site-packages/airflow/example_dags/example_trigger_target_dag.py
[2024-07-21T21:00:28.748+0100] {processor.py:829} INFO - Processing file /Users/apoorvasaxena/.pyenv/versions/airflow-venv/lib/python3.10/site-packages/airflow/example_dags/example_trigger_target_dag.py for tasks to queue
[2024-07-21T21:00:28.748+0100] {logging_mixin.py:151} INFO - [2024-07-21T21:00:28.748+0100] {dagbag.py:539} INFO - Filling up the DagBag from /Users/apoorvasaxena/.pyenv/versions/airflow-venv/lib/python3.10/site-packages/airflow/example_dags/example_trigger_target_dag.py
[2024-07-21T21:00:28.771+0100] {processor.py:839} INFO - DAG(s) dict_keys(['example_trigger_target_dag']) retrieved from /Users/apoorvasaxena/.pyenv/versions/airflow-venv/lib/python3.10/site-packages/airflow/example_dags/example_trigger_target_dag.py
[2024-07-21T21:00:28.842+0100] {logging_mixin.py:151} INFO - [2024-07-21T21:00:28.842+0100] {dag.py:2915} INFO - Sync 1 DAGs
[2024-07-21T21:00:28.845+0100] {logging_mixin.py:151} INFO - [2024-07-21T21:00:28.845+0100] {dag.py:3696} INFO - Setting next_dagrun for example_trigger_target_dag to None, run_after=None
[2024-07-21T21:00:28.852+0100] {processor.py:179} INFO - Processing /Users/apoorvasaxena/.pyenv/versions/airflow-venv/lib/python3.10/site-packages/airflow/example_dags/example_trigger_target_dag.py took 0.107 seconds
[2024-07-21T21:01:41.781+0100] {processor.py:157} INFO - Started process (PID=84297) to work on /Users/apoorvasaxena/.pyenv/versions/airflow-venv/lib/python3.10/site-packages/airflow/example_dags/example_trigger_target_dag.py
[2024-07-21T21:01:41.784+0100] {processor.py:829} INFO - Processing file /Users/apoorvasaxena/.pyenv/versions/airflow-venv/lib/python3.10/site-packages/airflow/example_dags/example_trigger_target_dag.py for tasks to queue
[2024-07-21T21:01:41.784+0100] {logging_mixin.py:151} INFO - [2024-07-21T21:01:41.784+0100] {dagbag.py:539} INFO - Filling up the DagBag from /Users/apoorvasaxena/.pyenv/versions/airflow-venv/lib/python3.10/site-packages/airflow/example_dags/example_trigger_target_dag.py
[2024-07-21T21:01:41.807+0100] {processor.py:839} INFO - DAG(s) dict_keys(['example_trigger_target_dag']) retrieved from /Users/apoorvasaxena/.pyenv/versions/airflow-venv/lib/python3.10/site-packages/airflow/example_dags/example_trigger_target_dag.py
[2024-07-21T21:01:41.877+0100] {logging_mixin.py:151} INFO - [2024-07-21T21:01:41.877+0100] {dag.py:2915} INFO - Sync 1 DAGs
[2024-07-21T21:01:41.880+0100] {logging_mixin.py:151} INFO - [2024-07-21T21:01:41.880+0100] {dag.py:3696} INFO - Setting next_dagrun for example_trigger_target_dag to None, run_after=None
[2024-07-21T21:01:41.887+0100] {processor.py:179} INFO - Processing /Users/apoorvasaxena/.pyenv/versions/airflow-venv/lib/python3.10/site-packages/airflow/example_dags/example_trigger_target_dag.py took 0.107 seconds
[2024-07-21T21:02:57.572+0100] {processor.py:157} INFO - Started process (PID=84384) to work on /Users/apoorvasaxena/.pyenv/versions/airflow-venv/lib/python3.10/site-packages/airflow/example_dags/example_trigger_target_dag.py
[2024-07-21T21:02:57.575+0100] {processor.py:829} INFO - Processing file /Users/apoorvasaxena/.pyenv/versions/airflow-venv/lib/python3.10/site-packages/airflow/example_dags/example_trigger_target_dag.py for tasks to queue
[2024-07-21T21:02:57.575+0100] {logging_mixin.py:151} INFO - [2024-07-21T21:02:57.575+0100] {dagbag.py:539} INFO - Filling up the DagBag from /Users/apoorvasaxena/.pyenv/versions/airflow-venv/lib/python3.10/site-packages/airflow/example_dags/example_trigger_target_dag.py
[2024-07-21T21:02:57.597+0100] {processor.py:839} INFO - DAG(s) dict_keys(['example_trigger_target_dag']) retrieved from /Users/apoorvasaxena/.pyenv/versions/airflow-venv/lib/python3.10/site-packages/airflow/example_dags/example_trigger_target_dag.py
[2024-07-21T21:02:57.668+0100] {logging_mixin.py:151} INFO - [2024-07-21T21:02:57.668+0100] {dag.py:2915} INFO - Sync 1 DAGs
[2024-07-21T21:02:57.671+0100] {logging_mixin.py:151} INFO - [2024-07-21T21:02:57.671+0100] {dag.py:3696} INFO - Setting next_dagrun for example_trigger_target_dag to None, run_after=None
[2024-07-21T21:02:57.678+0100] {processor.py:179} INFO - Processing /Users/apoorvasaxena/.pyenv/versions/airflow-venv/lib/python3.10/site-packages/airflow/example_dags/example_trigger_target_dag.py took 0.106 seconds
[2024-07-21T21:04:11.337+0100] {processor.py:157} INFO - Started process (PID=84478) to work on /Users/apoorvasaxena/.pyenv/versions/airflow-venv/lib/python3.10/site-packages/airflow/example_dags/example_trigger_target_dag.py
[2024-07-21T21:04:11.340+0100] {processor.py:829} INFO - Processing file /Users/apoorvasaxena/.pyenv/versions/airflow-venv/lib/python3.10/site-packages/airflow/example_dags/example_trigger_target_dag.py for tasks to queue
[2024-07-21T21:04:11.340+0100] {logging_mixin.py:151} INFO - [2024-07-21T21:04:11.340+0100] {dagbag.py:539} INFO - Filling up the DagBag from /Users/apoorvasaxena/.pyenv/versions/airflow-venv/lib/python3.10/site-packages/airflow/example_dags/example_trigger_target_dag.py
[2024-07-21T21:04:11.363+0100] {processor.py:839} INFO - DAG(s) dict_keys(['example_trigger_target_dag']) retrieved from /Users/apoorvasaxena/.pyenv/versions/airflow-venv/lib/python3.10/site-packages/airflow/example_dags/example_trigger_target_dag.py
[2024-07-21T21:04:11.433+0100] {logging_mixin.py:151} INFO - [2024-07-21T21:04:11.433+0100] {dag.py:2915} INFO - Sync 1 DAGs
[2024-07-21T21:04:11.437+0100] {logging_mixin.py:151} INFO - [2024-07-21T21:04:11.437+0100] {dag.py:3696} INFO - Setting next_dagrun for example_trigger_target_dag to None, run_after=None
[2024-07-21T21:04:11.443+0100] {processor.py:179} INFO - Processing /Users/apoorvasaxena/.pyenv/versions/airflow-venv/lib/python3.10/site-packages/airflow/example_dags/example_trigger_target_dag.py took 0.106 seconds
[2024-07-21T21:05:25.605+0100] {processor.py:157} INFO - Started process (PID=84577) to work on /Users/apoorvasaxena/.pyenv/versions/airflow-venv/lib/python3.10/site-packages/airflow/example_dags/example_trigger_target_dag.py
[2024-07-21T21:05:25.608+0100] {processor.py:829} INFO - Processing file /Users/apoorvasaxena/.pyenv/versions/airflow-venv/lib/python3.10/site-packages/airflow/example_dags/example_trigger_target_dag.py for tasks to queue
[2024-07-21T21:05:25.608+0100] {logging_mixin.py:151} INFO - [2024-07-21T21:05:25.608+0100] {dagbag.py:539} INFO - Filling up the DagBag from /Users/apoorvasaxena/.pyenv/versions/airflow-venv/lib/python3.10/site-packages/airflow/example_dags/example_trigger_target_dag.py
[2024-07-21T21:05:25.631+0100] {processor.py:839} INFO - DAG(s) dict_keys(['example_trigger_target_dag']) retrieved from /Users/apoorvasaxena/.pyenv/versions/airflow-venv/lib/python3.10/site-packages/airflow/example_dags/example_trigger_target_dag.py
[2024-07-21T21:05:25.703+0100] {logging_mixin.py:151} INFO - [2024-07-21T21:05:25.703+0100] {dag.py:2915} INFO - Sync 1 DAGs
[2024-07-21T21:05:25.706+0100] {logging_mixin.py:151} INFO - [2024-07-21T21:05:25.706+0100] {dag.py:3696} INFO - Setting next_dagrun for example_trigger_target_dag to None, run_after=None
[2024-07-21T21:05:25.713+0100] {processor.py:179} INFO - Processing /Users/apoorvasaxena/.pyenv/versions/airflow-venv/lib/python3.10/site-packages/airflow/example_dags/example_trigger_target_dag.py took 0.108 seconds
[2024-07-21T21:06:35.115+0100] {processor.py:157} INFO - Started process (PID=84673) to work on /Users/apoorvasaxena/.pyenv/versions/airflow-venv/lib/python3.10/site-packages/airflow/example_dags/example_trigger_target_dag.py
[2024-07-21T21:06:35.118+0100] {processor.py:829} INFO - Processing file /Users/apoorvasaxena/.pyenv/versions/airflow-venv/lib/python3.10/site-packages/airflow/example_dags/example_trigger_target_dag.py for tasks to queue
[2024-07-21T21:06:35.118+0100] {logging_mixin.py:151} INFO - [2024-07-21T21:06:35.118+0100] {dagbag.py:539} INFO - Filling up the DagBag from /Users/apoorvasaxena/.pyenv/versions/airflow-venv/lib/python3.10/site-packages/airflow/example_dags/example_trigger_target_dag.py
[2024-07-21T21:06:35.140+0100] {processor.py:839} INFO - DAG(s) dict_keys(['example_trigger_target_dag']) retrieved from /Users/apoorvasaxena/.pyenv/versions/airflow-venv/lib/python3.10/site-packages/airflow/example_dags/example_trigger_target_dag.py
[2024-07-21T21:06:35.210+0100] {logging_mixin.py:151} INFO - [2024-07-21T21:06:35.210+0100] {dag.py:2915} INFO - Sync 1 DAGs
[2024-07-21T21:06:35.213+0100] {logging_mixin.py:151} INFO - [2024-07-21T21:06:35.213+0100] {dag.py:3696} INFO - Setting next_dagrun for example_trigger_target_dag to None, run_after=None
[2024-07-21T21:06:35.220+0100] {processor.py:179} INFO - Processing /Users/apoorvasaxena/.pyenv/versions/airflow-venv/lib/python3.10/site-packages/airflow/example_dags/example_trigger_target_dag.py took 0.105 seconds
[2024-07-21T21:07:44.464+0100] {processor.py:157} INFO - Started process (PID=84767) to work on /Users/apoorvasaxena/.pyenv/versions/airflow-venv/lib/python3.10/site-packages/airflow/example_dags/example_trigger_target_dag.py
[2024-07-21T21:07:44.466+0100] {processor.py:829} INFO - Processing file /Users/apoorvasaxena/.pyenv/versions/airflow-venv/lib/python3.10/site-packages/airflow/example_dags/example_trigger_target_dag.py for tasks to queue
[2024-07-21T21:07:44.466+0100] {logging_mixin.py:151} INFO - [2024-07-21T21:07:44.466+0100] {dagbag.py:539} INFO - Filling up the DagBag from /Users/apoorvasaxena/.pyenv/versions/airflow-venv/lib/python3.10/site-packages/airflow/example_dags/example_trigger_target_dag.py
[2024-07-21T21:07:44.488+0100] {processor.py:839} INFO - DAG(s) dict_keys(['example_trigger_target_dag']) retrieved from /Users/apoorvasaxena/.pyenv/versions/airflow-venv/lib/python3.10/site-packages/airflow/example_dags/example_trigger_target_dag.py
[2024-07-21T21:07:44.558+0100] {logging_mixin.py:151} INFO - [2024-07-21T21:07:44.558+0100] {dag.py:2915} INFO - Sync 1 DAGs
[2024-07-21T21:07:44.561+0100] {logging_mixin.py:151} INFO - [2024-07-21T21:07:44.561+0100] {dag.py:3696} INFO - Setting next_dagrun for example_trigger_target_dag to None, run_after=None
[2024-07-21T21:07:44.568+0100] {processor.py:179} INFO - Processing /Users/apoorvasaxena/.pyenv/versions/airflow-venv/lib/python3.10/site-packages/airflow/example_dags/example_trigger_target_dag.py took 0.105 seconds
[2024-07-21T21:08:56.528+0100] {processor.py:157} INFO - Started process (PID=84854) to work on /Users/apoorvasaxena/.pyenv/versions/airflow-venv/lib/python3.10/site-packages/airflow/example_dags/example_trigger_target_dag.py
[2024-07-21T21:08:56.530+0100] {processor.py:829} INFO - Processing file /Users/apoorvasaxena/.pyenv/versions/airflow-venv/lib/python3.10/site-packages/airflow/example_dags/example_trigger_target_dag.py for tasks to queue
[2024-07-21T21:08:56.530+0100] {logging_mixin.py:151} INFO - [2024-07-21T21:08:56.530+0100] {dagbag.py:539} INFO - Filling up the DagBag from /Users/apoorvasaxena/.pyenv/versions/airflow-venv/lib/python3.10/site-packages/airflow/example_dags/example_trigger_target_dag.py
[2024-07-21T21:08:56.552+0100] {processor.py:839} INFO - DAG(s) dict_keys(['example_trigger_target_dag']) retrieved from /Users/apoorvasaxena/.pyenv/versions/airflow-venv/lib/python3.10/site-packages/airflow/example_dags/example_trigger_target_dag.py
[2024-07-21T21:08:56.631+0100] {logging_mixin.py:151} INFO - [2024-07-21T21:08:56.631+0100] {dag.py:2915} INFO - Sync 1 DAGs
[2024-07-21T21:08:56.634+0100] {logging_mixin.py:151} INFO - [2024-07-21T21:08:56.634+0100] {dag.py:3696} INFO - Setting next_dagrun for example_trigger_target_dag to None, run_after=None
[2024-07-21T21:08:56.641+0100] {processor.py:179} INFO - Processing /Users/apoorvasaxena/.pyenv/versions/airflow-venv/lib/python3.10/site-packages/airflow/example_dags/example_trigger_target_dag.py took 0.114 seconds
[2024-07-21T21:10:09.769+0100] {processor.py:157} INFO - Started process (PID=84950) to work on /Users/apoorvasaxena/.pyenv/versions/airflow-venv/lib/python3.10/site-packages/airflow/example_dags/example_trigger_target_dag.py
[2024-07-21T21:10:09.772+0100] {processor.py:829} INFO - Processing file /Users/apoorvasaxena/.pyenv/versions/airflow-venv/lib/python3.10/site-packages/airflow/example_dags/example_trigger_target_dag.py for tasks to queue
[2024-07-21T21:10:09.772+0100] {logging_mixin.py:151} INFO - [2024-07-21T21:10:09.772+0100] {dagbag.py:539} INFO - Filling up the DagBag from /Users/apoorvasaxena/.pyenv/versions/airflow-venv/lib/python3.10/site-packages/airflow/example_dags/example_trigger_target_dag.py
[2024-07-21T21:10:09.794+0100] {processor.py:839} INFO - DAG(s) dict_keys(['example_trigger_target_dag']) retrieved from /Users/apoorvasaxena/.pyenv/versions/airflow-venv/lib/python3.10/site-packages/airflow/example_dags/example_trigger_target_dag.py
[2024-07-21T21:10:09.863+0100] {logging_mixin.py:151} INFO - [2024-07-21T21:10:09.863+0100] {dag.py:2915} INFO - Sync 1 DAGs
[2024-07-21T21:10:09.867+0100] {logging_mixin.py:151} INFO - [2024-07-21T21:10:09.867+0100] {dag.py:3696} INFO - Setting next_dagrun for example_trigger_target_dag to None, run_after=None
[2024-07-21T21:10:09.873+0100] {processor.py:179} INFO - Processing /Users/apoorvasaxena/.pyenv/versions/airflow-venv/lib/python3.10/site-packages/airflow/example_dags/example_trigger_target_dag.py took 0.105 seconds
[2024-07-21T21:11:24.583+0100] {processor.py:157} INFO - Started process (PID=85047) to work on /Users/apoorvasaxena/.pyenv/versions/airflow-venv/lib/python3.10/site-packages/airflow/example_dags/example_trigger_target_dag.py
[2024-07-21T21:11:24.585+0100] {processor.py:829} INFO - Processing file /Users/apoorvasaxena/.pyenv/versions/airflow-venv/lib/python3.10/site-packages/airflow/example_dags/example_trigger_target_dag.py for tasks to queue
[2024-07-21T21:11:24.586+0100] {logging_mixin.py:151} INFO - [2024-07-21T21:11:24.586+0100] {dagbag.py:539} INFO - Filling up the DagBag from /Users/apoorvasaxena/.pyenv/versions/airflow-venv/lib/python3.10/site-packages/airflow/example_dags/example_trigger_target_dag.py
[2024-07-21T21:11:24.608+0100] {processor.py:839} INFO - DAG(s) dict_keys(['example_trigger_target_dag']) retrieved from /Users/apoorvasaxena/.pyenv/versions/airflow-venv/lib/python3.10/site-packages/airflow/example_dags/example_trigger_target_dag.py
[2024-07-21T21:11:24.677+0100] {logging_mixin.py:151} INFO - [2024-07-21T21:11:24.677+0100] {dag.py:2915} INFO - Sync 1 DAGs
[2024-07-21T21:11:24.680+0100] {logging_mixin.py:151} INFO - [2024-07-21T21:11:24.680+0100] {dag.py:3696} INFO - Setting next_dagrun for example_trigger_target_dag to None, run_after=None
[2024-07-21T21:11:24.687+0100] {processor.py:179} INFO - Processing /Users/apoorvasaxena/.pyenv/versions/airflow-venv/lib/python3.10/site-packages/airflow/example_dags/example_trigger_target_dag.py took 0.105 seconds
[2024-07-21T21:12:35.374+0100] {processor.py:157} INFO - Started process (PID=85140) to work on /Users/apoorvasaxena/.pyenv/versions/airflow-venv/lib/python3.10/site-packages/airflow/example_dags/example_trigger_target_dag.py
[2024-07-21T21:12:35.377+0100] {processor.py:829} INFO - Processing file /Users/apoorvasaxena/.pyenv/versions/airflow-venv/lib/python3.10/site-packages/airflow/example_dags/example_trigger_target_dag.py for tasks to queue
[2024-07-21T21:12:35.377+0100] {logging_mixin.py:151} INFO - [2024-07-21T21:12:35.377+0100] {dagbag.py:539} INFO - Filling up the DagBag from /Users/apoorvasaxena/.pyenv/versions/airflow-venv/lib/python3.10/site-packages/airflow/example_dags/example_trigger_target_dag.py
[2024-07-21T21:12:35.399+0100] {processor.py:839} INFO - DAG(s) dict_keys(['example_trigger_target_dag']) retrieved from /Users/apoorvasaxena/.pyenv/versions/airflow-venv/lib/python3.10/site-packages/airflow/example_dags/example_trigger_target_dag.py
[2024-07-21T21:12:35.469+0100] {logging_mixin.py:151} INFO - [2024-07-21T21:12:35.469+0100] {dag.py:2915} INFO - Sync 1 DAGs
[2024-07-21T21:12:35.472+0100] {logging_mixin.py:151} INFO - [2024-07-21T21:12:35.472+0100] {dag.py:3696} INFO - Setting next_dagrun for example_trigger_target_dag to None, run_after=None
[2024-07-21T21:12:35.479+0100] {processor.py:179} INFO - Processing /Users/apoorvasaxena/.pyenv/versions/airflow-venv/lib/python3.10/site-packages/airflow/example_dags/example_trigger_target_dag.py took 0.106 seconds
[2024-07-21T21:13:46.674+0100] {processor.py:157} INFO - Started process (PID=85238) to work on /Users/apoorvasaxena/.pyenv/versions/airflow-venv/lib/python3.10/site-packages/airflow/example_dags/example_trigger_target_dag.py
[2024-07-21T21:13:46.676+0100] {processor.py:829} INFO - Processing file /Users/apoorvasaxena/.pyenv/versions/airflow-venv/lib/python3.10/site-packages/airflow/example_dags/example_trigger_target_dag.py for tasks to queue
[2024-07-21T21:13:46.676+0100] {logging_mixin.py:151} INFO - [2024-07-21T21:13:46.676+0100] {dagbag.py:539} INFO - Filling up the DagBag from /Users/apoorvasaxena/.pyenv/versions/airflow-venv/lib/python3.10/site-packages/airflow/example_dags/example_trigger_target_dag.py
[2024-07-21T21:13:46.698+0100] {processor.py:839} INFO - DAG(s) dict_keys(['example_trigger_target_dag']) retrieved from /Users/apoorvasaxena/.pyenv/versions/airflow-venv/lib/python3.10/site-packages/airflow/example_dags/example_trigger_target_dag.py
[2024-07-21T21:13:46.768+0100] {logging_mixin.py:151} INFO - [2024-07-21T21:13:46.768+0100] {dag.py:2915} INFO - Sync 1 DAGs
[2024-07-21T21:13:46.771+0100] {logging_mixin.py:151} INFO - [2024-07-21T21:13:46.771+0100] {dag.py:3696} INFO - Setting next_dagrun for example_trigger_target_dag to None, run_after=None
[2024-07-21T21:13:46.778+0100] {processor.py:179} INFO - Processing /Users/apoorvasaxena/.pyenv/versions/airflow-venv/lib/python3.10/site-packages/airflow/example_dags/example_trigger_target_dag.py took 0.104 seconds
[2024-07-21T21:14:56.763+0100] {processor.py:157} INFO - Started process (PID=85325) to work on /Users/apoorvasaxena/.pyenv/versions/airflow-venv/lib/python3.10/site-packages/airflow/example_dags/example_trigger_target_dag.py
[2024-07-21T21:14:56.765+0100] {processor.py:829} INFO - Processing file /Users/apoorvasaxena/.pyenv/versions/airflow-venv/lib/python3.10/site-packages/airflow/example_dags/example_trigger_target_dag.py for tasks to queue
[2024-07-21T21:14:56.765+0100] {logging_mixin.py:151} INFO - [2024-07-21T21:14:56.765+0100] {dagbag.py:539} INFO - Filling up the DagBag from /Users/apoorvasaxena/.pyenv/versions/airflow-venv/lib/python3.10/site-packages/airflow/example_dags/example_trigger_target_dag.py
[2024-07-21T21:14:56.790+0100] {processor.py:839} INFO - DAG(s) dict_keys(['example_trigger_target_dag']) retrieved from /Users/apoorvasaxena/.pyenv/versions/airflow-venv/lib/python3.10/site-packages/airflow/example_dags/example_trigger_target_dag.py
[2024-07-21T21:14:56.868+0100] {logging_mixin.py:151} INFO - [2024-07-21T21:14:56.868+0100] {dag.py:2915} INFO - Sync 1 DAGs
[2024-07-21T21:14:56.872+0100] {logging_mixin.py:151} INFO - [2024-07-21T21:14:56.872+0100] {dag.py:3696} INFO - Setting next_dagrun for example_trigger_target_dag to None, run_after=None
[2024-07-21T21:14:56.880+0100] {processor.py:179} INFO - Processing /Users/apoorvasaxena/.pyenv/versions/airflow-venv/lib/python3.10/site-packages/airflow/example_dags/example_trigger_target_dag.py took 0.118 seconds
[2024-07-21T21:16:06.706+0100] {processor.py:157} INFO - Started process (PID=85426) to work on /Users/apoorvasaxena/.pyenv/versions/airflow-venv/lib/python3.10/site-packages/airflow/example_dags/example_trigger_target_dag.py
[2024-07-21T21:16:06.709+0100] {processor.py:829} INFO - Processing file /Users/apoorvasaxena/.pyenv/versions/airflow-venv/lib/python3.10/site-packages/airflow/example_dags/example_trigger_target_dag.py for tasks to queue
[2024-07-21T21:16:06.709+0100] {logging_mixin.py:151} INFO - [2024-07-21T21:16:06.709+0100] {dagbag.py:539} INFO - Filling up the DagBag from /Users/apoorvasaxena/.pyenv/versions/airflow-venv/lib/python3.10/site-packages/airflow/example_dags/example_trigger_target_dag.py
[2024-07-21T21:16:06.731+0100] {processor.py:839} INFO - DAG(s) dict_keys(['example_trigger_target_dag']) retrieved from /Users/apoorvasaxena/.pyenv/versions/airflow-venv/lib/python3.10/site-packages/airflow/example_dags/example_trigger_target_dag.py
[2024-07-21T21:16:06.802+0100] {logging_mixin.py:151} INFO - [2024-07-21T21:16:06.802+0100] {dag.py:2915} INFO - Sync 1 DAGs
[2024-07-21T21:16:06.805+0100] {logging_mixin.py:151} INFO - [2024-07-21T21:16:06.805+0100] {dag.py:3696} INFO - Setting next_dagrun for example_trigger_target_dag to None, run_after=None
[2024-07-21T21:16:06.812+0100] {processor.py:179} INFO - Processing /Users/apoorvasaxena/.pyenv/versions/airflow-venv/lib/python3.10/site-packages/airflow/example_dags/example_trigger_target_dag.py took 0.106 seconds
[2024-07-21T21:17:17.533+0100] {processor.py:157} INFO - Started process (PID=85526) to work on /Users/apoorvasaxena/.pyenv/versions/airflow-venv/lib/python3.10/site-packages/airflow/example_dags/example_trigger_target_dag.py
[2024-07-21T21:17:17.535+0100] {processor.py:829} INFO - Processing file /Users/apoorvasaxena/.pyenv/versions/airflow-venv/lib/python3.10/site-packages/airflow/example_dags/example_trigger_target_dag.py for tasks to queue
[2024-07-21T21:17:17.535+0100] {logging_mixin.py:151} INFO - [2024-07-21T21:17:17.535+0100] {dagbag.py:539} INFO - Filling up the DagBag from /Users/apoorvasaxena/.pyenv/versions/airflow-venv/lib/python3.10/site-packages/airflow/example_dags/example_trigger_target_dag.py
[2024-07-21T21:17:17.558+0100] {processor.py:839} INFO - DAG(s) dict_keys(['example_trigger_target_dag']) retrieved from /Users/apoorvasaxena/.pyenv/versions/airflow-venv/lib/python3.10/site-packages/airflow/example_dags/example_trigger_target_dag.py
[2024-07-21T21:17:17.627+0100] {logging_mixin.py:151} INFO - [2024-07-21T21:17:17.627+0100] {dag.py:2915} INFO - Sync 1 DAGs
[2024-07-21T21:17:17.631+0100] {logging_mixin.py:151} INFO - [2024-07-21T21:17:17.631+0100] {dag.py:3696} INFO - Setting next_dagrun for example_trigger_target_dag to None, run_after=None
[2024-07-21T21:17:17.637+0100] {processor.py:179} INFO - Processing /Users/apoorvasaxena/.pyenv/versions/airflow-venv/lib/python3.10/site-packages/airflow/example_dags/example_trigger_target_dag.py took 0.105 seconds
[2024-07-21T21:18:28.811+0100] {processor.py:157} INFO - Started process (PID=85617) to work on /Users/apoorvasaxena/.pyenv/versions/airflow-venv/lib/python3.10/site-packages/airflow/example_dags/example_trigger_target_dag.py
[2024-07-21T21:18:28.814+0100] {processor.py:829} INFO - Processing file /Users/apoorvasaxena/.pyenv/versions/airflow-venv/lib/python3.10/site-packages/airflow/example_dags/example_trigger_target_dag.py for tasks to queue
[2024-07-21T21:18:28.814+0100] {logging_mixin.py:151} INFO - [2024-07-21T21:18:28.814+0100] {dagbag.py:539} INFO - Filling up the DagBag from /Users/apoorvasaxena/.pyenv/versions/airflow-venv/lib/python3.10/site-packages/airflow/example_dags/example_trigger_target_dag.py
[2024-07-21T21:18:28.836+0100] {processor.py:839} INFO - DAG(s) dict_keys(['example_trigger_target_dag']) retrieved from /Users/apoorvasaxena/.pyenv/versions/airflow-venv/lib/python3.10/site-packages/airflow/example_dags/example_trigger_target_dag.py
[2024-07-21T21:18:28.906+0100] {logging_mixin.py:151} INFO - [2024-07-21T21:18:28.906+0100] {dag.py:2915} INFO - Sync 1 DAGs
[2024-07-21T21:18:28.909+0100] {logging_mixin.py:151} INFO - [2024-07-21T21:18:28.909+0100] {dag.py:3696} INFO - Setting next_dagrun for example_trigger_target_dag to None, run_after=None
[2024-07-21T21:18:28.916+0100] {processor.py:179} INFO - Processing /Users/apoorvasaxena/.pyenv/versions/airflow-venv/lib/python3.10/site-packages/airflow/example_dags/example_trigger_target_dag.py took 0.105 seconds
[2024-07-21T21:19:39.453+0100] {processor.py:157} INFO - Started process (PID=85708) to work on /Users/apoorvasaxena/.pyenv/versions/airflow-venv/lib/python3.10/site-packages/airflow/example_dags/example_trigger_target_dag.py
[2024-07-21T21:19:39.455+0100] {processor.py:829} INFO - Processing file /Users/apoorvasaxena/.pyenv/versions/airflow-venv/lib/python3.10/site-packages/airflow/example_dags/example_trigger_target_dag.py for tasks to queue
[2024-07-21T21:19:39.455+0100] {logging_mixin.py:151} INFO - [2024-07-21T21:19:39.455+0100] {dagbag.py:539} INFO - Filling up the DagBag from /Users/apoorvasaxena/.pyenv/versions/airflow-venv/lib/python3.10/site-packages/airflow/example_dags/example_trigger_target_dag.py
[2024-07-21T21:19:39.477+0100] {processor.py:839} INFO - DAG(s) dict_keys(['example_trigger_target_dag']) retrieved from /Users/apoorvasaxena/.pyenv/versions/airflow-venv/lib/python3.10/site-packages/airflow/example_dags/example_trigger_target_dag.py
[2024-07-21T21:19:39.547+0100] {logging_mixin.py:151} INFO - [2024-07-21T21:19:39.546+0100] {dag.py:2915} INFO - Sync 1 DAGs
[2024-07-21T21:19:39.550+0100] {logging_mixin.py:151} INFO - [2024-07-21T21:19:39.550+0100] {dag.py:3696} INFO - Setting next_dagrun for example_trigger_target_dag to None, run_after=None
[2024-07-21T21:19:39.556+0100] {processor.py:179} INFO - Processing /Users/apoorvasaxena/.pyenv/versions/airflow-venv/lib/python3.10/site-packages/airflow/example_dags/example_trigger_target_dag.py took 0.104 seconds
[2024-07-21T21:20:53.376+0100] {processor.py:157} INFO - Started process (PID=85809) to work on /Users/apoorvasaxena/.pyenv/versions/airflow-venv/lib/python3.10/site-packages/airflow/example_dags/example_trigger_target_dag.py
[2024-07-21T21:20:53.378+0100] {processor.py:829} INFO - Processing file /Users/apoorvasaxena/.pyenv/versions/airflow-venv/lib/python3.10/site-packages/airflow/example_dags/example_trigger_target_dag.py for tasks to queue
[2024-07-21T21:20:53.378+0100] {logging_mixin.py:151} INFO - [2024-07-21T21:20:53.378+0100] {dagbag.py:539} INFO - Filling up the DagBag from /Users/apoorvasaxena/.pyenv/versions/airflow-venv/lib/python3.10/site-packages/airflow/example_dags/example_trigger_target_dag.py
[2024-07-21T21:20:53.400+0100] {processor.py:839} INFO - DAG(s) dict_keys(['example_trigger_target_dag']) retrieved from /Users/apoorvasaxena/.pyenv/versions/airflow-venv/lib/python3.10/site-packages/airflow/example_dags/example_trigger_target_dag.py
[2024-07-21T21:20:53.470+0100] {logging_mixin.py:151} INFO - [2024-07-21T21:20:53.470+0100] {dag.py:2915} INFO - Sync 1 DAGs
[2024-07-21T21:20:53.473+0100] {logging_mixin.py:151} INFO - [2024-07-21T21:20:53.473+0100] {dag.py:3696} INFO - Setting next_dagrun for example_trigger_target_dag to None, run_after=None
[2024-07-21T21:20:53.480+0100] {processor.py:179} INFO - Processing /Users/apoorvasaxena/.pyenv/versions/airflow-venv/lib/python3.10/site-packages/airflow/example_dags/example_trigger_target_dag.py took 0.104 seconds
[2024-07-21T21:22:02.340+0100] {processor.py:157} INFO - Started process (PID=85900) to work on /Users/apoorvasaxena/.pyenv/versions/airflow-venv/lib/python3.10/site-packages/airflow/example_dags/example_trigger_target_dag.py
[2024-07-21T21:22:02.342+0100] {processor.py:829} INFO - Processing file /Users/apoorvasaxena/.pyenv/versions/airflow-venv/lib/python3.10/site-packages/airflow/example_dags/example_trigger_target_dag.py for tasks to queue
[2024-07-21T21:22:02.343+0100] {logging_mixin.py:151} INFO - [2024-07-21T21:22:02.343+0100] {dagbag.py:539} INFO - Filling up the DagBag from /Users/apoorvasaxena/.pyenv/versions/airflow-venv/lib/python3.10/site-packages/airflow/example_dags/example_trigger_target_dag.py
[2024-07-21T21:22:02.365+0100] {processor.py:839} INFO - DAG(s) dict_keys(['example_trigger_target_dag']) retrieved from /Users/apoorvasaxena/.pyenv/versions/airflow-venv/lib/python3.10/site-packages/airflow/example_dags/example_trigger_target_dag.py
[2024-07-21T21:22:02.434+0100] {logging_mixin.py:151} INFO - [2024-07-21T21:22:02.434+0100] {dag.py:2915} INFO - Sync 1 DAGs
[2024-07-21T21:22:02.437+0100] {logging_mixin.py:151} INFO - [2024-07-21T21:22:02.437+0100] {dag.py:3696} INFO - Setting next_dagrun for example_trigger_target_dag to None, run_after=None
[2024-07-21T21:22:02.444+0100] {processor.py:179} INFO - Processing /Users/apoorvasaxena/.pyenv/versions/airflow-venv/lib/python3.10/site-packages/airflow/example_dags/example_trigger_target_dag.py took 0.105 seconds
[2024-07-21T21:23:15.740+0100] {processor.py:157} INFO - Started process (PID=86001) to work on /Users/apoorvasaxena/.pyenv/versions/airflow-venv/lib/python3.10/site-packages/airflow/example_dags/example_trigger_target_dag.py
[2024-07-21T21:23:15.742+0100] {processor.py:829} INFO - Processing file /Users/apoorvasaxena/.pyenv/versions/airflow-venv/lib/python3.10/site-packages/airflow/example_dags/example_trigger_target_dag.py for tasks to queue
[2024-07-21T21:23:15.743+0100] {logging_mixin.py:151} INFO - [2024-07-21T21:23:15.743+0100] {dagbag.py:539} INFO - Filling up the DagBag from /Users/apoorvasaxena/.pyenv/versions/airflow-venv/lib/python3.10/site-packages/airflow/example_dags/example_trigger_target_dag.py
[2024-07-21T21:23:15.765+0100] {processor.py:839} INFO - DAG(s) dict_keys(['example_trigger_target_dag']) retrieved from /Users/apoorvasaxena/.pyenv/versions/airflow-venv/lib/python3.10/site-packages/airflow/example_dags/example_trigger_target_dag.py
[2024-07-21T21:23:15.834+0100] {logging_mixin.py:151} INFO - [2024-07-21T21:23:15.834+0100] {dag.py:2915} INFO - Sync 1 DAGs
[2024-07-21T21:23:15.837+0100] {logging_mixin.py:151} INFO - [2024-07-21T21:23:15.837+0100] {dag.py:3696} INFO - Setting next_dagrun for example_trigger_target_dag to None, run_after=None
[2024-07-21T21:23:15.844+0100] {processor.py:179} INFO - Processing /Users/apoorvasaxena/.pyenv/versions/airflow-venv/lib/python3.10/site-packages/airflow/example_dags/example_trigger_target_dag.py took 0.105 seconds
[2024-07-21T21:24:25.913+0100] {processor.py:157} INFO - Started process (PID=86096) to work on /Users/apoorvasaxena/.pyenv/versions/airflow-venv/lib/python3.10/site-packages/airflow/example_dags/example_trigger_target_dag.py
[2024-07-21T21:24:25.916+0100] {processor.py:829} INFO - Processing file /Users/apoorvasaxena/.pyenv/versions/airflow-venv/lib/python3.10/site-packages/airflow/example_dags/example_trigger_target_dag.py for tasks to queue
[2024-07-21T21:24:25.916+0100] {logging_mixin.py:151} INFO - [2024-07-21T21:24:25.916+0100] {dagbag.py:539} INFO - Filling up the DagBag from /Users/apoorvasaxena/.pyenv/versions/airflow-venv/lib/python3.10/site-packages/airflow/example_dags/example_trigger_target_dag.py
[2024-07-21T21:24:25.938+0100] {processor.py:839} INFO - DAG(s) dict_keys(['example_trigger_target_dag']) retrieved from /Users/apoorvasaxena/.pyenv/versions/airflow-venv/lib/python3.10/site-packages/airflow/example_dags/example_trigger_target_dag.py
[2024-07-21T21:24:26.008+0100] {logging_mixin.py:151} INFO - [2024-07-21T21:24:26.008+0100] {dag.py:2915} INFO - Sync 1 DAGs
[2024-07-21T21:24:26.011+0100] {logging_mixin.py:151} INFO - [2024-07-21T21:24:26.011+0100] {dag.py:3696} INFO - Setting next_dagrun for example_trigger_target_dag to None, run_after=None
[2024-07-21T21:24:26.017+0100] {processor.py:179} INFO - Processing /Users/apoorvasaxena/.pyenv/versions/airflow-venv/lib/python3.10/site-packages/airflow/example_dags/example_trigger_target_dag.py took 0.105 seconds
[2024-07-21T21:25:35.379+0100] {processor.py:157} INFO - Started process (PID=86186) to work on /Users/apoorvasaxena/.pyenv/versions/airflow-venv/lib/python3.10/site-packages/airflow/example_dags/example_trigger_target_dag.py
[2024-07-21T21:25:35.381+0100] {processor.py:829} INFO - Processing file /Users/apoorvasaxena/.pyenv/versions/airflow-venv/lib/python3.10/site-packages/airflow/example_dags/example_trigger_target_dag.py for tasks to queue
[2024-07-21T21:25:35.381+0100] {logging_mixin.py:151} INFO - [2024-07-21T21:25:35.381+0100] {dagbag.py:539} INFO - Filling up the DagBag from /Users/apoorvasaxena/.pyenv/versions/airflow-venv/lib/python3.10/site-packages/airflow/example_dags/example_trigger_target_dag.py
[2024-07-21T21:25:35.403+0100] {processor.py:839} INFO - DAG(s) dict_keys(['example_trigger_target_dag']) retrieved from /Users/apoorvasaxena/.pyenv/versions/airflow-venv/lib/python3.10/site-packages/airflow/example_dags/example_trigger_target_dag.py
[2024-07-21T21:25:35.473+0100] {logging_mixin.py:151} INFO - [2024-07-21T21:25:35.473+0100] {dag.py:2915} INFO - Sync 1 DAGs
[2024-07-21T21:25:35.476+0100] {logging_mixin.py:151} INFO - [2024-07-21T21:25:35.476+0100] {dag.py:3696} INFO - Setting next_dagrun for example_trigger_target_dag to None, run_after=None
[2024-07-21T21:25:35.483+0100] {processor.py:179} INFO - Processing /Users/apoorvasaxena/.pyenv/versions/airflow-venv/lib/python3.10/site-packages/airflow/example_dags/example_trigger_target_dag.py took 0.105 seconds
[2024-07-21T21:26:46.891+0100] {processor.py:157} INFO - Started process (PID=86283) to work on /Users/apoorvasaxena/.pyenv/versions/airflow-venv/lib/python3.10/site-packages/airflow/example_dags/example_trigger_target_dag.py
[2024-07-21T21:26:46.893+0100] {processor.py:829} INFO - Processing file /Users/apoorvasaxena/.pyenv/versions/airflow-venv/lib/python3.10/site-packages/airflow/example_dags/example_trigger_target_dag.py for tasks to queue
[2024-07-21T21:26:46.894+0100] {logging_mixin.py:151} INFO - [2024-07-21T21:26:46.894+0100] {dagbag.py:539} INFO - Filling up the DagBag from /Users/apoorvasaxena/.pyenv/versions/airflow-venv/lib/python3.10/site-packages/airflow/example_dags/example_trigger_target_dag.py
[2024-07-21T21:26:46.916+0100] {processor.py:839} INFO - DAG(s) dict_keys(['example_trigger_target_dag']) retrieved from /Users/apoorvasaxena/.pyenv/versions/airflow-venv/lib/python3.10/site-packages/airflow/example_dags/example_trigger_target_dag.py
[2024-07-21T21:26:46.986+0100] {logging_mixin.py:151} INFO - [2024-07-21T21:26:46.986+0100] {dag.py:2915} INFO - Sync 1 DAGs
[2024-07-21T21:26:46.989+0100] {logging_mixin.py:151} INFO - [2024-07-21T21:26:46.989+0100] {dag.py:3696} INFO - Setting next_dagrun for example_trigger_target_dag to None, run_after=None
[2024-07-21T21:26:46.996+0100] {processor.py:179} INFO - Processing /Users/apoorvasaxena/.pyenv/versions/airflow-venv/lib/python3.10/site-packages/airflow/example_dags/example_trigger_target_dag.py took 0.105 seconds
[2024-07-21T21:27:56.851+0100] {processor.py:157} INFO - Started process (PID=86371) to work on /Users/apoorvasaxena/.pyenv/versions/airflow-venv/lib/python3.10/site-packages/airflow/example_dags/example_trigger_target_dag.py
[2024-07-21T21:27:56.853+0100] {processor.py:829} INFO - Processing file /Users/apoorvasaxena/.pyenv/versions/airflow-venv/lib/python3.10/site-packages/airflow/example_dags/example_trigger_target_dag.py for tasks to queue
[2024-07-21T21:27:56.854+0100] {logging_mixin.py:151} INFO - [2024-07-21T21:27:56.853+0100] {dagbag.py:539} INFO - Filling up the DagBag from /Users/apoorvasaxena/.pyenv/versions/airflow-venv/lib/python3.10/site-packages/airflow/example_dags/example_trigger_target_dag.py
[2024-07-21T21:27:56.876+0100] {processor.py:839} INFO - DAG(s) dict_keys(['example_trigger_target_dag']) retrieved from /Users/apoorvasaxena/.pyenv/versions/airflow-venv/lib/python3.10/site-packages/airflow/example_dags/example_trigger_target_dag.py
[2024-07-21T21:27:56.945+0100] {logging_mixin.py:151} INFO - [2024-07-21T21:27:56.945+0100] {dag.py:2915} INFO - Sync 1 DAGs
[2024-07-21T21:27:56.948+0100] {logging_mixin.py:151} INFO - [2024-07-21T21:27:56.948+0100] {dag.py:3696} INFO - Setting next_dagrun for example_trigger_target_dag to None, run_after=None
[2024-07-21T21:27:56.955+0100] {processor.py:179} INFO - Processing /Users/apoorvasaxena/.pyenv/versions/airflow-venv/lib/python3.10/site-packages/airflow/example_dags/example_trigger_target_dag.py took 0.104 seconds
[2024-07-21T21:29:11.512+0100] {processor.py:157} INFO - Started process (PID=86476) to work on /Users/apoorvasaxena/.pyenv/versions/airflow-venv/lib/python3.10/site-packages/airflow/example_dags/example_trigger_target_dag.py
[2024-07-21T21:29:11.514+0100] {processor.py:829} INFO - Processing file /Users/apoorvasaxena/.pyenv/versions/airflow-venv/lib/python3.10/site-packages/airflow/example_dags/example_trigger_target_dag.py for tasks to queue
[2024-07-21T21:29:11.514+0100] {logging_mixin.py:151} INFO - [2024-07-21T21:29:11.514+0100] {dagbag.py:539} INFO - Filling up the DagBag from /Users/apoorvasaxena/.pyenv/versions/airflow-venv/lib/python3.10/site-packages/airflow/example_dags/example_trigger_target_dag.py
[2024-07-21T21:29:11.536+0100] {processor.py:839} INFO - DAG(s) dict_keys(['example_trigger_target_dag']) retrieved from /Users/apoorvasaxena/.pyenv/versions/airflow-venv/lib/python3.10/site-packages/airflow/example_dags/example_trigger_target_dag.py
[2024-07-21T21:29:11.606+0100] {logging_mixin.py:151} INFO - [2024-07-21T21:29:11.606+0100] {dag.py:2915} INFO - Sync 1 DAGs
[2024-07-21T21:29:11.609+0100] {logging_mixin.py:151} INFO - [2024-07-21T21:29:11.609+0100] {dag.py:3696} INFO - Setting next_dagrun for example_trigger_target_dag to None, run_after=None
[2024-07-21T21:29:11.616+0100] {processor.py:179} INFO - Processing /Users/apoorvasaxena/.pyenv/versions/airflow-venv/lib/python3.10/site-packages/airflow/example_dags/example_trigger_target_dag.py took 0.105 seconds
[2024-07-21T21:30:21.811+0100] {processor.py:157} INFO - Started process (PID=86565) to work on /Users/apoorvasaxena/.pyenv/versions/airflow-venv/lib/python3.10/site-packages/airflow/example_dags/example_trigger_target_dag.py
[2024-07-21T21:30:21.813+0100] {processor.py:829} INFO - Processing file /Users/apoorvasaxena/.pyenv/versions/airflow-venv/lib/python3.10/site-packages/airflow/example_dags/example_trigger_target_dag.py for tasks to queue
[2024-07-21T21:30:21.814+0100] {logging_mixin.py:151} INFO - [2024-07-21T21:30:21.814+0100] {dagbag.py:539} INFO - Filling up the DagBag from /Users/apoorvasaxena/.pyenv/versions/airflow-venv/lib/python3.10/site-packages/airflow/example_dags/example_trigger_target_dag.py
[2024-07-21T21:30:21.837+0100] {processor.py:839} INFO - DAG(s) dict_keys(['example_trigger_target_dag']) retrieved from /Users/apoorvasaxena/.pyenv/versions/airflow-venv/lib/python3.10/site-packages/airflow/example_dags/example_trigger_target_dag.py
[2024-07-21T21:30:21.907+0100] {logging_mixin.py:151} INFO - [2024-07-21T21:30:21.907+0100] {dag.py:2915} INFO - Sync 1 DAGs
[2024-07-21T21:30:21.911+0100] {logging_mixin.py:151} INFO - [2024-07-21T21:30:21.911+0100] {dag.py:3696} INFO - Setting next_dagrun for example_trigger_target_dag to None, run_after=None
[2024-07-21T21:30:21.917+0100] {processor.py:179} INFO - Processing /Users/apoorvasaxena/.pyenv/versions/airflow-venv/lib/python3.10/site-packages/airflow/example_dags/example_trigger_target_dag.py took 0.107 seconds
[2024-07-21T21:31:33.115+0100] {processor.py:157} INFO - Started process (PID=86655) to work on /Users/apoorvasaxena/.pyenv/versions/airflow-venv/lib/python3.10/site-packages/airflow/example_dags/example_trigger_target_dag.py
[2024-07-21T21:31:33.117+0100] {processor.py:829} INFO - Processing file /Users/apoorvasaxena/.pyenv/versions/airflow-venv/lib/python3.10/site-packages/airflow/example_dags/example_trigger_target_dag.py for tasks to queue
[2024-07-21T21:31:33.117+0100] {logging_mixin.py:151} INFO - [2024-07-21T21:31:33.117+0100] {dagbag.py:539} INFO - Filling up the DagBag from /Users/apoorvasaxena/.pyenv/versions/airflow-venv/lib/python3.10/site-packages/airflow/example_dags/example_trigger_target_dag.py
[2024-07-21T21:31:33.139+0100] {processor.py:839} INFO - DAG(s) dict_keys(['example_trigger_target_dag']) retrieved from /Users/apoorvasaxena/.pyenv/versions/airflow-venv/lib/python3.10/site-packages/airflow/example_dags/example_trigger_target_dag.py
[2024-07-21T21:31:33.209+0100] {logging_mixin.py:151} INFO - [2024-07-21T21:31:33.209+0100] {dag.py:2915} INFO - Sync 1 DAGs
[2024-07-21T21:31:33.212+0100] {logging_mixin.py:151} INFO - [2024-07-21T21:31:33.212+0100] {dag.py:3696} INFO - Setting next_dagrun for example_trigger_target_dag to None, run_after=None
[2024-07-21T21:31:33.219+0100] {processor.py:179} INFO - Processing /Users/apoorvasaxena/.pyenv/versions/airflow-venv/lib/python3.10/site-packages/airflow/example_dags/example_trigger_target_dag.py took 0.105 seconds
[2024-07-21T21:32:49.221+0100] {processor.py:157} INFO - Started process (PID=86780) to work on /Users/apoorvasaxena/.pyenv/versions/airflow-venv/lib/python3.10/site-packages/airflow/example_dags/example_trigger_target_dag.py
[2024-07-21T21:32:49.224+0100] {processor.py:829} INFO - Processing file /Users/apoorvasaxena/.pyenv/versions/airflow-venv/lib/python3.10/site-packages/airflow/example_dags/example_trigger_target_dag.py for tasks to queue
[2024-07-21T21:32:49.224+0100] {logging_mixin.py:151} INFO - [2024-07-21T21:32:49.224+0100] {dagbag.py:539} INFO - Filling up the DagBag from /Users/apoorvasaxena/.pyenv/versions/airflow-venv/lib/python3.10/site-packages/airflow/example_dags/example_trigger_target_dag.py
[2024-07-21T21:32:49.247+0100] {processor.py:839} INFO - DAG(s) dict_keys(['example_trigger_target_dag']) retrieved from /Users/apoorvasaxena/.pyenv/versions/airflow-venv/lib/python3.10/site-packages/airflow/example_dags/example_trigger_target_dag.py
[2024-07-21T21:32:49.317+0100] {logging_mixin.py:151} INFO - [2024-07-21T21:32:49.317+0100] {dag.py:2915} INFO - Sync 1 DAGs
[2024-07-21T21:32:49.321+0100] {logging_mixin.py:151} INFO - [2024-07-21T21:32:49.321+0100] {dag.py:3696} INFO - Setting next_dagrun for example_trigger_target_dag to None, run_after=None
[2024-07-21T21:32:49.328+0100] {processor.py:179} INFO - Processing /Users/apoorvasaxena/.pyenv/versions/airflow-venv/lib/python3.10/site-packages/airflow/example_dags/example_trigger_target_dag.py took 0.107 seconds
[2024-07-21T21:34:02.103+0100] {processor.py:157} INFO - Started process (PID=86866) to work on /Users/apoorvasaxena/.pyenv/versions/airflow-venv/lib/python3.10/site-packages/airflow/example_dags/example_trigger_target_dag.py
[2024-07-21T21:34:02.106+0100] {processor.py:829} INFO - Processing file /Users/apoorvasaxena/.pyenv/versions/airflow-venv/lib/python3.10/site-packages/airflow/example_dags/example_trigger_target_dag.py for tasks to queue
[2024-07-21T21:34:02.106+0100] {logging_mixin.py:151} INFO - [2024-07-21T21:34:02.106+0100] {dagbag.py:539} INFO - Filling up the DagBag from /Users/apoorvasaxena/.pyenv/versions/airflow-venv/lib/python3.10/site-packages/airflow/example_dags/example_trigger_target_dag.py
[2024-07-21T21:34:02.129+0100] {processor.py:839} INFO - DAG(s) dict_keys(['example_trigger_target_dag']) retrieved from /Users/apoorvasaxena/.pyenv/versions/airflow-venv/lib/python3.10/site-packages/airflow/example_dags/example_trigger_target_dag.py
[2024-07-21T21:34:02.200+0100] {logging_mixin.py:151} INFO - [2024-07-21T21:34:02.200+0100] {dag.py:2915} INFO - Sync 1 DAGs
[2024-07-21T21:34:02.203+0100] {logging_mixin.py:151} INFO - [2024-07-21T21:34:02.203+0100] {dag.py:3696} INFO - Setting next_dagrun for example_trigger_target_dag to None, run_after=None
[2024-07-21T21:34:02.210+0100] {processor.py:179} INFO - Processing /Users/apoorvasaxena/.pyenv/versions/airflow-venv/lib/python3.10/site-packages/airflow/example_dags/example_trigger_target_dag.py took 0.108 seconds
[2024-07-21T21:35:15.821+0100] {processor.py:157} INFO - Started process (PID=86954) to work on /Users/apoorvasaxena/.pyenv/versions/airflow-venv/lib/python3.10/site-packages/airflow/example_dags/example_trigger_target_dag.py
[2024-07-21T21:35:15.825+0100] {processor.py:829} INFO - Processing file /Users/apoorvasaxena/.pyenv/versions/airflow-venv/lib/python3.10/site-packages/airflow/example_dags/example_trigger_target_dag.py for tasks to queue
[2024-07-21T21:35:15.826+0100] {logging_mixin.py:151} INFO - [2024-07-21T21:35:15.826+0100] {dagbag.py:539} INFO - Filling up the DagBag from /Users/apoorvasaxena/.pyenv/versions/airflow-venv/lib/python3.10/site-packages/airflow/example_dags/example_trigger_target_dag.py
[2024-07-21T21:35:15.849+0100] {processor.py:839} INFO - DAG(s) dict_keys(['example_trigger_target_dag']) retrieved from /Users/apoorvasaxena/.pyenv/versions/airflow-venv/lib/python3.10/site-packages/airflow/example_dags/example_trigger_target_dag.py
[2024-07-21T21:35:15.930+0100] {logging_mixin.py:151} INFO - [2024-07-21T21:35:15.930+0100] {dag.py:2915} INFO - Sync 1 DAGs
[2024-07-21T21:35:15.934+0100] {logging_mixin.py:151} INFO - [2024-07-21T21:35:15.934+0100] {dag.py:3696} INFO - Setting next_dagrun for example_trigger_target_dag to None, run_after=None
[2024-07-21T21:35:15.941+0100] {processor.py:179} INFO - Processing /Users/apoorvasaxena/.pyenv/versions/airflow-venv/lib/python3.10/site-packages/airflow/example_dags/example_trigger_target_dag.py took 0.121 seconds
[2024-07-21T21:36:24.867+0100] {processor.py:157} INFO - Started process (PID=87039) to work on /Users/apoorvasaxena/.pyenv/versions/airflow-venv/lib/python3.10/site-packages/airflow/example_dags/example_trigger_target_dag.py
[2024-07-21T21:36:24.869+0100] {processor.py:829} INFO - Processing file /Users/apoorvasaxena/.pyenv/versions/airflow-venv/lib/python3.10/site-packages/airflow/example_dags/example_trigger_target_dag.py for tasks to queue
[2024-07-21T21:36:24.870+0100] {logging_mixin.py:151} INFO - [2024-07-21T21:36:24.869+0100] {dagbag.py:539} INFO - Filling up the DagBag from /Users/apoorvasaxena/.pyenv/versions/airflow-venv/lib/python3.10/site-packages/airflow/example_dags/example_trigger_target_dag.py
[2024-07-21T21:36:24.892+0100] {processor.py:839} INFO - DAG(s) dict_keys(['example_trigger_target_dag']) retrieved from /Users/apoorvasaxena/.pyenv/versions/airflow-venv/lib/python3.10/site-packages/airflow/example_dags/example_trigger_target_dag.py
[2024-07-21T21:36:24.963+0100] {logging_mixin.py:151} INFO - [2024-07-21T21:36:24.963+0100] {dag.py:2915} INFO - Sync 1 DAGs
[2024-07-21T21:36:24.966+0100] {logging_mixin.py:151} INFO - [2024-07-21T21:36:24.966+0100] {dag.py:3696} INFO - Setting next_dagrun for example_trigger_target_dag to None, run_after=None
[2024-07-21T21:36:24.973+0100] {processor.py:179} INFO - Processing /Users/apoorvasaxena/.pyenv/versions/airflow-venv/lib/python3.10/site-packages/airflow/example_dags/example_trigger_target_dag.py took 0.106 seconds
[2024-07-21T21:37:37.724+0100] {processor.py:157} INFO - Started process (PID=87125) to work on /Users/apoorvasaxena/.pyenv/versions/airflow-venv/lib/python3.10/site-packages/airflow/example_dags/example_trigger_target_dag.py
[2024-07-21T21:37:37.726+0100] {processor.py:829} INFO - Processing file /Users/apoorvasaxena/.pyenv/versions/airflow-venv/lib/python3.10/site-packages/airflow/example_dags/example_trigger_target_dag.py for tasks to queue
[2024-07-21T21:37:37.726+0100] {logging_mixin.py:151} INFO - [2024-07-21T21:37:37.726+0100] {dagbag.py:539} INFO - Filling up the DagBag from /Users/apoorvasaxena/.pyenv/versions/airflow-venv/lib/python3.10/site-packages/airflow/example_dags/example_trigger_target_dag.py
[2024-07-21T21:37:37.748+0100] {processor.py:839} INFO - DAG(s) dict_keys(['example_trigger_target_dag']) retrieved from /Users/apoorvasaxena/.pyenv/versions/airflow-venv/lib/python3.10/site-packages/airflow/example_dags/example_trigger_target_dag.py
[2024-07-21T21:37:37.819+0100] {logging_mixin.py:151} INFO - [2024-07-21T21:37:37.819+0100] {dag.py:2915} INFO - Sync 1 DAGs
[2024-07-21T21:37:37.823+0100] {logging_mixin.py:151} INFO - [2024-07-21T21:37:37.823+0100] {dag.py:3696} INFO - Setting next_dagrun for example_trigger_target_dag to None, run_after=None
[2024-07-21T21:37:37.830+0100] {processor.py:179} INFO - Processing /Users/apoorvasaxena/.pyenv/versions/airflow-venv/lib/python3.10/site-packages/airflow/example_dags/example_trigger_target_dag.py took 0.107 seconds
