[2024-07-21T20:49:49.091+0100] {processor.py:157} INFO - Started process (PID=82508) to work on /Users/apoorvasaxena/.pyenv/versions/airflow-venv/lib/python3.10/site-packages/airflow/example_dags/example_skip_dag.py
[2024-07-21T20:49:49.094+0100] {processor.py:829} INFO - Processing file /Users/apoorvasaxena/.pyenv/versions/airflow-venv/lib/python3.10/site-packages/airflow/example_dags/example_skip_dag.py for tasks to queue
[2024-07-21T20:49:49.094+0100] {logging_mixin.py:151} INFO - [2024-07-21T20:49:49.094+0100] {dagbag.py:539} INFO - Filling up the DagBag from /Users/apoorvasaxena/.pyenv/versions/airflow-venv/lib/python3.10/site-packages/airflow/example_dags/example_skip_dag.py
[2024-07-21T20:49:49.106+0100] {processor.py:839} INFO - DAG(s) dict_keys(['example_skip_dag']) retrieved from /Users/apoorvasaxena/.pyenv/versions/airflow-venv/lib/python3.10/site-packages/airflow/example_dags/example_skip_dag.py
[2024-07-21T20:49:49.127+0100] {logging_mixin.py:151} INFO - [2024-07-21T20:49:49.127+0100] {dag.py:2915} INFO - Sync 1 DAGs
[2024-07-21T20:49:49.162+0100] {logging_mixin.py:151} INFO - [2024-07-21T20:49:49.162+0100] {dag.py:3696} INFO - Setting next_dagrun for example_skip_dag to 2024-07-20T19:49:49.162587+00:00, run_after=2024-07-21T19:49:49.162587+00:00
[2024-07-21T20:49:49.169+0100] {processor.py:179} INFO - Processing /Users/apoorvasaxena/.pyenv/versions/airflow-venv/lib/python3.10/site-packages/airflow/example_dags/example_skip_dag.py took 0.078 seconds
[2024-07-21T20:50:56.725+0100] {processor.py:157} INFO - Started process (PID=82631) to work on /Users/apoorvasaxena/.pyenv/versions/airflow-venv/lib/python3.10/site-packages/airflow/example_dags/example_skip_dag.py
[2024-07-21T20:50:56.728+0100] {processor.py:829} INFO - Processing file /Users/apoorvasaxena/.pyenv/versions/airflow-venv/lib/python3.10/site-packages/airflow/example_dags/example_skip_dag.py for tasks to queue
[2024-07-21T20:50:56.728+0100] {logging_mixin.py:151} INFO - [2024-07-21T20:50:56.728+0100] {dagbag.py:539} INFO - Filling up the DagBag from /Users/apoorvasaxena/.pyenv/versions/airflow-venv/lib/python3.10/site-packages/airflow/example_dags/example_skip_dag.py
[2024-07-21T20:50:56.740+0100] {processor.py:839} INFO - DAG(s) dict_keys(['example_skip_dag']) retrieved from /Users/apoorvasaxena/.pyenv/versions/airflow-venv/lib/python3.10/site-packages/airflow/example_dags/example_skip_dag.py
[2024-07-21T20:50:56.813+0100] {logging_mixin.py:151} INFO - [2024-07-21T20:50:56.813+0100] {dag.py:2915} INFO - Sync 1 DAGs
[2024-07-21T20:50:56.820+0100] {logging_mixin.py:151} INFO - [2024-07-21T20:50:56.820+0100] {dag.py:3696} INFO - Setting next_dagrun for example_skip_dag to 2024-07-20T19:50:56.820051+00:00, run_after=2024-07-21T19:50:56.820051+00:00
[2024-07-21T20:50:56.826+0100] {processor.py:179} INFO - Processing /Users/apoorvasaxena/.pyenv/versions/airflow-venv/lib/python3.10/site-packages/airflow/example_dags/example_skip_dag.py took 0.101 seconds
[2024-07-21T20:52:09.851+0100] {processor.py:157} INFO - Started process (PID=82859) to work on /Users/apoorvasaxena/.pyenv/versions/airflow-venv/lib/python3.10/site-packages/airflow/example_dags/example_skip_dag.py
[2024-07-21T20:52:09.854+0100] {processor.py:829} INFO - Processing file /Users/apoorvasaxena/.pyenv/versions/airflow-venv/lib/python3.10/site-packages/airflow/example_dags/example_skip_dag.py for tasks to queue
[2024-07-21T20:52:09.854+0100] {logging_mixin.py:151} INFO - [2024-07-21T20:52:09.854+0100] {dagbag.py:539} INFO - Filling up the DagBag from /Users/apoorvasaxena/.pyenv/versions/airflow-venv/lib/python3.10/site-packages/airflow/example_dags/example_skip_dag.py
[2024-07-21T20:52:09.866+0100] {processor.py:839} INFO - DAG(s) dict_keys(['example_skip_dag']) retrieved from /Users/apoorvasaxena/.pyenv/versions/airflow-venv/lib/python3.10/site-packages/airflow/example_dags/example_skip_dag.py
[2024-07-21T20:52:09.938+0100] {logging_mixin.py:151} INFO - [2024-07-21T20:52:09.938+0100] {dag.py:2915} INFO - Sync 1 DAGs
[2024-07-21T20:52:09.944+0100] {logging_mixin.py:151} INFO - [2024-07-21T20:52:09.944+0100] {dag.py:3696} INFO - Setting next_dagrun for example_skip_dag to 2024-07-20T19:52:09.944679+00:00, run_after=2024-07-21T19:52:09.944679+00:00
[2024-07-21T20:52:09.951+0100] {processor.py:179} INFO - Processing /Users/apoorvasaxena/.pyenv/versions/airflow-venv/lib/python3.10/site-packages/airflow/example_dags/example_skip_dag.py took 0.100 seconds
[2024-07-21T20:53:20.825+0100] {processor.py:157} INFO - Started process (PID=83668) to work on /Users/apoorvasaxena/.pyenv/versions/airflow-venv/lib/python3.10/site-packages/airflow/example_dags/example_skip_dag.py
[2024-07-21T20:53:20.828+0100] {processor.py:829} INFO - Processing file /Users/apoorvasaxena/.pyenv/versions/airflow-venv/lib/python3.10/site-packages/airflow/example_dags/example_skip_dag.py for tasks to queue
[2024-07-21T20:53:20.828+0100] {logging_mixin.py:151} INFO - [2024-07-21T20:53:20.828+0100] {dagbag.py:539} INFO - Filling up the DagBag from /Users/apoorvasaxena/.pyenv/versions/airflow-venv/lib/python3.10/site-packages/airflow/example_dags/example_skip_dag.py
[2024-07-21T20:53:20.840+0100] {processor.py:839} INFO - DAG(s) dict_keys(['example_skip_dag']) retrieved from /Users/apoorvasaxena/.pyenv/versions/airflow-venv/lib/python3.10/site-packages/airflow/example_dags/example_skip_dag.py
[2024-07-21T20:53:20.915+0100] {logging_mixin.py:151} INFO - [2024-07-21T20:53:20.915+0100] {dag.py:2915} INFO - Sync 1 DAGs
[2024-07-21T20:53:20.921+0100] {logging_mixin.py:151} INFO - [2024-07-21T20:53:20.921+0100] {dag.py:3696} INFO - Setting next_dagrun for example_skip_dag to 2024-07-20T19:53:20.921829+00:00, run_after=2024-07-21T19:53:20.921829+00:00
[2024-07-21T20:53:20.928+0100] {processor.py:179} INFO - Processing /Users/apoorvasaxena/.pyenv/versions/airflow-venv/lib/python3.10/site-packages/airflow/example_dags/example_skip_dag.py took 0.103 seconds
[2024-07-21T20:54:38.068+0100] {processor.py:157} INFO - Started process (PID=83773) to work on /Users/apoorvasaxena/.pyenv/versions/airflow-venv/lib/python3.10/site-packages/airflow/example_dags/example_skip_dag.py
[2024-07-21T20:54:38.071+0100] {processor.py:829} INFO - Processing file /Users/apoorvasaxena/.pyenv/versions/airflow-venv/lib/python3.10/site-packages/airflow/example_dags/example_skip_dag.py for tasks to queue
[2024-07-21T20:54:38.071+0100] {logging_mixin.py:151} INFO - [2024-07-21T20:54:38.071+0100] {dagbag.py:539} INFO - Filling up the DagBag from /Users/apoorvasaxena/.pyenv/versions/airflow-venv/lib/python3.10/site-packages/airflow/example_dags/example_skip_dag.py
[2024-07-21T20:54:38.084+0100] {processor.py:839} INFO - DAG(s) dict_keys(['example_skip_dag']) retrieved from /Users/apoorvasaxena/.pyenv/versions/airflow-venv/lib/python3.10/site-packages/airflow/example_dags/example_skip_dag.py
[2024-07-21T20:54:38.161+0100] {logging_mixin.py:151} INFO - [2024-07-21T20:54:38.161+0100] {dag.py:2915} INFO - Sync 1 DAGs
[2024-07-21T20:54:38.168+0100] {logging_mixin.py:151} INFO - [2024-07-21T20:54:38.168+0100] {dag.py:3696} INFO - Setting next_dagrun for example_skip_dag to 2024-07-20T19:54:38.168393+00:00, run_after=2024-07-21T19:54:38.168393+00:00
[2024-07-21T20:54:38.175+0100] {processor.py:179} INFO - Processing /Users/apoorvasaxena/.pyenv/versions/airflow-venv/lib/python3.10/site-packages/airflow/example_dags/example_skip_dag.py took 0.107 seconds
[2024-07-21T20:55:52.286+0100] {processor.py:157} INFO - Started process (PID=83879) to work on /Users/apoorvasaxena/.pyenv/versions/airflow-venv/lib/python3.10/site-packages/airflow/example_dags/example_skip_dag.py
[2024-07-21T20:55:52.289+0100] {processor.py:829} INFO - Processing file /Users/apoorvasaxena/.pyenv/versions/airflow-venv/lib/python3.10/site-packages/airflow/example_dags/example_skip_dag.py for tasks to queue
[2024-07-21T20:55:52.289+0100] {logging_mixin.py:151} INFO - [2024-07-21T20:55:52.289+0100] {dagbag.py:539} INFO - Filling up the DagBag from /Users/apoorvasaxena/.pyenv/versions/airflow-venv/lib/python3.10/site-packages/airflow/example_dags/example_skip_dag.py
[2024-07-21T20:55:52.301+0100] {processor.py:839} INFO - DAG(s) dict_keys(['example_skip_dag']) retrieved from /Users/apoorvasaxena/.pyenv/versions/airflow-venv/lib/python3.10/site-packages/airflow/example_dags/example_skip_dag.py
[2024-07-21T20:55:52.375+0100] {logging_mixin.py:151} INFO - [2024-07-21T20:55:52.375+0100] {dag.py:2915} INFO - Sync 1 DAGs
[2024-07-21T20:55:52.381+0100] {logging_mixin.py:151} INFO - [2024-07-21T20:55:52.381+0100] {dag.py:3696} INFO - Setting next_dagrun for example_skip_dag to 2024-07-20T19:55:52.381257+00:00, run_after=2024-07-21T19:55:52.381257+00:00
[2024-07-21T20:55:52.387+0100] {processor.py:179} INFO - Processing /Users/apoorvasaxena/.pyenv/versions/airflow-venv/lib/python3.10/site-packages/airflow/example_dags/example_skip_dag.py took 0.102 seconds
[2024-07-21T20:57:05.706+0100] {processor.py:157} INFO - Started process (PID=83960) to work on /Users/apoorvasaxena/.pyenv/versions/airflow-venv/lib/python3.10/site-packages/airflow/example_dags/example_skip_dag.py
[2024-07-21T20:57:05.708+0100] {processor.py:829} INFO - Processing file /Users/apoorvasaxena/.pyenv/versions/airflow-venv/lib/python3.10/site-packages/airflow/example_dags/example_skip_dag.py for tasks to queue
[2024-07-21T20:57:05.708+0100] {logging_mixin.py:151} INFO - [2024-07-21T20:57:05.708+0100] {dagbag.py:539} INFO - Filling up the DagBag from /Users/apoorvasaxena/.pyenv/versions/airflow-venv/lib/python3.10/site-packages/airflow/example_dags/example_skip_dag.py
[2024-07-21T20:57:05.724+0100] {processor.py:839} INFO - DAG(s) dict_keys(['example_skip_dag']) retrieved from /Users/apoorvasaxena/.pyenv/versions/airflow-venv/lib/python3.10/site-packages/airflow/example_dags/example_skip_dag.py
[2024-07-21T20:57:05.827+0100] {logging_mixin.py:151} INFO - [2024-07-21T20:57:05.827+0100] {dag.py:2915} INFO - Sync 1 DAGs
[2024-07-21T20:57:05.834+0100] {logging_mixin.py:151} INFO - [2024-07-21T20:57:05.834+0100] {dag.py:3696} INFO - Setting next_dagrun for example_skip_dag to 2024-07-20T19:57:05.834219+00:00, run_after=2024-07-21T19:57:05.834219+00:00
[2024-07-21T20:57:05.840+0100] {processor.py:179} INFO - Processing /Users/apoorvasaxena/.pyenv/versions/airflow-venv/lib/python3.10/site-packages/airflow/example_dags/example_skip_dag.py took 0.135 seconds
[2024-07-21T20:58:14.988+0100] {processor.py:157} INFO - Started process (PID=84060) to work on /Users/apoorvasaxena/.pyenv/versions/airflow-venv/lib/python3.10/site-packages/airflow/example_dags/example_skip_dag.py
[2024-07-21T20:58:14.990+0100] {processor.py:829} INFO - Processing file /Users/apoorvasaxena/.pyenv/versions/airflow-venv/lib/python3.10/site-packages/airflow/example_dags/example_skip_dag.py for tasks to queue
[2024-07-21T20:58:14.990+0100] {logging_mixin.py:151} INFO - [2024-07-21T20:58:14.990+0100] {dagbag.py:539} INFO - Filling up the DagBag from /Users/apoorvasaxena/.pyenv/versions/airflow-venv/lib/python3.10/site-packages/airflow/example_dags/example_skip_dag.py
[2024-07-21T20:58:15.002+0100] {processor.py:839} INFO - DAG(s) dict_keys(['example_skip_dag']) retrieved from /Users/apoorvasaxena/.pyenv/versions/airflow-venv/lib/python3.10/site-packages/airflow/example_dags/example_skip_dag.py
[2024-07-21T20:58:15.075+0100] {logging_mixin.py:151} INFO - [2024-07-21T20:58:15.075+0100] {dag.py:2915} INFO - Sync 1 DAGs
[2024-07-21T20:58:15.082+0100] {logging_mixin.py:151} INFO - [2024-07-21T20:58:15.082+0100] {dag.py:3696} INFO - Setting next_dagrun for example_skip_dag to 2024-07-20T19:58:15.081967+00:00, run_after=2024-07-21T19:58:15.081967+00:00
[2024-07-21T20:58:15.088+0100] {processor.py:179} INFO - Processing /Users/apoorvasaxena/.pyenv/versions/airflow-venv/lib/python3.10/site-packages/airflow/example_dags/example_skip_dag.py took 0.100 seconds
[2024-07-21T20:59:26.797+0100] {processor.py:157} INFO - Started process (PID=84136) to work on /Users/apoorvasaxena/.pyenv/versions/airflow-venv/lib/python3.10/site-packages/airflow/example_dags/example_skip_dag.py
[2024-07-21T20:59:26.799+0100] {processor.py:829} INFO - Processing file /Users/apoorvasaxena/.pyenv/versions/airflow-venv/lib/python3.10/site-packages/airflow/example_dags/example_skip_dag.py for tasks to queue
[2024-07-21T20:59:26.800+0100] {logging_mixin.py:151} INFO - [2024-07-21T20:59:26.800+0100] {dagbag.py:539} INFO - Filling up the DagBag from /Users/apoorvasaxena/.pyenv/versions/airflow-venv/lib/python3.10/site-packages/airflow/example_dags/example_skip_dag.py
[2024-07-21T20:59:26.811+0100] {processor.py:839} INFO - DAG(s) dict_keys(['example_skip_dag']) retrieved from /Users/apoorvasaxena/.pyenv/versions/airflow-venv/lib/python3.10/site-packages/airflow/example_dags/example_skip_dag.py
[2024-07-21T20:59:26.885+0100] {logging_mixin.py:151} INFO - [2024-07-21T20:59:26.885+0100] {dag.py:2915} INFO - Sync 1 DAGs
[2024-07-21T20:59:26.892+0100] {logging_mixin.py:151} INFO - [2024-07-21T20:59:26.892+0100] {dag.py:3696} INFO - Setting next_dagrun for example_skip_dag to 2024-07-20T19:59:26.892138+00:00, run_after=2024-07-21T19:59:26.892138+00:00
[2024-07-21T20:59:26.898+0100] {processor.py:179} INFO - Processing /Users/apoorvasaxena/.pyenv/versions/airflow-venv/lib/python3.10/site-packages/airflow/example_dags/example_skip_dag.py took 0.101 seconds
[2024-07-21T21:00:38.383+0100] {processor.py:157} INFO - Started process (PID=84220) to work on /Users/apoorvasaxena/.pyenv/versions/airflow-venv/lib/python3.10/site-packages/airflow/example_dags/example_skip_dag.py
[2024-07-21T21:00:38.385+0100] {processor.py:829} INFO - Processing file /Users/apoorvasaxena/.pyenv/versions/airflow-venv/lib/python3.10/site-packages/airflow/example_dags/example_skip_dag.py for tasks to queue
[2024-07-21T21:00:38.385+0100] {logging_mixin.py:151} INFO - [2024-07-21T21:00:38.385+0100] {dagbag.py:539} INFO - Filling up the DagBag from /Users/apoorvasaxena/.pyenv/versions/airflow-venv/lib/python3.10/site-packages/airflow/example_dags/example_skip_dag.py
[2024-07-21T21:00:38.397+0100] {processor.py:839} INFO - DAG(s) dict_keys(['example_skip_dag']) retrieved from /Users/apoorvasaxena/.pyenv/versions/airflow-venv/lib/python3.10/site-packages/airflow/example_dags/example_skip_dag.py
[2024-07-21T21:00:38.475+0100] {logging_mixin.py:151} INFO - [2024-07-21T21:00:38.475+0100] {dag.py:2915} INFO - Sync 1 DAGs
[2024-07-21T21:00:38.483+0100] {logging_mixin.py:151} INFO - [2024-07-21T21:00:38.483+0100] {dag.py:3696} INFO - Setting next_dagrun for example_skip_dag to 2024-07-20T20:00:38.483013+00:00, run_after=2024-07-21T20:00:38.483013+00:00
[2024-07-21T21:00:38.489+0100] {processor.py:179} INFO - Processing /Users/apoorvasaxena/.pyenv/versions/airflow-venv/lib/python3.10/site-packages/airflow/example_dags/example_skip_dag.py took 0.107 seconds
[2024-07-21T21:01:51.399+0100] {processor.py:157} INFO - Started process (PID=84305) to work on /Users/apoorvasaxena/.pyenv/versions/airflow-venv/lib/python3.10/site-packages/airflow/example_dags/example_skip_dag.py
[2024-07-21T21:01:51.401+0100] {processor.py:829} INFO - Processing file /Users/apoorvasaxena/.pyenv/versions/airflow-venv/lib/python3.10/site-packages/airflow/example_dags/example_skip_dag.py for tasks to queue
[2024-07-21T21:01:51.401+0100] {logging_mixin.py:151} INFO - [2024-07-21T21:01:51.401+0100] {dagbag.py:539} INFO - Filling up the DagBag from /Users/apoorvasaxena/.pyenv/versions/airflow-venv/lib/python3.10/site-packages/airflow/example_dags/example_skip_dag.py
[2024-07-21T21:01:51.413+0100] {processor.py:839} INFO - DAG(s) dict_keys(['example_skip_dag']) retrieved from /Users/apoorvasaxena/.pyenv/versions/airflow-venv/lib/python3.10/site-packages/airflow/example_dags/example_skip_dag.py
[2024-07-21T21:01:51.486+0100] {logging_mixin.py:151} INFO - [2024-07-21T21:01:51.486+0100] {dag.py:2915} INFO - Sync 1 DAGs
[2024-07-21T21:01:51.492+0100] {logging_mixin.py:151} INFO - [2024-07-21T21:01:51.492+0100] {dag.py:3696} INFO - Setting next_dagrun for example_skip_dag to 2024-07-20T20:01:51.492745+00:00, run_after=2024-07-21T20:01:51.492745+00:00
[2024-07-21T21:01:51.499+0100] {processor.py:179} INFO - Processing /Users/apoorvasaxena/.pyenv/versions/airflow-venv/lib/python3.10/site-packages/airflow/example_dags/example_skip_dag.py took 0.100 seconds
[2024-07-21T21:03:07.112+0100] {processor.py:157} INFO - Started process (PID=84396) to work on /Users/apoorvasaxena/.pyenv/versions/airflow-venv/lib/python3.10/site-packages/airflow/example_dags/example_skip_dag.py
[2024-07-21T21:03:07.115+0100] {processor.py:829} INFO - Processing file /Users/apoorvasaxena/.pyenv/versions/airflow-venv/lib/python3.10/site-packages/airflow/example_dags/example_skip_dag.py for tasks to queue
[2024-07-21T21:03:07.115+0100] {logging_mixin.py:151} INFO - [2024-07-21T21:03:07.115+0100] {dagbag.py:539} INFO - Filling up the DagBag from /Users/apoorvasaxena/.pyenv/versions/airflow-venv/lib/python3.10/site-packages/airflow/example_dags/example_skip_dag.py
[2024-07-21T21:03:07.127+0100] {processor.py:839} INFO - DAG(s) dict_keys(['example_skip_dag']) retrieved from /Users/apoorvasaxena/.pyenv/versions/airflow-venv/lib/python3.10/site-packages/airflow/example_dags/example_skip_dag.py
[2024-07-21T21:03:07.200+0100] {logging_mixin.py:151} INFO - [2024-07-21T21:03:07.200+0100] {dag.py:2915} INFO - Sync 1 DAGs
[2024-07-21T21:03:07.206+0100] {logging_mixin.py:151} INFO - [2024-07-21T21:03:07.206+0100] {dag.py:3696} INFO - Setting next_dagrun for example_skip_dag to 2024-07-20T20:03:07.206684+00:00, run_after=2024-07-21T20:03:07.206684+00:00
[2024-07-21T21:03:07.213+0100] {processor.py:179} INFO - Processing /Users/apoorvasaxena/.pyenv/versions/airflow-venv/lib/python3.10/site-packages/airflow/example_dags/example_skip_dag.py took 0.101 seconds
[2024-07-21T21:04:21.348+0100] {processor.py:157} INFO - Started process (PID=84504) to work on /Users/apoorvasaxena/.pyenv/versions/airflow-venv/lib/python3.10/site-packages/airflow/example_dags/example_skip_dag.py
[2024-07-21T21:04:21.350+0100] {processor.py:829} INFO - Processing file /Users/apoorvasaxena/.pyenv/versions/airflow-venv/lib/python3.10/site-packages/airflow/example_dags/example_skip_dag.py for tasks to queue
[2024-07-21T21:04:21.350+0100] {logging_mixin.py:151} INFO - [2024-07-21T21:04:21.350+0100] {dagbag.py:539} INFO - Filling up the DagBag from /Users/apoorvasaxena/.pyenv/versions/airflow-venv/lib/python3.10/site-packages/airflow/example_dags/example_skip_dag.py
[2024-07-21T21:04:21.362+0100] {processor.py:839} INFO - DAG(s) dict_keys(['example_skip_dag']) retrieved from /Users/apoorvasaxena/.pyenv/versions/airflow-venv/lib/python3.10/site-packages/airflow/example_dags/example_skip_dag.py
[2024-07-21T21:04:21.435+0100] {logging_mixin.py:151} INFO - [2024-07-21T21:04:21.435+0100] {dag.py:2915} INFO - Sync 1 DAGs
[2024-07-21T21:04:21.441+0100] {logging_mixin.py:151} INFO - [2024-07-21T21:04:21.441+0100] {dag.py:3696} INFO - Setting next_dagrun for example_skip_dag to 2024-07-20T20:04:21.441850+00:00, run_after=2024-07-21T20:04:21.441850+00:00
[2024-07-21T21:04:21.448+0100] {processor.py:179} INFO - Processing /Users/apoorvasaxena/.pyenv/versions/airflow-venv/lib/python3.10/site-packages/airflow/example_dags/example_skip_dag.py took 0.101 seconds
[2024-07-21T21:05:35.192+0100] {processor.py:157} INFO - Started process (PID=84587) to work on /Users/apoorvasaxena/.pyenv/versions/airflow-venv/lib/python3.10/site-packages/airflow/example_dags/example_skip_dag.py
[2024-07-21T21:05:35.195+0100] {processor.py:829} INFO - Processing file /Users/apoorvasaxena/.pyenv/versions/airflow-venv/lib/python3.10/site-packages/airflow/example_dags/example_skip_dag.py for tasks to queue
[2024-07-21T21:05:35.195+0100] {logging_mixin.py:151} INFO - [2024-07-21T21:05:35.195+0100] {dagbag.py:539} INFO - Filling up the DagBag from /Users/apoorvasaxena/.pyenv/versions/airflow-venv/lib/python3.10/site-packages/airflow/example_dags/example_skip_dag.py
[2024-07-21T21:05:35.207+0100] {processor.py:839} INFO - DAG(s) dict_keys(['example_skip_dag']) retrieved from /Users/apoorvasaxena/.pyenv/versions/airflow-venv/lib/python3.10/site-packages/airflow/example_dags/example_skip_dag.py
[2024-07-21T21:05:35.280+0100] {logging_mixin.py:151} INFO - [2024-07-21T21:05:35.279+0100] {dag.py:2915} INFO - Sync 1 DAGs
[2024-07-21T21:05:35.286+0100] {logging_mixin.py:151} INFO - [2024-07-21T21:05:35.286+0100] {dag.py:3696} INFO - Setting next_dagrun for example_skip_dag to 2024-07-20T20:05:35.286293+00:00, run_after=2024-07-21T20:05:35.286293+00:00
[2024-07-21T21:05:35.292+0100] {processor.py:179} INFO - Processing /Users/apoorvasaxena/.pyenv/versions/airflow-venv/lib/python3.10/site-packages/airflow/example_dags/example_skip_dag.py took 0.101 seconds
[2024-07-21T21:06:45.345+0100] {processor.py:157} INFO - Started process (PID=84691) to work on /Users/apoorvasaxena/.pyenv/versions/airflow-venv/lib/python3.10/site-packages/airflow/example_dags/example_skip_dag.py
[2024-07-21T21:06:45.348+0100] {processor.py:829} INFO - Processing file /Users/apoorvasaxena/.pyenv/versions/airflow-venv/lib/python3.10/site-packages/airflow/example_dags/example_skip_dag.py for tasks to queue
[2024-07-21T21:06:45.348+0100] {logging_mixin.py:151} INFO - [2024-07-21T21:06:45.348+0100] {dagbag.py:539} INFO - Filling up the DagBag from /Users/apoorvasaxena/.pyenv/versions/airflow-venv/lib/python3.10/site-packages/airflow/example_dags/example_skip_dag.py
[2024-07-21T21:06:45.360+0100] {processor.py:839} INFO - DAG(s) dict_keys(['example_skip_dag']) retrieved from /Users/apoorvasaxena/.pyenv/versions/airflow-venv/lib/python3.10/site-packages/airflow/example_dags/example_skip_dag.py
[2024-07-21T21:06:45.432+0100] {logging_mixin.py:151} INFO - [2024-07-21T21:06:45.432+0100] {dag.py:2915} INFO - Sync 1 DAGs
[2024-07-21T21:06:45.438+0100] {logging_mixin.py:151} INFO - [2024-07-21T21:06:45.438+0100] {dag.py:3696} INFO - Setting next_dagrun for example_skip_dag to 2024-07-20T20:06:45.438180+00:00, run_after=2024-07-21T20:06:45.438180+00:00
[2024-07-21T21:06:45.444+0100] {processor.py:179} INFO - Processing /Users/apoorvasaxena/.pyenv/versions/airflow-venv/lib/python3.10/site-packages/airflow/example_dags/example_skip_dag.py took 0.099 seconds
[2024-07-21T21:07:54.037+0100] {processor.py:157} INFO - Started process (PID=84775) to work on /Users/apoorvasaxena/.pyenv/versions/airflow-venv/lib/python3.10/site-packages/airflow/example_dags/example_skip_dag.py
[2024-07-21T21:07:54.040+0100] {processor.py:829} INFO - Processing file /Users/apoorvasaxena/.pyenv/versions/airflow-venv/lib/python3.10/site-packages/airflow/example_dags/example_skip_dag.py for tasks to queue
[2024-07-21T21:07:54.040+0100] {logging_mixin.py:151} INFO - [2024-07-21T21:07:54.040+0100] {dagbag.py:539} INFO - Filling up the DagBag from /Users/apoorvasaxena/.pyenv/versions/airflow-venv/lib/python3.10/site-packages/airflow/example_dags/example_skip_dag.py
[2024-07-21T21:07:54.052+0100] {processor.py:839} INFO - DAG(s) dict_keys(['example_skip_dag']) retrieved from /Users/apoorvasaxena/.pyenv/versions/airflow-venv/lib/python3.10/site-packages/airflow/example_dags/example_skip_dag.py
[2024-07-21T21:07:54.124+0100] {logging_mixin.py:151} INFO - [2024-07-21T21:07:54.124+0100] {dag.py:2915} INFO - Sync 1 DAGs
[2024-07-21T21:07:54.130+0100] {logging_mixin.py:151} INFO - [2024-07-21T21:07:54.130+0100] {dag.py:3696} INFO - Setting next_dagrun for example_skip_dag to 2024-07-20T20:07:54.130648+00:00, run_after=2024-07-21T20:07:54.130648+00:00
[2024-07-21T21:07:54.137+0100] {processor.py:179} INFO - Processing /Users/apoorvasaxena/.pyenv/versions/airflow-venv/lib/python3.10/site-packages/airflow/example_dags/example_skip_dag.py took 0.100 seconds
[2024-07-21T21:09:06.191+0100] {processor.py:157} INFO - Started process (PID=84868) to work on /Users/apoorvasaxena/.pyenv/versions/airflow-venv/lib/python3.10/site-packages/airflow/example_dags/example_skip_dag.py
[2024-07-21T21:09:06.193+0100] {processor.py:829} INFO - Processing file /Users/apoorvasaxena/.pyenv/versions/airflow-venv/lib/python3.10/site-packages/airflow/example_dags/example_skip_dag.py for tasks to queue
[2024-07-21T21:09:06.193+0100] {logging_mixin.py:151} INFO - [2024-07-21T21:09:06.193+0100] {dagbag.py:539} INFO - Filling up the DagBag from /Users/apoorvasaxena/.pyenv/versions/airflow-venv/lib/python3.10/site-packages/airflow/example_dags/example_skip_dag.py
[2024-07-21T21:09:06.205+0100] {processor.py:839} INFO - DAG(s) dict_keys(['example_skip_dag']) retrieved from /Users/apoorvasaxena/.pyenv/versions/airflow-venv/lib/python3.10/site-packages/airflow/example_dags/example_skip_dag.py
[2024-07-21T21:09:06.277+0100] {logging_mixin.py:151} INFO - [2024-07-21T21:09:06.277+0100] {dag.py:2915} INFO - Sync 1 DAGs
[2024-07-21T21:09:06.283+0100] {logging_mixin.py:151} INFO - [2024-07-21T21:09:06.283+0100] {dag.py:3696} INFO - Setting next_dagrun for example_skip_dag to 2024-07-20T20:09:06.283661+00:00, run_after=2024-07-21T20:09:06.283661+00:00
[2024-07-21T21:09:06.289+0100] {processor.py:179} INFO - Processing /Users/apoorvasaxena/.pyenv/versions/airflow-venv/lib/python3.10/site-packages/airflow/example_dags/example_skip_dag.py took 0.099 seconds
[2024-07-21T21:10:20.006+0100] {processor.py:157} INFO - Started process (PID=84964) to work on /Users/apoorvasaxena/.pyenv/versions/airflow-venv/lib/python3.10/site-packages/airflow/example_dags/example_skip_dag.py
[2024-07-21T21:10:20.009+0100] {processor.py:829} INFO - Processing file /Users/apoorvasaxena/.pyenv/versions/airflow-venv/lib/python3.10/site-packages/airflow/example_dags/example_skip_dag.py for tasks to queue
[2024-07-21T21:10:20.009+0100] {logging_mixin.py:151} INFO - [2024-07-21T21:10:20.009+0100] {dagbag.py:539} INFO - Filling up the DagBag from /Users/apoorvasaxena/.pyenv/versions/airflow-venv/lib/python3.10/site-packages/airflow/example_dags/example_skip_dag.py
[2024-07-21T21:10:20.021+0100] {processor.py:839} INFO - DAG(s) dict_keys(['example_skip_dag']) retrieved from /Users/apoorvasaxena/.pyenv/versions/airflow-venv/lib/python3.10/site-packages/airflow/example_dags/example_skip_dag.py
[2024-07-21T21:10:20.093+0100] {logging_mixin.py:151} INFO - [2024-07-21T21:10:20.093+0100] {dag.py:2915} INFO - Sync 1 DAGs
[2024-07-21T21:10:20.099+0100] {logging_mixin.py:151} INFO - [2024-07-21T21:10:20.099+0100] {dag.py:3696} INFO - Setting next_dagrun for example_skip_dag to 2024-07-20T20:10:20.099368+00:00, run_after=2024-07-21T20:10:20.099368+00:00
[2024-07-21T21:10:20.105+0100] {processor.py:179} INFO - Processing /Users/apoorvasaxena/.pyenv/versions/airflow-venv/lib/python3.10/site-packages/airflow/example_dags/example_skip_dag.py took 0.100 seconds
[2024-07-21T21:11:35.059+0100] {processor.py:157} INFO - Started process (PID=85060) to work on /Users/apoorvasaxena/.pyenv/versions/airflow-venv/lib/python3.10/site-packages/airflow/example_dags/example_skip_dag.py
[2024-07-21T21:11:35.062+0100] {processor.py:829} INFO - Processing file /Users/apoorvasaxena/.pyenv/versions/airflow-venv/lib/python3.10/site-packages/airflow/example_dags/example_skip_dag.py for tasks to queue
[2024-07-21T21:11:35.062+0100] {logging_mixin.py:151} INFO - [2024-07-21T21:11:35.062+0100] {dagbag.py:539} INFO - Filling up the DagBag from /Users/apoorvasaxena/.pyenv/versions/airflow-venv/lib/python3.10/site-packages/airflow/example_dags/example_skip_dag.py
[2024-07-21T21:11:35.074+0100] {processor.py:839} INFO - DAG(s) dict_keys(['example_skip_dag']) retrieved from /Users/apoorvasaxena/.pyenv/versions/airflow-venv/lib/python3.10/site-packages/airflow/example_dags/example_skip_dag.py
[2024-07-21T21:11:35.146+0100] {logging_mixin.py:151} INFO - [2024-07-21T21:11:35.146+0100] {dag.py:2915} INFO - Sync 1 DAGs
[2024-07-21T21:11:35.152+0100] {logging_mixin.py:151} INFO - [2024-07-21T21:11:35.152+0100] {dag.py:3696} INFO - Setting next_dagrun for example_skip_dag to 2024-07-20T20:11:35.152472+00:00, run_after=2024-07-21T20:11:35.152472+00:00
[2024-07-21T21:11:35.158+0100] {processor.py:179} INFO - Processing /Users/apoorvasaxena/.pyenv/versions/airflow-venv/lib/python3.10/site-packages/airflow/example_dags/example_skip_dag.py took 0.099 seconds
[2024-07-21T21:12:44.923+0100] {processor.py:157} INFO - Started process (PID=85158) to work on /Users/apoorvasaxena/.pyenv/versions/airflow-venv/lib/python3.10/site-packages/airflow/example_dags/example_skip_dag.py
[2024-07-21T21:12:44.926+0100] {processor.py:829} INFO - Processing file /Users/apoorvasaxena/.pyenv/versions/airflow-venv/lib/python3.10/site-packages/airflow/example_dags/example_skip_dag.py for tasks to queue
[2024-07-21T21:12:44.926+0100] {logging_mixin.py:151} INFO - [2024-07-21T21:12:44.926+0100] {dagbag.py:539} INFO - Filling up the DagBag from /Users/apoorvasaxena/.pyenv/versions/airflow-venv/lib/python3.10/site-packages/airflow/example_dags/example_skip_dag.py
[2024-07-21T21:12:44.938+0100] {processor.py:839} INFO - DAG(s) dict_keys(['example_skip_dag']) retrieved from /Users/apoorvasaxena/.pyenv/versions/airflow-venv/lib/python3.10/site-packages/airflow/example_dags/example_skip_dag.py
[2024-07-21T21:12:45.010+0100] {logging_mixin.py:151} INFO - [2024-07-21T21:12:45.010+0100] {dag.py:2915} INFO - Sync 1 DAGs
[2024-07-21T21:12:45.016+0100] {logging_mixin.py:151} INFO - [2024-07-21T21:12:45.016+0100] {dag.py:3696} INFO - Setting next_dagrun for example_skip_dag to 2024-07-20T20:12:45.016299+00:00, run_after=2024-07-21T20:12:45.016299+00:00
[2024-07-21T21:12:45.022+0100] {processor.py:179} INFO - Processing /Users/apoorvasaxena/.pyenv/versions/airflow-venv/lib/python3.10/site-packages/airflow/example_dags/example_skip_dag.py took 0.099 seconds
[2024-07-21T21:13:56.272+0100] {processor.py:157} INFO - Started process (PID=85246) to work on /Users/apoorvasaxena/.pyenv/versions/airflow-venv/lib/python3.10/site-packages/airflow/example_dags/example_skip_dag.py
[2024-07-21T21:13:56.275+0100] {processor.py:829} INFO - Processing file /Users/apoorvasaxena/.pyenv/versions/airflow-venv/lib/python3.10/site-packages/airflow/example_dags/example_skip_dag.py for tasks to queue
[2024-07-21T21:13:56.275+0100] {logging_mixin.py:151} INFO - [2024-07-21T21:13:56.275+0100] {dagbag.py:539} INFO - Filling up the DagBag from /Users/apoorvasaxena/.pyenv/versions/airflow-venv/lib/python3.10/site-packages/airflow/example_dags/example_skip_dag.py
[2024-07-21T21:13:56.287+0100] {processor.py:839} INFO - DAG(s) dict_keys(['example_skip_dag']) retrieved from /Users/apoorvasaxena/.pyenv/versions/airflow-venv/lib/python3.10/site-packages/airflow/example_dags/example_skip_dag.py
[2024-07-21T21:13:56.367+0100] {logging_mixin.py:151} INFO - [2024-07-21T21:13:56.367+0100] {dag.py:2915} INFO - Sync 1 DAGs
[2024-07-21T21:13:56.374+0100] {logging_mixin.py:151} INFO - [2024-07-21T21:13:56.374+0100] {dag.py:3696} INFO - Setting next_dagrun for example_skip_dag to 2024-07-20T20:13:56.374426+00:00, run_after=2024-07-21T20:13:56.374426+00:00
[2024-07-21T21:13:56.380+0100] {processor.py:179} INFO - Processing /Users/apoorvasaxena/.pyenv/versions/airflow-venv/lib/python3.10/site-packages/airflow/example_dags/example_skip_dag.py took 0.108 seconds
[2024-07-21T21:15:06.698+0100] {processor.py:157} INFO - Started process (PID=85340) to work on /Users/apoorvasaxena/.pyenv/versions/airflow-venv/lib/python3.10/site-packages/airflow/example_dags/example_skip_dag.py
[2024-07-21T21:15:06.701+0100] {processor.py:829} INFO - Processing file /Users/apoorvasaxena/.pyenv/versions/airflow-venv/lib/python3.10/site-packages/airflow/example_dags/example_skip_dag.py for tasks to queue
[2024-07-21T21:15:06.701+0100] {logging_mixin.py:151} INFO - [2024-07-21T21:15:06.701+0100] {dagbag.py:539} INFO - Filling up the DagBag from /Users/apoorvasaxena/.pyenv/versions/airflow-venv/lib/python3.10/site-packages/airflow/example_dags/example_skip_dag.py
[2024-07-21T21:15:06.713+0100] {processor.py:839} INFO - DAG(s) dict_keys(['example_skip_dag']) retrieved from /Users/apoorvasaxena/.pyenv/versions/airflow-venv/lib/python3.10/site-packages/airflow/example_dags/example_skip_dag.py
[2024-07-21T21:15:06.785+0100] {logging_mixin.py:151} INFO - [2024-07-21T21:15:06.785+0100] {dag.py:2915} INFO - Sync 1 DAGs
[2024-07-21T21:15:06.791+0100] {logging_mixin.py:151} INFO - [2024-07-21T21:15:06.791+0100] {dag.py:3696} INFO - Setting next_dagrun for example_skip_dag to 2024-07-20T20:15:06.791309+00:00, run_after=2024-07-21T20:15:06.791309+00:00
[2024-07-21T21:15:06.797+0100] {processor.py:179} INFO - Processing /Users/apoorvasaxena/.pyenv/versions/airflow-venv/lib/python3.10/site-packages/airflow/example_dags/example_skip_dag.py took 0.100 seconds
[2024-07-21T21:16:16.275+0100] {processor.py:157} INFO - Started process (PID=85443) to work on /Users/apoorvasaxena/.pyenv/versions/airflow-venv/lib/python3.10/site-packages/airflow/example_dags/example_skip_dag.py
[2024-07-21T21:16:16.278+0100] {processor.py:829} INFO - Processing file /Users/apoorvasaxena/.pyenv/versions/airflow-venv/lib/python3.10/site-packages/airflow/example_dags/example_skip_dag.py for tasks to queue
[2024-07-21T21:16:16.278+0100] {logging_mixin.py:151} INFO - [2024-07-21T21:16:16.278+0100] {dagbag.py:539} INFO - Filling up the DagBag from /Users/apoorvasaxena/.pyenv/versions/airflow-venv/lib/python3.10/site-packages/airflow/example_dags/example_skip_dag.py
[2024-07-21T21:16:16.289+0100] {processor.py:839} INFO - DAG(s) dict_keys(['example_skip_dag']) retrieved from /Users/apoorvasaxena/.pyenv/versions/airflow-venv/lib/python3.10/site-packages/airflow/example_dags/example_skip_dag.py
[2024-07-21T21:16:16.362+0100] {logging_mixin.py:151} INFO - [2024-07-21T21:16:16.362+0100] {dag.py:2915} INFO - Sync 1 DAGs
[2024-07-21T21:16:16.368+0100] {logging_mixin.py:151} INFO - [2024-07-21T21:16:16.368+0100] {dag.py:3696} INFO - Setting next_dagrun for example_skip_dag to 2024-07-20T20:16:16.368278+00:00, run_after=2024-07-21T20:16:16.368278+00:00
[2024-07-21T21:16:16.374+0100] {processor.py:179} INFO - Processing /Users/apoorvasaxena/.pyenv/versions/airflow-venv/lib/python3.10/site-packages/airflow/example_dags/example_skip_dag.py took 0.100 seconds
[2024-07-21T21:17:28.090+0100] {processor.py:157} INFO - Started process (PID=85535) to work on /Users/apoorvasaxena/.pyenv/versions/airflow-venv/lib/python3.10/site-packages/airflow/example_dags/example_skip_dag.py
[2024-07-21T21:17:28.093+0100] {processor.py:829} INFO - Processing file /Users/apoorvasaxena/.pyenv/versions/airflow-venv/lib/python3.10/site-packages/airflow/example_dags/example_skip_dag.py for tasks to queue
[2024-07-21T21:17:28.093+0100] {logging_mixin.py:151} INFO - [2024-07-21T21:17:28.093+0100] {dagbag.py:539} INFO - Filling up the DagBag from /Users/apoorvasaxena/.pyenv/versions/airflow-venv/lib/python3.10/site-packages/airflow/example_dags/example_skip_dag.py
[2024-07-21T21:17:28.104+0100] {processor.py:839} INFO - DAG(s) dict_keys(['example_skip_dag']) retrieved from /Users/apoorvasaxena/.pyenv/versions/airflow-venv/lib/python3.10/site-packages/airflow/example_dags/example_skip_dag.py
[2024-07-21T21:17:28.177+0100] {logging_mixin.py:151} INFO - [2024-07-21T21:17:28.176+0100] {dag.py:2915} INFO - Sync 1 DAGs
[2024-07-21T21:17:28.183+0100] {logging_mixin.py:151} INFO - [2024-07-21T21:17:28.183+0100] {dag.py:3696} INFO - Setting next_dagrun for example_skip_dag to 2024-07-20T20:17:28.183064+00:00, run_after=2024-07-21T20:17:28.183064+00:00
[2024-07-21T21:17:28.189+0100] {processor.py:179} INFO - Processing /Users/apoorvasaxena/.pyenv/versions/airflow-venv/lib/python3.10/site-packages/airflow/example_dags/example_skip_dag.py took 0.099 seconds
[2024-07-21T21:18:36.717+0100] {processor.py:157} INFO - Started process (PID=85627) to work on /Users/apoorvasaxena/.pyenv/versions/airflow-venv/lib/python3.10/site-packages/airflow/example_dags/example_skip_dag.py
[2024-07-21T21:18:36.719+0100] {processor.py:829} INFO - Processing file /Users/apoorvasaxena/.pyenv/versions/airflow-venv/lib/python3.10/site-packages/airflow/example_dags/example_skip_dag.py for tasks to queue
[2024-07-21T21:18:36.720+0100] {logging_mixin.py:151} INFO - [2024-07-21T21:18:36.720+0100] {dagbag.py:539} INFO - Filling up the DagBag from /Users/apoorvasaxena/.pyenv/versions/airflow-venv/lib/python3.10/site-packages/airflow/example_dags/example_skip_dag.py
[2024-07-21T21:18:36.731+0100] {processor.py:839} INFO - DAG(s) dict_keys(['example_skip_dag']) retrieved from /Users/apoorvasaxena/.pyenv/versions/airflow-venv/lib/python3.10/site-packages/airflow/example_dags/example_skip_dag.py
[2024-07-21T21:18:36.803+0100] {logging_mixin.py:151} INFO - [2024-07-21T21:18:36.803+0100] {dag.py:2915} INFO - Sync 1 DAGs
[2024-07-21T21:18:36.809+0100] {logging_mixin.py:151} INFO - [2024-07-21T21:18:36.809+0100] {dag.py:3696} INFO - Setting next_dagrun for example_skip_dag to 2024-07-20T20:18:36.809824+00:00, run_after=2024-07-21T20:18:36.809824+00:00
[2024-07-21T21:18:36.816+0100] {processor.py:179} INFO - Processing /Users/apoorvasaxena/.pyenv/versions/airflow-venv/lib/python3.10/site-packages/airflow/example_dags/example_skip_dag.py took 0.099 seconds
[2024-07-21T21:19:49.053+0100] {processor.py:157} INFO - Started process (PID=85723) to work on /Users/apoorvasaxena/.pyenv/versions/airflow-venv/lib/python3.10/site-packages/airflow/example_dags/example_skip_dag.py
[2024-07-21T21:19:49.055+0100] {processor.py:829} INFO - Processing file /Users/apoorvasaxena/.pyenv/versions/airflow-venv/lib/python3.10/site-packages/airflow/example_dags/example_skip_dag.py for tasks to queue
[2024-07-21T21:19:49.056+0100] {logging_mixin.py:151} INFO - [2024-07-21T21:19:49.056+0100] {dagbag.py:539} INFO - Filling up the DagBag from /Users/apoorvasaxena/.pyenv/versions/airflow-venv/lib/python3.10/site-packages/airflow/example_dags/example_skip_dag.py
[2024-07-21T21:19:49.067+0100] {processor.py:839} INFO - DAG(s) dict_keys(['example_skip_dag']) retrieved from /Users/apoorvasaxena/.pyenv/versions/airflow-venv/lib/python3.10/site-packages/airflow/example_dags/example_skip_dag.py
[2024-07-21T21:19:49.139+0100] {logging_mixin.py:151} INFO - [2024-07-21T21:19:49.139+0100] {dag.py:2915} INFO - Sync 1 DAGs
[2024-07-21T21:19:49.145+0100] {logging_mixin.py:151} INFO - [2024-07-21T21:19:49.145+0100] {dag.py:3696} INFO - Setting next_dagrun for example_skip_dag to 2024-07-20T20:19:49.145347+00:00, run_after=2024-07-21T20:19:49.145347+00:00
[2024-07-21T21:19:49.151+0100] {processor.py:179} INFO - Processing /Users/apoorvasaxena/.pyenv/versions/airflow-venv/lib/python3.10/site-packages/airflow/example_dags/example_skip_dag.py took 0.098 seconds
[2024-07-21T21:21:02.986+0100] {processor.py:157} INFO - Started process (PID=85821) to work on /Users/apoorvasaxena/.pyenv/versions/airflow-venv/lib/python3.10/site-packages/airflow/example_dags/example_skip_dag.py
[2024-07-21T21:21:02.988+0100] {processor.py:829} INFO - Processing file /Users/apoorvasaxena/.pyenv/versions/airflow-venv/lib/python3.10/site-packages/airflow/example_dags/example_skip_dag.py for tasks to queue
[2024-07-21T21:21:02.988+0100] {logging_mixin.py:151} INFO - [2024-07-21T21:21:02.988+0100] {dagbag.py:539} INFO - Filling up the DagBag from /Users/apoorvasaxena/.pyenv/versions/airflow-venv/lib/python3.10/site-packages/airflow/example_dags/example_skip_dag.py
[2024-07-21T21:21:03.000+0100] {processor.py:839} INFO - DAG(s) dict_keys(['example_skip_dag']) retrieved from /Users/apoorvasaxena/.pyenv/versions/airflow-venv/lib/python3.10/site-packages/airflow/example_dags/example_skip_dag.py
[2024-07-21T21:21:03.073+0100] {logging_mixin.py:151} INFO - [2024-07-21T21:21:03.073+0100] {dag.py:2915} INFO - Sync 1 DAGs
[2024-07-21T21:21:03.079+0100] {logging_mixin.py:151} INFO - [2024-07-21T21:21:03.079+0100] {dag.py:3696} INFO - Setting next_dagrun for example_skip_dag to 2024-07-20T20:21:03.079236+00:00, run_after=2024-07-21T20:21:03.079236+00:00
[2024-07-21T21:21:03.085+0100] {processor.py:179} INFO - Processing /Users/apoorvasaxena/.pyenv/versions/airflow-venv/lib/python3.10/site-packages/airflow/example_dags/example_skip_dag.py took 0.099 seconds
[2024-07-21T21:22:11.955+0100] {processor.py:157} INFO - Started process (PID=85916) to work on /Users/apoorvasaxena/.pyenv/versions/airflow-venv/lib/python3.10/site-packages/airflow/example_dags/example_skip_dag.py
[2024-07-21T21:22:11.957+0100] {processor.py:829} INFO - Processing file /Users/apoorvasaxena/.pyenv/versions/airflow-venv/lib/python3.10/site-packages/airflow/example_dags/example_skip_dag.py for tasks to queue
[2024-07-21T21:22:11.958+0100] {logging_mixin.py:151} INFO - [2024-07-21T21:22:11.958+0100] {dagbag.py:539} INFO - Filling up the DagBag from /Users/apoorvasaxena/.pyenv/versions/airflow-venv/lib/python3.10/site-packages/airflow/example_dags/example_skip_dag.py
[2024-07-21T21:22:11.970+0100] {processor.py:839} INFO - DAG(s) dict_keys(['example_skip_dag']) retrieved from /Users/apoorvasaxena/.pyenv/versions/airflow-venv/lib/python3.10/site-packages/airflow/example_dags/example_skip_dag.py
[2024-07-21T21:22:12.042+0100] {logging_mixin.py:151} INFO - [2024-07-21T21:22:12.042+0100] {dag.py:2915} INFO - Sync 1 DAGs
[2024-07-21T21:22:12.049+0100] {logging_mixin.py:151} INFO - [2024-07-21T21:22:12.049+0100] {dag.py:3696} INFO - Setting next_dagrun for example_skip_dag to 2024-07-20T20:22:12.049004+00:00, run_after=2024-07-21T20:22:12.049004+00:00
[2024-07-21T21:22:12.055+0100] {processor.py:179} INFO - Processing /Users/apoorvasaxena/.pyenv/versions/airflow-venv/lib/python3.10/site-packages/airflow/example_dags/example_skip_dag.py took 0.101 seconds
[2024-07-21T21:23:24.733+0100] {processor.py:157} INFO - Started process (PID=86008) to work on /Users/apoorvasaxena/.pyenv/versions/airflow-venv/lib/python3.10/site-packages/airflow/example_dags/example_skip_dag.py
[2024-07-21T21:23:24.736+0100] {processor.py:829} INFO - Processing file /Users/apoorvasaxena/.pyenv/versions/airflow-venv/lib/python3.10/site-packages/airflow/example_dags/example_skip_dag.py for tasks to queue
[2024-07-21T21:23:24.736+0100] {logging_mixin.py:151} INFO - [2024-07-21T21:23:24.736+0100] {dagbag.py:539} INFO - Filling up the DagBag from /Users/apoorvasaxena/.pyenv/versions/airflow-venv/lib/python3.10/site-packages/airflow/example_dags/example_skip_dag.py
[2024-07-21T21:23:24.748+0100] {processor.py:839} INFO - DAG(s) dict_keys(['example_skip_dag']) retrieved from /Users/apoorvasaxena/.pyenv/versions/airflow-venv/lib/python3.10/site-packages/airflow/example_dags/example_skip_dag.py
[2024-07-21T21:23:24.820+0100] {logging_mixin.py:151} INFO - [2024-07-21T21:23:24.820+0100] {dag.py:2915} INFO - Sync 1 DAGs
[2024-07-21T21:23:24.826+0100] {logging_mixin.py:151} INFO - [2024-07-21T21:23:24.826+0100] {dag.py:3696} INFO - Setting next_dagrun for example_skip_dag to 2024-07-20T20:23:24.826138+00:00, run_after=2024-07-21T20:23:24.826138+00:00
[2024-07-21T21:23:24.832+0100] {processor.py:179} INFO - Processing /Users/apoorvasaxena/.pyenv/versions/airflow-venv/lib/python3.10/site-packages/airflow/example_dags/example_skip_dag.py took 0.099 seconds
[2024-07-21T21:24:35.242+0100] {processor.py:157} INFO - Started process (PID=86108) to work on /Users/apoorvasaxena/.pyenv/versions/airflow-venv/lib/python3.10/site-packages/airflow/example_dags/example_skip_dag.py
[2024-07-21T21:24:35.244+0100] {processor.py:829} INFO - Processing file /Users/apoorvasaxena/.pyenv/versions/airflow-venv/lib/python3.10/site-packages/airflow/example_dags/example_skip_dag.py for tasks to queue
[2024-07-21T21:24:35.244+0100] {logging_mixin.py:151} INFO - [2024-07-21T21:24:35.244+0100] {dagbag.py:539} INFO - Filling up the DagBag from /Users/apoorvasaxena/.pyenv/versions/airflow-venv/lib/python3.10/site-packages/airflow/example_dags/example_skip_dag.py
[2024-07-21T21:24:35.256+0100] {processor.py:839} INFO - DAG(s) dict_keys(['example_skip_dag']) retrieved from /Users/apoorvasaxena/.pyenv/versions/airflow-venv/lib/python3.10/site-packages/airflow/example_dags/example_skip_dag.py
[2024-07-21T21:24:35.328+0100] {logging_mixin.py:151} INFO - [2024-07-21T21:24:35.328+0100] {dag.py:2915} INFO - Sync 1 DAGs
[2024-07-21T21:24:35.334+0100] {logging_mixin.py:151} INFO - [2024-07-21T21:24:35.334+0100] {dag.py:3696} INFO - Setting next_dagrun for example_skip_dag to 2024-07-20T20:24:35.334812+00:00, run_after=2024-07-21T20:24:35.334812+00:00
[2024-07-21T21:24:35.341+0100] {processor.py:179} INFO - Processing /Users/apoorvasaxena/.pyenv/versions/airflow-venv/lib/python3.10/site-packages/airflow/example_dags/example_skip_dag.py took 0.099 seconds
[2024-07-21T21:25:45.736+0100] {processor.py:157} INFO - Started process (PID=86205) to work on /Users/apoorvasaxena/.pyenv/versions/airflow-venv/lib/python3.10/site-packages/airflow/example_dags/example_skip_dag.py
[2024-07-21T21:25:45.738+0100] {processor.py:829} INFO - Processing file /Users/apoorvasaxena/.pyenv/versions/airflow-venv/lib/python3.10/site-packages/airflow/example_dags/example_skip_dag.py for tasks to queue
[2024-07-21T21:25:45.738+0100] {logging_mixin.py:151} INFO - [2024-07-21T21:25:45.738+0100] {dagbag.py:539} INFO - Filling up the DagBag from /Users/apoorvasaxena/.pyenv/versions/airflow-venv/lib/python3.10/site-packages/airflow/example_dags/example_skip_dag.py
[2024-07-21T21:25:45.750+0100] {processor.py:839} INFO - DAG(s) dict_keys(['example_skip_dag']) retrieved from /Users/apoorvasaxena/.pyenv/versions/airflow-venv/lib/python3.10/site-packages/airflow/example_dags/example_skip_dag.py
[2024-07-21T21:25:45.822+0100] {logging_mixin.py:151} INFO - [2024-07-21T21:25:45.822+0100] {dag.py:2915} INFO - Sync 1 DAGs
[2024-07-21T21:25:45.828+0100] {logging_mixin.py:151} INFO - [2024-07-21T21:25:45.828+0100] {dag.py:3696} INFO - Setting next_dagrun for example_skip_dag to 2024-07-20T20:25:45.828563+00:00, run_after=2024-07-21T20:25:45.828563+00:00
[2024-07-21T21:25:45.834+0100] {processor.py:179} INFO - Processing /Users/apoorvasaxena/.pyenv/versions/airflow-venv/lib/python3.10/site-packages/airflow/example_dags/example_skip_dag.py took 0.099 seconds
[2024-07-21T21:26:56.472+0100] {processor.py:157} INFO - Started process (PID=86291) to work on /Users/apoorvasaxena/.pyenv/versions/airflow-venv/lib/python3.10/site-packages/airflow/example_dags/example_skip_dag.py
[2024-07-21T21:26:56.474+0100] {processor.py:829} INFO - Processing file /Users/apoorvasaxena/.pyenv/versions/airflow-venv/lib/python3.10/site-packages/airflow/example_dags/example_skip_dag.py for tasks to queue
[2024-07-21T21:26:56.474+0100] {logging_mixin.py:151} INFO - [2024-07-21T21:26:56.474+0100] {dagbag.py:539} INFO - Filling up the DagBag from /Users/apoorvasaxena/.pyenv/versions/airflow-venv/lib/python3.10/site-packages/airflow/example_dags/example_skip_dag.py
[2024-07-21T21:26:56.486+0100] {processor.py:839} INFO - DAG(s) dict_keys(['example_skip_dag']) retrieved from /Users/apoorvasaxena/.pyenv/versions/airflow-venv/lib/python3.10/site-packages/airflow/example_dags/example_skip_dag.py
[2024-07-21T21:26:56.558+0100] {logging_mixin.py:151} INFO - [2024-07-21T21:26:56.558+0100] {dag.py:2915} INFO - Sync 1 DAGs
[2024-07-21T21:26:56.564+0100] {logging_mixin.py:151} INFO - [2024-07-21T21:26:56.564+0100] {dag.py:3696} INFO - Setting next_dagrun for example_skip_dag to 2024-07-20T20:26:56.564403+00:00, run_after=2024-07-21T20:26:56.564403+00:00
[2024-07-21T21:26:56.570+0100] {processor.py:179} INFO - Processing /Users/apoorvasaxena/.pyenv/versions/airflow-venv/lib/python3.10/site-packages/airflow/example_dags/example_skip_dag.py took 0.099 seconds
[2024-07-21T21:28:07.084+0100] {processor.py:157} INFO - Started process (PID=86387) to work on /Users/apoorvasaxena/.pyenv/versions/airflow-venv/lib/python3.10/site-packages/airflow/example_dags/example_skip_dag.py
[2024-07-21T21:28:07.086+0100] {processor.py:829} INFO - Processing file /Users/apoorvasaxena/.pyenv/versions/airflow-venv/lib/python3.10/site-packages/airflow/example_dags/example_skip_dag.py for tasks to queue
[2024-07-21T21:28:07.086+0100] {logging_mixin.py:151} INFO - [2024-07-21T21:28:07.086+0100] {dagbag.py:539} INFO - Filling up the DagBag from /Users/apoorvasaxena/.pyenv/versions/airflow-venv/lib/python3.10/site-packages/airflow/example_dags/example_skip_dag.py
[2024-07-21T21:28:07.097+0100] {processor.py:839} INFO - DAG(s) dict_keys(['example_skip_dag']) retrieved from /Users/apoorvasaxena/.pyenv/versions/airflow-venv/lib/python3.10/site-packages/airflow/example_dags/example_skip_dag.py
[2024-07-21T21:28:07.169+0100] {logging_mixin.py:151} INFO - [2024-07-21T21:28:07.169+0100] {dag.py:2915} INFO - Sync 1 DAGs
[2024-07-21T21:28:07.176+0100] {logging_mixin.py:151} INFO - [2024-07-21T21:28:07.175+0100] {dag.py:3696} INFO - Setting next_dagrun for example_skip_dag to 2024-07-20T20:28:07.175924+00:00, run_after=2024-07-21T20:28:07.175924+00:00
[2024-07-21T21:28:07.182+0100] {processor.py:179} INFO - Processing /Users/apoorvasaxena/.pyenv/versions/airflow-venv/lib/python3.10/site-packages/airflow/example_dags/example_skip_dag.py took 0.099 seconds
[2024-07-21T21:29:20.499+0100] {processor.py:157} INFO - Started process (PID=86486) to work on /Users/apoorvasaxena/.pyenv/versions/airflow-venv/lib/python3.10/site-packages/airflow/example_dags/example_skip_dag.py
[2024-07-21T21:29:20.502+0100] {processor.py:829} INFO - Processing file /Users/apoorvasaxena/.pyenv/versions/airflow-venv/lib/python3.10/site-packages/airflow/example_dags/example_skip_dag.py for tasks to queue
[2024-07-21T21:29:20.502+0100] {logging_mixin.py:151} INFO - [2024-07-21T21:29:20.502+0100] {dagbag.py:539} INFO - Filling up the DagBag from /Users/apoorvasaxena/.pyenv/versions/airflow-venv/lib/python3.10/site-packages/airflow/example_dags/example_skip_dag.py
[2024-07-21T21:29:20.514+0100] {processor.py:839} INFO - DAG(s) dict_keys(['example_skip_dag']) retrieved from /Users/apoorvasaxena/.pyenv/versions/airflow-venv/lib/python3.10/site-packages/airflow/example_dags/example_skip_dag.py
[2024-07-21T21:29:20.586+0100] {logging_mixin.py:151} INFO - [2024-07-21T21:29:20.586+0100] {dag.py:2915} INFO - Sync 1 DAGs
[2024-07-21T21:29:20.592+0100] {logging_mixin.py:151} INFO - [2024-07-21T21:29:20.592+0100] {dag.py:3696} INFO - Setting next_dagrun for example_skip_dag to 2024-07-20T20:29:20.592590+00:00, run_after=2024-07-21T20:29:20.592590+00:00
[2024-07-21T21:29:20.598+0100] {processor.py:179} INFO - Processing /Users/apoorvasaxena/.pyenv/versions/airflow-venv/lib/python3.10/site-packages/airflow/example_dags/example_skip_dag.py took 0.100 seconds
[2024-07-21T21:30:31.425+0100] {processor.py:157} INFO - Started process (PID=86576) to work on /Users/apoorvasaxena/.pyenv/versions/airflow-venv/lib/python3.10/site-packages/airflow/example_dags/example_skip_dag.py
[2024-07-21T21:30:31.427+0100] {processor.py:829} INFO - Processing file /Users/apoorvasaxena/.pyenv/versions/airflow-venv/lib/python3.10/site-packages/airflow/example_dags/example_skip_dag.py for tasks to queue
[2024-07-21T21:30:31.428+0100] {logging_mixin.py:151} INFO - [2024-07-21T21:30:31.427+0100] {dagbag.py:539} INFO - Filling up the DagBag from /Users/apoorvasaxena/.pyenv/versions/airflow-venv/lib/python3.10/site-packages/airflow/example_dags/example_skip_dag.py
[2024-07-21T21:30:31.439+0100] {processor.py:839} INFO - DAG(s) dict_keys(['example_skip_dag']) retrieved from /Users/apoorvasaxena/.pyenv/versions/airflow-venv/lib/python3.10/site-packages/airflow/example_dags/example_skip_dag.py
[2024-07-21T21:30:31.512+0100] {logging_mixin.py:151} INFO - [2024-07-21T21:30:31.512+0100] {dag.py:2915} INFO - Sync 1 DAGs
[2024-07-21T21:30:31.518+0100] {logging_mixin.py:151} INFO - [2024-07-21T21:30:31.518+0100] {dag.py:3696} INFO - Setting next_dagrun for example_skip_dag to 2024-07-20T20:30:31.518685+00:00, run_after=2024-07-21T20:30:31.518685+00:00
[2024-07-21T21:30:31.525+0100] {processor.py:179} INFO - Processing /Users/apoorvasaxena/.pyenv/versions/airflow-venv/lib/python3.10/site-packages/airflow/example_dags/example_skip_dag.py took 0.100 seconds
[2024-07-21T21:31:42.266+0100] {processor.py:157} INFO - Started process (PID=86671) to work on /Users/apoorvasaxena/.pyenv/versions/airflow-venv/lib/python3.10/site-packages/airflow/example_dags/example_skip_dag.py
[2024-07-21T21:31:42.268+0100] {processor.py:829} INFO - Processing file /Users/apoorvasaxena/.pyenv/versions/airflow-venv/lib/python3.10/site-packages/airflow/example_dags/example_skip_dag.py for tasks to queue
[2024-07-21T21:31:42.269+0100] {logging_mixin.py:151} INFO - [2024-07-21T21:31:42.269+0100] {dagbag.py:539} INFO - Filling up the DagBag from /Users/apoorvasaxena/.pyenv/versions/airflow-venv/lib/python3.10/site-packages/airflow/example_dags/example_skip_dag.py
[2024-07-21T21:31:42.280+0100] {processor.py:839} INFO - DAG(s) dict_keys(['example_skip_dag']) retrieved from /Users/apoorvasaxena/.pyenv/versions/airflow-venv/lib/python3.10/site-packages/airflow/example_dags/example_skip_dag.py
[2024-07-21T21:31:42.352+0100] {logging_mixin.py:151} INFO - [2024-07-21T21:31:42.352+0100] {dag.py:2915} INFO - Sync 1 DAGs
[2024-07-21T21:31:42.358+0100] {logging_mixin.py:151} INFO - [2024-07-21T21:31:42.358+0100] {dag.py:3696} INFO - Setting next_dagrun for example_skip_dag to 2024-07-20T20:31:42.358446+00:00, run_after=2024-07-21T20:31:42.358446+00:00
[2024-07-21T21:31:42.364+0100] {processor.py:179} INFO - Processing /Users/apoorvasaxena/.pyenv/versions/airflow-venv/lib/python3.10/site-packages/airflow/example_dags/example_skip_dag.py took 0.098 seconds
[2024-07-21T21:32:58.363+0100] {processor.py:157} INFO - Started process (PID=86787) to work on /Users/apoorvasaxena/.pyenv/versions/airflow-venv/lib/python3.10/site-packages/airflow/example_dags/example_skip_dag.py
[2024-07-21T21:32:58.365+0100] {processor.py:829} INFO - Processing file /Users/apoorvasaxena/.pyenv/versions/airflow-venv/lib/python3.10/site-packages/airflow/example_dags/example_skip_dag.py for tasks to queue
[2024-07-21T21:32:58.366+0100] {logging_mixin.py:151} INFO - [2024-07-21T21:32:58.366+0100] {dagbag.py:539} INFO - Filling up the DagBag from /Users/apoorvasaxena/.pyenv/versions/airflow-venv/lib/python3.10/site-packages/airflow/example_dags/example_skip_dag.py
[2024-07-21T21:32:58.379+0100] {processor.py:839} INFO - DAG(s) dict_keys(['example_skip_dag']) retrieved from /Users/apoorvasaxena/.pyenv/versions/airflow-venv/lib/python3.10/site-packages/airflow/example_dags/example_skip_dag.py
[2024-07-21T21:32:58.458+0100] {logging_mixin.py:151} INFO - [2024-07-21T21:32:58.458+0100] {dag.py:2915} INFO - Sync 1 DAGs
[2024-07-21T21:32:58.464+0100] {logging_mixin.py:151} INFO - [2024-07-21T21:32:58.464+0100] {dag.py:3696} INFO - Setting next_dagrun for example_skip_dag to 2024-07-20T20:32:58.464741+00:00, run_after=2024-07-21T20:32:58.464741+00:00
[2024-07-21T21:32:58.471+0100] {processor.py:179} INFO - Processing /Users/apoorvasaxena/.pyenv/versions/airflow-venv/lib/python3.10/site-packages/airflow/example_dags/example_skip_dag.py took 0.108 seconds
[2024-07-21T21:34:12.199+0100] {processor.py:157} INFO - Started process (PID=86882) to work on /Users/apoorvasaxena/.pyenv/versions/airflow-venv/lib/python3.10/site-packages/airflow/example_dags/example_skip_dag.py
[2024-07-21T21:34:12.201+0100] {processor.py:829} INFO - Processing file /Users/apoorvasaxena/.pyenv/versions/airflow-venv/lib/python3.10/site-packages/airflow/example_dags/example_skip_dag.py for tasks to queue
[2024-07-21T21:34:12.202+0100] {logging_mixin.py:151} INFO - [2024-07-21T21:34:12.202+0100] {dagbag.py:539} INFO - Filling up the DagBag from /Users/apoorvasaxena/.pyenv/versions/airflow-venv/lib/python3.10/site-packages/airflow/example_dags/example_skip_dag.py
[2024-07-21T21:34:12.213+0100] {processor.py:839} INFO - DAG(s) dict_keys(['example_skip_dag']) retrieved from /Users/apoorvasaxena/.pyenv/versions/airflow-venv/lib/python3.10/site-packages/airflow/example_dags/example_skip_dag.py
[2024-07-21T21:34:12.287+0100] {logging_mixin.py:151} INFO - [2024-07-21T21:34:12.287+0100] {dag.py:2915} INFO - Sync 1 DAGs
[2024-07-21T21:34:12.293+0100] {logging_mixin.py:151} INFO - [2024-07-21T21:34:12.293+0100] {dag.py:3696} INFO - Setting next_dagrun for example_skip_dag to 2024-07-20T20:34:12.293325+00:00, run_after=2024-07-21T20:34:12.293325+00:00
[2024-07-21T21:34:12.299+0100] {processor.py:179} INFO - Processing /Users/apoorvasaxena/.pyenv/versions/airflow-venv/lib/python3.10/site-packages/airflow/example_dags/example_skip_dag.py took 0.101 seconds
[2024-07-21T21:35:24.826+0100] {processor.py:157} INFO - Started process (PID=86962) to work on /Users/apoorvasaxena/.pyenv/versions/airflow-venv/lib/python3.10/site-packages/airflow/example_dags/example_skip_dag.py
[2024-07-21T21:35:24.828+0100] {processor.py:829} INFO - Processing file /Users/apoorvasaxena/.pyenv/versions/airflow-venv/lib/python3.10/site-packages/airflow/example_dags/example_skip_dag.py for tasks to queue
[2024-07-21T21:35:24.828+0100] {logging_mixin.py:151} INFO - [2024-07-21T21:35:24.828+0100] {dagbag.py:539} INFO - Filling up the DagBag from /Users/apoorvasaxena/.pyenv/versions/airflow-venv/lib/python3.10/site-packages/airflow/example_dags/example_skip_dag.py
[2024-07-21T21:35:24.840+0100] {processor.py:839} INFO - DAG(s) dict_keys(['example_skip_dag']) retrieved from /Users/apoorvasaxena/.pyenv/versions/airflow-venv/lib/python3.10/site-packages/airflow/example_dags/example_skip_dag.py
[2024-07-21T21:35:24.919+0100] {logging_mixin.py:151} INFO - [2024-07-21T21:35:24.918+0100] {dag.py:2915} INFO - Sync 1 DAGs
[2024-07-21T21:35:24.925+0100] {logging_mixin.py:151} INFO - [2024-07-21T21:35:24.925+0100] {dag.py:3696} INFO - Setting next_dagrun for example_skip_dag to 2024-07-20T20:35:24.925379+00:00, run_after=2024-07-21T20:35:24.925379+00:00
[2024-07-21T21:35:24.932+0100] {processor.py:179} INFO - Processing /Users/apoorvasaxena/.pyenv/versions/airflow-venv/lib/python3.10/site-packages/airflow/example_dags/example_skip_dag.py took 0.106 seconds
[2024-07-21T21:36:34.484+0100] {processor.py:157} INFO - Started process (PID=87049) to work on /Users/apoorvasaxena/.pyenv/versions/airflow-venv/lib/python3.10/site-packages/airflow/example_dags/example_skip_dag.py
[2024-07-21T21:36:34.486+0100] {processor.py:829} INFO - Processing file /Users/apoorvasaxena/.pyenv/versions/airflow-venv/lib/python3.10/site-packages/airflow/example_dags/example_skip_dag.py for tasks to queue
[2024-07-21T21:36:34.486+0100] {logging_mixin.py:151} INFO - [2024-07-21T21:36:34.486+0100] {dagbag.py:539} INFO - Filling up the DagBag from /Users/apoorvasaxena/.pyenv/versions/airflow-venv/lib/python3.10/site-packages/airflow/example_dags/example_skip_dag.py
[2024-07-21T21:36:34.498+0100] {processor.py:839} INFO - DAG(s) dict_keys(['example_skip_dag']) retrieved from /Users/apoorvasaxena/.pyenv/versions/airflow-venv/lib/python3.10/site-packages/airflow/example_dags/example_skip_dag.py
[2024-07-21T21:36:34.572+0100] {logging_mixin.py:151} INFO - [2024-07-21T21:36:34.571+0100] {dag.py:2915} INFO - Sync 1 DAGs
[2024-07-21T21:36:34.578+0100] {logging_mixin.py:151} INFO - [2024-07-21T21:36:34.578+0100] {dag.py:3696} INFO - Setting next_dagrun for example_skip_dag to 2024-07-20T20:36:34.578163+00:00, run_after=2024-07-21T20:36:34.578163+00:00
[2024-07-21T21:36:34.584+0100] {processor.py:179} INFO - Processing /Users/apoorvasaxena/.pyenv/versions/airflow-venv/lib/python3.10/site-packages/airflow/example_dags/example_skip_dag.py took 0.101 seconds
[2024-07-21T21:37:47.301+0100] {processor.py:157} INFO - Started process (PID=87143) to work on /Users/apoorvasaxena/.pyenv/versions/airflow-venv/lib/python3.10/site-packages/airflow/example_dags/example_skip_dag.py
[2024-07-21T21:37:47.303+0100] {processor.py:829} INFO - Processing file /Users/apoorvasaxena/.pyenv/versions/airflow-venv/lib/python3.10/site-packages/airflow/example_dags/example_skip_dag.py for tasks to queue
[2024-07-21T21:37:47.303+0100] {logging_mixin.py:151} INFO - [2024-07-21T21:37:47.303+0100] {dagbag.py:539} INFO - Filling up the DagBag from /Users/apoorvasaxena/.pyenv/versions/airflow-venv/lib/python3.10/site-packages/airflow/example_dags/example_skip_dag.py
[2024-07-21T21:37:47.315+0100] {processor.py:839} INFO - DAG(s) dict_keys(['example_skip_dag']) retrieved from /Users/apoorvasaxena/.pyenv/versions/airflow-venv/lib/python3.10/site-packages/airflow/example_dags/example_skip_dag.py
[2024-07-21T21:37:47.388+0100] {logging_mixin.py:151} INFO - [2024-07-21T21:37:47.388+0100] {dag.py:2915} INFO - Sync 1 DAGs
[2024-07-21T21:37:47.394+0100] {logging_mixin.py:151} INFO - [2024-07-21T21:37:47.394+0100] {dag.py:3696} INFO - Setting next_dagrun for example_skip_dag to 2024-07-20T20:37:47.394766+00:00, run_after=2024-07-21T20:37:47.394766+00:00
[2024-07-21T21:37:47.401+0100] {processor.py:179} INFO - Processing /Users/apoorvasaxena/.pyenv/versions/airflow-venv/lib/python3.10/site-packages/airflow/example_dags/example_skip_dag.py took 0.100 seconds
