[2024-07-21T20:49:50.675+0100] {processor.py:157} INFO - Started process (PID=82509) to work on /Users/apoorvasaxena/.pyenv/versions/airflow-venv/lib/python3.10/site-packages/airflow/example_dags/example_short_circuit_operator.py
[2024-07-21T20:49:50.677+0100] {processor.py:829} INFO - Processing file /Users/apoorvasaxena/.pyenv/versions/airflow-venv/lib/python3.10/site-packages/airflow/example_dags/example_short_circuit_operator.py for tasks to queue
[2024-07-21T20:49:50.677+0100] {logging_mixin.py:151} INFO - [2024-07-21T20:49:50.677+0100] {dagbag.py:539} INFO - Filling up the DagBag from /Users/apoorvasaxena/.pyenv/versions/airflow-venv/lib/python3.10/site-packages/airflow/example_dags/example_short_circuit_operator.py
[2024-07-21T20:49:50.694+0100] {processor.py:839} INFO - DAG(s) dict_keys(['example_short_circuit_operator']) retrieved from /Users/apoorvasaxena/.pyenv/versions/airflow-venv/lib/python3.10/site-packages/airflow/example_dags/example_short_circuit_operator.py
[2024-07-21T20:49:50.716+0100] {logging_mixin.py:151} INFO - [2024-07-21T20:49:50.716+0100] {dag.py:2915} INFO - Sync 1 DAGs
[2024-07-21T20:49:50.750+0100] {logging_mixin.py:151} INFO - [2024-07-21T20:49:50.750+0100] {dag.py:3696} INFO - Setting next_dagrun for example_short_circuit_operator to 2024-07-20T19:49:50.750510+00:00, run_after=2024-07-21T19:49:50.750510+00:00
[2024-07-21T20:49:50.757+0100] {processor.py:179} INFO - Processing /Users/apoorvasaxena/.pyenv/versions/airflow-venv/lib/python3.10/site-packages/airflow/example_dags/example_short_circuit_operator.py took 0.082 seconds
[2024-07-21T20:50:57.370+0100] {processor.py:157} INFO - Started process (PID=82632) to work on /Users/apoorvasaxena/.pyenv/versions/airflow-venv/lib/python3.10/site-packages/airflow/example_dags/example_short_circuit_operator.py
[2024-07-21T20:50:57.372+0100] {processor.py:829} INFO - Processing file /Users/apoorvasaxena/.pyenv/versions/airflow-venv/lib/python3.10/site-packages/airflow/example_dags/example_short_circuit_operator.py for tasks to queue
[2024-07-21T20:50:57.372+0100] {logging_mixin.py:151} INFO - [2024-07-21T20:50:57.372+0100] {dagbag.py:539} INFO - Filling up the DagBag from /Users/apoorvasaxena/.pyenv/versions/airflow-venv/lib/python3.10/site-packages/airflow/example_dags/example_short_circuit_operator.py
[2024-07-21T20:50:57.389+0100] {processor.py:839} INFO - DAG(s) dict_keys(['example_short_circuit_operator']) retrieved from /Users/apoorvasaxena/.pyenv/versions/airflow-venv/lib/python3.10/site-packages/airflow/example_dags/example_short_circuit_operator.py
[2024-07-21T20:50:57.464+0100] {logging_mixin.py:151} INFO - [2024-07-21T20:50:57.464+0100] {dag.py:2915} INFO - Sync 1 DAGs
[2024-07-21T20:50:57.470+0100] {logging_mixin.py:151} INFO - [2024-07-21T20:50:57.470+0100] {dag.py:3696} INFO - Setting next_dagrun for example_short_circuit_operator to 2024-07-20T19:50:57.470313+00:00, run_after=2024-07-21T19:50:57.470313+00:00
[2024-07-21T20:50:57.476+0100] {processor.py:179} INFO - Processing /Users/apoorvasaxena/.pyenv/versions/airflow-venv/lib/python3.10/site-packages/airflow/example_dags/example_short_circuit_operator.py took 0.107 seconds
[2024-07-21T20:52:11.497+0100] {processor.py:157} INFO - Started process (PID=82862) to work on /Users/apoorvasaxena/.pyenv/versions/airflow-venv/lib/python3.10/site-packages/airflow/example_dags/example_short_circuit_operator.py
[2024-07-21T20:52:11.500+0100] {processor.py:829} INFO - Processing file /Users/apoorvasaxena/.pyenv/versions/airflow-venv/lib/python3.10/site-packages/airflow/example_dags/example_short_circuit_operator.py for tasks to queue
[2024-07-21T20:52:11.500+0100] {logging_mixin.py:151} INFO - [2024-07-21T20:52:11.500+0100] {dagbag.py:539} INFO - Filling up the DagBag from /Users/apoorvasaxena/.pyenv/versions/airflow-venv/lib/python3.10/site-packages/airflow/example_dags/example_short_circuit_operator.py
[2024-07-21T20:52:11.517+0100] {processor.py:839} INFO - DAG(s) dict_keys(['example_short_circuit_operator']) retrieved from /Users/apoorvasaxena/.pyenv/versions/airflow-venv/lib/python3.10/site-packages/airflow/example_dags/example_short_circuit_operator.py
[2024-07-21T20:52:11.590+0100] {logging_mixin.py:151} INFO - [2024-07-21T20:52:11.590+0100] {dag.py:2915} INFO - Sync 1 DAGs
[2024-07-21T20:52:11.596+0100] {logging_mixin.py:151} INFO - [2024-07-21T20:52:11.596+0100] {dag.py:3696} INFO - Setting next_dagrun for example_short_circuit_operator to 2024-07-20T19:52:11.596417+00:00, run_after=2024-07-21T19:52:11.596417+00:00
[2024-07-21T20:52:11.602+0100] {processor.py:179} INFO - Processing /Users/apoorvasaxena/.pyenv/versions/airflow-venv/lib/python3.10/site-packages/airflow/example_dags/example_short_circuit_operator.py took 0.106 seconds
