[2024-07-21T20:49:47.484+0100] {processor.py:157} INFO - Started process (PID=82504) to work on /Users/apoorvasaxena/.pyenv/versions/airflow-venv/lib/python3.10/site-packages/airflow/example_dags/example_sla_dag.py
[2024-07-21T20:49:47.486+0100] {processor.py:829} INFO - Processing file /Users/apoorvasaxena/.pyenv/versions/airflow-venv/lib/python3.10/site-packages/airflow/example_dags/example_sla_dag.py for tasks to queue
[2024-07-21T20:49:47.486+0100] {logging_mixin.py:151} INFO - [2024-07-21T20:49:47.486+0100] {dagbag.py:539} INFO - Filling up the DagBag from /Users/apoorvasaxena/.pyenv/versions/airflow-venv/lib/python3.10/site-packages/airflow/example_dags/example_sla_dag.py
[2024-07-21T20:49:47.511+0100] {processor.py:839} INFO - DAG(s) dict_keys(['example_sla_dag']) retrieved from /Users/apoorvasaxena/.pyenv/versions/airflow-venv/lib/python3.10/site-packages/airflow/example_dags/example_sla_dag.py
[2024-07-21T20:49:47.530+0100] {logging_mixin.py:151} INFO - [2024-07-21T20:49:47.530+0100] {dag.py:2915} INFO - Sync 1 DAGs
[2024-07-21T20:49:47.565+0100] {logging_mixin.py:151} INFO - [2024-07-21T20:49:47.565+0100] {dag.py:3696} INFO - Setting next_dagrun for example_sla_dag to 2024-07-21T19:46:00+00:00, run_after=2024-07-21T19:48:00+00:00
[2024-07-21T20:49:47.572+0100] {processor.py:179} INFO - Processing /Users/apoorvasaxena/.pyenv/versions/airflow-venv/lib/python3.10/site-packages/airflow/example_dags/example_sla_dag.py took 0.088 seconds
[2024-07-21T20:50:55.071+0100] {processor.py:157} INFO - Started process (PID=82630) to work on /Users/apoorvasaxena/.pyenv/versions/airflow-venv/lib/python3.10/site-packages/airflow/example_dags/example_sla_dag.py
[2024-07-21T20:50:55.074+0100] {processor.py:829} INFO - Processing file /Users/apoorvasaxena/.pyenv/versions/airflow-venv/lib/python3.10/site-packages/airflow/example_dags/example_sla_dag.py for tasks to queue
[2024-07-21T20:50:55.075+0100] {logging_mixin.py:151} INFO - [2024-07-21T20:50:55.074+0100] {dagbag.py:539} INFO - Filling up the DagBag from /Users/apoorvasaxena/.pyenv/versions/airflow-venv/lib/python3.10/site-packages/airflow/example_dags/example_sla_dag.py
[2024-07-21T20:50:55.099+0100] {processor.py:839} INFO - DAG(s) dict_keys(['example_sla_dag']) retrieved from /Users/apoorvasaxena/.pyenv/versions/airflow-venv/lib/python3.10/site-packages/airflow/example_dags/example_sla_dag.py
[2024-07-21T20:50:55.173+0100] {logging_mixin.py:151} INFO - [2024-07-21T20:50:55.172+0100] {dag.py:2915} INFO - Sync 1 DAGs
[2024-07-21T20:50:55.180+0100] {logging_mixin.py:151} INFO - [2024-07-21T20:50:55.180+0100] {dag.py:3696} INFO - Setting next_dagrun for example_sla_dag to 2024-07-21T19:48:00+00:00, run_after=2024-07-21T19:50:00+00:00
[2024-07-21T20:50:55.187+0100] {processor.py:179} INFO - Processing /Users/apoorvasaxena/.pyenv/versions/airflow-venv/lib/python3.10/site-packages/airflow/example_dags/example_sla_dag.py took 0.117 seconds
[2024-07-21T20:52:08.229+0100] {processor.py:157} INFO - Started process (PID=82856) to work on /Users/apoorvasaxena/.pyenv/versions/airflow-venv/lib/python3.10/site-packages/airflow/example_dags/example_sla_dag.py
[2024-07-21T20:52:08.232+0100] {processor.py:829} INFO - Processing file /Users/apoorvasaxena/.pyenv/versions/airflow-venv/lib/python3.10/site-packages/airflow/example_dags/example_sla_dag.py for tasks to queue
[2024-07-21T20:52:08.232+0100] {logging_mixin.py:151} INFO - [2024-07-21T20:52:08.232+0100] {dagbag.py:539} INFO - Filling up the DagBag from /Users/apoorvasaxena/.pyenv/versions/airflow-venv/lib/python3.10/site-packages/airflow/example_dags/example_sla_dag.py
[2024-07-21T20:52:08.255+0100] {processor.py:839} INFO - DAG(s) dict_keys(['example_sla_dag']) retrieved from /Users/apoorvasaxena/.pyenv/versions/airflow-venv/lib/python3.10/site-packages/airflow/example_dags/example_sla_dag.py
[2024-07-21T20:52:08.325+0100] {logging_mixin.py:151} INFO - [2024-07-21T20:52:08.325+0100] {dag.py:2915} INFO - Sync 1 DAGs
[2024-07-21T20:52:08.332+0100] {logging_mixin.py:151} INFO - [2024-07-21T20:52:08.332+0100] {dag.py:3696} INFO - Setting next_dagrun for example_sla_dag to 2024-07-21T19:50:00+00:00, run_after=2024-07-21T19:52:00+00:00
[2024-07-21T20:52:08.339+0100] {processor.py:179} INFO - Processing /Users/apoorvasaxena/.pyenv/versions/airflow-venv/lib/python3.10/site-packages/airflow/example_dags/example_sla_dag.py took 0.110 seconds
[2024-07-21T20:53:19.095+0100] {processor.py:157} INFO - Started process (PID=83666) to work on /Users/apoorvasaxena/.pyenv/versions/airflow-venv/lib/python3.10/site-packages/airflow/example_dags/example_sla_dag.py
[2024-07-21T20:53:19.098+0100] {processor.py:829} INFO - Processing file /Users/apoorvasaxena/.pyenv/versions/airflow-venv/lib/python3.10/site-packages/airflow/example_dags/example_sla_dag.py for tasks to queue
[2024-07-21T20:53:19.098+0100] {logging_mixin.py:151} INFO - [2024-07-21T20:53:19.098+0100] {dagbag.py:539} INFO - Filling up the DagBag from /Users/apoorvasaxena/.pyenv/versions/airflow-venv/lib/python3.10/site-packages/airflow/example_dags/example_sla_dag.py
[2024-07-21T20:53:19.133+0100] {processor.py:839} INFO - DAG(s) dict_keys(['example_sla_dag']) retrieved from /Users/apoorvasaxena/.pyenv/versions/airflow-venv/lib/python3.10/site-packages/airflow/example_dags/example_sla_dag.py
[2024-07-21T20:53:19.229+0100] {logging_mixin.py:151} INFO - [2024-07-21T20:53:19.229+0100] {dag.py:2915} INFO - Sync 1 DAGs
[2024-07-21T20:53:19.237+0100] {logging_mixin.py:151} INFO - [2024-07-21T20:53:19.237+0100] {dag.py:3696} INFO - Setting next_dagrun for example_sla_dag to 2024-07-21T19:50:00+00:00, run_after=2024-07-21T19:52:00+00:00
[2024-07-21T20:53:19.245+0100] {processor.py:179} INFO - Processing /Users/apoorvasaxena/.pyenv/versions/airflow-venv/lib/python3.10/site-packages/airflow/example_dags/example_sla_dag.py took 0.152 seconds
[2024-07-21T20:54:36.553+0100] {processor.py:157} INFO - Started process (PID=83770) to work on /Users/apoorvasaxena/.pyenv/versions/airflow-venv/lib/python3.10/site-packages/airflow/example_dags/example_sla_dag.py
[2024-07-21T20:54:36.556+0100] {processor.py:829} INFO - Processing file /Users/apoorvasaxena/.pyenv/versions/airflow-venv/lib/python3.10/site-packages/airflow/example_dags/example_sla_dag.py for tasks to queue
[2024-07-21T20:54:36.556+0100] {logging_mixin.py:151} INFO - [2024-07-21T20:54:36.556+0100] {dagbag.py:539} INFO - Filling up the DagBag from /Users/apoorvasaxena/.pyenv/versions/airflow-venv/lib/python3.10/site-packages/airflow/example_dags/example_sla_dag.py
[2024-07-21T20:54:36.579+0100] {processor.py:839} INFO - DAG(s) dict_keys(['example_sla_dag']) retrieved from /Users/apoorvasaxena/.pyenv/versions/airflow-venv/lib/python3.10/site-packages/airflow/example_dags/example_sla_dag.py
[2024-07-21T20:54:36.650+0100] {logging_mixin.py:151} INFO - [2024-07-21T20:54:36.650+0100] {dag.py:2915} INFO - Sync 1 DAGs
[2024-07-21T20:54:36.657+0100] {logging_mixin.py:151} INFO - [2024-07-21T20:54:36.657+0100] {dag.py:3696} INFO - Setting next_dagrun for example_sla_dag to 2024-07-21T19:52:00+00:00, run_after=2024-07-21T19:54:00+00:00
[2024-07-21T20:54:36.664+0100] {processor.py:179} INFO - Processing /Users/apoorvasaxena/.pyenv/versions/airflow-venv/lib/python3.10/site-packages/airflow/example_dags/example_sla_dag.py took 0.111 seconds
[2024-07-21T20:55:50.650+0100] {processor.py:157} INFO - Started process (PID=83878) to work on /Users/apoorvasaxena/.pyenv/versions/airflow-venv/lib/python3.10/site-packages/airflow/example_dags/example_sla_dag.py
[2024-07-21T20:55:50.653+0100] {processor.py:829} INFO - Processing file /Users/apoorvasaxena/.pyenv/versions/airflow-venv/lib/python3.10/site-packages/airflow/example_dags/example_sla_dag.py for tasks to queue
[2024-07-21T20:55:50.653+0100] {logging_mixin.py:151} INFO - [2024-07-21T20:55:50.653+0100] {dagbag.py:539} INFO - Filling up the DagBag from /Users/apoorvasaxena/.pyenv/versions/airflow-venv/lib/python3.10/site-packages/airflow/example_dags/example_sla_dag.py
[2024-07-21T20:55:50.676+0100] {processor.py:839} INFO - DAG(s) dict_keys(['example_sla_dag']) retrieved from /Users/apoorvasaxena/.pyenv/versions/airflow-venv/lib/python3.10/site-packages/airflow/example_dags/example_sla_dag.py
[2024-07-21T20:55:50.747+0100] {logging_mixin.py:151} INFO - [2024-07-21T20:55:50.747+0100] {dag.py:2915} INFO - Sync 1 DAGs
[2024-07-21T20:55:50.754+0100] {logging_mixin.py:151} INFO - [2024-07-21T20:55:50.754+0100] {dag.py:3696} INFO - Setting next_dagrun for example_sla_dag to 2024-07-21T19:52:00+00:00, run_after=2024-07-21T19:54:00+00:00
[2024-07-21T20:55:50.761+0100] {processor.py:179} INFO - Processing /Users/apoorvasaxena/.pyenv/versions/airflow-venv/lib/python3.10/site-packages/airflow/example_dags/example_sla_dag.py took 0.111 seconds
[2024-07-21T20:57:04.463+0100] {processor.py:157} INFO - Started process (PID=83959) to work on /Users/apoorvasaxena/.pyenv/versions/airflow-venv/lib/python3.10/site-packages/airflow/example_dags/example_sla_dag.py
[2024-07-21T20:57:04.465+0100] {processor.py:829} INFO - Processing file /Users/apoorvasaxena/.pyenv/versions/airflow-venv/lib/python3.10/site-packages/airflow/example_dags/example_sla_dag.py for tasks to queue
[2024-07-21T20:57:04.465+0100] {logging_mixin.py:151} INFO - [2024-07-21T20:57:04.465+0100] {dagbag.py:539} INFO - Filling up the DagBag from /Users/apoorvasaxena/.pyenv/versions/airflow-venv/lib/python3.10/site-packages/airflow/example_dags/example_sla_dag.py
[2024-07-21T20:57:04.488+0100] {processor.py:839} INFO - DAG(s) dict_keys(['example_sla_dag']) retrieved from /Users/apoorvasaxena/.pyenv/versions/airflow-venv/lib/python3.10/site-packages/airflow/example_dags/example_sla_dag.py
[2024-07-21T20:57:04.559+0100] {logging_mixin.py:151} INFO - [2024-07-21T20:57:04.559+0100] {dag.py:2915} INFO - Sync 1 DAGs
[2024-07-21T20:57:04.566+0100] {logging_mixin.py:151} INFO - [2024-07-21T20:57:04.566+0100] {dag.py:3696} INFO - Setting next_dagrun for example_sla_dag to 2024-07-21T19:54:00+00:00, run_after=2024-07-21T19:56:00+00:00
[2024-07-21T20:57:04.573+0100] {processor.py:179} INFO - Processing /Users/apoorvasaxena/.pyenv/versions/airflow-venv/lib/python3.10/site-packages/airflow/example_dags/example_sla_dag.py took 0.110 seconds
[2024-07-21T20:58:14.292+0100] {processor.py:157} INFO - Started process (PID=84059) to work on /Users/apoorvasaxena/.pyenv/versions/airflow-venv/lib/python3.10/site-packages/airflow/example_dags/example_sla_dag.py
[2024-07-21T20:58:14.294+0100] {processor.py:829} INFO - Processing file /Users/apoorvasaxena/.pyenv/versions/airflow-venv/lib/python3.10/site-packages/airflow/example_dags/example_sla_dag.py for tasks to queue
[2024-07-21T20:58:14.294+0100] {logging_mixin.py:151} INFO - [2024-07-21T20:58:14.294+0100] {dagbag.py:539} INFO - Filling up the DagBag from /Users/apoorvasaxena/.pyenv/versions/airflow-venv/lib/python3.10/site-packages/airflow/example_dags/example_sla_dag.py
[2024-07-21T20:58:14.317+0100] {processor.py:839} INFO - DAG(s) dict_keys(['example_sla_dag']) retrieved from /Users/apoorvasaxena/.pyenv/versions/airflow-venv/lib/python3.10/site-packages/airflow/example_dags/example_sla_dag.py
[2024-07-21T20:58:14.388+0100] {logging_mixin.py:151} INFO - [2024-07-21T20:58:14.388+0100] {dag.py:2915} INFO - Sync 1 DAGs
[2024-07-21T20:58:14.395+0100] {logging_mixin.py:151} INFO - [2024-07-21T20:58:14.395+0100] {dag.py:3696} INFO - Setting next_dagrun for example_sla_dag to 2024-07-21T19:56:00+00:00, run_after=2024-07-21T19:58:00+00:00
[2024-07-21T20:58:14.402+0100] {processor.py:179} INFO - Processing /Users/apoorvasaxena/.pyenv/versions/airflow-venv/lib/python3.10/site-packages/airflow/example_dags/example_sla_dag.py took 0.110 seconds
[2024-07-21T20:59:25.891+0100] {processor.py:157} INFO - Started process (PID=84135) to work on /Users/apoorvasaxena/.pyenv/versions/airflow-venv/lib/python3.10/site-packages/airflow/example_dags/example_sla_dag.py
[2024-07-21T20:59:25.893+0100] {processor.py:829} INFO - Processing file /Users/apoorvasaxena/.pyenv/versions/airflow-venv/lib/python3.10/site-packages/airflow/example_dags/example_sla_dag.py for tasks to queue
[2024-07-21T20:59:25.893+0100] {logging_mixin.py:151} INFO - [2024-07-21T20:59:25.893+0100] {dagbag.py:539} INFO - Filling up the DagBag from /Users/apoorvasaxena/.pyenv/versions/airflow-venv/lib/python3.10/site-packages/airflow/example_dags/example_sla_dag.py
[2024-07-21T20:59:25.916+0100] {processor.py:839} INFO - DAG(s) dict_keys(['example_sla_dag']) retrieved from /Users/apoorvasaxena/.pyenv/versions/airflow-venv/lib/python3.10/site-packages/airflow/example_dags/example_sla_dag.py
[2024-07-21T20:59:25.987+0100] {logging_mixin.py:151} INFO - [2024-07-21T20:59:25.987+0100] {dag.py:2915} INFO - Sync 1 DAGs
[2024-07-21T20:59:25.994+0100] {logging_mixin.py:151} INFO - [2024-07-21T20:59:25.994+0100] {dag.py:3696} INFO - Setting next_dagrun for example_sla_dag to 2024-07-21T19:56:00+00:00, run_after=2024-07-21T19:58:00+00:00
[2024-07-21T20:59:26.001+0100] {processor.py:179} INFO - Processing /Users/apoorvasaxena/.pyenv/versions/airflow-venv/lib/python3.10/site-packages/airflow/example_dags/example_sla_dag.py took 0.111 seconds
[2024-07-21T21:00:36.991+0100] {processor.py:157} INFO - Started process (PID=84217) to work on /Users/apoorvasaxena/.pyenv/versions/airflow-venv/lib/python3.10/site-packages/airflow/example_dags/example_sla_dag.py
[2024-07-21T21:00:36.993+0100] {processor.py:829} INFO - Processing file /Users/apoorvasaxena/.pyenv/versions/airflow-venv/lib/python3.10/site-packages/airflow/example_dags/example_sla_dag.py for tasks to queue
[2024-07-21T21:00:36.994+0100] {logging_mixin.py:151} INFO - [2024-07-21T21:00:36.994+0100] {dagbag.py:539} INFO - Filling up the DagBag from /Users/apoorvasaxena/.pyenv/versions/airflow-venv/lib/python3.10/site-packages/airflow/example_dags/example_sla_dag.py
[2024-07-21T21:00:37.017+0100] {processor.py:839} INFO - DAG(s) dict_keys(['example_sla_dag']) retrieved from /Users/apoorvasaxena/.pyenv/versions/airflow-venv/lib/python3.10/site-packages/airflow/example_dags/example_sla_dag.py
[2024-07-21T21:00:37.088+0100] {logging_mixin.py:151} INFO - [2024-07-21T21:00:37.088+0100] {dag.py:2915} INFO - Sync 1 DAGs
[2024-07-21T21:00:37.095+0100] {logging_mixin.py:151} INFO - [2024-07-21T21:00:37.095+0100] {dag.py:3696} INFO - Setting next_dagrun for example_sla_dag to 2024-07-21T19:58:00+00:00, run_after=2024-07-21T20:00:00+00:00
[2024-07-21T21:00:37.102+0100] {processor.py:179} INFO - Processing /Users/apoorvasaxena/.pyenv/versions/airflow-venv/lib/python3.10/site-packages/airflow/example_dags/example_sla_dag.py took 0.112 seconds
[2024-07-21T21:01:50.019+0100] {processor.py:157} INFO - Started process (PID=84304) to work on /Users/apoorvasaxena/.pyenv/versions/airflow-venv/lib/python3.10/site-packages/airflow/example_dags/example_sla_dag.py
[2024-07-21T21:01:50.021+0100] {processor.py:829} INFO - Processing file /Users/apoorvasaxena/.pyenv/versions/airflow-venv/lib/python3.10/site-packages/airflow/example_dags/example_sla_dag.py for tasks to queue
[2024-07-21T21:01:50.021+0100] {logging_mixin.py:151} INFO - [2024-07-21T21:01:50.021+0100] {dagbag.py:539} INFO - Filling up the DagBag from /Users/apoorvasaxena/.pyenv/versions/airflow-venv/lib/python3.10/site-packages/airflow/example_dags/example_sla_dag.py
[2024-07-21T21:01:50.045+0100] {processor.py:839} INFO - DAG(s) dict_keys(['example_sla_dag']) retrieved from /Users/apoorvasaxena/.pyenv/versions/airflow-venv/lib/python3.10/site-packages/airflow/example_dags/example_sla_dag.py
[2024-07-21T21:01:50.115+0100] {logging_mixin.py:151} INFO - [2024-07-21T21:01:50.115+0100] {dag.py:2915} INFO - Sync 1 DAGs
[2024-07-21T21:01:50.123+0100] {logging_mixin.py:151} INFO - [2024-07-21T21:01:50.123+0100] {dag.py:3696} INFO - Setting next_dagrun for example_sla_dag to 2024-07-21T19:58:00+00:00, run_after=2024-07-21T20:00:00+00:00
[2024-07-21T21:01:50.129+0100] {processor.py:179} INFO - Processing /Users/apoorvasaxena/.pyenv/versions/airflow-venv/lib/python3.10/site-packages/airflow/example_dags/example_sla_dag.py took 0.111 seconds
[2024-07-21T21:03:05.475+0100] {processor.py:157} INFO - Started process (PID=84393) to work on /Users/apoorvasaxena/.pyenv/versions/airflow-venv/lib/python3.10/site-packages/airflow/example_dags/example_sla_dag.py
[2024-07-21T21:03:05.477+0100] {processor.py:829} INFO - Processing file /Users/apoorvasaxena/.pyenv/versions/airflow-venv/lib/python3.10/site-packages/airflow/example_dags/example_sla_dag.py for tasks to queue
[2024-07-21T21:03:05.478+0100] {logging_mixin.py:151} INFO - [2024-07-21T21:03:05.477+0100] {dagbag.py:539} INFO - Filling up the DagBag from /Users/apoorvasaxena/.pyenv/versions/airflow-venv/lib/python3.10/site-packages/airflow/example_dags/example_sla_dag.py
[2024-07-21T21:03:05.501+0100] {processor.py:839} INFO - DAG(s) dict_keys(['example_sla_dag']) retrieved from /Users/apoorvasaxena/.pyenv/versions/airflow-venv/lib/python3.10/site-packages/airflow/example_dags/example_sla_dag.py
[2024-07-21T21:03:05.571+0100] {logging_mixin.py:151} INFO - [2024-07-21T21:03:05.571+0100] {dag.py:2915} INFO - Sync 1 DAGs
[2024-07-21T21:03:05.579+0100] {logging_mixin.py:151} INFO - [2024-07-21T21:03:05.578+0100] {dag.py:3696} INFO - Setting next_dagrun for example_sla_dag to 2024-07-21T20:00:00+00:00, run_after=2024-07-21T20:02:00+00:00
[2024-07-21T21:03:05.586+0100] {processor.py:179} INFO - Processing /Users/apoorvasaxena/.pyenv/versions/airflow-venv/lib/python3.10/site-packages/airflow/example_dags/example_sla_dag.py took 0.111 seconds
[2024-07-21T21:04:20.231+0100] {processor.py:157} INFO - Started process (PID=84503) to work on /Users/apoorvasaxena/.pyenv/versions/airflow-venv/lib/python3.10/site-packages/airflow/example_dags/example_sla_dag.py
[2024-07-21T21:04:20.233+0100] {processor.py:829} INFO - Processing file /Users/apoorvasaxena/.pyenv/versions/airflow-venv/lib/python3.10/site-packages/airflow/example_dags/example_sla_dag.py for tasks to queue
[2024-07-21T21:04:20.233+0100] {logging_mixin.py:151} INFO - [2024-07-21T21:04:20.233+0100] {dagbag.py:539} INFO - Filling up the DagBag from /Users/apoorvasaxena/.pyenv/versions/airflow-venv/lib/python3.10/site-packages/airflow/example_dags/example_sla_dag.py
[2024-07-21T21:04:20.257+0100] {processor.py:839} INFO - DAG(s) dict_keys(['example_sla_dag']) retrieved from /Users/apoorvasaxena/.pyenv/versions/airflow-venv/lib/python3.10/site-packages/airflow/example_dags/example_sla_dag.py
[2024-07-21T21:04:20.327+0100] {logging_mixin.py:151} INFO - [2024-07-21T21:04:20.327+0100] {dag.py:2915} INFO - Sync 1 DAGs
[2024-07-21T21:04:20.334+0100] {logging_mixin.py:151} INFO - [2024-07-21T21:04:20.334+0100] {dag.py:3696} INFO - Setting next_dagrun for example_sla_dag to 2024-07-21T20:02:00+00:00, run_after=2024-07-21T20:04:00+00:00
[2024-07-21T21:04:20.341+0100] {processor.py:179} INFO - Processing /Users/apoorvasaxena/.pyenv/versions/airflow-venv/lib/python3.10/site-packages/airflow/example_dags/example_sla_dag.py took 0.110 seconds
[2024-07-21T21:05:34.496+0100] {processor.py:157} INFO - Started process (PID=84586) to work on /Users/apoorvasaxena/.pyenv/versions/airflow-venv/lib/python3.10/site-packages/airflow/example_dags/example_sla_dag.py
[2024-07-21T21:05:34.499+0100] {processor.py:829} INFO - Processing file /Users/apoorvasaxena/.pyenv/versions/airflow-venv/lib/python3.10/site-packages/airflow/example_dags/example_sla_dag.py for tasks to queue
[2024-07-21T21:05:34.499+0100] {logging_mixin.py:151} INFO - [2024-07-21T21:05:34.499+0100] {dagbag.py:539} INFO - Filling up the DagBag from /Users/apoorvasaxena/.pyenv/versions/airflow-venv/lib/python3.10/site-packages/airflow/example_dags/example_sla_dag.py
[2024-07-21T21:05:34.522+0100] {processor.py:839} INFO - DAG(s) dict_keys(['example_sla_dag']) retrieved from /Users/apoorvasaxena/.pyenv/versions/airflow-venv/lib/python3.10/site-packages/airflow/example_dags/example_sla_dag.py
[2024-07-21T21:05:34.593+0100] {logging_mixin.py:151} INFO - [2024-07-21T21:05:34.592+0100] {dag.py:2915} INFO - Sync 1 DAGs
[2024-07-21T21:05:34.600+0100] {logging_mixin.py:151} INFO - [2024-07-21T21:05:34.599+0100] {dag.py:3696} INFO - Setting next_dagrun for example_sla_dag to 2024-07-21T20:02:00+00:00, run_after=2024-07-21T20:04:00+00:00
[2024-07-21T21:05:34.606+0100] {processor.py:179} INFO - Processing /Users/apoorvasaxena/.pyenv/versions/airflow-venv/lib/python3.10/site-packages/airflow/example_dags/example_sla_dag.py took 0.110 seconds
[2024-07-21T21:06:43.698+0100] {processor.py:157} INFO - Started process (PID=84690) to work on /Users/apoorvasaxena/.pyenv/versions/airflow-venv/lib/python3.10/site-packages/airflow/example_dags/example_sla_dag.py
[2024-07-21T21:06:43.701+0100] {processor.py:829} INFO - Processing file /Users/apoorvasaxena/.pyenv/versions/airflow-venv/lib/python3.10/site-packages/airflow/example_dags/example_sla_dag.py for tasks to queue
[2024-07-21T21:06:43.701+0100] {logging_mixin.py:151} INFO - [2024-07-21T21:06:43.701+0100] {dagbag.py:539} INFO - Filling up the DagBag from /Users/apoorvasaxena/.pyenv/versions/airflow-venv/lib/python3.10/site-packages/airflow/example_dags/example_sla_dag.py
[2024-07-21T21:06:43.725+0100] {processor.py:839} INFO - DAG(s) dict_keys(['example_sla_dag']) retrieved from /Users/apoorvasaxena/.pyenv/versions/airflow-venv/lib/python3.10/site-packages/airflow/example_dags/example_sla_dag.py
[2024-07-21T21:06:43.799+0100] {logging_mixin.py:151} INFO - [2024-07-21T21:06:43.799+0100] {dag.py:2915} INFO - Sync 1 DAGs
[2024-07-21T21:06:43.807+0100] {logging_mixin.py:151} INFO - [2024-07-21T21:06:43.807+0100] {dag.py:3696} INFO - Setting next_dagrun for example_sla_dag to 2024-07-21T20:04:00+00:00, run_after=2024-07-21T20:06:00+00:00
[2024-07-21T21:06:43.814+0100] {processor.py:179} INFO - Processing /Users/apoorvasaxena/.pyenv/versions/airflow-venv/lib/python3.10/site-packages/airflow/example_dags/example_sla_dag.py took 0.116 seconds
[2024-07-21T21:07:53.293+0100] {processor.py:157} INFO - Started process (PID=84774) to work on /Users/apoorvasaxena/.pyenv/versions/airflow-venv/lib/python3.10/site-packages/airflow/example_dags/example_sla_dag.py
[2024-07-21T21:07:53.296+0100] {processor.py:829} INFO - Processing file /Users/apoorvasaxena/.pyenv/versions/airflow-venv/lib/python3.10/site-packages/airflow/example_dags/example_sla_dag.py for tasks to queue
[2024-07-21T21:07:53.296+0100] {logging_mixin.py:151} INFO - [2024-07-21T21:07:53.296+0100] {dagbag.py:539} INFO - Filling up the DagBag from /Users/apoorvasaxena/.pyenv/versions/airflow-venv/lib/python3.10/site-packages/airflow/example_dags/example_sla_dag.py
[2024-07-21T21:07:53.318+0100] {processor.py:839} INFO - DAG(s) dict_keys(['example_sla_dag']) retrieved from /Users/apoorvasaxena/.pyenv/versions/airflow-venv/lib/python3.10/site-packages/airflow/example_dags/example_sla_dag.py
[2024-07-21T21:07:53.388+0100] {logging_mixin.py:151} INFO - [2024-07-21T21:07:53.388+0100] {dag.py:2915} INFO - Sync 1 DAGs
[2024-07-21T21:07:53.395+0100] {logging_mixin.py:151} INFO - [2024-07-21T21:07:53.395+0100] {dag.py:3696} INFO - Setting next_dagrun for example_sla_dag to 2024-07-21T20:04:00+00:00, run_after=2024-07-21T20:06:00+00:00
[2024-07-21T21:07:53.401+0100] {processor.py:179} INFO - Processing /Users/apoorvasaxena/.pyenv/versions/airflow-venv/lib/python3.10/site-packages/airflow/example_dags/example_sla_dag.py took 0.109 seconds
[2024-07-21T21:09:05.461+0100] {processor.py:157} INFO - Started process (PID=84865) to work on /Users/apoorvasaxena/.pyenv/versions/airflow-venv/lib/python3.10/site-packages/airflow/example_dags/example_sla_dag.py
[2024-07-21T21:09:05.464+0100] {processor.py:829} INFO - Processing file /Users/apoorvasaxena/.pyenv/versions/airflow-venv/lib/python3.10/site-packages/airflow/example_dags/example_sla_dag.py for tasks to queue
[2024-07-21T21:09:05.464+0100] {logging_mixin.py:151} INFO - [2024-07-21T21:09:05.464+0100] {dagbag.py:539} INFO - Filling up the DagBag from /Users/apoorvasaxena/.pyenv/versions/airflow-venv/lib/python3.10/site-packages/airflow/example_dags/example_sla_dag.py
[2024-07-21T21:09:05.486+0100] {processor.py:839} INFO - DAG(s) dict_keys(['example_sla_dag']) retrieved from /Users/apoorvasaxena/.pyenv/versions/airflow-venv/lib/python3.10/site-packages/airflow/example_dags/example_sla_dag.py
[2024-07-21T21:09:05.557+0100] {logging_mixin.py:151} INFO - [2024-07-21T21:09:05.557+0100] {dag.py:2915} INFO - Sync 1 DAGs
[2024-07-21T21:09:05.564+0100] {logging_mixin.py:151} INFO - [2024-07-21T21:09:05.564+0100] {dag.py:3696} INFO - Setting next_dagrun for example_sla_dag to 2024-07-21T20:06:00+00:00, run_after=2024-07-21T20:08:00+00:00
[2024-07-21T21:09:05.570+0100] {processor.py:179} INFO - Processing /Users/apoorvasaxena/.pyenv/versions/airflow-venv/lib/python3.10/site-packages/airflow/example_dags/example_sla_dag.py took 0.110 seconds
[2024-07-21T21:10:18.380+0100] {processor.py:157} INFO - Started process (PID=84963) to work on /Users/apoorvasaxena/.pyenv/versions/airflow-venv/lib/python3.10/site-packages/airflow/example_dags/example_sla_dag.py
[2024-07-21T21:10:18.383+0100] {processor.py:829} INFO - Processing file /Users/apoorvasaxena/.pyenv/versions/airflow-venv/lib/python3.10/site-packages/airflow/example_dags/example_sla_dag.py for tasks to queue
[2024-07-21T21:10:18.383+0100] {logging_mixin.py:151} INFO - [2024-07-21T21:10:18.383+0100] {dagbag.py:539} INFO - Filling up the DagBag from /Users/apoorvasaxena/.pyenv/versions/airflow-venv/lib/python3.10/site-packages/airflow/example_dags/example_sla_dag.py
[2024-07-21T21:10:18.405+0100] {processor.py:839} INFO - DAG(s) dict_keys(['example_sla_dag']) retrieved from /Users/apoorvasaxena/.pyenv/versions/airflow-venv/lib/python3.10/site-packages/airflow/example_dags/example_sla_dag.py
[2024-07-21T21:10:18.475+0100] {logging_mixin.py:151} INFO - [2024-07-21T21:10:18.474+0100] {dag.py:2915} INFO - Sync 1 DAGs
[2024-07-21T21:10:18.482+0100] {logging_mixin.py:151} INFO - [2024-07-21T21:10:18.481+0100] {dag.py:3696} INFO - Setting next_dagrun for example_sla_dag to 2024-07-21T20:08:00+00:00, run_after=2024-07-21T20:10:00+00:00
[2024-07-21T21:10:18.488+0100] {processor.py:179} INFO - Processing /Users/apoorvasaxena/.pyenv/versions/airflow-venv/lib/python3.10/site-packages/airflow/example_dags/example_sla_dag.py took 0.108 seconds
[2024-07-21T21:11:33.435+0100] {processor.py:157} INFO - Started process (PID=85059) to work on /Users/apoorvasaxena/.pyenv/versions/airflow-venv/lib/python3.10/site-packages/airflow/example_dags/example_sla_dag.py
[2024-07-21T21:11:33.438+0100] {processor.py:829} INFO - Processing file /Users/apoorvasaxena/.pyenv/versions/airflow-venv/lib/python3.10/site-packages/airflow/example_dags/example_sla_dag.py for tasks to queue
[2024-07-21T21:11:33.438+0100] {logging_mixin.py:151} INFO - [2024-07-21T21:11:33.438+0100] {dagbag.py:539} INFO - Filling up the DagBag from /Users/apoorvasaxena/.pyenv/versions/airflow-venv/lib/python3.10/site-packages/airflow/example_dags/example_sla_dag.py
[2024-07-21T21:11:33.460+0100] {processor.py:839} INFO - DAG(s) dict_keys(['example_sla_dag']) retrieved from /Users/apoorvasaxena/.pyenv/versions/airflow-venv/lib/python3.10/site-packages/airflow/example_dags/example_sla_dag.py
[2024-07-21T21:11:33.530+0100] {logging_mixin.py:151} INFO - [2024-07-21T21:11:33.529+0100] {dag.py:2915} INFO - Sync 1 DAGs
[2024-07-21T21:11:33.537+0100] {logging_mixin.py:151} INFO - [2024-07-21T21:11:33.537+0100] {dag.py:3696} INFO - Setting next_dagrun for example_sla_dag to 2024-07-21T20:08:00+00:00, run_after=2024-07-21T20:10:00+00:00
[2024-07-21T21:11:33.543+0100] {processor.py:179} INFO - Processing /Users/apoorvasaxena/.pyenv/versions/airflow-venv/lib/python3.10/site-packages/airflow/example_dags/example_sla_dag.py took 0.109 seconds
[2024-07-21T21:12:43.299+0100] {processor.py:157} INFO - Started process (PID=85157) to work on /Users/apoorvasaxena/.pyenv/versions/airflow-venv/lib/python3.10/site-packages/airflow/example_dags/example_sla_dag.py
[2024-07-21T21:12:43.301+0100] {processor.py:829} INFO - Processing file /Users/apoorvasaxena/.pyenv/versions/airflow-venv/lib/python3.10/site-packages/airflow/example_dags/example_sla_dag.py for tasks to queue
[2024-07-21T21:12:43.302+0100] {logging_mixin.py:151} INFO - [2024-07-21T21:12:43.302+0100] {dagbag.py:539} INFO - Filling up the DagBag from /Users/apoorvasaxena/.pyenv/versions/airflow-venv/lib/python3.10/site-packages/airflow/example_dags/example_sla_dag.py
[2024-07-21T21:12:43.324+0100] {processor.py:839} INFO - DAG(s) dict_keys(['example_sla_dag']) retrieved from /Users/apoorvasaxena/.pyenv/versions/airflow-venv/lib/python3.10/site-packages/airflow/example_dags/example_sla_dag.py
[2024-07-21T21:12:43.394+0100] {logging_mixin.py:151} INFO - [2024-07-21T21:12:43.393+0100] {dag.py:2915} INFO - Sync 1 DAGs
[2024-07-21T21:12:43.400+0100] {logging_mixin.py:151} INFO - [2024-07-21T21:12:43.400+0100] {dag.py:3696} INFO - Setting next_dagrun for example_sla_dag to 2024-07-21T20:10:00+00:00, run_after=2024-07-21T20:12:00+00:00
[2024-07-21T21:12:43.407+0100] {processor.py:179} INFO - Processing /Users/apoorvasaxena/.pyenv/versions/airflow-venv/lib/python3.10/site-packages/airflow/example_dags/example_sla_dag.py took 0.109 seconds
[2024-07-21T21:13:55.062+0100] {processor.py:157} INFO - Started process (PID=85245) to work on /Users/apoorvasaxena/.pyenv/versions/airflow-venv/lib/python3.10/site-packages/airflow/example_dags/example_sla_dag.py
[2024-07-21T21:13:55.065+0100] {processor.py:829} INFO - Processing file /Users/apoorvasaxena/.pyenv/versions/airflow-venv/lib/python3.10/site-packages/airflow/example_dags/example_sla_dag.py for tasks to queue
[2024-07-21T21:13:55.065+0100] {logging_mixin.py:151} INFO - [2024-07-21T21:13:55.065+0100] {dagbag.py:539} INFO - Filling up the DagBag from /Users/apoorvasaxena/.pyenv/versions/airflow-venv/lib/python3.10/site-packages/airflow/example_dags/example_sla_dag.py
[2024-07-21T21:13:55.090+0100] {processor.py:839} INFO - DAG(s) dict_keys(['example_sla_dag']) retrieved from /Users/apoorvasaxena/.pyenv/versions/airflow-venv/lib/python3.10/site-packages/airflow/example_dags/example_sla_dag.py
[2024-07-21T21:13:55.170+0100] {logging_mixin.py:151} INFO - [2024-07-21T21:13:55.169+0100] {dag.py:2915} INFO - Sync 1 DAGs
[2024-07-21T21:13:55.178+0100] {logging_mixin.py:151} INFO - [2024-07-21T21:13:55.178+0100] {dag.py:3696} INFO - Setting next_dagrun for example_sla_dag to 2024-07-21T20:10:00+00:00, run_after=2024-07-21T20:12:00+00:00
[2024-07-21T21:13:55.186+0100] {processor.py:179} INFO - Processing /Users/apoorvasaxena/.pyenv/versions/airflow-venv/lib/python3.10/site-packages/airflow/example_dags/example_sla_dag.py took 0.124 seconds
[2024-07-21T21:15:05.082+0100] {processor.py:157} INFO - Started process (PID=85337) to work on /Users/apoorvasaxena/.pyenv/versions/airflow-venv/lib/python3.10/site-packages/airflow/example_dags/example_sla_dag.py
[2024-07-21T21:15:05.085+0100] {processor.py:829} INFO - Processing file /Users/apoorvasaxena/.pyenv/versions/airflow-venv/lib/python3.10/site-packages/airflow/example_dags/example_sla_dag.py for tasks to queue
[2024-07-21T21:15:05.085+0100] {logging_mixin.py:151} INFO - [2024-07-21T21:15:05.085+0100] {dagbag.py:539} INFO - Filling up the DagBag from /Users/apoorvasaxena/.pyenv/versions/airflow-venv/lib/python3.10/site-packages/airflow/example_dags/example_sla_dag.py
[2024-07-21T21:15:05.107+0100] {processor.py:839} INFO - DAG(s) dict_keys(['example_sla_dag']) retrieved from /Users/apoorvasaxena/.pyenv/versions/airflow-venv/lib/python3.10/site-packages/airflow/example_dags/example_sla_dag.py
[2024-07-21T21:15:05.177+0100] {logging_mixin.py:151} INFO - [2024-07-21T21:15:05.177+0100] {dag.py:2915} INFO - Sync 1 DAGs
[2024-07-21T21:15:05.184+0100] {logging_mixin.py:151} INFO - [2024-07-21T21:15:05.184+0100] {dag.py:3696} INFO - Setting next_dagrun for example_sla_dag to 2024-07-21T20:12:00+00:00, run_after=2024-07-21T20:14:00+00:00
[2024-07-21T21:15:05.190+0100] {processor.py:179} INFO - Processing /Users/apoorvasaxena/.pyenv/versions/airflow-venv/lib/python3.10/site-packages/airflow/example_dags/example_sla_dag.py took 0.109 seconds
[2024-07-21T21:16:15.376+0100] {processor.py:157} INFO - Started process (PID=85442) to work on /Users/apoorvasaxena/.pyenv/versions/airflow-venv/lib/python3.10/site-packages/airflow/example_dags/example_sla_dag.py
[2024-07-21T21:16:15.378+0100] {processor.py:829} INFO - Processing file /Users/apoorvasaxena/.pyenv/versions/airflow-venv/lib/python3.10/site-packages/airflow/example_dags/example_sla_dag.py for tasks to queue
[2024-07-21T21:16:15.379+0100] {logging_mixin.py:151} INFO - [2024-07-21T21:16:15.379+0100] {dagbag.py:539} INFO - Filling up the DagBag from /Users/apoorvasaxena/.pyenv/versions/airflow-venv/lib/python3.10/site-packages/airflow/example_dags/example_sla_dag.py
[2024-07-21T21:16:15.401+0100] {processor.py:839} INFO - DAG(s) dict_keys(['example_sla_dag']) retrieved from /Users/apoorvasaxena/.pyenv/versions/airflow-venv/lib/python3.10/site-packages/airflow/example_dags/example_sla_dag.py
[2024-07-21T21:16:15.470+0100] {logging_mixin.py:151} INFO - [2024-07-21T21:16:15.470+0100] {dag.py:2915} INFO - Sync 1 DAGs
[2024-07-21T21:16:15.477+0100] {logging_mixin.py:151} INFO - [2024-07-21T21:16:15.477+0100] {dag.py:3696} INFO - Setting next_dagrun for example_sla_dag to 2024-07-21T20:14:00+00:00, run_after=2024-07-21T20:16:00+00:00
[2024-07-21T21:16:15.484+0100] {processor.py:179} INFO - Processing /Users/apoorvasaxena/.pyenv/versions/airflow-venv/lib/python3.10/site-packages/airflow/example_dags/example_sla_dag.py took 0.109 seconds
[2024-07-21T21:17:26.484+0100] {processor.py:157} INFO - Started process (PID=85532) to work on /Users/apoorvasaxena/.pyenv/versions/airflow-venv/lib/python3.10/site-packages/airflow/example_dags/example_sla_dag.py
[2024-07-21T21:17:26.487+0100] {processor.py:829} INFO - Processing file /Users/apoorvasaxena/.pyenv/versions/airflow-venv/lib/python3.10/site-packages/airflow/example_dags/example_sla_dag.py for tasks to queue
[2024-07-21T21:17:26.487+0100] {logging_mixin.py:151} INFO - [2024-07-21T21:17:26.487+0100] {dagbag.py:539} INFO - Filling up the DagBag from /Users/apoorvasaxena/.pyenv/versions/airflow-venv/lib/python3.10/site-packages/airflow/example_dags/example_sla_dag.py
[2024-07-21T21:17:26.510+0100] {processor.py:839} INFO - DAG(s) dict_keys(['example_sla_dag']) retrieved from /Users/apoorvasaxena/.pyenv/versions/airflow-venv/lib/python3.10/site-packages/airflow/example_dags/example_sla_dag.py
[2024-07-21T21:17:26.579+0100] {logging_mixin.py:151} INFO - [2024-07-21T21:17:26.579+0100] {dag.py:2915} INFO - Sync 1 DAGs
[2024-07-21T21:17:26.586+0100] {logging_mixin.py:151} INFO - [2024-07-21T21:17:26.586+0100] {dag.py:3696} INFO - Setting next_dagrun for example_sla_dag to 2024-07-21T20:14:00+00:00, run_after=2024-07-21T20:16:00+00:00
[2024-07-21T21:17:26.592+0100] {processor.py:179} INFO - Processing /Users/apoorvasaxena/.pyenv/versions/airflow-venv/lib/python3.10/site-packages/airflow/example_dags/example_sla_dag.py took 0.109 seconds
[2024-07-21T21:18:35.093+0100] {processor.py:157} INFO - Started process (PID=85624) to work on /Users/apoorvasaxena/.pyenv/versions/airflow-venv/lib/python3.10/site-packages/airflow/example_dags/example_sla_dag.py
[2024-07-21T21:18:35.095+0100] {processor.py:829} INFO - Processing file /Users/apoorvasaxena/.pyenv/versions/airflow-venv/lib/python3.10/site-packages/airflow/example_dags/example_sla_dag.py for tasks to queue
[2024-07-21T21:18:35.095+0100] {logging_mixin.py:151} INFO - [2024-07-21T21:18:35.095+0100] {dagbag.py:539} INFO - Filling up the DagBag from /Users/apoorvasaxena/.pyenv/versions/airflow-venv/lib/python3.10/site-packages/airflow/example_dags/example_sla_dag.py
[2024-07-21T21:18:35.118+0100] {processor.py:839} INFO - DAG(s) dict_keys(['example_sla_dag']) retrieved from /Users/apoorvasaxena/.pyenv/versions/airflow-venv/lib/python3.10/site-packages/airflow/example_dags/example_sla_dag.py
[2024-07-21T21:18:35.187+0100] {logging_mixin.py:151} INFO - [2024-07-21T21:18:35.187+0100] {dag.py:2915} INFO - Sync 1 DAGs
[2024-07-21T21:18:35.194+0100] {logging_mixin.py:151} INFO - [2024-07-21T21:18:35.194+0100] {dag.py:3696} INFO - Setting next_dagrun for example_sla_dag to 2024-07-21T20:16:00+00:00, run_after=2024-07-21T20:18:00+00:00
[2024-07-21T21:18:35.201+0100] {processor.py:179} INFO - Processing /Users/apoorvasaxena/.pyenv/versions/airflow-venv/lib/python3.10/site-packages/airflow/example_dags/example_sla_dag.py took 0.108 seconds
[2024-07-21T21:19:47.431+0100] {processor.py:157} INFO - Started process (PID=85721) to work on /Users/apoorvasaxena/.pyenv/versions/airflow-venv/lib/python3.10/site-packages/airflow/example_dags/example_sla_dag.py
[2024-07-21T21:19:47.433+0100] {processor.py:829} INFO - Processing file /Users/apoorvasaxena/.pyenv/versions/airflow-venv/lib/python3.10/site-packages/airflow/example_dags/example_sla_dag.py for tasks to queue
[2024-07-21T21:19:47.433+0100] {logging_mixin.py:151} INFO - [2024-07-21T21:19:47.433+0100] {dagbag.py:539} INFO - Filling up the DagBag from /Users/apoorvasaxena/.pyenv/versions/airflow-venv/lib/python3.10/site-packages/airflow/example_dags/example_sla_dag.py
[2024-07-21T21:19:47.455+0100] {processor.py:839} INFO - DAG(s) dict_keys(['example_sla_dag']) retrieved from /Users/apoorvasaxena/.pyenv/versions/airflow-venv/lib/python3.10/site-packages/airflow/example_dags/example_sla_dag.py
[2024-07-21T21:19:47.525+0100] {logging_mixin.py:151} INFO - [2024-07-21T21:19:47.525+0100] {dag.py:2915} INFO - Sync 1 DAGs
[2024-07-21T21:19:47.532+0100] {logging_mixin.py:151} INFO - [2024-07-21T21:19:47.532+0100] {dag.py:3696} INFO - Setting next_dagrun for example_sla_dag to 2024-07-21T20:16:00+00:00, run_after=2024-07-21T20:18:00+00:00
[2024-07-21T21:19:47.538+0100] {processor.py:179} INFO - Processing /Users/apoorvasaxena/.pyenv/versions/airflow-venv/lib/python3.10/site-packages/airflow/example_dags/example_sla_dag.py took 0.108 seconds
[2024-07-21T21:21:01.363+0100] {processor.py:157} INFO - Started process (PID=85820) to work on /Users/apoorvasaxena/.pyenv/versions/airflow-venv/lib/python3.10/site-packages/airflow/example_dags/example_sla_dag.py
[2024-07-21T21:21:01.365+0100] {processor.py:829} INFO - Processing file /Users/apoorvasaxena/.pyenv/versions/airflow-venv/lib/python3.10/site-packages/airflow/example_dags/example_sla_dag.py for tasks to queue
[2024-07-21T21:21:01.366+0100] {logging_mixin.py:151} INFO - [2024-07-21T21:21:01.365+0100] {dagbag.py:539} INFO - Filling up the DagBag from /Users/apoorvasaxena/.pyenv/versions/airflow-venv/lib/python3.10/site-packages/airflow/example_dags/example_sla_dag.py
[2024-07-21T21:21:01.388+0100] {processor.py:839} INFO - DAG(s) dict_keys(['example_sla_dag']) retrieved from /Users/apoorvasaxena/.pyenv/versions/airflow-venv/lib/python3.10/site-packages/airflow/example_dags/example_sla_dag.py
[2024-07-21T21:21:01.458+0100] {logging_mixin.py:151} INFO - [2024-07-21T21:21:01.458+0100] {dag.py:2915} INFO - Sync 1 DAGs
[2024-07-21T21:21:01.465+0100] {logging_mixin.py:151} INFO - [2024-07-21T21:21:01.465+0100] {dag.py:3696} INFO - Setting next_dagrun for example_sla_dag to 2024-07-21T20:18:00+00:00, run_after=2024-07-21T20:20:00+00:00
[2024-07-21T21:21:01.471+0100] {processor.py:179} INFO - Processing /Users/apoorvasaxena/.pyenv/versions/airflow-venv/lib/python3.10/site-packages/airflow/example_dags/example_sla_dag.py took 0.108 seconds
[2024-07-21T21:22:10.878+0100] {processor.py:157} INFO - Started process (PID=85915) to work on /Users/apoorvasaxena/.pyenv/versions/airflow-venv/lib/python3.10/site-packages/airflow/example_dags/example_sla_dag.py
[2024-07-21T21:22:10.881+0100] {processor.py:829} INFO - Processing file /Users/apoorvasaxena/.pyenv/versions/airflow-venv/lib/python3.10/site-packages/airflow/example_dags/example_sla_dag.py for tasks to queue
[2024-07-21T21:22:10.881+0100] {logging_mixin.py:151} INFO - [2024-07-21T21:22:10.881+0100] {dagbag.py:539} INFO - Filling up the DagBag from /Users/apoorvasaxena/.pyenv/versions/airflow-venv/lib/python3.10/site-packages/airflow/example_dags/example_sla_dag.py
[2024-07-21T21:22:10.903+0100] {processor.py:839} INFO - DAG(s) dict_keys(['example_sla_dag']) retrieved from /Users/apoorvasaxena/.pyenv/versions/airflow-venv/lib/python3.10/site-packages/airflow/example_dags/example_sla_dag.py
[2024-07-21T21:22:10.973+0100] {logging_mixin.py:151} INFO - [2024-07-21T21:22:10.973+0100] {dag.py:2915} INFO - Sync 1 DAGs
[2024-07-21T21:22:10.980+0100] {logging_mixin.py:151} INFO - [2024-07-21T21:22:10.980+0100] {dag.py:3696} INFO - Setting next_dagrun for example_sla_dag to 2024-07-21T20:20:00+00:00, run_after=2024-07-21T20:22:00+00:00
[2024-07-21T21:22:10.986+0100] {processor.py:179} INFO - Processing /Users/apoorvasaxena/.pyenv/versions/airflow-venv/lib/python3.10/site-packages/airflow/example_dags/example_sla_dag.py took 0.109 seconds
[2024-07-21T21:23:23.695+0100] {processor.py:157} INFO - Started process (PID=86007) to work on /Users/apoorvasaxena/.pyenv/versions/airflow-venv/lib/python3.10/site-packages/airflow/example_dags/example_sla_dag.py
[2024-07-21T21:23:23.697+0100] {processor.py:829} INFO - Processing file /Users/apoorvasaxena/.pyenv/versions/airflow-venv/lib/python3.10/site-packages/airflow/example_dags/example_sla_dag.py for tasks to queue
[2024-07-21T21:23:23.698+0100] {logging_mixin.py:151} INFO - [2024-07-21T21:23:23.698+0100] {dagbag.py:539} INFO - Filling up the DagBag from /Users/apoorvasaxena/.pyenv/versions/airflow-venv/lib/python3.10/site-packages/airflow/example_dags/example_sla_dag.py
[2024-07-21T21:23:23.720+0100] {processor.py:839} INFO - DAG(s) dict_keys(['example_sla_dag']) retrieved from /Users/apoorvasaxena/.pyenv/versions/airflow-venv/lib/python3.10/site-packages/airflow/example_dags/example_sla_dag.py
[2024-07-21T21:23:23.789+0100] {logging_mixin.py:151} INFO - [2024-07-21T21:23:23.789+0100] {dag.py:2915} INFO - Sync 1 DAGs
[2024-07-21T21:23:23.796+0100] {logging_mixin.py:151} INFO - [2024-07-21T21:23:23.796+0100] {dag.py:3696} INFO - Setting next_dagrun for example_sla_dag to 2024-07-21T20:20:00+00:00, run_after=2024-07-21T20:22:00+00:00
[2024-07-21T21:23:23.803+0100] {processor.py:179} INFO - Processing /Users/apoorvasaxena/.pyenv/versions/airflow-venv/lib/python3.10/site-packages/airflow/example_dags/example_sla_dag.py took 0.108 seconds
[2024-07-21T21:24:34.488+0100] {processor.py:157} INFO - Started process (PID=86107) to work on /Users/apoorvasaxena/.pyenv/versions/airflow-venv/lib/python3.10/site-packages/airflow/example_dags/example_sla_dag.py
[2024-07-21T21:24:34.490+0100] {processor.py:829} INFO - Processing file /Users/apoorvasaxena/.pyenv/versions/airflow-venv/lib/python3.10/site-packages/airflow/example_dags/example_sla_dag.py for tasks to queue
[2024-07-21T21:24:34.491+0100] {logging_mixin.py:151} INFO - [2024-07-21T21:24:34.490+0100] {dagbag.py:539} INFO - Filling up the DagBag from /Users/apoorvasaxena/.pyenv/versions/airflow-venv/lib/python3.10/site-packages/airflow/example_dags/example_sla_dag.py
[2024-07-21T21:24:34.513+0100] {processor.py:839} INFO - DAG(s) dict_keys(['example_sla_dag']) retrieved from /Users/apoorvasaxena/.pyenv/versions/airflow-venv/lib/python3.10/site-packages/airflow/example_dags/example_sla_dag.py
[2024-07-21T21:24:34.583+0100] {logging_mixin.py:151} INFO - [2024-07-21T21:24:34.583+0100] {dag.py:2915} INFO - Sync 1 DAGs
[2024-07-21T21:24:34.590+0100] {logging_mixin.py:151} INFO - [2024-07-21T21:24:34.590+0100] {dag.py:3696} INFO - Setting next_dagrun for example_sla_dag to 2024-07-21T20:22:00+00:00, run_after=2024-07-21T20:24:00+00:00
[2024-07-21T21:24:34.597+0100] {processor.py:179} INFO - Processing /Users/apoorvasaxena/.pyenv/versions/airflow-venv/lib/python3.10/site-packages/airflow/example_dags/example_sla_dag.py took 0.110 seconds
[2024-07-21T21:25:44.176+0100] {processor.py:157} INFO - Started process (PID=86203) to work on /Users/apoorvasaxena/.pyenv/versions/airflow-venv/lib/python3.10/site-packages/airflow/example_dags/example_sla_dag.py
[2024-07-21T21:25:44.178+0100] {processor.py:829} INFO - Processing file /Users/apoorvasaxena/.pyenv/versions/airflow-venv/lib/python3.10/site-packages/airflow/example_dags/example_sla_dag.py for tasks to queue
[2024-07-21T21:25:44.179+0100] {logging_mixin.py:151} INFO - [2024-07-21T21:25:44.179+0100] {dagbag.py:539} INFO - Filling up the DagBag from /Users/apoorvasaxena/.pyenv/versions/airflow-venv/lib/python3.10/site-packages/airflow/example_dags/example_sla_dag.py
[2024-07-21T21:25:44.201+0100] {processor.py:839} INFO - DAG(s) dict_keys(['example_sla_dag']) retrieved from /Users/apoorvasaxena/.pyenv/versions/airflow-venv/lib/python3.10/site-packages/airflow/example_dags/example_sla_dag.py
[2024-07-21T21:25:44.271+0100] {logging_mixin.py:151} INFO - [2024-07-21T21:25:44.271+0100] {dag.py:2915} INFO - Sync 1 DAGs
[2024-07-21T21:25:44.278+0100] {logging_mixin.py:151} INFO - [2024-07-21T21:25:44.278+0100] {dag.py:3696} INFO - Setting next_dagrun for example_sla_dag to 2024-07-21T20:22:00+00:00, run_after=2024-07-21T20:24:00+00:00
[2024-07-21T21:25:44.285+0100] {processor.py:179} INFO - Processing /Users/apoorvasaxena/.pyenv/versions/airflow-venv/lib/python3.10/site-packages/airflow/example_dags/example_sla_dag.py took 0.109 seconds
[2024-07-21T21:26:54.846+0100] {processor.py:157} INFO - Started process (PID=86290) to work on /Users/apoorvasaxena/.pyenv/versions/airflow-venv/lib/python3.10/site-packages/airflow/example_dags/example_sla_dag.py
[2024-07-21T21:26:54.848+0100] {processor.py:829} INFO - Processing file /Users/apoorvasaxena/.pyenv/versions/airflow-venv/lib/python3.10/site-packages/airflow/example_dags/example_sla_dag.py for tasks to queue
[2024-07-21T21:26:54.849+0100] {logging_mixin.py:151} INFO - [2024-07-21T21:26:54.849+0100] {dagbag.py:539} INFO - Filling up the DagBag from /Users/apoorvasaxena/.pyenv/versions/airflow-venv/lib/python3.10/site-packages/airflow/example_dags/example_sla_dag.py
[2024-07-21T21:26:54.871+0100] {processor.py:839} INFO - DAG(s) dict_keys(['example_sla_dag']) retrieved from /Users/apoorvasaxena/.pyenv/versions/airflow-venv/lib/python3.10/site-packages/airflow/example_dags/example_sla_dag.py
[2024-07-21T21:26:54.940+0100] {logging_mixin.py:151} INFO - [2024-07-21T21:26:54.940+0100] {dag.py:2915} INFO - Sync 1 DAGs
[2024-07-21T21:26:54.947+0100] {logging_mixin.py:151} INFO - [2024-07-21T21:26:54.947+0100] {dag.py:3696} INFO - Setting next_dagrun for example_sla_dag to 2024-07-21T20:24:00+00:00, run_after=2024-07-21T20:26:00+00:00
[2024-07-21T21:26:54.954+0100] {processor.py:179} INFO - Processing /Users/apoorvasaxena/.pyenv/versions/airflow-venv/lib/python3.10/site-packages/airflow/example_dags/example_sla_dag.py took 0.108 seconds
[2024-07-21T21:28:05.857+0100] {processor.py:157} INFO - Started process (PID=86383) to work on /Users/apoorvasaxena/.pyenv/versions/airflow-venv/lib/python3.10/site-packages/airflow/example_dags/example_sla_dag.py
[2024-07-21T21:28:05.859+0100] {processor.py:829} INFO - Processing file /Users/apoorvasaxena/.pyenv/versions/airflow-venv/lib/python3.10/site-packages/airflow/example_dags/example_sla_dag.py for tasks to queue
[2024-07-21T21:28:05.860+0100] {logging_mixin.py:151} INFO - [2024-07-21T21:28:05.860+0100] {dagbag.py:539} INFO - Filling up the DagBag from /Users/apoorvasaxena/.pyenv/versions/airflow-venv/lib/python3.10/site-packages/airflow/example_dags/example_sla_dag.py
[2024-07-21T21:28:05.882+0100] {processor.py:839} INFO - DAG(s) dict_keys(['example_sla_dag']) retrieved from /Users/apoorvasaxena/.pyenv/versions/airflow-venv/lib/python3.10/site-packages/airflow/example_dags/example_sla_dag.py
[2024-07-21T21:28:05.951+0100] {logging_mixin.py:151} INFO - [2024-07-21T21:28:05.951+0100] {dag.py:2915} INFO - Sync 1 DAGs
[2024-07-21T21:28:05.958+0100] {logging_mixin.py:151} INFO - [2024-07-21T21:28:05.958+0100] {dag.py:3696} INFO - Setting next_dagrun for example_sla_dag to 2024-07-21T20:26:00+00:00, run_after=2024-07-21T20:28:00+00:00
[2024-07-21T21:28:05.965+0100] {processor.py:179} INFO - Processing /Users/apoorvasaxena/.pyenv/versions/airflow-venv/lib/python3.10/site-packages/airflow/example_dags/example_sla_dag.py took 0.108 seconds
[2024-07-21T21:29:19.485+0100] {processor.py:157} INFO - Started process (PID=86485) to work on /Users/apoorvasaxena/.pyenv/versions/airflow-venv/lib/python3.10/site-packages/airflow/example_dags/example_sla_dag.py
[2024-07-21T21:29:19.488+0100] {processor.py:829} INFO - Processing file /Users/apoorvasaxena/.pyenv/versions/airflow-venv/lib/python3.10/site-packages/airflow/example_dags/example_sla_dag.py for tasks to queue
[2024-07-21T21:29:19.488+0100] {logging_mixin.py:151} INFO - [2024-07-21T21:29:19.488+0100] {dagbag.py:539} INFO - Filling up the DagBag from /Users/apoorvasaxena/.pyenv/versions/airflow-venv/lib/python3.10/site-packages/airflow/example_dags/example_sla_dag.py
[2024-07-21T21:29:19.512+0100] {processor.py:839} INFO - DAG(s) dict_keys(['example_sla_dag']) retrieved from /Users/apoorvasaxena/.pyenv/versions/airflow-venv/lib/python3.10/site-packages/airflow/example_dags/example_sla_dag.py
[2024-07-21T21:29:19.586+0100] {logging_mixin.py:151} INFO - [2024-07-21T21:29:19.586+0100] {dag.py:2915} INFO - Sync 1 DAGs
[2024-07-21T21:29:19.594+0100] {logging_mixin.py:151} INFO - [2024-07-21T21:29:19.593+0100] {dag.py:3696} INFO - Setting next_dagrun for example_sla_dag to 2024-07-21T20:26:00+00:00, run_after=2024-07-21T20:28:00+00:00
[2024-07-21T21:29:19.601+0100] {processor.py:179} INFO - Processing /Users/apoorvasaxena/.pyenv/versions/airflow-venv/lib/python3.10/site-packages/airflow/example_dags/example_sla_dag.py took 0.116 seconds
[2024-07-21T21:30:30.673+0100] {processor.py:157} INFO - Started process (PID=86575) to work on /Users/apoorvasaxena/.pyenv/versions/airflow-venv/lib/python3.10/site-packages/airflow/example_dags/example_sla_dag.py
[2024-07-21T21:30:30.676+0100] {processor.py:829} INFO - Processing file /Users/apoorvasaxena/.pyenv/versions/airflow-venv/lib/python3.10/site-packages/airflow/example_dags/example_sla_dag.py for tasks to queue
[2024-07-21T21:30:30.676+0100] {logging_mixin.py:151} INFO - [2024-07-21T21:30:30.676+0100] {dagbag.py:539} INFO - Filling up the DagBag from /Users/apoorvasaxena/.pyenv/versions/airflow-venv/lib/python3.10/site-packages/airflow/example_dags/example_sla_dag.py
[2024-07-21T21:30:30.699+0100] {processor.py:839} INFO - DAG(s) dict_keys(['example_sla_dag']) retrieved from /Users/apoorvasaxena/.pyenv/versions/airflow-venv/lib/python3.10/site-packages/airflow/example_dags/example_sla_dag.py
[2024-07-21T21:30:30.768+0100] {logging_mixin.py:151} INFO - [2024-07-21T21:30:30.768+0100] {dag.py:2915} INFO - Sync 1 DAGs
[2024-07-21T21:30:30.775+0100] {logging_mixin.py:151} INFO - [2024-07-21T21:30:30.775+0100] {dag.py:3696} INFO - Setting next_dagrun for example_sla_dag to 2024-07-21T20:28:00+00:00, run_after=2024-07-21T20:30:00+00:00
[2024-07-21T21:30:30.782+0100] {processor.py:179} INFO - Processing /Users/apoorvasaxena/.pyenv/versions/airflow-venv/lib/python3.10/site-packages/airflow/example_dags/example_sla_dag.py took 0.109 seconds
[2024-07-21T21:31:40.631+0100] {processor.py:157} INFO - Started process (PID=86670) to work on /Users/apoorvasaxena/.pyenv/versions/airflow-venv/lib/python3.10/site-packages/airflow/example_dags/example_sla_dag.py
[2024-07-21T21:31:40.633+0100] {processor.py:829} INFO - Processing file /Users/apoorvasaxena/.pyenv/versions/airflow-venv/lib/python3.10/site-packages/airflow/example_dags/example_sla_dag.py for tasks to queue
[2024-07-21T21:31:40.633+0100] {logging_mixin.py:151} INFO - [2024-07-21T21:31:40.633+0100] {dagbag.py:539} INFO - Filling up the DagBag from /Users/apoorvasaxena/.pyenv/versions/airflow-venv/lib/python3.10/site-packages/airflow/example_dags/example_sla_dag.py
[2024-07-21T21:31:40.655+0100] {processor.py:839} INFO - DAG(s) dict_keys(['example_sla_dag']) retrieved from /Users/apoorvasaxena/.pyenv/versions/airflow-venv/lib/python3.10/site-packages/airflow/example_dags/example_sla_dag.py
[2024-07-21T21:31:40.725+0100] {logging_mixin.py:151} INFO - [2024-07-21T21:31:40.725+0100] {dag.py:2915} INFO - Sync 1 DAGs
[2024-07-21T21:31:40.732+0100] {logging_mixin.py:151} INFO - [2024-07-21T21:31:40.732+0100] {dag.py:3696} INFO - Setting next_dagrun for example_sla_dag to 2024-07-21T20:28:00+00:00, run_after=2024-07-21T20:30:00+00:00
[2024-07-21T21:31:40.739+0100] {processor.py:179} INFO - Processing /Users/apoorvasaxena/.pyenv/versions/airflow-venv/lib/python3.10/site-packages/airflow/example_dags/example_sla_dag.py took 0.109 seconds
[2024-07-21T21:32:57.203+0100] {processor.py:157} INFO - Started process (PID=86786) to work on /Users/apoorvasaxena/.pyenv/versions/airflow-venv/lib/python3.10/site-packages/airflow/example_dags/example_sla_dag.py
[2024-07-21T21:32:57.206+0100] {processor.py:829} INFO - Processing file /Users/apoorvasaxena/.pyenv/versions/airflow-venv/lib/python3.10/site-packages/airflow/example_dags/example_sla_dag.py for tasks to queue
[2024-07-21T21:32:57.206+0100] {logging_mixin.py:151} INFO - [2024-07-21T21:32:57.206+0100] {dagbag.py:539} INFO - Filling up the DagBag from /Users/apoorvasaxena/.pyenv/versions/airflow-venv/lib/python3.10/site-packages/airflow/example_dags/example_sla_dag.py
[2024-07-21T21:32:57.231+0100] {processor.py:839} INFO - DAG(s) dict_keys(['example_sla_dag']) retrieved from /Users/apoorvasaxena/.pyenv/versions/airflow-venv/lib/python3.10/site-packages/airflow/example_dags/example_sla_dag.py
[2024-07-21T21:32:57.309+0100] {logging_mixin.py:151} INFO - [2024-07-21T21:32:57.309+0100] {dag.py:2915} INFO - Sync 1 DAGs
[2024-07-21T21:32:57.317+0100] {logging_mixin.py:151} INFO - [2024-07-21T21:32:57.317+0100] {dag.py:3696} INFO - Setting next_dagrun for example_sla_dag to 2024-07-21T20:30:00+00:00, run_after=2024-07-21T20:32:00+00:00
[2024-07-21T21:32:57.324+0100] {processor.py:179} INFO - Processing /Users/apoorvasaxena/.pyenv/versions/airflow-venv/lib/python3.10/site-packages/airflow/example_dags/example_sla_dag.py took 0.121 seconds
[2024-07-21T21:34:10.547+0100] {processor.py:157} INFO - Started process (PID=86879) to work on /Users/apoorvasaxena/.pyenv/versions/airflow-venv/lib/python3.10/site-packages/airflow/example_dags/example_sla_dag.py
[2024-07-21T21:34:10.550+0100] {processor.py:829} INFO - Processing file /Users/apoorvasaxena/.pyenv/versions/airflow-venv/lib/python3.10/site-packages/airflow/example_dags/example_sla_dag.py for tasks to queue
[2024-07-21T21:34:10.550+0100] {logging_mixin.py:151} INFO - [2024-07-21T21:34:10.550+0100] {dagbag.py:539} INFO - Filling up the DagBag from /Users/apoorvasaxena/.pyenv/versions/airflow-venv/lib/python3.10/site-packages/airflow/example_dags/example_sla_dag.py
[2024-07-21T21:34:10.573+0100] {processor.py:839} INFO - DAG(s) dict_keys(['example_sla_dag']) retrieved from /Users/apoorvasaxena/.pyenv/versions/airflow-venv/lib/python3.10/site-packages/airflow/example_dags/example_sla_dag.py
[2024-07-21T21:34:10.646+0100] {logging_mixin.py:151} INFO - [2024-07-21T21:34:10.646+0100] {dag.py:2915} INFO - Sync 1 DAGs
[2024-07-21T21:34:10.653+0100] {logging_mixin.py:151} INFO - [2024-07-21T21:34:10.653+0100] {dag.py:3696} INFO - Setting next_dagrun for example_sla_dag to 2024-07-21T20:32:00+00:00, run_after=2024-07-21T20:34:00+00:00
[2024-07-21T21:34:10.660+0100] {processor.py:179} INFO - Processing /Users/apoorvasaxena/.pyenv/versions/airflow-venv/lib/python3.10/site-packages/airflow/example_dags/example_sla_dag.py took 0.113 seconds
[2024-07-21T21:35:23.150+0100] {processor.py:157} INFO - Started process (PID=86961) to work on /Users/apoorvasaxena/.pyenv/versions/airflow-venv/lib/python3.10/site-packages/airflow/example_dags/example_sla_dag.py
[2024-07-21T21:35:23.152+0100] {processor.py:829} INFO - Processing file /Users/apoorvasaxena/.pyenv/versions/airflow-venv/lib/python3.10/site-packages/airflow/example_dags/example_sla_dag.py for tasks to queue
[2024-07-21T21:35:23.152+0100] {logging_mixin.py:151} INFO - [2024-07-21T21:35:23.152+0100] {dagbag.py:539} INFO - Filling up the DagBag from /Users/apoorvasaxena/.pyenv/versions/airflow-venv/lib/python3.10/site-packages/airflow/example_dags/example_sla_dag.py
[2024-07-21T21:35:23.175+0100] {processor.py:839} INFO - DAG(s) dict_keys(['example_sla_dag']) retrieved from /Users/apoorvasaxena/.pyenv/versions/airflow-venv/lib/python3.10/site-packages/airflow/example_dags/example_sla_dag.py
[2024-07-21T21:35:23.245+0100] {logging_mixin.py:151} INFO - [2024-07-21T21:35:23.245+0100] {dag.py:2915} INFO - Sync 1 DAGs
[2024-07-21T21:35:23.253+0100] {logging_mixin.py:151} INFO - [2024-07-21T21:35:23.252+0100] {dag.py:3696} INFO - Setting next_dagrun for example_sla_dag to 2024-07-21T20:32:00+00:00, run_after=2024-07-21T20:34:00+00:00
[2024-07-21T21:35:23.259+0100] {processor.py:179} INFO - Processing /Users/apoorvasaxena/.pyenv/versions/airflow-venv/lib/python3.10/site-packages/airflow/example_dags/example_sla_dag.py took 0.110 seconds
[2024-07-21T21:36:33.200+0100] {processor.py:157} INFO - Started process (PID=87047) to work on /Users/apoorvasaxena/.pyenv/versions/airflow-venv/lib/python3.10/site-packages/airflow/example_dags/example_sla_dag.py
[2024-07-21T21:36:33.202+0100] {processor.py:829} INFO - Processing file /Users/apoorvasaxena/.pyenv/versions/airflow-venv/lib/python3.10/site-packages/airflow/example_dags/example_sla_dag.py for tasks to queue
[2024-07-21T21:36:33.202+0100] {logging_mixin.py:151} INFO - [2024-07-21T21:36:33.202+0100] {dagbag.py:539} INFO - Filling up the DagBag from /Users/apoorvasaxena/.pyenv/versions/airflow-venv/lib/python3.10/site-packages/airflow/example_dags/example_sla_dag.py
[2024-07-21T21:36:33.225+0100] {processor.py:839} INFO - DAG(s) dict_keys(['example_sla_dag']) retrieved from /Users/apoorvasaxena/.pyenv/versions/airflow-venv/lib/python3.10/site-packages/airflow/example_dags/example_sla_dag.py
[2024-07-21T21:36:33.296+0100] {logging_mixin.py:151} INFO - [2024-07-21T21:36:33.296+0100] {dag.py:2915} INFO - Sync 1 DAGs
[2024-07-21T21:36:33.303+0100] {logging_mixin.py:151} INFO - [2024-07-21T21:36:33.303+0100] {dag.py:3696} INFO - Setting next_dagrun for example_sla_dag to 2024-07-21T20:34:00+00:00, run_after=2024-07-21T20:36:00+00:00
[2024-07-21T21:36:33.310+0100] {processor.py:179} INFO - Processing /Users/apoorvasaxena/.pyenv/versions/airflow-venv/lib/python3.10/site-packages/airflow/example_dags/example_sla_dag.py took 0.110 seconds
[2024-07-21T21:37:46.695+0100] {processor.py:157} INFO - Started process (PID=87139) to work on /Users/apoorvasaxena/.pyenv/versions/airflow-venv/lib/python3.10/site-packages/airflow/example_dags/example_sla_dag.py
[2024-07-21T21:37:46.697+0100] {processor.py:829} INFO - Processing file /Users/apoorvasaxena/.pyenv/versions/airflow-venv/lib/python3.10/site-packages/airflow/example_dags/example_sla_dag.py for tasks to queue
[2024-07-21T21:37:46.698+0100] {logging_mixin.py:151} INFO - [2024-07-21T21:37:46.698+0100] {dagbag.py:539} INFO - Filling up the DagBag from /Users/apoorvasaxena/.pyenv/versions/airflow-venv/lib/python3.10/site-packages/airflow/example_dags/example_sla_dag.py
[2024-07-21T21:37:46.721+0100] {processor.py:839} INFO - DAG(s) dict_keys(['example_sla_dag']) retrieved from /Users/apoorvasaxena/.pyenv/versions/airflow-venv/lib/python3.10/site-packages/airflow/example_dags/example_sla_dag.py
[2024-07-21T21:37:46.794+0100] {logging_mixin.py:151} INFO - [2024-07-21T21:37:46.794+0100] {dag.py:2915} INFO - Sync 1 DAGs
[2024-07-21T21:37:46.801+0100] {logging_mixin.py:151} INFO - [2024-07-21T21:37:46.801+0100] {dag.py:3696} INFO - Setting next_dagrun for example_sla_dag to 2024-07-21T20:34:00+00:00, run_after=2024-07-21T20:36:00+00:00
[2024-07-21T21:37:46.808+0100] {processor.py:179} INFO - Processing /Users/apoorvasaxena/.pyenv/versions/airflow-venv/lib/python3.10/site-packages/airflow/example_dags/example_sla_dag.py took 0.113 seconds
