[2024-07-21T20:49:45.845+0100] {processor.py:157} INFO - Started process (PID=82501) to work on /Users/apoorvasaxena/.pyenv/versions/airflow-venv/lib/python3.10/site-packages/airflow/example_dags/example_subdag_operator.py
[2024-07-21T20:49:45.847+0100] {processor.py:829} INFO - Processing file /Users/apoorvasaxena/.pyenv/versions/airflow-venv/lib/python3.10/site-packages/airflow/example_dags/example_subdag_operator.py for tasks to queue
[2024-07-21T20:49:45.848+0100] {logging_mixin.py:151} INFO - [2024-07-21T20:49:45.848+0100] {dagbag.py:539} INFO - Filling up the DagBag from /Users/apoorvasaxena/.pyenv/versions/airflow-venv/lib/python3.10/site-packages/airflow/example_dags/example_subdag_operator.py
[2024-07-21T20:49:45.908+0100] {processor.py:839} INFO - DAG(s) dict_keys(['example_subdag_operator.section-1', 'example_subdag_operator.section-2', 'example_subdag_operator']) retrieved from /Users/apoorvasaxena/.pyenv/versions/airflow-venv/lib/python3.10/site-packages/airflow/example_dags/example_subdag_operator.py
[2024-07-21T20:49:45.913+0100] {logging_mixin.py:151} INFO - [2024-07-21T20:49:45.913+0100] {dag.py:2915} INFO - Sync 3 DAGs
[2024-07-21T20:49:45.919+0100] {logging_mixin.py:151} INFO - [2024-07-21T20:49:45.919+0100] {dag.py:3696} INFO - Setting next_dagrun for example_subdag_operator to 2022-01-01T00:00:00+00:00, run_after=2022-01-01T00:00:00+00:00
[2024-07-21T20:49:45.920+0100] {logging_mixin.py:151} INFO - [2024-07-21T20:49:45.920+0100] {dag.py:3696} INFO - Setting next_dagrun for example_subdag_operator.section-1 to None, run_after=None
[2024-07-21T20:49:45.920+0100] {logging_mixin.py:151} INFO - [2024-07-21T20:49:45.920+0100] {dag.py:3696} INFO - Setting next_dagrun for example_subdag_operator.section-2 to None, run_after=None
[2024-07-21T20:49:45.922+0100] {logging_mixin.py:151} INFO - [2024-07-21T20:49:45.922+0100] {dag.py:2915} INFO - Sync 2 DAGs
[2024-07-21T20:49:45.923+0100] {logging_mixin.py:151} INFO - [2024-07-21T20:49:45.923+0100] {dag.py:3696} INFO - Setting next_dagrun for example_subdag_operator.section-1 to None, run_after=None
[2024-07-21T20:49:45.923+0100] {logging_mixin.py:151} INFO - [2024-07-21T20:49:45.923+0100] {dag.py:3696} INFO - Setting next_dagrun for example_subdag_operator.section-2 to None, run_after=None
[2024-07-21T20:49:45.928+0100] {processor.py:179} INFO - Processing /Users/apoorvasaxena/.pyenv/versions/airflow-venv/lib/python3.10/site-packages/airflow/example_dags/example_subdag_operator.py took 0.083 seconds
[2024-07-21T20:50:53.407+0100] {processor.py:157} INFO - Started process (PID=82629) to work on /Users/apoorvasaxena/.pyenv/versions/airflow-venv/lib/python3.10/site-packages/airflow/example_dags/example_subdag_operator.py
[2024-07-21T20:50:53.410+0100] {processor.py:829} INFO - Processing file /Users/apoorvasaxena/.pyenv/versions/airflow-venv/lib/python3.10/site-packages/airflow/example_dags/example_subdag_operator.py for tasks to queue
[2024-07-21T20:50:53.410+0100] {logging_mixin.py:151} INFO - [2024-07-21T20:50:53.410+0100] {dagbag.py:539} INFO - Filling up the DagBag from /Users/apoorvasaxena/.pyenv/versions/airflow-venv/lib/python3.10/site-packages/airflow/example_dags/example_subdag_operator.py
[2024-07-21T20:50:53.470+0100] {processor.py:839} INFO - DAG(s) dict_keys(['example_subdag_operator.section-1', 'example_subdag_operator.section-2', 'example_subdag_operator']) retrieved from /Users/apoorvasaxena/.pyenv/versions/airflow-venv/lib/python3.10/site-packages/airflow/example_dags/example_subdag_operator.py
[2024-07-21T20:50:53.504+0100] {logging_mixin.py:151} INFO - [2024-07-21T20:50:53.504+0100] {dag.py:2915} INFO - Sync 3 DAGs
[2024-07-21T20:50:53.510+0100] {logging_mixin.py:151} INFO - [2024-07-21T20:50:53.510+0100] {dag.py:3696} INFO - Setting next_dagrun for example_subdag_operator to 2022-01-01T00:00:00+00:00, run_after=2022-01-01T00:00:00+00:00
[2024-07-21T20:50:53.511+0100] {logging_mixin.py:151} INFO - [2024-07-21T20:50:53.511+0100] {dag.py:3696} INFO - Setting next_dagrun for example_subdag_operator.section-1 to None, run_after=None
[2024-07-21T20:50:53.511+0100] {logging_mixin.py:151} INFO - [2024-07-21T20:50:53.511+0100] {dag.py:3696} INFO - Setting next_dagrun for example_subdag_operator.section-2 to None, run_after=None
[2024-07-21T20:50:53.513+0100] {logging_mixin.py:151} INFO - [2024-07-21T20:50:53.513+0100] {dag.py:2915} INFO - Sync 2 DAGs
[2024-07-21T20:50:53.514+0100] {logging_mixin.py:151} INFO - [2024-07-21T20:50:53.514+0100] {dag.py:3696} INFO - Setting next_dagrun for example_subdag_operator.section-1 to None, run_after=None
[2024-07-21T20:50:53.514+0100] {logging_mixin.py:151} INFO - [2024-07-21T20:50:53.514+0100] {dag.py:3696} INFO - Setting next_dagrun for example_subdag_operator.section-2 to None, run_after=None
[2024-07-21T20:50:53.518+0100] {processor.py:179} INFO - Processing /Users/apoorvasaxena/.pyenv/versions/airflow-venv/lib/python3.10/site-packages/airflow/example_dags/example_subdag_operator.py took 0.112 seconds
[2024-07-21T20:52:07.439+0100] {processor.py:157} INFO - Started process (PID=82853) to work on /Users/apoorvasaxena/.pyenv/versions/airflow-venv/lib/python3.10/site-packages/airflow/example_dags/example_subdag_operator.py
[2024-07-21T20:52:07.442+0100] {processor.py:829} INFO - Processing file /Users/apoorvasaxena/.pyenv/versions/airflow-venv/lib/python3.10/site-packages/airflow/example_dags/example_subdag_operator.py for tasks to queue
[2024-07-21T20:52:07.442+0100] {logging_mixin.py:151} INFO - [2024-07-21T20:52:07.442+0100] {dagbag.py:539} INFO - Filling up the DagBag from /Users/apoorvasaxena/.pyenv/versions/airflow-venv/lib/python3.10/site-packages/airflow/example_dags/example_subdag_operator.py
[2024-07-21T20:52:07.501+0100] {processor.py:839} INFO - DAG(s) dict_keys(['example_subdag_operator.section-1', 'example_subdag_operator.section-2', 'example_subdag_operator']) retrieved from /Users/apoorvasaxena/.pyenv/versions/airflow-venv/lib/python3.10/site-packages/airflow/example_dags/example_subdag_operator.py
[2024-07-21T20:52:07.534+0100] {logging_mixin.py:151} INFO - [2024-07-21T20:52:07.534+0100] {dag.py:2915} INFO - Sync 3 DAGs
[2024-07-21T20:52:07.540+0100] {logging_mixin.py:151} INFO - [2024-07-21T20:52:07.540+0100] {dag.py:3696} INFO - Setting next_dagrun for example_subdag_operator to 2022-01-01T00:00:00+00:00, run_after=2022-01-01T00:00:00+00:00
[2024-07-21T20:52:07.541+0100] {logging_mixin.py:151} INFO - [2024-07-21T20:52:07.541+0100] {dag.py:3696} INFO - Setting next_dagrun for example_subdag_operator.section-1 to None, run_after=None
[2024-07-21T20:52:07.541+0100] {logging_mixin.py:151} INFO - [2024-07-21T20:52:07.541+0100] {dag.py:3696} INFO - Setting next_dagrun for example_subdag_operator.section-2 to None, run_after=None
[2024-07-21T20:52:07.543+0100] {logging_mixin.py:151} INFO - [2024-07-21T20:52:07.543+0100] {dag.py:2915} INFO - Sync 2 DAGs
[2024-07-21T20:52:07.545+0100] {logging_mixin.py:151} INFO - [2024-07-21T20:52:07.545+0100] {dag.py:3696} INFO - Setting next_dagrun for example_subdag_operator.section-1 to None, run_after=None
[2024-07-21T20:52:07.545+0100] {logging_mixin.py:151} INFO - [2024-07-21T20:52:07.545+0100] {dag.py:3696} INFO - Setting next_dagrun for example_subdag_operator.section-2 to None, run_after=None
[2024-07-21T20:52:07.549+0100] {processor.py:179} INFO - Processing /Users/apoorvasaxena/.pyenv/versions/airflow-venv/lib/python3.10/site-packages/airflow/example_dags/example_subdag_operator.py took 0.111 seconds
