[2024-07-21T20:49:44.487+0100] {processor.py:157} INFO - Started process (PID=82499) to work on /Users/apoorvasaxena/.pyenv/versions/airflow-venv/lib/python3.10/site-packages/airflow/example_dags/example_task_group.py
[2024-07-21T20:49:44.489+0100] {processor.py:829} INFO - Processing file /Users/apoorvasaxena/.pyenv/versions/airflow-venv/lib/python3.10/site-packages/airflow/example_dags/example_task_group.py for tasks to queue
[2024-07-21T20:49:44.489+0100] {logging_mixin.py:151} INFO - [2024-07-21T20:49:44.489+0100] {dagbag.py:539} INFO - Filling up the DagBag from /Users/apoorvasaxena/.pyenv/versions/airflow-venv/lib/python3.10/site-packages/airflow/example_dags/example_task_group.py
[2024-07-21T20:49:44.502+0100] {processor.py:839} INFO - DAG(s) dict_keys(['example_task_group']) retrieved from /Users/apoorvasaxena/.pyenv/versions/airflow-venv/lib/python3.10/site-packages/airflow/example_dags/example_task_group.py
[2024-07-21T20:49:44.523+0100] {logging_mixin.py:151} INFO - [2024-07-21T20:49:44.523+0100] {dag.py:2915} INFO - Sync 1 DAGs
[2024-07-21T20:49:44.557+0100] {logging_mixin.py:151} INFO - [2024-07-21T20:49:44.557+0100] {dag.py:3696} INFO - Setting next_dagrun for example_task_group to 2024-07-20T19:49:44.557379+00:00, run_after=2024-07-21T19:49:44.557379+00:00
[2024-07-21T20:49:44.565+0100] {processor.py:179} INFO - Processing /Users/apoorvasaxena/.pyenv/versions/airflow-venv/lib/python3.10/site-packages/airflow/example_dags/example_task_group.py took 0.078 seconds
[2024-07-21T20:50:51.793+0100] {processor.py:157} INFO - Started process (PID=82628) to work on /Users/apoorvasaxena/.pyenv/versions/airflow-venv/lib/python3.10/site-packages/airflow/example_dags/example_task_group.py
[2024-07-21T20:50:51.796+0100] {processor.py:829} INFO - Processing file /Users/apoorvasaxena/.pyenv/versions/airflow-venv/lib/python3.10/site-packages/airflow/example_dags/example_task_group.py for tasks to queue
[2024-07-21T20:50:51.796+0100] {logging_mixin.py:151} INFO - [2024-07-21T20:50:51.796+0100] {dagbag.py:539} INFO - Filling up the DagBag from /Users/apoorvasaxena/.pyenv/versions/airflow-venv/lib/python3.10/site-packages/airflow/example_dags/example_task_group.py
[2024-07-21T20:50:51.808+0100] {processor.py:839} INFO - DAG(s) dict_keys(['example_task_group']) retrieved from /Users/apoorvasaxena/.pyenv/versions/airflow-venv/lib/python3.10/site-packages/airflow/example_dags/example_task_group.py
[2024-07-21T20:50:51.882+0100] {logging_mixin.py:151} INFO - [2024-07-21T20:50:51.881+0100] {dag.py:2915} INFO - Sync 1 DAGs
[2024-07-21T20:50:51.887+0100] {logging_mixin.py:151} INFO - [2024-07-21T20:50:51.887+0100] {dag.py:3696} INFO - Setting next_dagrun for example_task_group to 2024-07-20T19:50:51.887887+00:00, run_after=2024-07-21T19:50:51.887887+00:00
[2024-07-21T20:50:51.894+0100] {processor.py:179} INFO - Processing /Users/apoorvasaxena/.pyenv/versions/airflow-venv/lib/python3.10/site-packages/airflow/example_dags/example_task_group.py took 0.101 seconds
[2024-07-21T20:52:05.847+0100] {processor.py:157} INFO - Started process (PID=82852) to work on /Users/apoorvasaxena/.pyenv/versions/airflow-venv/lib/python3.10/site-packages/airflow/example_dags/example_task_group.py
[2024-07-21T20:52:05.850+0100] {processor.py:829} INFO - Processing file /Users/apoorvasaxena/.pyenv/versions/airflow-venv/lib/python3.10/site-packages/airflow/example_dags/example_task_group.py for tasks to queue
[2024-07-21T20:52:05.850+0100] {logging_mixin.py:151} INFO - [2024-07-21T20:52:05.850+0100] {dagbag.py:539} INFO - Filling up the DagBag from /Users/apoorvasaxena/.pyenv/versions/airflow-venv/lib/python3.10/site-packages/airflow/example_dags/example_task_group.py
[2024-07-21T20:52:05.863+0100] {processor.py:839} INFO - DAG(s) dict_keys(['example_task_group']) retrieved from /Users/apoorvasaxena/.pyenv/versions/airflow-venv/lib/python3.10/site-packages/airflow/example_dags/example_task_group.py
[2024-07-21T20:52:05.936+0100] {logging_mixin.py:151} INFO - [2024-07-21T20:52:05.935+0100] {dag.py:2915} INFO - Sync 1 DAGs
[2024-07-21T20:52:05.942+0100] {logging_mixin.py:151} INFO - [2024-07-21T20:52:05.942+0100] {dag.py:3696} INFO - Setting next_dagrun for example_task_group to 2024-07-20T19:52:05.942070+00:00, run_after=2024-07-21T19:52:05.942070+00:00
[2024-07-21T20:52:05.948+0100] {processor.py:179} INFO - Processing /Users/apoorvasaxena/.pyenv/versions/airflow-venv/lib/python3.10/site-packages/airflow/example_dags/example_task_group.py took 0.101 seconds
