[2024-07-21T20:49:41.861+0100] {processor.py:157} INFO - Started process (PID=82497) to work on /Users/apoorvasaxena/.pyenv/versions/airflow-venv/lib/python3.10/site-packages/airflow/example_dags/example_time_delta_sensor_async.py
[2024-07-21T20:49:41.863+0100] {processor.py:829} INFO - Processing file /Users/apoorvasaxena/.pyenv/versions/airflow-venv/lib/python3.10/site-packages/airflow/example_dags/example_time_delta_sensor_async.py for tasks to queue
[2024-07-21T20:49:41.864+0100] {logging_mixin.py:151} INFO - [2024-07-21T20:49:41.864+0100] {dagbag.py:539} INFO - Filling up the DagBag from /Users/apoorvasaxena/.pyenv/versions/airflow-venv/lib/python3.10/site-packages/airflow/example_dags/example_time_delta_sensor_async.py
[2024-07-21T20:49:41.881+0100] {processor.py:839} INFO - DAG(s) dict_keys(['example_time_delta_sensor_async']) retrieved from /Users/apoorvasaxena/.pyenv/versions/airflow-venv/lib/python3.10/site-packages/airflow/example_dags/example_time_delta_sensor_async.py
[2024-07-21T20:49:41.903+0100] {logging_mixin.py:151} INFO - [2024-07-21T20:49:41.903+0100] {dag.py:2915} INFO - Sync 1 DAGs
[2024-07-21T20:49:41.936+0100] {logging_mixin.py:151} INFO - [2024-07-21T20:49:41.936+0100] {dag.py:3696} INFO - Setting next_dagrun for example_time_delta_sensor_async to None, run_after=None
[2024-07-21T20:49:41.942+0100] {processor.py:179} INFO - Processing /Users/apoorvasaxena/.pyenv/versions/airflow-venv/lib/python3.10/site-packages/airflow/example_dags/example_time_delta_sensor_async.py took 0.082 seconds
[2024-07-21T20:50:49.243+0100] {processor.py:157} INFO - Started process (PID=82626) to work on /Users/apoorvasaxena/.pyenv/versions/airflow-venv/lib/python3.10/site-packages/airflow/example_dags/example_time_delta_sensor_async.py
[2024-07-21T20:50:49.246+0100] {processor.py:829} INFO - Processing file /Users/apoorvasaxena/.pyenv/versions/airflow-venv/lib/python3.10/site-packages/airflow/example_dags/example_time_delta_sensor_async.py for tasks to queue
[2024-07-21T20:50:49.246+0100] {logging_mixin.py:151} INFO - [2024-07-21T20:50:49.246+0100] {dagbag.py:539} INFO - Filling up the DagBag from /Users/apoorvasaxena/.pyenv/versions/airflow-venv/lib/python3.10/site-packages/airflow/example_dags/example_time_delta_sensor_async.py
[2024-07-21T20:50:49.264+0100] {processor.py:839} INFO - DAG(s) dict_keys(['example_time_delta_sensor_async']) retrieved from /Users/apoorvasaxena/.pyenv/versions/airflow-venv/lib/python3.10/site-packages/airflow/example_dags/example_time_delta_sensor_async.py
[2024-07-21T20:50:49.336+0100] {logging_mixin.py:151} INFO - [2024-07-21T20:50:49.336+0100] {dag.py:2915} INFO - Sync 1 DAGs
[2024-07-21T20:50:49.340+0100] {logging_mixin.py:151} INFO - [2024-07-21T20:50:49.340+0100] {dag.py:3696} INFO - Setting next_dagrun for example_time_delta_sensor_async to None, run_after=None
[2024-07-21T20:50:49.346+0100] {processor.py:179} INFO - Processing /Users/apoorvasaxena/.pyenv/versions/airflow-venv/lib/python3.10/site-packages/airflow/example_dags/example_time_delta_sensor_async.py took 0.104 seconds
[2024-07-21T20:52:02.625+0100] {processor.py:157} INFO - Started process (PID=82847) to work on /Users/apoorvasaxena/.pyenv/versions/airflow-venv/lib/python3.10/site-packages/airflow/example_dags/example_time_delta_sensor_async.py
[2024-07-21T20:52:02.628+0100] {processor.py:829} INFO - Processing file /Users/apoorvasaxena/.pyenv/versions/airflow-venv/lib/python3.10/site-packages/airflow/example_dags/example_time_delta_sensor_async.py for tasks to queue
[2024-07-21T20:52:02.628+0100] {logging_mixin.py:151} INFO - [2024-07-21T20:52:02.628+0100] {dagbag.py:539} INFO - Filling up the DagBag from /Users/apoorvasaxena/.pyenv/versions/airflow-venv/lib/python3.10/site-packages/airflow/example_dags/example_time_delta_sensor_async.py
[2024-07-21T20:52:02.644+0100] {processor.py:839} INFO - DAG(s) dict_keys(['example_time_delta_sensor_async']) retrieved from /Users/apoorvasaxena/.pyenv/versions/airflow-venv/lib/python3.10/site-packages/airflow/example_dags/example_time_delta_sensor_async.py
[2024-07-21T20:52:02.716+0100] {logging_mixin.py:151} INFO - [2024-07-21T20:52:02.716+0100] {dag.py:2915} INFO - Sync 1 DAGs
[2024-07-21T20:52:02.719+0100] {logging_mixin.py:151} INFO - [2024-07-21T20:52:02.719+0100] {dag.py:3696} INFO - Setting next_dagrun for example_time_delta_sensor_async to None, run_after=None
[2024-07-21T20:52:02.726+0100] {processor.py:179} INFO - Processing /Users/apoorvasaxena/.pyenv/versions/airflow-venv/lib/python3.10/site-packages/airflow/example_dags/example_time_delta_sensor_async.py took 0.101 seconds
[2024-07-21T20:53:12.862+0100] {processor.py:157} INFO - Started process (PID=83638) to work on /Users/apoorvasaxena/.pyenv/versions/airflow-venv/lib/python3.10/site-packages/airflow/example_dags/example_time_delta_sensor_async.py
[2024-07-21T20:53:12.864+0100] {processor.py:829} INFO - Processing file /Users/apoorvasaxena/.pyenv/versions/airflow-venv/lib/python3.10/site-packages/airflow/example_dags/example_time_delta_sensor_async.py for tasks to queue
[2024-07-21T20:53:12.864+0100] {logging_mixin.py:151} INFO - [2024-07-21T20:53:12.864+0100] {dagbag.py:539} INFO - Filling up the DagBag from /Users/apoorvasaxena/.pyenv/versions/airflow-venv/lib/python3.10/site-packages/airflow/example_dags/example_time_delta_sensor_async.py
[2024-07-21T20:53:12.881+0100] {processor.py:839} INFO - DAG(s) dict_keys(['example_time_delta_sensor_async']) retrieved from /Users/apoorvasaxena/.pyenv/versions/airflow-venv/lib/python3.10/site-packages/airflow/example_dags/example_time_delta_sensor_async.py
[2024-07-21T20:53:12.953+0100] {logging_mixin.py:151} INFO - [2024-07-21T20:53:12.953+0100] {dag.py:2915} INFO - Sync 1 DAGs
[2024-07-21T20:53:12.956+0100] {logging_mixin.py:151} INFO - [2024-07-21T20:53:12.956+0100] {dag.py:3696} INFO - Setting next_dagrun for example_time_delta_sensor_async to None, run_after=None
[2024-07-21T20:53:12.962+0100] {processor.py:179} INFO - Processing /Users/apoorvasaxena/.pyenv/versions/airflow-venv/lib/python3.10/site-packages/airflow/example_dags/example_time_delta_sensor_async.py took 0.101 seconds
[2024-07-21T20:54:31.564+0100] {processor.py:157} INFO - Started process (PID=83764) to work on /Users/apoorvasaxena/.pyenv/versions/airflow-venv/lib/python3.10/site-packages/airflow/example_dags/example_time_delta_sensor_async.py
[2024-07-21T20:54:31.567+0100] {processor.py:829} INFO - Processing file /Users/apoorvasaxena/.pyenv/versions/airflow-venv/lib/python3.10/site-packages/airflow/example_dags/example_time_delta_sensor_async.py for tasks to queue
[2024-07-21T20:54:31.567+0100] {logging_mixin.py:151} INFO - [2024-07-21T20:54:31.567+0100] {dagbag.py:539} INFO - Filling up the DagBag from /Users/apoorvasaxena/.pyenv/versions/airflow-venv/lib/python3.10/site-packages/airflow/example_dags/example_time_delta_sensor_async.py
[2024-07-21T20:54:31.584+0100] {processor.py:839} INFO - DAG(s) dict_keys(['example_time_delta_sensor_async']) retrieved from /Users/apoorvasaxena/.pyenv/versions/airflow-venv/lib/python3.10/site-packages/airflow/example_dags/example_time_delta_sensor_async.py
[2024-07-21T20:54:31.661+0100] {logging_mixin.py:151} INFO - [2024-07-21T20:54:31.661+0100] {dag.py:2915} INFO - Sync 1 DAGs
[2024-07-21T20:54:31.665+0100] {logging_mixin.py:151} INFO - [2024-07-21T20:54:31.665+0100] {dag.py:3696} INFO - Setting next_dagrun for example_time_delta_sensor_async to None, run_after=None
[2024-07-21T20:54:31.672+0100] {processor.py:179} INFO - Processing /Users/apoorvasaxena/.pyenv/versions/airflow-venv/lib/python3.10/site-packages/airflow/example_dags/example_time_delta_sensor_async.py took 0.108 seconds
[2024-07-21T20:55:45.054+0100] {processor.py:157} INFO - Started process (PID=83873) to work on /Users/apoorvasaxena/.pyenv/versions/airflow-venv/lib/python3.10/site-packages/airflow/example_dags/example_time_delta_sensor_async.py
[2024-07-21T20:55:45.057+0100] {processor.py:829} INFO - Processing file /Users/apoorvasaxena/.pyenv/versions/airflow-venv/lib/python3.10/site-packages/airflow/example_dags/example_time_delta_sensor_async.py for tasks to queue
[2024-07-21T20:55:45.058+0100] {logging_mixin.py:151} INFO - [2024-07-21T20:55:45.058+0100] {dagbag.py:539} INFO - Filling up the DagBag from /Users/apoorvasaxena/.pyenv/versions/airflow-venv/lib/python3.10/site-packages/airflow/example_dags/example_time_delta_sensor_async.py
[2024-07-21T20:55:45.075+0100] {processor.py:839} INFO - DAG(s) dict_keys(['example_time_delta_sensor_async']) retrieved from /Users/apoorvasaxena/.pyenv/versions/airflow-venv/lib/python3.10/site-packages/airflow/example_dags/example_time_delta_sensor_async.py
[2024-07-21T20:55:45.148+0100] {logging_mixin.py:151} INFO - [2024-07-21T20:55:45.148+0100] {dag.py:2915} INFO - Sync 1 DAGs
[2024-07-21T20:55:45.152+0100] {logging_mixin.py:151} INFO - [2024-07-21T20:55:45.152+0100] {dag.py:3696} INFO - Setting next_dagrun for example_time_delta_sensor_async to None, run_after=None
[2024-07-21T20:55:45.158+0100] {processor.py:179} INFO - Processing /Users/apoorvasaxena/.pyenv/versions/airflow-venv/lib/python3.10/site-packages/airflow/example_dags/example_time_delta_sensor_async.py took 0.104 seconds
[2024-07-21T20:56:58.857+0100] {processor.py:157} INFO - Started process (PID=83954) to work on /Users/apoorvasaxena/.pyenv/versions/airflow-venv/lib/python3.10/site-packages/airflow/example_dags/example_time_delta_sensor_async.py
[2024-07-21T20:56:58.859+0100] {processor.py:829} INFO - Processing file /Users/apoorvasaxena/.pyenv/versions/airflow-venv/lib/python3.10/site-packages/airflow/example_dags/example_time_delta_sensor_async.py for tasks to queue
[2024-07-21T20:56:58.859+0100] {logging_mixin.py:151} INFO - [2024-07-21T20:56:58.859+0100] {dagbag.py:539} INFO - Filling up the DagBag from /Users/apoorvasaxena/.pyenv/versions/airflow-venv/lib/python3.10/site-packages/airflow/example_dags/example_time_delta_sensor_async.py
[2024-07-21T20:56:58.875+0100] {processor.py:839} INFO - DAG(s) dict_keys(['example_time_delta_sensor_async']) retrieved from /Users/apoorvasaxena/.pyenv/versions/airflow-venv/lib/python3.10/site-packages/airflow/example_dags/example_time_delta_sensor_async.py
[2024-07-21T20:56:58.948+0100] {logging_mixin.py:151} INFO - [2024-07-21T20:56:58.948+0100] {dag.py:2915} INFO - Sync 1 DAGs
[2024-07-21T20:56:58.951+0100] {logging_mixin.py:151} INFO - [2024-07-21T20:56:58.951+0100] {dag.py:3696} INFO - Setting next_dagrun for example_time_delta_sensor_async to None, run_after=None
[2024-07-21T20:56:58.958+0100] {processor.py:179} INFO - Processing /Users/apoorvasaxena/.pyenv/versions/airflow-venv/lib/python3.10/site-packages/airflow/example_dags/example_time_delta_sensor_async.py took 0.102 seconds
[2024-07-21T20:58:08.647+0100] {processor.py:157} INFO - Started process (PID=84050) to work on /Users/apoorvasaxena/.pyenv/versions/airflow-venv/lib/python3.10/site-packages/airflow/example_dags/example_time_delta_sensor_async.py
[2024-07-21T20:58:08.649+0100] {processor.py:829} INFO - Processing file /Users/apoorvasaxena/.pyenv/versions/airflow-venv/lib/python3.10/site-packages/airflow/example_dags/example_time_delta_sensor_async.py for tasks to queue
[2024-07-21T20:58:08.649+0100] {logging_mixin.py:151} INFO - [2024-07-21T20:58:08.649+0100] {dagbag.py:539} INFO - Filling up the DagBag from /Users/apoorvasaxena/.pyenv/versions/airflow-venv/lib/python3.10/site-packages/airflow/example_dags/example_time_delta_sensor_async.py
[2024-07-21T20:58:08.665+0100] {processor.py:839} INFO - DAG(s) dict_keys(['example_time_delta_sensor_async']) retrieved from /Users/apoorvasaxena/.pyenv/versions/airflow-venv/lib/python3.10/site-packages/airflow/example_dags/example_time_delta_sensor_async.py
[2024-07-21T20:58:08.738+0100] {logging_mixin.py:151} INFO - [2024-07-21T20:58:08.737+0100] {dag.py:2915} INFO - Sync 1 DAGs
[2024-07-21T20:58:08.741+0100] {logging_mixin.py:151} INFO - [2024-07-21T20:58:08.741+0100] {dag.py:3696} INFO - Setting next_dagrun for example_time_delta_sensor_async to None, run_after=None
[2024-07-21T20:58:08.747+0100] {processor.py:179} INFO - Processing /Users/apoorvasaxena/.pyenv/versions/airflow-venv/lib/python3.10/site-packages/airflow/example_dags/example_time_delta_sensor_async.py took 0.101 seconds
[2024-07-21T20:59:20.696+0100] {processor.py:157} INFO - Started process (PID=84131) to work on /Users/apoorvasaxena/.pyenv/versions/airflow-venv/lib/python3.10/site-packages/airflow/example_dags/example_time_delta_sensor_async.py
[2024-07-21T20:59:20.698+0100] {processor.py:829} INFO - Processing file /Users/apoorvasaxena/.pyenv/versions/airflow-venv/lib/python3.10/site-packages/airflow/example_dags/example_time_delta_sensor_async.py for tasks to queue
[2024-07-21T20:59:20.698+0100] {logging_mixin.py:151} INFO - [2024-07-21T20:59:20.698+0100] {dagbag.py:539} INFO - Filling up the DagBag from /Users/apoorvasaxena/.pyenv/versions/airflow-venv/lib/python3.10/site-packages/airflow/example_dags/example_time_delta_sensor_async.py
[2024-07-21T20:59:20.714+0100] {processor.py:839} INFO - DAG(s) dict_keys(['example_time_delta_sensor_async']) retrieved from /Users/apoorvasaxena/.pyenv/versions/airflow-venv/lib/python3.10/site-packages/airflow/example_dags/example_time_delta_sensor_async.py
[2024-07-21T20:59:20.787+0100] {logging_mixin.py:151} INFO - [2024-07-21T20:59:20.787+0100] {dag.py:2915} INFO - Sync 1 DAGs
[2024-07-21T20:59:20.790+0100] {logging_mixin.py:151} INFO - [2024-07-21T20:59:20.790+0100] {dag.py:3696} INFO - Setting next_dagrun for example_time_delta_sensor_async to None, run_after=None
[2024-07-21T20:59:20.797+0100] {processor.py:179} INFO - Processing /Users/apoorvasaxena/.pyenv/versions/airflow-venv/lib/python3.10/site-packages/airflow/example_dags/example_time_delta_sensor_async.py took 0.101 seconds
[2024-07-21T21:00:31.650+0100] {processor.py:157} INFO - Started process (PID=84211) to work on /Users/apoorvasaxena/.pyenv/versions/airflow-venv/lib/python3.10/site-packages/airflow/example_dags/example_time_delta_sensor_async.py
[2024-07-21T21:00:31.652+0100] {processor.py:829} INFO - Processing file /Users/apoorvasaxena/.pyenv/versions/airflow-venv/lib/python3.10/site-packages/airflow/example_dags/example_time_delta_sensor_async.py for tasks to queue
[2024-07-21T21:00:31.652+0100] {logging_mixin.py:151} INFO - [2024-07-21T21:00:31.652+0100] {dagbag.py:539} INFO - Filling up the DagBag from /Users/apoorvasaxena/.pyenv/versions/airflow-venv/lib/python3.10/site-packages/airflow/example_dags/example_time_delta_sensor_async.py
[2024-07-21T21:00:31.668+0100] {processor.py:839} INFO - DAG(s) dict_keys(['example_time_delta_sensor_async']) retrieved from /Users/apoorvasaxena/.pyenv/versions/airflow-venv/lib/python3.10/site-packages/airflow/example_dags/example_time_delta_sensor_async.py
[2024-07-21T21:00:31.742+0100] {logging_mixin.py:151} INFO - [2024-07-21T21:00:31.741+0100] {dag.py:2915} INFO - Sync 1 DAGs
[2024-07-21T21:00:31.745+0100] {logging_mixin.py:151} INFO - [2024-07-21T21:00:31.745+0100] {dag.py:3696} INFO - Setting next_dagrun for example_time_delta_sensor_async to None, run_after=None
[2024-07-21T21:00:31.751+0100] {processor.py:179} INFO - Processing /Users/apoorvasaxena/.pyenv/versions/airflow-venv/lib/python3.10/site-packages/airflow/example_dags/example_time_delta_sensor_async.py took 0.102 seconds
[2024-07-21T21:01:45.038+0100] {processor.py:157} INFO - Started process (PID=84299) to work on /Users/apoorvasaxena/.pyenv/versions/airflow-venv/lib/python3.10/site-packages/airflow/example_dags/example_time_delta_sensor_async.py
[2024-07-21T21:01:45.040+0100] {processor.py:829} INFO - Processing file /Users/apoorvasaxena/.pyenv/versions/airflow-venv/lib/python3.10/site-packages/airflow/example_dags/example_time_delta_sensor_async.py for tasks to queue
[2024-07-21T21:01:45.040+0100] {logging_mixin.py:151} INFO - [2024-07-21T21:01:45.040+0100] {dagbag.py:539} INFO - Filling up the DagBag from /Users/apoorvasaxena/.pyenv/versions/airflow-venv/lib/python3.10/site-packages/airflow/example_dags/example_time_delta_sensor_async.py
[2024-07-21T21:01:45.057+0100] {processor.py:839} INFO - DAG(s) dict_keys(['example_time_delta_sensor_async']) retrieved from /Users/apoorvasaxena/.pyenv/versions/airflow-venv/lib/python3.10/site-packages/airflow/example_dags/example_time_delta_sensor_async.py
[2024-07-21T21:01:45.129+0100] {logging_mixin.py:151} INFO - [2024-07-21T21:01:45.129+0100] {dag.py:2915} INFO - Sync 1 DAGs
[2024-07-21T21:01:45.132+0100] {logging_mixin.py:151} INFO - [2024-07-21T21:01:45.132+0100] {dag.py:3696} INFO - Setting next_dagrun for example_time_delta_sensor_async to None, run_after=None
[2024-07-21T21:01:45.139+0100] {processor.py:179} INFO - Processing /Users/apoorvasaxena/.pyenv/versions/airflow-venv/lib/python3.10/site-packages/airflow/example_dags/example_time_delta_sensor_async.py took 0.102 seconds
[2024-07-21T21:02:59.890+0100] {processor.py:157} INFO - Started process (PID=84388) to work on /Users/apoorvasaxena/.pyenv/versions/airflow-venv/lib/python3.10/site-packages/airflow/example_dags/example_time_delta_sensor_async.py
[2024-07-21T21:02:59.893+0100] {processor.py:829} INFO - Processing file /Users/apoorvasaxena/.pyenv/versions/airflow-venv/lib/python3.10/site-packages/airflow/example_dags/example_time_delta_sensor_async.py for tasks to queue
[2024-07-21T21:02:59.893+0100] {logging_mixin.py:151} INFO - [2024-07-21T21:02:59.893+0100] {dagbag.py:539} INFO - Filling up the DagBag from /Users/apoorvasaxena/.pyenv/versions/airflow-venv/lib/python3.10/site-packages/airflow/example_dags/example_time_delta_sensor_async.py
[2024-07-21T21:02:59.909+0100] {processor.py:839} INFO - DAG(s) dict_keys(['example_time_delta_sensor_async']) retrieved from /Users/apoorvasaxena/.pyenv/versions/airflow-venv/lib/python3.10/site-packages/airflow/example_dags/example_time_delta_sensor_async.py
[2024-07-21T21:02:59.981+0100] {logging_mixin.py:151} INFO - [2024-07-21T21:02:59.981+0100] {dag.py:2915} INFO - Sync 1 DAGs
[2024-07-21T21:02:59.984+0100] {logging_mixin.py:151} INFO - [2024-07-21T21:02:59.984+0100] {dag.py:3696} INFO - Setting next_dagrun for example_time_delta_sensor_async to None, run_after=None
[2024-07-21T21:02:59.990+0100] {processor.py:179} INFO - Processing /Users/apoorvasaxena/.pyenv/versions/airflow-venv/lib/python3.10/site-packages/airflow/example_dags/example_time_delta_sensor_async.py took 0.101 seconds
[2024-07-21T21:04:14.601+0100] {processor.py:157} INFO - Started process (PID=84482) to work on /Users/apoorvasaxena/.pyenv/versions/airflow-venv/lib/python3.10/site-packages/airflow/example_dags/example_time_delta_sensor_async.py
[2024-07-21T21:04:14.603+0100] {processor.py:829} INFO - Processing file /Users/apoorvasaxena/.pyenv/versions/airflow-venv/lib/python3.10/site-packages/airflow/example_dags/example_time_delta_sensor_async.py for tasks to queue
[2024-07-21T21:04:14.604+0100] {logging_mixin.py:151} INFO - [2024-07-21T21:04:14.604+0100] {dagbag.py:539} INFO - Filling up the DagBag from /Users/apoorvasaxena/.pyenv/versions/airflow-venv/lib/python3.10/site-packages/airflow/example_dags/example_time_delta_sensor_async.py
[2024-07-21T21:04:14.620+0100] {processor.py:839} INFO - DAG(s) dict_keys(['example_time_delta_sensor_async']) retrieved from /Users/apoorvasaxena/.pyenv/versions/airflow-venv/lib/python3.10/site-packages/airflow/example_dags/example_time_delta_sensor_async.py
[2024-07-21T21:04:14.692+0100] {logging_mixin.py:151} INFO - [2024-07-21T21:04:14.692+0100] {dag.py:2915} INFO - Sync 1 DAGs
[2024-07-21T21:04:14.696+0100] {logging_mixin.py:151} INFO - [2024-07-21T21:04:14.696+0100] {dag.py:3696} INFO - Setting next_dagrun for example_time_delta_sensor_async to None, run_after=None
[2024-07-21T21:04:14.702+0100] {processor.py:179} INFO - Processing /Users/apoorvasaxena/.pyenv/versions/airflow-venv/lib/python3.10/site-packages/airflow/example_dags/example_time_delta_sensor_async.py took 0.102 seconds
[2024-07-21T21:05:28.865+0100] {processor.py:157} INFO - Started process (PID=84581) to work on /Users/apoorvasaxena/.pyenv/versions/airflow-venv/lib/python3.10/site-packages/airflow/example_dags/example_time_delta_sensor_async.py
[2024-07-21T21:05:28.868+0100] {processor.py:829} INFO - Processing file /Users/apoorvasaxena/.pyenv/versions/airflow-venv/lib/python3.10/site-packages/airflow/example_dags/example_time_delta_sensor_async.py for tasks to queue
[2024-07-21T21:05:28.868+0100] {logging_mixin.py:151} INFO - [2024-07-21T21:05:28.868+0100] {dagbag.py:539} INFO - Filling up the DagBag from /Users/apoorvasaxena/.pyenv/versions/airflow-venv/lib/python3.10/site-packages/airflow/example_dags/example_time_delta_sensor_async.py
[2024-07-21T21:05:28.884+0100] {processor.py:839} INFO - DAG(s) dict_keys(['example_time_delta_sensor_async']) retrieved from /Users/apoorvasaxena/.pyenv/versions/airflow-venv/lib/python3.10/site-packages/airflow/example_dags/example_time_delta_sensor_async.py
[2024-07-21T21:05:28.956+0100] {logging_mixin.py:151} INFO - [2024-07-21T21:05:28.956+0100] {dag.py:2915} INFO - Sync 1 DAGs
[2024-07-21T21:05:28.960+0100] {logging_mixin.py:151} INFO - [2024-07-21T21:05:28.960+0100] {dag.py:3696} INFO - Setting next_dagrun for example_time_delta_sensor_async to None, run_after=None
[2024-07-21T21:05:28.966+0100] {processor.py:179} INFO - Processing /Users/apoorvasaxena/.pyenv/versions/airflow-venv/lib/python3.10/site-packages/airflow/example_dags/example_time_delta_sensor_async.py took 0.101 seconds
[2024-07-21T21:06:38.021+0100] {processor.py:157} INFO - Started process (PID=84679) to work on /Users/apoorvasaxena/.pyenv/versions/airflow-venv/lib/python3.10/site-packages/airflow/example_dags/example_time_delta_sensor_async.py
[2024-07-21T21:06:38.024+0100] {processor.py:829} INFO - Processing file /Users/apoorvasaxena/.pyenv/versions/airflow-venv/lib/python3.10/site-packages/airflow/example_dags/example_time_delta_sensor_async.py for tasks to queue
[2024-07-21T21:06:38.024+0100] {logging_mixin.py:151} INFO - [2024-07-21T21:06:38.024+0100] {dagbag.py:539} INFO - Filling up the DagBag from /Users/apoorvasaxena/.pyenv/versions/airflow-venv/lib/python3.10/site-packages/airflow/example_dags/example_time_delta_sensor_async.py
[2024-07-21T21:06:38.040+0100] {processor.py:839} INFO - DAG(s) dict_keys(['example_time_delta_sensor_async']) retrieved from /Users/apoorvasaxena/.pyenv/versions/airflow-venv/lib/python3.10/site-packages/airflow/example_dags/example_time_delta_sensor_async.py
[2024-07-21T21:06:38.111+0100] {logging_mixin.py:151} INFO - [2024-07-21T21:06:38.111+0100] {dag.py:2915} INFO - Sync 1 DAGs
[2024-07-21T21:06:38.114+0100] {logging_mixin.py:151} INFO - [2024-07-21T21:06:38.114+0100] {dag.py:3696} INFO - Setting next_dagrun for example_time_delta_sensor_async to None, run_after=None
[2024-07-21T21:06:38.121+0100] {processor.py:179} INFO - Processing /Users/apoorvasaxena/.pyenv/versions/airflow-venv/lib/python3.10/site-packages/airflow/example_dags/example_time_delta_sensor_async.py took 0.100 seconds
[2024-07-21T21:07:47.688+0100] {processor.py:157} INFO - Started process (PID=84770) to work on /Users/apoorvasaxena/.pyenv/versions/airflow-venv/lib/python3.10/site-packages/airflow/example_dags/example_time_delta_sensor_async.py
[2024-07-21T21:07:47.690+0100] {processor.py:829} INFO - Processing file /Users/apoorvasaxena/.pyenv/versions/airflow-venv/lib/python3.10/site-packages/airflow/example_dags/example_time_delta_sensor_async.py for tasks to queue
[2024-07-21T21:07:47.691+0100] {logging_mixin.py:151} INFO - [2024-07-21T21:07:47.691+0100] {dagbag.py:539} INFO - Filling up the DagBag from /Users/apoorvasaxena/.pyenv/versions/airflow-venv/lib/python3.10/site-packages/airflow/example_dags/example_time_delta_sensor_async.py
[2024-07-21T21:07:47.709+0100] {processor.py:839} INFO - DAG(s) dict_keys(['example_time_delta_sensor_async']) retrieved from /Users/apoorvasaxena/.pyenv/versions/airflow-venv/lib/python3.10/site-packages/airflow/example_dags/example_time_delta_sensor_async.py
[2024-07-21T21:07:47.783+0100] {logging_mixin.py:151} INFO - [2024-07-21T21:07:47.783+0100] {dag.py:2915} INFO - Sync 1 DAGs
[2024-07-21T21:07:47.787+0100] {logging_mixin.py:151} INFO - [2024-07-21T21:07:47.787+0100] {dag.py:3696} INFO - Setting next_dagrun for example_time_delta_sensor_async to None, run_after=None
[2024-07-21T21:07:47.793+0100] {processor.py:179} INFO - Processing /Users/apoorvasaxena/.pyenv/versions/airflow-venv/lib/python3.10/site-packages/airflow/example_dags/example_time_delta_sensor_async.py took 0.106 seconds
[2024-07-21T21:08:59.771+0100] {processor.py:157} INFO - Started process (PID=84860) to work on /Users/apoorvasaxena/.pyenv/versions/airflow-venv/lib/python3.10/site-packages/airflow/example_dags/example_time_delta_sensor_async.py
[2024-07-21T21:08:59.773+0100] {processor.py:829} INFO - Processing file /Users/apoorvasaxena/.pyenv/versions/airflow-venv/lib/python3.10/site-packages/airflow/example_dags/example_time_delta_sensor_async.py for tasks to queue
[2024-07-21T21:08:59.773+0100] {logging_mixin.py:151} INFO - [2024-07-21T21:08:59.773+0100] {dagbag.py:539} INFO - Filling up the DagBag from /Users/apoorvasaxena/.pyenv/versions/airflow-venv/lib/python3.10/site-packages/airflow/example_dags/example_time_delta_sensor_async.py
[2024-07-21T21:08:59.789+0100] {processor.py:839} INFO - DAG(s) dict_keys(['example_time_delta_sensor_async']) retrieved from /Users/apoorvasaxena/.pyenv/versions/airflow-venv/lib/python3.10/site-packages/airflow/example_dags/example_time_delta_sensor_async.py
[2024-07-21T21:08:59.861+0100] {logging_mixin.py:151} INFO - [2024-07-21T21:08:59.861+0100] {dag.py:2915} INFO - Sync 1 DAGs
[2024-07-21T21:08:59.864+0100] {logging_mixin.py:151} INFO - [2024-07-21T21:08:59.864+0100] {dag.py:3696} INFO - Setting next_dagrun for example_time_delta_sensor_async to None, run_after=None
[2024-07-21T21:08:59.871+0100] {processor.py:179} INFO - Processing /Users/apoorvasaxena/.pyenv/versions/airflow-venv/lib/python3.10/site-packages/airflow/example_dags/example_time_delta_sensor_async.py took 0.101 seconds
[2024-07-21T21:10:12.789+0100] {processor.py:157} INFO - Started process (PID=84958) to work on /Users/apoorvasaxena/.pyenv/versions/airflow-venv/lib/python3.10/site-packages/airflow/example_dags/example_time_delta_sensor_async.py
[2024-07-21T21:10:12.792+0100] {processor.py:829} INFO - Processing file /Users/apoorvasaxena/.pyenv/versions/airflow-venv/lib/python3.10/site-packages/airflow/example_dags/example_time_delta_sensor_async.py for tasks to queue
[2024-07-21T21:10:12.792+0100] {logging_mixin.py:151} INFO - [2024-07-21T21:10:12.792+0100] {dagbag.py:539} INFO - Filling up the DagBag from /Users/apoorvasaxena/.pyenv/versions/airflow-venv/lib/python3.10/site-packages/airflow/example_dags/example_time_delta_sensor_async.py
[2024-07-21T21:10:12.808+0100] {processor.py:839} INFO - DAG(s) dict_keys(['example_time_delta_sensor_async']) retrieved from /Users/apoorvasaxena/.pyenv/versions/airflow-venv/lib/python3.10/site-packages/airflow/example_dags/example_time_delta_sensor_async.py
[2024-07-21T21:10:12.879+0100] {logging_mixin.py:151} INFO - [2024-07-21T21:10:12.879+0100] {dag.py:2915} INFO - Sync 1 DAGs
[2024-07-21T21:10:12.882+0100] {logging_mixin.py:151} INFO - [2024-07-21T21:10:12.882+0100] {dag.py:3696} INFO - Setting next_dagrun for example_time_delta_sensor_async to None, run_after=None
[2024-07-21T21:10:12.889+0100] {processor.py:179} INFO - Processing /Users/apoorvasaxena/.pyenv/versions/airflow-venv/lib/python3.10/site-packages/airflow/example_dags/example_time_delta_sensor_async.py took 0.100 seconds
[2024-07-21T21:11:27.833+0100] {processor.py:157} INFO - Started process (PID=85052) to work on /Users/apoorvasaxena/.pyenv/versions/airflow-venv/lib/python3.10/site-packages/airflow/example_dags/example_time_delta_sensor_async.py
[2024-07-21T21:11:27.836+0100] {processor.py:829} INFO - Processing file /Users/apoorvasaxena/.pyenv/versions/airflow-venv/lib/python3.10/site-packages/airflow/example_dags/example_time_delta_sensor_async.py for tasks to queue
[2024-07-21T21:11:27.836+0100] {logging_mixin.py:151} INFO - [2024-07-21T21:11:27.836+0100] {dagbag.py:539} INFO - Filling up the DagBag from /Users/apoorvasaxena/.pyenv/versions/airflow-venv/lib/python3.10/site-packages/airflow/example_dags/example_time_delta_sensor_async.py
[2024-07-21T21:11:27.852+0100] {processor.py:839} INFO - DAG(s) dict_keys(['example_time_delta_sensor_async']) retrieved from /Users/apoorvasaxena/.pyenv/versions/airflow-venv/lib/python3.10/site-packages/airflow/example_dags/example_time_delta_sensor_async.py
[2024-07-21T21:11:27.924+0100] {logging_mixin.py:151} INFO - [2024-07-21T21:11:27.924+0100] {dag.py:2915} INFO - Sync 1 DAGs
[2024-07-21T21:11:27.927+0100] {logging_mixin.py:151} INFO - [2024-07-21T21:11:27.927+0100] {dag.py:3696} INFO - Setting next_dagrun for example_time_delta_sensor_async to None, run_after=None
[2024-07-21T21:11:27.933+0100] {processor.py:179} INFO - Processing /Users/apoorvasaxena/.pyenv/versions/airflow-venv/lib/python3.10/site-packages/airflow/example_dags/example_time_delta_sensor_async.py took 0.101 seconds
[2024-07-21T21:12:37.703+0100] {processor.py:157} INFO - Started process (PID=85144) to work on /Users/apoorvasaxena/.pyenv/versions/airflow-venv/lib/python3.10/site-packages/airflow/example_dags/example_time_delta_sensor_async.py
[2024-07-21T21:12:37.706+0100] {processor.py:829} INFO - Processing file /Users/apoorvasaxena/.pyenv/versions/airflow-venv/lib/python3.10/site-packages/airflow/example_dags/example_time_delta_sensor_async.py for tasks to queue
[2024-07-21T21:12:37.706+0100] {logging_mixin.py:151} INFO - [2024-07-21T21:12:37.706+0100] {dagbag.py:539} INFO - Filling up the DagBag from /Users/apoorvasaxena/.pyenv/versions/airflow-venv/lib/python3.10/site-packages/airflow/example_dags/example_time_delta_sensor_async.py
[2024-07-21T21:12:37.722+0100] {processor.py:839} INFO - DAG(s) dict_keys(['example_time_delta_sensor_async']) retrieved from /Users/apoorvasaxena/.pyenv/versions/airflow-venv/lib/python3.10/site-packages/airflow/example_dags/example_time_delta_sensor_async.py
[2024-07-21T21:12:37.793+0100] {logging_mixin.py:151} INFO - [2024-07-21T21:12:37.793+0100] {dag.py:2915} INFO - Sync 1 DAGs
[2024-07-21T21:12:37.796+0100] {logging_mixin.py:151} INFO - [2024-07-21T21:12:37.796+0100] {dag.py:3696} INFO - Setting next_dagrun for example_time_delta_sensor_async to None, run_after=None
[2024-07-21T21:12:37.803+0100] {processor.py:179} INFO - Processing /Users/apoorvasaxena/.pyenv/versions/airflow-venv/lib/python3.10/site-packages/airflow/example_dags/example_time_delta_sensor_async.py took 0.100 seconds
[2024-07-21T21:13:49.203+0100] {processor.py:157} INFO - Started process (PID=85241) to work on /Users/apoorvasaxena/.pyenv/versions/airflow-venv/lib/python3.10/site-packages/airflow/example_dags/example_time_delta_sensor_async.py
[2024-07-21T21:13:49.205+0100] {processor.py:829} INFO - Processing file /Users/apoorvasaxena/.pyenv/versions/airflow-venv/lib/python3.10/site-packages/airflow/example_dags/example_time_delta_sensor_async.py for tasks to queue
[2024-07-21T21:13:49.205+0100] {logging_mixin.py:151} INFO - [2024-07-21T21:13:49.205+0100] {dagbag.py:539} INFO - Filling up the DagBag from /Users/apoorvasaxena/.pyenv/versions/airflow-venv/lib/python3.10/site-packages/airflow/example_dags/example_time_delta_sensor_async.py
[2024-07-21T21:13:49.221+0100] {processor.py:839} INFO - DAG(s) dict_keys(['example_time_delta_sensor_async']) retrieved from /Users/apoorvasaxena/.pyenv/versions/airflow-venv/lib/python3.10/site-packages/airflow/example_dags/example_time_delta_sensor_async.py
[2024-07-21T21:13:49.293+0100] {logging_mixin.py:151} INFO - [2024-07-21T21:13:49.293+0100] {dag.py:2915} INFO - Sync 1 DAGs
[2024-07-21T21:13:49.296+0100] {logging_mixin.py:151} INFO - [2024-07-21T21:13:49.296+0100] {dag.py:3696} INFO - Setting next_dagrun for example_time_delta_sensor_async to None, run_after=None
[2024-07-21T21:13:49.302+0100] {processor.py:179} INFO - Processing /Users/apoorvasaxena/.pyenv/versions/airflow-venv/lib/python3.10/site-packages/airflow/example_dags/example_time_delta_sensor_async.py took 0.100 seconds
[2024-07-21T21:14:59.470+0100] {processor.py:157} INFO - Started process (PID=85332) to work on /Users/apoorvasaxena/.pyenv/versions/airflow-venv/lib/python3.10/site-packages/airflow/example_dags/example_time_delta_sensor_async.py
[2024-07-21T21:14:59.472+0100] {processor.py:829} INFO - Processing file /Users/apoorvasaxena/.pyenv/versions/airflow-venv/lib/python3.10/site-packages/airflow/example_dags/example_time_delta_sensor_async.py for tasks to queue
[2024-07-21T21:14:59.472+0100] {logging_mixin.py:151} INFO - [2024-07-21T21:14:59.472+0100] {dagbag.py:539} INFO - Filling up the DagBag from /Users/apoorvasaxena/.pyenv/versions/airflow-venv/lib/python3.10/site-packages/airflow/example_dags/example_time_delta_sensor_async.py
[2024-07-21T21:14:59.488+0100] {processor.py:839} INFO - DAG(s) dict_keys(['example_time_delta_sensor_async']) retrieved from /Users/apoorvasaxena/.pyenv/versions/airflow-venv/lib/python3.10/site-packages/airflow/example_dags/example_time_delta_sensor_async.py
[2024-07-21T21:14:59.559+0100] {logging_mixin.py:151} INFO - [2024-07-21T21:14:59.559+0100] {dag.py:2915} INFO - Sync 1 DAGs
[2024-07-21T21:14:59.562+0100] {logging_mixin.py:151} INFO - [2024-07-21T21:14:59.562+0100] {dag.py:3696} INFO - Setting next_dagrun for example_time_delta_sensor_async to None, run_after=None
[2024-07-21T21:14:59.568+0100] {processor.py:179} INFO - Processing /Users/apoorvasaxena/.pyenv/versions/airflow-venv/lib/python3.10/site-packages/airflow/example_dags/example_time_delta_sensor_async.py took 0.099 seconds
[2024-07-21T21:16:09.931+0100] {processor.py:157} INFO - Started process (PID=85433) to work on /Users/apoorvasaxena/.pyenv/versions/airflow-venv/lib/python3.10/site-packages/airflow/example_dags/example_time_delta_sensor_async.py
[2024-07-21T21:16:09.934+0100] {processor.py:829} INFO - Processing file /Users/apoorvasaxena/.pyenv/versions/airflow-venv/lib/python3.10/site-packages/airflow/example_dags/example_time_delta_sensor_async.py for tasks to queue
[2024-07-21T21:16:09.934+0100] {logging_mixin.py:151} INFO - [2024-07-21T21:16:09.934+0100] {dagbag.py:539} INFO - Filling up the DagBag from /Users/apoorvasaxena/.pyenv/versions/airflow-venv/lib/python3.10/site-packages/airflow/example_dags/example_time_delta_sensor_async.py
[2024-07-21T21:16:09.950+0100] {processor.py:839} INFO - DAG(s) dict_keys(['example_time_delta_sensor_async']) retrieved from /Users/apoorvasaxena/.pyenv/versions/airflow-venv/lib/python3.10/site-packages/airflow/example_dags/example_time_delta_sensor_async.py
[2024-07-21T21:16:10.021+0100] {logging_mixin.py:151} INFO - [2024-07-21T21:16:10.021+0100] {dag.py:2915} INFO - Sync 1 DAGs
[2024-07-21T21:16:10.025+0100] {logging_mixin.py:151} INFO - [2024-07-21T21:16:10.025+0100] {dag.py:3696} INFO - Setting next_dagrun for example_time_delta_sensor_async to None, run_after=None
[2024-07-21T21:16:10.031+0100] {processor.py:179} INFO - Processing /Users/apoorvasaxena/.pyenv/versions/airflow-venv/lib/python3.10/site-packages/airflow/example_dags/example_time_delta_sensor_async.py took 0.100 seconds
[2024-07-21T21:17:20.124+0100] {processor.py:157} INFO - Started process (PID=85528) to work on /Users/apoorvasaxena/.pyenv/versions/airflow-venv/lib/python3.10/site-packages/airflow/example_dags/example_time_delta_sensor_async.py
[2024-07-21T21:17:20.126+0100] {processor.py:829} INFO - Processing file /Users/apoorvasaxena/.pyenv/versions/airflow-venv/lib/python3.10/site-packages/airflow/example_dags/example_time_delta_sensor_async.py for tasks to queue
[2024-07-21T21:17:20.127+0100] {logging_mixin.py:151} INFO - [2024-07-21T21:17:20.127+0100] {dagbag.py:539} INFO - Filling up the DagBag from /Users/apoorvasaxena/.pyenv/versions/airflow-venv/lib/python3.10/site-packages/airflow/example_dags/example_time_delta_sensor_async.py
[2024-07-21T21:17:20.142+0100] {processor.py:839} INFO - DAG(s) dict_keys(['example_time_delta_sensor_async']) retrieved from /Users/apoorvasaxena/.pyenv/versions/airflow-venv/lib/python3.10/site-packages/airflow/example_dags/example_time_delta_sensor_async.py
[2024-07-21T21:17:20.214+0100] {logging_mixin.py:151} INFO - [2024-07-21T21:17:20.214+0100] {dag.py:2915} INFO - Sync 1 DAGs
[2024-07-21T21:17:20.217+0100] {logging_mixin.py:151} INFO - [2024-07-21T21:17:20.217+0100] {dag.py:3696} INFO - Setting next_dagrun for example_time_delta_sensor_async to None, run_after=None
[2024-07-21T21:17:20.223+0100] {processor.py:179} INFO - Processing /Users/apoorvasaxena/.pyenv/versions/airflow-venv/lib/python3.10/site-packages/airflow/example_dags/example_time_delta_sensor_async.py took 0.100 seconds
[2024-07-21T21:18:31.124+0100] {processor.py:157} INFO - Started process (PID=85619) to work on /Users/apoorvasaxena/.pyenv/versions/airflow-venv/lib/python3.10/site-packages/airflow/example_dags/example_time_delta_sensor_async.py
[2024-07-21T21:18:31.127+0100] {processor.py:829} INFO - Processing file /Users/apoorvasaxena/.pyenv/versions/airflow-venv/lib/python3.10/site-packages/airflow/example_dags/example_time_delta_sensor_async.py for tasks to queue
[2024-07-21T21:18:31.127+0100] {logging_mixin.py:151} INFO - [2024-07-21T21:18:31.127+0100] {dagbag.py:539} INFO - Filling up the DagBag from /Users/apoorvasaxena/.pyenv/versions/airflow-venv/lib/python3.10/site-packages/airflow/example_dags/example_time_delta_sensor_async.py
[2024-07-21T21:18:31.143+0100] {processor.py:839} INFO - DAG(s) dict_keys(['example_time_delta_sensor_async']) retrieved from /Users/apoorvasaxena/.pyenv/versions/airflow-venv/lib/python3.10/site-packages/airflow/example_dags/example_time_delta_sensor_async.py
[2024-07-21T21:18:31.215+0100] {logging_mixin.py:151} INFO - [2024-07-21T21:18:31.214+0100] {dag.py:2915} INFO - Sync 1 DAGs
[2024-07-21T21:18:31.218+0100] {logging_mixin.py:151} INFO - [2024-07-21T21:18:31.218+0100] {dag.py:3696} INFO - Setting next_dagrun for example_time_delta_sensor_async to None, run_after=None
[2024-07-21T21:18:31.224+0100] {processor.py:179} INFO - Processing /Users/apoorvasaxena/.pyenv/versions/airflow-venv/lib/python3.10/site-packages/airflow/example_dags/example_time_delta_sensor_async.py took 0.100 seconds
[2024-07-21T21:19:41.826+0100] {processor.py:157} INFO - Started process (PID=85714) to work on /Users/apoorvasaxena/.pyenv/versions/airflow-venv/lib/python3.10/site-packages/airflow/example_dags/example_time_delta_sensor_async.py
[2024-07-21T21:19:41.828+0100] {processor.py:829} INFO - Processing file /Users/apoorvasaxena/.pyenv/versions/airflow-venv/lib/python3.10/site-packages/airflow/example_dags/example_time_delta_sensor_async.py for tasks to queue
[2024-07-21T21:19:41.828+0100] {logging_mixin.py:151} INFO - [2024-07-21T21:19:41.828+0100] {dagbag.py:539} INFO - Filling up the DagBag from /Users/apoorvasaxena/.pyenv/versions/airflow-venv/lib/python3.10/site-packages/airflow/example_dags/example_time_delta_sensor_async.py
[2024-07-21T21:19:41.844+0100] {processor.py:839} INFO - DAG(s) dict_keys(['example_time_delta_sensor_async']) retrieved from /Users/apoorvasaxena/.pyenv/versions/airflow-venv/lib/python3.10/site-packages/airflow/example_dags/example_time_delta_sensor_async.py
[2024-07-21T21:19:41.915+0100] {logging_mixin.py:151} INFO - [2024-07-21T21:19:41.915+0100] {dag.py:2915} INFO - Sync 1 DAGs
[2024-07-21T21:19:41.918+0100] {logging_mixin.py:151} INFO - [2024-07-21T21:19:41.918+0100] {dag.py:3696} INFO - Setting next_dagrun for example_time_delta_sensor_async to None, run_after=None
[2024-07-21T21:19:41.925+0100] {processor.py:179} INFO - Processing /Users/apoorvasaxena/.pyenv/versions/airflow-venv/lib/python3.10/site-packages/airflow/example_dags/example_time_delta_sensor_async.py took 0.099 seconds
[2024-07-21T21:20:55.740+0100] {processor.py:157} INFO - Started process (PID=85811) to work on /Users/apoorvasaxena/.pyenv/versions/airflow-venv/lib/python3.10/site-packages/airflow/example_dags/example_time_delta_sensor_async.py
[2024-07-21T21:20:55.741+0100] {processor.py:829} INFO - Processing file /Users/apoorvasaxena/.pyenv/versions/airflow-venv/lib/python3.10/site-packages/airflow/example_dags/example_time_delta_sensor_async.py for tasks to queue
[2024-07-21T21:20:55.742+0100] {logging_mixin.py:151} INFO - [2024-07-21T21:20:55.742+0100] {dagbag.py:539} INFO - Filling up the DagBag from /Users/apoorvasaxena/.pyenv/versions/airflow-venv/lib/python3.10/site-packages/airflow/example_dags/example_time_delta_sensor_async.py
[2024-07-21T21:20:55.757+0100] {processor.py:839} INFO - DAG(s) dict_keys(['example_time_delta_sensor_async']) retrieved from /Users/apoorvasaxena/.pyenv/versions/airflow-venv/lib/python3.10/site-packages/airflow/example_dags/example_time_delta_sensor_async.py
[2024-07-21T21:20:55.829+0100] {logging_mixin.py:151} INFO - [2024-07-21T21:20:55.829+0100] {dag.py:2915} INFO - Sync 1 DAGs
[2024-07-21T21:20:55.832+0100] {logging_mixin.py:151} INFO - [2024-07-21T21:20:55.832+0100] {dag.py:3696} INFO - Setting next_dagrun for example_time_delta_sensor_async to None, run_after=None
[2024-07-21T21:20:55.838+0100] {processor.py:179} INFO - Processing /Users/apoorvasaxena/.pyenv/versions/airflow-venv/lib/python3.10/site-packages/airflow/example_dags/example_time_delta_sensor_async.py took 0.099 seconds
[2024-07-21T21:22:05.555+0100] {processor.py:157} INFO - Started process (PID=85903) to work on /Users/apoorvasaxena/.pyenv/versions/airflow-venv/lib/python3.10/site-packages/airflow/example_dags/example_time_delta_sensor_async.py
[2024-07-21T21:22:05.558+0100] {processor.py:829} INFO - Processing file /Users/apoorvasaxena/.pyenv/versions/airflow-venv/lib/python3.10/site-packages/airflow/example_dags/example_time_delta_sensor_async.py for tasks to queue
[2024-07-21T21:22:05.558+0100] {logging_mixin.py:151} INFO - [2024-07-21T21:22:05.558+0100] {dagbag.py:539} INFO - Filling up the DagBag from /Users/apoorvasaxena/.pyenv/versions/airflow-venv/lib/python3.10/site-packages/airflow/example_dags/example_time_delta_sensor_async.py
[2024-07-21T21:22:05.574+0100] {processor.py:839} INFO - DAG(s) dict_keys(['example_time_delta_sensor_async']) retrieved from /Users/apoorvasaxena/.pyenv/versions/airflow-venv/lib/python3.10/site-packages/airflow/example_dags/example_time_delta_sensor_async.py
[2024-07-21T21:22:05.647+0100] {logging_mixin.py:151} INFO - [2024-07-21T21:22:05.647+0100] {dag.py:2915} INFO - Sync 1 DAGs
[2024-07-21T21:22:05.650+0100] {logging_mixin.py:151} INFO - [2024-07-21T21:22:05.650+0100] {dag.py:3696} INFO - Setting next_dagrun for example_time_delta_sensor_async to None, run_after=None
[2024-07-21T21:22:05.656+0100] {processor.py:179} INFO - Processing /Users/apoorvasaxena/.pyenv/versions/airflow-venv/lib/python3.10/site-packages/airflow/example_dags/example_time_delta_sensor_async.py took 0.102 seconds
[2024-07-21T21:23:18.097+0100] {processor.py:157} INFO - Started process (PID=86003) to work on /Users/apoorvasaxena/.pyenv/versions/airflow-venv/lib/python3.10/site-packages/airflow/example_dags/example_time_delta_sensor_async.py
[2024-07-21T21:23:18.100+0100] {processor.py:829} INFO - Processing file /Users/apoorvasaxena/.pyenv/versions/airflow-venv/lib/python3.10/site-packages/airflow/example_dags/example_time_delta_sensor_async.py for tasks to queue
[2024-07-21T21:23:18.100+0100] {logging_mixin.py:151} INFO - [2024-07-21T21:23:18.100+0100] {dagbag.py:539} INFO - Filling up the DagBag from /Users/apoorvasaxena/.pyenv/versions/airflow-venv/lib/python3.10/site-packages/airflow/example_dags/example_time_delta_sensor_async.py
[2024-07-21T21:23:18.116+0100] {processor.py:839} INFO - DAG(s) dict_keys(['example_time_delta_sensor_async']) retrieved from /Users/apoorvasaxena/.pyenv/versions/airflow-venv/lib/python3.10/site-packages/airflow/example_dags/example_time_delta_sensor_async.py
[2024-07-21T21:23:18.187+0100] {logging_mixin.py:151} INFO - [2024-07-21T21:23:18.187+0100] {dag.py:2915} INFO - Sync 1 DAGs
[2024-07-21T21:23:18.191+0100] {logging_mixin.py:151} INFO - [2024-07-21T21:23:18.191+0100] {dag.py:3696} INFO - Setting next_dagrun for example_time_delta_sensor_async to None, run_after=None
[2024-07-21T21:23:18.197+0100] {processor.py:179} INFO - Processing /Users/apoorvasaxena/.pyenv/versions/airflow-venv/lib/python3.10/site-packages/airflow/example_dags/example_time_delta_sensor_async.py took 0.100 seconds
[2024-07-21T21:24:27.998+0100] {processor.py:157} INFO - Started process (PID=86099) to work on /Users/apoorvasaxena/.pyenv/versions/airflow-venv/lib/python3.10/site-packages/airflow/example_dags/example_time_delta_sensor_async.py
[2024-07-21T21:24:28.000+0100] {processor.py:829} INFO - Processing file /Users/apoorvasaxena/.pyenv/versions/airflow-venv/lib/python3.10/site-packages/airflow/example_dags/example_time_delta_sensor_async.py for tasks to queue
[2024-07-21T21:24:28.001+0100] {logging_mixin.py:151} INFO - [2024-07-21T21:24:28.001+0100] {dagbag.py:539} INFO - Filling up the DagBag from /Users/apoorvasaxena/.pyenv/versions/airflow-venv/lib/python3.10/site-packages/airflow/example_dags/example_time_delta_sensor_async.py
[2024-07-21T21:24:28.017+0100] {processor.py:839} INFO - DAG(s) dict_keys(['example_time_delta_sensor_async']) retrieved from /Users/apoorvasaxena/.pyenv/versions/airflow-venv/lib/python3.10/site-packages/airflow/example_dags/example_time_delta_sensor_async.py
[2024-07-21T21:24:28.089+0100] {logging_mixin.py:151} INFO - [2024-07-21T21:24:28.089+0100] {dag.py:2915} INFO - Sync 1 DAGs
[2024-07-21T21:24:28.093+0100] {logging_mixin.py:151} INFO - [2024-07-21T21:24:28.093+0100] {dag.py:3696} INFO - Setting next_dagrun for example_time_delta_sensor_async to None, run_after=None
[2024-07-21T21:24:28.099+0100] {processor.py:179} INFO - Processing /Users/apoorvasaxena/.pyenv/versions/airflow-venv/lib/python3.10/site-packages/airflow/example_dags/example_time_delta_sensor_async.py took 0.102 seconds
[2024-07-21T21:25:38.536+0100] {processor.py:157} INFO - Started process (PID=86193) to work on /Users/apoorvasaxena/.pyenv/versions/airflow-venv/lib/python3.10/site-packages/airflow/example_dags/example_time_delta_sensor_async.py
[2024-07-21T21:25:38.538+0100] {processor.py:829} INFO - Processing file /Users/apoorvasaxena/.pyenv/versions/airflow-venv/lib/python3.10/site-packages/airflow/example_dags/example_time_delta_sensor_async.py for tasks to queue
[2024-07-21T21:25:38.538+0100] {logging_mixin.py:151} INFO - [2024-07-21T21:25:38.538+0100] {dagbag.py:539} INFO - Filling up the DagBag from /Users/apoorvasaxena/.pyenv/versions/airflow-venv/lib/python3.10/site-packages/airflow/example_dags/example_time_delta_sensor_async.py
[2024-07-21T21:25:38.554+0100] {processor.py:839} INFO - DAG(s) dict_keys(['example_time_delta_sensor_async']) retrieved from /Users/apoorvasaxena/.pyenv/versions/airflow-venv/lib/python3.10/site-packages/airflow/example_dags/example_time_delta_sensor_async.py
[2024-07-21T21:25:38.625+0100] {logging_mixin.py:151} INFO - [2024-07-21T21:25:38.625+0100] {dag.py:2915} INFO - Sync 1 DAGs
[2024-07-21T21:25:38.628+0100] {logging_mixin.py:151} INFO - [2024-07-21T21:25:38.628+0100] {dag.py:3696} INFO - Setting next_dagrun for example_time_delta_sensor_async to None, run_after=None
[2024-07-21T21:25:38.635+0100] {processor.py:179} INFO - Processing /Users/apoorvasaxena/.pyenv/versions/airflow-venv/lib/python3.10/site-packages/airflow/example_dags/example_time_delta_sensor_async.py took 0.099 seconds
[2024-07-21T21:26:49.262+0100] {processor.py:157} INFO - Started process (PID=86286) to work on /Users/apoorvasaxena/.pyenv/versions/airflow-venv/lib/python3.10/site-packages/airflow/example_dags/example_time_delta_sensor_async.py
[2024-07-21T21:26:49.264+0100] {processor.py:829} INFO - Processing file /Users/apoorvasaxena/.pyenv/versions/airflow-venv/lib/python3.10/site-packages/airflow/example_dags/example_time_delta_sensor_async.py for tasks to queue
[2024-07-21T21:26:49.264+0100] {logging_mixin.py:151} INFO - [2024-07-21T21:26:49.264+0100] {dagbag.py:539} INFO - Filling up the DagBag from /Users/apoorvasaxena/.pyenv/versions/airflow-venv/lib/python3.10/site-packages/airflow/example_dags/example_time_delta_sensor_async.py
[2024-07-21T21:26:49.279+0100] {processor.py:839} INFO - DAG(s) dict_keys(['example_time_delta_sensor_async']) retrieved from /Users/apoorvasaxena/.pyenv/versions/airflow-venv/lib/python3.10/site-packages/airflow/example_dags/example_time_delta_sensor_async.py
[2024-07-21T21:26:49.350+0100] {logging_mixin.py:151} INFO - [2024-07-21T21:26:49.350+0100] {dag.py:2915} INFO - Sync 1 DAGs
[2024-07-21T21:26:49.354+0100] {logging_mixin.py:151} INFO - [2024-07-21T21:26:49.354+0100] {dag.py:3696} INFO - Setting next_dagrun for example_time_delta_sensor_async to None, run_after=None
[2024-07-21T21:26:49.360+0100] {processor.py:179} INFO - Processing /Users/apoorvasaxena/.pyenv/versions/airflow-venv/lib/python3.10/site-packages/airflow/example_dags/example_time_delta_sensor_async.py took 0.099 seconds
[2024-07-21T21:28:00.080+0100] {processor.py:157} INFO - Started process (PID=86379) to work on /Users/apoorvasaxena/.pyenv/versions/airflow-venv/lib/python3.10/site-packages/airflow/example_dags/example_time_delta_sensor_async.py
[2024-07-21T21:28:00.082+0100] {processor.py:829} INFO - Processing file /Users/apoorvasaxena/.pyenv/versions/airflow-venv/lib/python3.10/site-packages/airflow/example_dags/example_time_delta_sensor_async.py for tasks to queue
[2024-07-21T21:28:00.082+0100] {logging_mixin.py:151} INFO - [2024-07-21T21:28:00.082+0100] {dagbag.py:539} INFO - Filling up the DagBag from /Users/apoorvasaxena/.pyenv/versions/airflow-venv/lib/python3.10/site-packages/airflow/example_dags/example_time_delta_sensor_async.py
[2024-07-21T21:28:00.098+0100] {processor.py:839} INFO - DAG(s) dict_keys(['example_time_delta_sensor_async']) retrieved from /Users/apoorvasaxena/.pyenv/versions/airflow-venv/lib/python3.10/site-packages/airflow/example_dags/example_time_delta_sensor_async.py
[2024-07-21T21:28:00.169+0100] {logging_mixin.py:151} INFO - [2024-07-21T21:28:00.169+0100] {dag.py:2915} INFO - Sync 1 DAGs
[2024-07-21T21:28:00.172+0100] {logging_mixin.py:151} INFO - [2024-07-21T21:28:00.172+0100] {dag.py:3696} INFO - Setting next_dagrun for example_time_delta_sensor_async to None, run_after=None
[2024-07-21T21:28:00.179+0100] {processor.py:179} INFO - Processing /Users/apoorvasaxena/.pyenv/versions/airflow-venv/lib/python3.10/site-packages/airflow/example_dags/example_time_delta_sensor_async.py took 0.099 seconds
[2024-07-21T21:29:13.905+0100] {processor.py:157} INFO - Started process (PID=86480) to work on /Users/apoorvasaxena/.pyenv/versions/airflow-venv/lib/python3.10/site-packages/airflow/example_dags/example_time_delta_sensor_async.py
[2024-07-21T21:29:13.907+0100] {processor.py:829} INFO - Processing file /Users/apoorvasaxena/.pyenv/versions/airflow-venv/lib/python3.10/site-packages/airflow/example_dags/example_time_delta_sensor_async.py for tasks to queue
[2024-07-21T21:29:13.908+0100] {logging_mixin.py:151} INFO - [2024-07-21T21:29:13.908+0100] {dagbag.py:539} INFO - Filling up the DagBag from /Users/apoorvasaxena/.pyenv/versions/airflow-venv/lib/python3.10/site-packages/airflow/example_dags/example_time_delta_sensor_async.py
[2024-07-21T21:29:13.924+0100] {processor.py:839} INFO - DAG(s) dict_keys(['example_time_delta_sensor_async']) retrieved from /Users/apoorvasaxena/.pyenv/versions/airflow-venv/lib/python3.10/site-packages/airflow/example_dags/example_time_delta_sensor_async.py
[2024-07-21T21:29:13.996+0100] {logging_mixin.py:151} INFO - [2024-07-21T21:29:13.996+0100] {dag.py:2915} INFO - Sync 1 DAGs
[2024-07-21T21:29:14.000+0100] {logging_mixin.py:151} INFO - [2024-07-21T21:29:14.000+0100] {dag.py:3696} INFO - Setting next_dagrun for example_time_delta_sensor_async to None, run_after=None
[2024-07-21T21:29:14.006+0100] {processor.py:179} INFO - Processing /Users/apoorvasaxena/.pyenv/versions/airflow-venv/lib/python3.10/site-packages/airflow/example_dags/example_time_delta_sensor_async.py took 0.101 seconds
[2024-07-21T21:30:25.035+0100] {processor.py:157} INFO - Started process (PID=86567) to work on /Users/apoorvasaxena/.pyenv/versions/airflow-venv/lib/python3.10/site-packages/airflow/example_dags/example_time_delta_sensor_async.py
[2024-07-21T21:30:25.038+0100] {processor.py:829} INFO - Processing file /Users/apoorvasaxena/.pyenv/versions/airflow-venv/lib/python3.10/site-packages/airflow/example_dags/example_time_delta_sensor_async.py for tasks to queue
[2024-07-21T21:30:25.038+0100] {logging_mixin.py:151} INFO - [2024-07-21T21:30:25.038+0100] {dagbag.py:539} INFO - Filling up the DagBag from /Users/apoorvasaxena/.pyenv/versions/airflow-venv/lib/python3.10/site-packages/airflow/example_dags/example_time_delta_sensor_async.py
[2024-07-21T21:30:25.054+0100] {processor.py:839} INFO - DAG(s) dict_keys(['example_time_delta_sensor_async']) retrieved from /Users/apoorvasaxena/.pyenv/versions/airflow-venv/lib/python3.10/site-packages/airflow/example_dags/example_time_delta_sensor_async.py
[2024-07-21T21:30:25.126+0100] {logging_mixin.py:151} INFO - [2024-07-21T21:30:25.126+0100] {dag.py:2915} INFO - Sync 1 DAGs
[2024-07-21T21:30:25.129+0100] {logging_mixin.py:151} INFO - [2024-07-21T21:30:25.129+0100] {dag.py:3696} INFO - Setting next_dagrun for example_time_delta_sensor_async to None, run_after=None
[2024-07-21T21:30:25.135+0100] {processor.py:179} INFO - Processing /Users/apoorvasaxena/.pyenv/versions/airflow-venv/lib/python3.10/site-packages/airflow/example_dags/example_time_delta_sensor_async.py took 0.100 seconds
[2024-07-21T21:31:35.853+0100] {processor.py:157} INFO - Started process (PID=86657) to work on /Users/apoorvasaxena/.pyenv/versions/airflow-venv/lib/python3.10/site-packages/airflow/example_dags/example_time_delta_sensor_async.py
[2024-07-21T21:31:35.855+0100] {processor.py:829} INFO - Processing file /Users/apoorvasaxena/.pyenv/versions/airflow-venv/lib/python3.10/site-packages/airflow/example_dags/example_time_delta_sensor_async.py for tasks to queue
[2024-07-21T21:31:35.855+0100] {logging_mixin.py:151} INFO - [2024-07-21T21:31:35.855+0100] {dagbag.py:539} INFO - Filling up the DagBag from /Users/apoorvasaxena/.pyenv/versions/airflow-venv/lib/python3.10/site-packages/airflow/example_dags/example_time_delta_sensor_async.py
[2024-07-21T21:31:35.871+0100] {processor.py:839} INFO - DAG(s) dict_keys(['example_time_delta_sensor_async']) retrieved from /Users/apoorvasaxena/.pyenv/versions/airflow-venv/lib/python3.10/site-packages/airflow/example_dags/example_time_delta_sensor_async.py
[2024-07-21T21:31:35.943+0100] {logging_mixin.py:151} INFO - [2024-07-21T21:31:35.943+0100] {dag.py:2915} INFO - Sync 1 DAGs
[2024-07-21T21:31:35.946+0100] {logging_mixin.py:151} INFO - [2024-07-21T21:31:35.946+0100] {dag.py:3696} INFO - Setting next_dagrun for example_time_delta_sensor_async to None, run_after=None
[2024-07-21T21:31:35.953+0100] {processor.py:179} INFO - Processing /Users/apoorvasaxena/.pyenv/versions/airflow-venv/lib/python3.10/site-packages/airflow/example_dags/example_time_delta_sensor_async.py took 0.100 seconds
[2024-07-21T21:32:50.822+0100] {processor.py:157} INFO - Started process (PID=86782) to work on /Users/apoorvasaxena/.pyenv/versions/airflow-venv/lib/python3.10/site-packages/airflow/example_dags/example_time_delta_sensor_async.py
[2024-07-21T21:32:50.825+0100] {processor.py:829} INFO - Processing file /Users/apoorvasaxena/.pyenv/versions/airflow-venv/lib/python3.10/site-packages/airflow/example_dags/example_time_delta_sensor_async.py for tasks to queue
[2024-07-21T21:32:50.825+0100] {logging_mixin.py:151} INFO - [2024-07-21T21:32:50.825+0100] {dagbag.py:539} INFO - Filling up the DagBag from /Users/apoorvasaxena/.pyenv/versions/airflow-venv/lib/python3.10/site-packages/airflow/example_dags/example_time_delta_sensor_async.py
[2024-07-21T21:32:50.842+0100] {processor.py:839} INFO - DAG(s) dict_keys(['example_time_delta_sensor_async']) retrieved from /Users/apoorvasaxena/.pyenv/versions/airflow-venv/lib/python3.10/site-packages/airflow/example_dags/example_time_delta_sensor_async.py
[2024-07-21T21:32:50.925+0100] {logging_mixin.py:151} INFO - [2024-07-21T21:32:50.925+0100] {dag.py:2915} INFO - Sync 1 DAGs
[2024-07-21T21:32:50.928+0100] {logging_mixin.py:151} INFO - [2024-07-21T21:32:50.928+0100] {dag.py:3696} INFO - Setting next_dagrun for example_time_delta_sensor_async to None, run_after=None
[2024-07-21T21:32:50.935+0100] {processor.py:179} INFO - Processing /Users/apoorvasaxena/.pyenv/versions/airflow-venv/lib/python3.10/site-packages/airflow/example_dags/example_time_delta_sensor_async.py took 0.113 seconds
[2024-07-21T21:34:04.154+0100] {processor.py:157} INFO - Started process (PID=86868) to work on /Users/apoorvasaxena/.pyenv/versions/airflow-venv/lib/python3.10/site-packages/airflow/example_dags/example_time_delta_sensor_async.py
[2024-07-21T21:34:04.157+0100] {processor.py:829} INFO - Processing file /Users/apoorvasaxena/.pyenv/versions/airflow-venv/lib/python3.10/site-packages/airflow/example_dags/example_time_delta_sensor_async.py for tasks to queue
[2024-07-21T21:34:04.157+0100] {logging_mixin.py:151} INFO - [2024-07-21T21:34:04.157+0100] {dagbag.py:539} INFO - Filling up the DagBag from /Users/apoorvasaxena/.pyenv/versions/airflow-venv/lib/python3.10/site-packages/airflow/example_dags/example_time_delta_sensor_async.py
[2024-07-21T21:34:04.174+0100] {processor.py:839} INFO - DAG(s) dict_keys(['example_time_delta_sensor_async']) retrieved from /Users/apoorvasaxena/.pyenv/versions/airflow-venv/lib/python3.10/site-packages/airflow/example_dags/example_time_delta_sensor_async.py
[2024-07-21T21:34:04.252+0100] {logging_mixin.py:151} INFO - [2024-07-21T21:34:04.252+0100] {dag.py:2915} INFO - Sync 1 DAGs
[2024-07-21T21:34:04.256+0100] {logging_mixin.py:151} INFO - [2024-07-21T21:34:04.255+0100] {dag.py:3696} INFO - Setting next_dagrun for example_time_delta_sensor_async to None, run_after=None
[2024-07-21T21:34:04.262+0100] {processor.py:179} INFO - Processing /Users/apoorvasaxena/.pyenv/versions/airflow-venv/lib/python3.10/site-packages/airflow/example_dags/example_time_delta_sensor_async.py took 0.108 seconds
[2024-07-21T21:35:17.469+0100] {processor.py:157} INFO - Started process (PID=86957) to work on /Users/apoorvasaxena/.pyenv/versions/airflow-venv/lib/python3.10/site-packages/airflow/example_dags/example_time_delta_sensor_async.py
[2024-07-21T21:35:17.471+0100] {processor.py:829} INFO - Processing file /Users/apoorvasaxena/.pyenv/versions/airflow-venv/lib/python3.10/site-packages/airflow/example_dags/example_time_delta_sensor_async.py for tasks to queue
[2024-07-21T21:35:17.471+0100] {logging_mixin.py:151} INFO - [2024-07-21T21:35:17.471+0100] {dagbag.py:539} INFO - Filling up the DagBag from /Users/apoorvasaxena/.pyenv/versions/airflow-venv/lib/python3.10/site-packages/airflow/example_dags/example_time_delta_sensor_async.py
[2024-07-21T21:35:17.487+0100] {processor.py:839} INFO - DAG(s) dict_keys(['example_time_delta_sensor_async']) retrieved from /Users/apoorvasaxena/.pyenv/versions/airflow-venv/lib/python3.10/site-packages/airflow/example_dags/example_time_delta_sensor_async.py
[2024-07-21T21:35:17.562+0100] {logging_mixin.py:151} INFO - [2024-07-21T21:35:17.562+0100] {dag.py:2915} INFO - Sync 1 DAGs
[2024-07-21T21:35:17.566+0100] {logging_mixin.py:151} INFO - [2024-07-21T21:35:17.566+0100] {dag.py:3696} INFO - Setting next_dagrun for example_time_delta_sensor_async to None, run_after=None
[2024-07-21T21:35:17.573+0100] {processor.py:179} INFO - Processing /Users/apoorvasaxena/.pyenv/versions/airflow-venv/lib/python3.10/site-packages/airflow/example_dags/example_time_delta_sensor_async.py took 0.105 seconds
[2024-07-21T21:36:28.106+0100] {processor.py:157} INFO - Started process (PID=87041) to work on /Users/apoorvasaxena/.pyenv/versions/airflow-venv/lib/python3.10/site-packages/airflow/example_dags/example_time_delta_sensor_async.py
[2024-07-21T21:36:28.108+0100] {processor.py:829} INFO - Processing file /Users/apoorvasaxena/.pyenv/versions/airflow-venv/lib/python3.10/site-packages/airflow/example_dags/example_time_delta_sensor_async.py for tasks to queue
[2024-07-21T21:36:28.108+0100] {logging_mixin.py:151} INFO - [2024-07-21T21:36:28.108+0100] {dagbag.py:539} INFO - Filling up the DagBag from /Users/apoorvasaxena/.pyenv/versions/airflow-venv/lib/python3.10/site-packages/airflow/example_dags/example_time_delta_sensor_async.py
[2024-07-21T21:36:28.125+0100] {processor.py:839} INFO - DAG(s) dict_keys(['example_time_delta_sensor_async']) retrieved from /Users/apoorvasaxena/.pyenv/versions/airflow-venv/lib/python3.10/site-packages/airflow/example_dags/example_time_delta_sensor_async.py
[2024-07-21T21:36:28.200+0100] {logging_mixin.py:151} INFO - [2024-07-21T21:36:28.200+0100] {dag.py:2915} INFO - Sync 1 DAGs
[2024-07-21T21:36:28.203+0100] {logging_mixin.py:151} INFO - [2024-07-21T21:36:28.203+0100] {dag.py:3696} INFO - Setting next_dagrun for example_time_delta_sensor_async to None, run_after=None
[2024-07-21T21:36:28.210+0100] {processor.py:179} INFO - Processing /Users/apoorvasaxena/.pyenv/versions/airflow-venv/lib/python3.10/site-packages/airflow/example_dags/example_time_delta_sensor_async.py took 0.105 seconds
[2024-07-21T21:37:40.981+0100] {processor.py:157} INFO - Started process (PID=87133) to work on /Users/apoorvasaxena/.pyenv/versions/airflow-venv/lib/python3.10/site-packages/airflow/example_dags/example_time_delta_sensor_async.py
[2024-07-21T21:37:40.983+0100] {processor.py:829} INFO - Processing file /Users/apoorvasaxena/.pyenv/versions/airflow-venv/lib/python3.10/site-packages/airflow/example_dags/example_time_delta_sensor_async.py for tasks to queue
[2024-07-21T21:37:40.983+0100] {logging_mixin.py:151} INFO - [2024-07-21T21:37:40.983+0100] {dagbag.py:539} INFO - Filling up the DagBag from /Users/apoorvasaxena/.pyenv/versions/airflow-venv/lib/python3.10/site-packages/airflow/example_dags/example_time_delta_sensor_async.py
[2024-07-21T21:37:40.999+0100] {processor.py:839} INFO - DAG(s) dict_keys(['example_time_delta_sensor_async']) retrieved from /Users/apoorvasaxena/.pyenv/versions/airflow-venv/lib/python3.10/site-packages/airflow/example_dags/example_time_delta_sensor_async.py
[2024-07-21T21:37:41.072+0100] {logging_mixin.py:151} INFO - [2024-07-21T21:37:41.072+0100] {dag.py:2915} INFO - Sync 1 DAGs
[2024-07-21T21:37:41.075+0100] {logging_mixin.py:151} INFO - [2024-07-21T21:37:41.075+0100] {dag.py:3696} INFO - Setting next_dagrun for example_time_delta_sensor_async to None, run_after=None
[2024-07-21T21:37:41.082+0100] {processor.py:179} INFO - Processing /Users/apoorvasaxena/.pyenv/versions/airflow-venv/lib/python3.10/site-packages/airflow/example_dags/example_time_delta_sensor_async.py took 0.102 seconds
