[2024-07-21T20:49:43.443+0100] {processor.py:157} INFO - Started process (PID=82498) to work on /Users/apoorvasaxena/.pyenv/versions/airflow-venv/lib/python3.10/site-packages/airflow/example_dags/example_task_group_decorator.py
[2024-07-21T20:49:43.445+0100] {processor.py:829} INFO - Processing file /Users/apoorvasaxena/.pyenv/versions/airflow-venv/lib/python3.10/site-packages/airflow/example_dags/example_task_group_decorator.py for tasks to queue
[2024-07-21T20:49:43.446+0100] {logging_mixin.py:151} INFO - [2024-07-21T20:49:43.446+0100] {dagbag.py:539} INFO - Filling up the DagBag from /Users/apoorvasaxena/.pyenv/versions/airflow-venv/lib/python3.10/site-packages/airflow/example_dags/example_task_group_decorator.py
[2024-07-21T20:49:43.471+0100] {processor.py:839} INFO - DAG(s) dict_keys(['example_task_group_decorator']) retrieved from /Users/apoorvasaxena/.pyenv/versions/airflow-venv/lib/python3.10/site-packages/airflow/example_dags/example_task_group_decorator.py
[2024-07-21T20:49:43.489+0100] {logging_mixin.py:151} INFO - [2024-07-21T20:49:43.489+0100] {dag.py:2915} INFO - Sync 1 DAGs
[2024-07-21T20:49:43.524+0100] {logging_mixin.py:151} INFO - [2024-07-21T20:49:43.524+0100] {dag.py:3696} INFO - Setting next_dagrun for example_task_group_decorator to 2024-07-20T19:49:43.524130+00:00, run_after=2024-07-21T19:49:43.524130+00:00
[2024-07-21T20:49:43.530+0100] {processor.py:179} INFO - Processing /Users/apoorvasaxena/.pyenv/versions/airflow-venv/lib/python3.10/site-packages/airflow/example_dags/example_task_group_decorator.py took 0.088 seconds
[2024-07-21T20:50:50.836+0100] {processor.py:157} INFO - Started process (PID=82627) to work on /Users/apoorvasaxena/.pyenv/versions/airflow-venv/lib/python3.10/site-packages/airflow/example_dags/example_task_group_decorator.py
[2024-07-21T20:50:50.838+0100] {processor.py:829} INFO - Processing file /Users/apoorvasaxena/.pyenv/versions/airflow-venv/lib/python3.10/site-packages/airflow/example_dags/example_task_group_decorator.py for tasks to queue
[2024-07-21T20:50:50.839+0100] {logging_mixin.py:151} INFO - [2024-07-21T20:50:50.838+0100] {dagbag.py:539} INFO - Filling up the DagBag from /Users/apoorvasaxena/.pyenv/versions/airflow-venv/lib/python3.10/site-packages/airflow/example_dags/example_task_group_decorator.py
[2024-07-21T20:50:50.865+0100] {processor.py:839} INFO - DAG(s) dict_keys(['example_task_group_decorator']) retrieved from /Users/apoorvasaxena/.pyenv/versions/airflow-venv/lib/python3.10/site-packages/airflow/example_dags/example_task_group_decorator.py
[2024-07-21T20:50:50.936+0100] {logging_mixin.py:151} INFO - [2024-07-21T20:50:50.936+0100] {dag.py:2915} INFO - Sync 1 DAGs
[2024-07-21T20:50:50.942+0100] {logging_mixin.py:151} INFO - [2024-07-21T20:50:50.942+0100] {dag.py:3696} INFO - Setting next_dagrun for example_task_group_decorator to 2024-07-20T19:50:50.942604+00:00, run_after=2024-07-21T19:50:50.942604+00:00
[2024-07-21T20:50:50.949+0100] {processor.py:179} INFO - Processing /Users/apoorvasaxena/.pyenv/versions/airflow-venv/lib/python3.10/site-packages/airflow/example_dags/example_task_group_decorator.py took 0.113 seconds
[2024-07-21T20:52:04.239+0100] {processor.py:157} INFO - Started process (PID=82849) to work on /Users/apoorvasaxena/.pyenv/versions/airflow-venv/lib/python3.10/site-packages/airflow/example_dags/example_task_group_decorator.py
[2024-07-21T20:52:04.242+0100] {processor.py:829} INFO - Processing file /Users/apoorvasaxena/.pyenv/versions/airflow-venv/lib/python3.10/site-packages/airflow/example_dags/example_task_group_decorator.py for tasks to queue
[2024-07-21T20:52:04.242+0100] {logging_mixin.py:151} INFO - [2024-07-21T20:52:04.242+0100] {dagbag.py:539} INFO - Filling up the DagBag from /Users/apoorvasaxena/.pyenv/versions/airflow-venv/lib/python3.10/site-packages/airflow/example_dags/example_task_group_decorator.py
[2024-07-21T20:52:04.266+0100] {processor.py:839} INFO - DAG(s) dict_keys(['example_task_group_decorator']) retrieved from /Users/apoorvasaxena/.pyenv/versions/airflow-venv/lib/python3.10/site-packages/airflow/example_dags/example_task_group_decorator.py
[2024-07-21T20:52:04.338+0100] {logging_mixin.py:151} INFO - [2024-07-21T20:52:04.338+0100] {dag.py:2915} INFO - Sync 1 DAGs
[2024-07-21T20:52:04.344+0100] {logging_mixin.py:151} INFO - [2024-07-21T20:52:04.344+0100] {dag.py:3696} INFO - Setting next_dagrun for example_task_group_decorator to 2024-07-20T19:52:04.344735+00:00, run_after=2024-07-21T19:52:04.344735+00:00
[2024-07-21T20:52:04.351+0100] {processor.py:179} INFO - Processing /Users/apoorvasaxena/.pyenv/versions/airflow-venv/lib/python3.10/site-packages/airflow/example_dags/example_task_group_decorator.py took 0.113 seconds
