[2024-07-21T20:49:58.686+0100] {processor.py:157} INFO - Started process (PID=82517) to work on /Users/apoorvasaxena/.pyenv/versions/airflow-venv/lib/python3.10/site-packages/airflow/example_dags/example_python_operator.py
[2024-07-21T20:49:58.689+0100] {processor.py:829} INFO - Processing file /Users/apoorvasaxena/.pyenv/versions/airflow-venv/lib/python3.10/site-packages/airflow/example_dags/example_python_operator.py for tasks to queue
[2024-07-21T20:49:58.689+0100] {logging_mixin.py:151} INFO - [2024-07-21T20:49:58.689+0100] {dagbag.py:539} INFO - Filling up the DagBag from /Users/apoorvasaxena/.pyenv/versions/airflow-venv/lib/python3.10/site-packages/airflow/example_dags/example_python_operator.py
[2024-07-21T20:49:58.710+0100] {logging_mixin.py:151} INFO - [2024-07-21T20:49:58.710+0100] {example_python_operator.py:89} WARNING - The virtalenv_python example task requires virtualenv, please install it.
[2024-07-21T20:49:58.712+0100] {processor.py:839} INFO - DAG(s) dict_keys(['example_python_operator']) retrieved from /Users/apoorvasaxena/.pyenv/versions/airflow-venv/lib/python3.10/site-packages/airflow/example_dags/example_python_operator.py
[2024-07-21T20:49:58.784+0100] {logging_mixin.py:151} INFO - [2024-07-21T20:49:58.784+0100] {dag.py:2915} INFO - Sync 1 DAGs
[2024-07-21T20:49:58.787+0100] {logging_mixin.py:151} INFO - [2024-07-21T20:49:58.787+0100] {dag.py:3696} INFO - Setting next_dagrun for example_python_operator to None, run_after=None
[2024-07-21T20:49:58.794+0100] {processor.py:179} INFO - Processing /Users/apoorvasaxena/.pyenv/versions/airflow-venv/lib/python3.10/site-packages/airflow/example_dags/example_python_operator.py took 0.108 seconds
[2024-07-21T20:51:06.435+0100] {processor.py:157} INFO - Started process (PID=82651) to work on /Users/apoorvasaxena/.pyenv/versions/airflow-venv/lib/python3.10/site-packages/airflow/example_dags/example_python_operator.py
[2024-07-21T20:51:06.438+0100] {processor.py:829} INFO - Processing file /Users/apoorvasaxena/.pyenv/versions/airflow-venv/lib/python3.10/site-packages/airflow/example_dags/example_python_operator.py for tasks to queue
[2024-07-21T20:51:06.438+0100] {logging_mixin.py:151} INFO - [2024-07-21T20:51:06.438+0100] {dagbag.py:539} INFO - Filling up the DagBag from /Users/apoorvasaxena/.pyenv/versions/airflow-venv/lib/python3.10/site-packages/airflow/example_dags/example_python_operator.py
[2024-07-21T20:51:06.459+0100] {logging_mixin.py:151} INFO - [2024-07-21T20:51:06.459+0100] {example_python_operator.py:89} WARNING - The virtalenv_python example task requires virtualenv, please install it.
[2024-07-21T20:51:06.462+0100] {processor.py:839} INFO - DAG(s) dict_keys(['example_python_operator']) retrieved from /Users/apoorvasaxena/.pyenv/versions/airflow-venv/lib/python3.10/site-packages/airflow/example_dags/example_python_operator.py
[2024-07-21T20:51:06.533+0100] {logging_mixin.py:151} INFO - [2024-07-21T20:51:06.533+0100] {dag.py:2915} INFO - Sync 1 DAGs
[2024-07-21T20:51:06.536+0100] {logging_mixin.py:151} INFO - [2024-07-21T20:51:06.536+0100] {dag.py:3696} INFO - Setting next_dagrun for example_python_operator to None, run_after=None
[2024-07-21T20:51:06.543+0100] {processor.py:179} INFO - Processing /Users/apoorvasaxena/.pyenv/versions/airflow-venv/lib/python3.10/site-packages/airflow/example_dags/example_python_operator.py took 0.109 seconds
[2024-07-21T20:52:19.434+0100] {processor.py:157} INFO - Started process (PID=82869) to work on /Users/apoorvasaxena/.pyenv/versions/airflow-venv/lib/python3.10/site-packages/airflow/example_dags/example_python_operator.py
[2024-07-21T20:52:19.437+0100] {processor.py:829} INFO - Processing file /Users/apoorvasaxena/.pyenv/versions/airflow-venv/lib/python3.10/site-packages/airflow/example_dags/example_python_operator.py for tasks to queue
[2024-07-21T20:52:19.437+0100] {logging_mixin.py:151} INFO - [2024-07-21T20:52:19.437+0100] {dagbag.py:539} INFO - Filling up the DagBag from /Users/apoorvasaxena/.pyenv/versions/airflow-venv/lib/python3.10/site-packages/airflow/example_dags/example_python_operator.py
[2024-07-21T20:52:19.458+0100] {logging_mixin.py:151} INFO - [2024-07-21T20:52:19.458+0100] {example_python_operator.py:89} WARNING - The virtalenv_python example task requires virtualenv, please install it.
[2024-07-21T20:52:19.460+0100] {processor.py:839} INFO - DAG(s) dict_keys(['example_python_operator']) retrieved from /Users/apoorvasaxena/.pyenv/versions/airflow-venv/lib/python3.10/site-packages/airflow/example_dags/example_python_operator.py
[2024-07-21T20:52:19.530+0100] {logging_mixin.py:151} INFO - [2024-07-21T20:52:19.530+0100] {dag.py:2915} INFO - Sync 1 DAGs
[2024-07-21T20:52:19.533+0100] {logging_mixin.py:151} INFO - [2024-07-21T20:52:19.533+0100] {dag.py:3696} INFO - Setting next_dagrun for example_python_operator to None, run_after=None
[2024-07-21T20:52:19.540+0100] {processor.py:179} INFO - Processing /Users/apoorvasaxena/.pyenv/versions/airflow-venv/lib/python3.10/site-packages/airflow/example_dags/example_python_operator.py took 0.106 seconds
[2024-07-21T20:53:31.156+0100] {processor.py:157} INFO - Started process (PID=83684) to work on /Users/apoorvasaxena/.pyenv/versions/airflow-venv/lib/python3.10/site-packages/airflow/example_dags/example_python_operator.py
[2024-07-21T20:53:31.159+0100] {processor.py:829} INFO - Processing file /Users/apoorvasaxena/.pyenv/versions/airflow-venv/lib/python3.10/site-packages/airflow/example_dags/example_python_operator.py for tasks to queue
[2024-07-21T20:53:31.159+0100] {logging_mixin.py:151} INFO - [2024-07-21T20:53:31.159+0100] {dagbag.py:539} INFO - Filling up the DagBag from /Users/apoorvasaxena/.pyenv/versions/airflow-venv/lib/python3.10/site-packages/airflow/example_dags/example_python_operator.py
[2024-07-21T20:53:31.180+0100] {logging_mixin.py:151} INFO - [2024-07-21T20:53:31.180+0100] {example_python_operator.py:89} WARNING - The virtalenv_python example task requires virtualenv, please install it.
[2024-07-21T20:53:31.182+0100] {processor.py:839} INFO - DAG(s) dict_keys(['example_python_operator']) retrieved from /Users/apoorvasaxena/.pyenv/versions/airflow-venv/lib/python3.10/site-packages/airflow/example_dags/example_python_operator.py
[2024-07-21T20:53:31.253+0100] {logging_mixin.py:151} INFO - [2024-07-21T20:53:31.253+0100] {dag.py:2915} INFO - Sync 1 DAGs
[2024-07-21T20:53:31.256+0100] {logging_mixin.py:151} INFO - [2024-07-21T20:53:31.256+0100] {dag.py:3696} INFO - Setting next_dagrun for example_python_operator to None, run_after=None
[2024-07-21T20:53:31.263+0100] {processor.py:179} INFO - Processing /Users/apoorvasaxena/.pyenv/versions/airflow-venv/lib/python3.10/site-packages/airflow/example_dags/example_python_operator.py took 0.107 seconds
[2024-07-21T20:54:48.595+0100] {processor.py:157} INFO - Started process (PID=83788) to work on /Users/apoorvasaxena/.pyenv/versions/airflow-venv/lib/python3.10/site-packages/airflow/example_dags/example_python_operator.py
[2024-07-21T20:54:48.598+0100] {processor.py:829} INFO - Processing file /Users/apoorvasaxena/.pyenv/versions/airflow-venv/lib/python3.10/site-packages/airflow/example_dags/example_python_operator.py for tasks to queue
[2024-07-21T20:54:48.598+0100] {logging_mixin.py:151} INFO - [2024-07-21T20:54:48.598+0100] {dagbag.py:539} INFO - Filling up the DagBag from /Users/apoorvasaxena/.pyenv/versions/airflow-venv/lib/python3.10/site-packages/airflow/example_dags/example_python_operator.py
[2024-07-21T20:54:48.619+0100] {logging_mixin.py:151} INFO - [2024-07-21T20:54:48.619+0100] {example_python_operator.py:89} WARNING - The virtalenv_python example task requires virtualenv, please install it.
[2024-07-21T20:54:48.621+0100] {processor.py:839} INFO - DAG(s) dict_keys(['example_python_operator']) retrieved from /Users/apoorvasaxena/.pyenv/versions/airflow-venv/lib/python3.10/site-packages/airflow/example_dags/example_python_operator.py
[2024-07-21T20:54:48.692+0100] {logging_mixin.py:151} INFO - [2024-07-21T20:54:48.692+0100] {dag.py:2915} INFO - Sync 1 DAGs
[2024-07-21T20:54:48.696+0100] {logging_mixin.py:151} INFO - [2024-07-21T20:54:48.696+0100] {dag.py:3696} INFO - Setting next_dagrun for example_python_operator to None, run_after=None
[2024-07-21T20:54:48.702+0100] {processor.py:179} INFO - Processing /Users/apoorvasaxena/.pyenv/versions/airflow-venv/lib/python3.10/site-packages/airflow/example_dags/example_python_operator.py took 0.108 seconds
[2024-07-21T20:56:01.862+0100] {processor.py:157} INFO - Started process (PID=83889) to work on /Users/apoorvasaxena/.pyenv/versions/airflow-venv/lib/python3.10/site-packages/airflow/example_dags/example_python_operator.py
[2024-07-21T20:56:01.865+0100] {processor.py:829} INFO - Processing file /Users/apoorvasaxena/.pyenv/versions/airflow-venv/lib/python3.10/site-packages/airflow/example_dags/example_python_operator.py for tasks to queue
[2024-07-21T20:56:01.865+0100] {logging_mixin.py:151} INFO - [2024-07-21T20:56:01.865+0100] {dagbag.py:539} INFO - Filling up the DagBag from /Users/apoorvasaxena/.pyenv/versions/airflow-venv/lib/python3.10/site-packages/airflow/example_dags/example_python_operator.py
[2024-07-21T20:56:01.886+0100] {logging_mixin.py:151} INFO - [2024-07-21T20:56:01.886+0100] {example_python_operator.py:89} WARNING - The virtalenv_python example task requires virtualenv, please install it.
[2024-07-21T20:56:01.888+0100] {processor.py:839} INFO - DAG(s) dict_keys(['example_python_operator']) retrieved from /Users/apoorvasaxena/.pyenv/versions/airflow-venv/lib/python3.10/site-packages/airflow/example_dags/example_python_operator.py
[2024-07-21T20:56:01.960+0100] {logging_mixin.py:151} INFO - [2024-07-21T20:56:01.960+0100] {dag.py:2915} INFO - Sync 1 DAGs
[2024-07-21T20:56:01.963+0100] {logging_mixin.py:151} INFO - [2024-07-21T20:56:01.963+0100] {dag.py:3696} INFO - Setting next_dagrun for example_python_operator to None, run_after=None
[2024-07-21T20:56:01.970+0100] {processor.py:179} INFO - Processing /Users/apoorvasaxena/.pyenv/versions/airflow-venv/lib/python3.10/site-packages/airflow/example_dags/example_python_operator.py took 0.108 seconds
[2024-07-21T20:57:15.705+0100] {processor.py:157} INFO - Started process (PID=83992) to work on /Users/apoorvasaxena/.pyenv/versions/airflow-venv/lib/python3.10/site-packages/airflow/example_dags/example_python_operator.py
[2024-07-21T20:57:15.708+0100] {processor.py:829} INFO - Processing file /Users/apoorvasaxena/.pyenv/versions/airflow-venv/lib/python3.10/site-packages/airflow/example_dags/example_python_operator.py for tasks to queue
[2024-07-21T20:57:15.708+0100] {logging_mixin.py:151} INFO - [2024-07-21T20:57:15.708+0100] {dagbag.py:539} INFO - Filling up the DagBag from /Users/apoorvasaxena/.pyenv/versions/airflow-venv/lib/python3.10/site-packages/airflow/example_dags/example_python_operator.py
[2024-07-21T20:57:15.730+0100] {logging_mixin.py:151} INFO - [2024-07-21T20:57:15.730+0100] {example_python_operator.py:89} WARNING - The virtalenv_python example task requires virtualenv, please install it.
[2024-07-21T20:57:15.732+0100] {processor.py:839} INFO - DAG(s) dict_keys(['example_python_operator']) retrieved from /Users/apoorvasaxena/.pyenv/versions/airflow-venv/lib/python3.10/site-packages/airflow/example_dags/example_python_operator.py
[2024-07-21T20:57:15.803+0100] {logging_mixin.py:151} INFO - [2024-07-21T20:57:15.803+0100] {dag.py:2915} INFO - Sync 1 DAGs
[2024-07-21T20:57:15.806+0100] {logging_mixin.py:151} INFO - [2024-07-21T20:57:15.806+0100] {dag.py:3696} INFO - Setting next_dagrun for example_python_operator to None, run_after=None
[2024-07-21T20:57:15.813+0100] {processor.py:179} INFO - Processing /Users/apoorvasaxena/.pyenv/versions/airflow-venv/lib/python3.10/site-packages/airflow/example_dags/example_python_operator.py took 0.108 seconds
[2024-07-21T20:58:25.042+0100] {processor.py:157} INFO - Started process (PID=84067) to work on /Users/apoorvasaxena/.pyenv/versions/airflow-venv/lib/python3.10/site-packages/airflow/example_dags/example_python_operator.py
[2024-07-21T20:58:25.044+0100] {processor.py:829} INFO - Processing file /Users/apoorvasaxena/.pyenv/versions/airflow-venv/lib/python3.10/site-packages/airflow/example_dags/example_python_operator.py for tasks to queue
[2024-07-21T20:58:25.045+0100] {logging_mixin.py:151} INFO - [2024-07-21T20:58:25.044+0100] {dagbag.py:539} INFO - Filling up the DagBag from /Users/apoorvasaxena/.pyenv/versions/airflow-venv/lib/python3.10/site-packages/airflow/example_dags/example_python_operator.py
[2024-07-21T20:58:25.066+0100] {logging_mixin.py:151} INFO - [2024-07-21T20:58:25.066+0100] {example_python_operator.py:89} WARNING - The virtalenv_python example task requires virtualenv, please install it.
[2024-07-21T20:58:25.068+0100] {processor.py:839} INFO - DAG(s) dict_keys(['example_python_operator']) retrieved from /Users/apoorvasaxena/.pyenv/versions/airflow-venv/lib/python3.10/site-packages/airflow/example_dags/example_python_operator.py
[2024-07-21T20:58:25.140+0100] {logging_mixin.py:151} INFO - [2024-07-21T20:58:25.140+0100] {dag.py:2915} INFO - Sync 1 DAGs
[2024-07-21T20:58:25.143+0100] {logging_mixin.py:151} INFO - [2024-07-21T20:58:25.143+0100] {dag.py:3696} INFO - Setting next_dagrun for example_python_operator to None, run_after=None
[2024-07-21T20:58:25.151+0100] {processor.py:179} INFO - Processing /Users/apoorvasaxena/.pyenv/versions/airflow-venv/lib/python3.10/site-packages/airflow/example_dags/example_python_operator.py took 0.109 seconds
[2024-07-21T20:59:36.635+0100] {processor.py:157} INFO - Started process (PID=84149) to work on /Users/apoorvasaxena/.pyenv/versions/airflow-venv/lib/python3.10/site-packages/airflow/example_dags/example_python_operator.py
[2024-07-21T20:59:36.637+0100] {processor.py:829} INFO - Processing file /Users/apoorvasaxena/.pyenv/versions/airflow-venv/lib/python3.10/site-packages/airflow/example_dags/example_python_operator.py for tasks to queue
[2024-07-21T20:59:36.637+0100] {logging_mixin.py:151} INFO - [2024-07-21T20:59:36.637+0100] {dagbag.py:539} INFO - Filling up the DagBag from /Users/apoorvasaxena/.pyenv/versions/airflow-venv/lib/python3.10/site-packages/airflow/example_dags/example_python_operator.py
[2024-07-21T20:59:36.658+0100] {logging_mixin.py:151} INFO - [2024-07-21T20:59:36.658+0100] {example_python_operator.py:89} WARNING - The virtalenv_python example task requires virtualenv, please install it.
[2024-07-21T20:59:36.660+0100] {processor.py:839} INFO - DAG(s) dict_keys(['example_python_operator']) retrieved from /Users/apoorvasaxena/.pyenv/versions/airflow-venv/lib/python3.10/site-packages/airflow/example_dags/example_python_operator.py
[2024-07-21T20:59:36.732+0100] {logging_mixin.py:151} INFO - [2024-07-21T20:59:36.731+0100] {dag.py:2915} INFO - Sync 1 DAGs
[2024-07-21T20:59:36.735+0100] {logging_mixin.py:151} INFO - [2024-07-21T20:59:36.735+0100] {dag.py:3696} INFO - Setting next_dagrun for example_python_operator to None, run_after=None
[2024-07-21T20:59:36.742+0100] {processor.py:179} INFO - Processing /Users/apoorvasaxena/.pyenv/versions/airflow-venv/lib/python3.10/site-packages/airflow/example_dags/example_python_operator.py took 0.108 seconds
[2024-07-21T21:00:48.898+0100] {processor.py:157} INFO - Started process (PID=84233) to work on /Users/apoorvasaxena/.pyenv/versions/airflow-venv/lib/python3.10/site-packages/airflow/example_dags/example_python_operator.py
[2024-07-21T21:00:48.900+0100] {processor.py:829} INFO - Processing file /Users/apoorvasaxena/.pyenv/versions/airflow-venv/lib/python3.10/site-packages/airflow/example_dags/example_python_operator.py for tasks to queue
[2024-07-21T21:00:48.900+0100] {logging_mixin.py:151} INFO - [2024-07-21T21:00:48.900+0100] {dagbag.py:539} INFO - Filling up the DagBag from /Users/apoorvasaxena/.pyenv/versions/airflow-venv/lib/python3.10/site-packages/airflow/example_dags/example_python_operator.py
[2024-07-21T21:00:48.921+0100] {logging_mixin.py:151} INFO - [2024-07-21T21:00:48.921+0100] {example_python_operator.py:89} WARNING - The virtalenv_python example task requires virtualenv, please install it.
[2024-07-21T21:00:48.923+0100] {processor.py:839} INFO - DAG(s) dict_keys(['example_python_operator']) retrieved from /Users/apoorvasaxena/.pyenv/versions/airflow-venv/lib/python3.10/site-packages/airflow/example_dags/example_python_operator.py
[2024-07-21T21:00:48.994+0100] {logging_mixin.py:151} INFO - [2024-07-21T21:00:48.994+0100] {dag.py:2915} INFO - Sync 1 DAGs
[2024-07-21T21:00:48.998+0100] {logging_mixin.py:151} INFO - [2024-07-21T21:00:48.998+0100] {dag.py:3696} INFO - Setting next_dagrun for example_python_operator to None, run_after=None
[2024-07-21T21:00:49.005+0100] {processor.py:179} INFO - Processing /Users/apoorvasaxena/.pyenv/versions/airflow-venv/lib/python3.10/site-packages/airflow/example_dags/example_python_operator.py took 0.108 seconds
[2024-07-21T21:02:01.412+0100] {processor.py:157} INFO - Started process (PID=84314) to work on /Users/apoorvasaxena/.pyenv/versions/airflow-venv/lib/python3.10/site-packages/airflow/example_dags/example_python_operator.py
[2024-07-21T21:02:01.415+0100] {processor.py:829} INFO - Processing file /Users/apoorvasaxena/.pyenv/versions/airflow-venv/lib/python3.10/site-packages/airflow/example_dags/example_python_operator.py for tasks to queue
[2024-07-21T21:02:01.415+0100] {logging_mixin.py:151} INFO - [2024-07-21T21:02:01.415+0100] {dagbag.py:539} INFO - Filling up the DagBag from /Users/apoorvasaxena/.pyenv/versions/airflow-venv/lib/python3.10/site-packages/airflow/example_dags/example_python_operator.py
[2024-07-21T21:02:01.436+0100] {logging_mixin.py:151} INFO - [2024-07-21T21:02:01.436+0100] {example_python_operator.py:89} WARNING - The virtalenv_python example task requires virtualenv, please install it.
[2024-07-21T21:02:01.439+0100] {processor.py:839} INFO - DAG(s) dict_keys(['example_python_operator']) retrieved from /Users/apoorvasaxena/.pyenv/versions/airflow-venv/lib/python3.10/site-packages/airflow/example_dags/example_python_operator.py
[2024-07-21T21:02:01.510+0100] {logging_mixin.py:151} INFO - [2024-07-21T21:02:01.510+0100] {dag.py:2915} INFO - Sync 1 DAGs
[2024-07-21T21:02:01.513+0100] {logging_mixin.py:151} INFO - [2024-07-21T21:02:01.513+0100] {dag.py:3696} INFO - Setting next_dagrun for example_python_operator to None, run_after=None
[2024-07-21T21:02:01.520+0100] {processor.py:179} INFO - Processing /Users/apoorvasaxena/.pyenv/versions/airflow-venv/lib/python3.10/site-packages/airflow/example_dags/example_python_operator.py took 0.109 seconds
[2024-07-21T21:03:16.724+0100] {processor.py:157} INFO - Started process (PID=84411) to work on /Users/apoorvasaxena/.pyenv/versions/airflow-venv/lib/python3.10/site-packages/airflow/example_dags/example_python_operator.py
[2024-07-21T21:03:16.726+0100] {processor.py:829} INFO - Processing file /Users/apoorvasaxena/.pyenv/versions/airflow-venv/lib/python3.10/site-packages/airflow/example_dags/example_python_operator.py for tasks to queue
[2024-07-21T21:03:16.726+0100] {logging_mixin.py:151} INFO - [2024-07-21T21:03:16.726+0100] {dagbag.py:539} INFO - Filling up the DagBag from /Users/apoorvasaxena/.pyenv/versions/airflow-venv/lib/python3.10/site-packages/airflow/example_dags/example_python_operator.py
[2024-07-21T21:03:16.747+0100] {logging_mixin.py:151} INFO - [2024-07-21T21:03:16.747+0100] {example_python_operator.py:89} WARNING - The virtalenv_python example task requires virtualenv, please install it.
[2024-07-21T21:03:16.749+0100] {processor.py:839} INFO - DAG(s) dict_keys(['example_python_operator']) retrieved from /Users/apoorvasaxena/.pyenv/versions/airflow-venv/lib/python3.10/site-packages/airflow/example_dags/example_python_operator.py
[2024-07-21T21:03:16.820+0100] {logging_mixin.py:151} INFO - [2024-07-21T21:03:16.820+0100] {dag.py:2915} INFO - Sync 1 DAGs
[2024-07-21T21:03:16.823+0100] {logging_mixin.py:151} INFO - [2024-07-21T21:03:16.823+0100] {dag.py:3696} INFO - Setting next_dagrun for example_python_operator to None, run_after=None
[2024-07-21T21:03:16.830+0100] {processor.py:179} INFO - Processing /Users/apoorvasaxena/.pyenv/versions/airflow-venv/lib/python3.10/site-packages/airflow/example_dags/example_python_operator.py took 0.107 seconds
[2024-07-21T21:04:31.511+0100] {processor.py:157} INFO - Started process (PID=84513) to work on /Users/apoorvasaxena/.pyenv/versions/airflow-venv/lib/python3.10/site-packages/airflow/example_dags/example_python_operator.py
[2024-07-21T21:04:31.513+0100] {processor.py:829} INFO - Processing file /Users/apoorvasaxena/.pyenv/versions/airflow-venv/lib/python3.10/site-packages/airflow/example_dags/example_python_operator.py for tasks to queue
[2024-07-21T21:04:31.514+0100] {logging_mixin.py:151} INFO - [2024-07-21T21:04:31.514+0100] {dagbag.py:539} INFO - Filling up the DagBag from /Users/apoorvasaxena/.pyenv/versions/airflow-venv/lib/python3.10/site-packages/airflow/example_dags/example_python_operator.py
[2024-07-21T21:04:31.535+0100] {logging_mixin.py:151} INFO - [2024-07-21T21:04:31.535+0100] {example_python_operator.py:89} WARNING - The virtalenv_python example task requires virtualenv, please install it.
[2024-07-21T21:04:31.537+0100] {processor.py:839} INFO - DAG(s) dict_keys(['example_python_operator']) retrieved from /Users/apoorvasaxena/.pyenv/versions/airflow-venv/lib/python3.10/site-packages/airflow/example_dags/example_python_operator.py
[2024-07-21T21:04:31.608+0100] {logging_mixin.py:151} INFO - [2024-07-21T21:04:31.608+0100] {dag.py:2915} INFO - Sync 1 DAGs
[2024-07-21T21:04:31.611+0100] {logging_mixin.py:151} INFO - [2024-07-21T21:04:31.611+0100] {dag.py:3696} INFO - Setting next_dagrun for example_python_operator to None, run_after=None
[2024-07-21T21:04:31.618+0100] {processor.py:179} INFO - Processing /Users/apoorvasaxena/.pyenv/versions/airflow-venv/lib/python3.10/site-packages/airflow/example_dags/example_python_operator.py took 0.108 seconds
[2024-07-21T21:05:45.440+0100] {processor.py:157} INFO - Started process (PID=84603) to work on /Users/apoorvasaxena/.pyenv/versions/airflow-venv/lib/python3.10/site-packages/airflow/example_dags/example_python_operator.py
[2024-07-21T21:05:45.443+0100] {processor.py:829} INFO - Processing file /Users/apoorvasaxena/.pyenv/versions/airflow-venv/lib/python3.10/site-packages/airflow/example_dags/example_python_operator.py for tasks to queue
[2024-07-21T21:05:45.444+0100] {logging_mixin.py:151} INFO - [2024-07-21T21:05:45.443+0100] {dagbag.py:539} INFO - Filling up the DagBag from /Users/apoorvasaxena/.pyenv/versions/airflow-venv/lib/python3.10/site-packages/airflow/example_dags/example_python_operator.py
[2024-07-21T21:05:45.466+0100] {logging_mixin.py:151} INFO - [2024-07-21T21:05:45.465+0100] {example_python_operator.py:89} WARNING - The virtalenv_python example task requires virtualenv, please install it.
[2024-07-21T21:05:45.468+0100] {processor.py:839} INFO - DAG(s) dict_keys(['example_python_operator']) retrieved from /Users/apoorvasaxena/.pyenv/versions/airflow-venv/lib/python3.10/site-packages/airflow/example_dags/example_python_operator.py
[2024-07-21T21:05:45.544+0100] {logging_mixin.py:151} INFO - [2024-07-21T21:05:45.544+0100] {dag.py:2915} INFO - Sync 1 DAGs
[2024-07-21T21:05:45.548+0100] {logging_mixin.py:151} INFO - [2024-07-21T21:05:45.548+0100] {dag.py:3696} INFO - Setting next_dagrun for example_python_operator to None, run_after=None
[2024-07-21T21:05:45.556+0100] {processor.py:179} INFO - Processing /Users/apoorvasaxena/.pyenv/versions/airflow-venv/lib/python3.10/site-packages/airflow/example_dags/example_python_operator.py took 0.116 seconds
[2024-07-21T21:06:54.880+0100] {processor.py:157} INFO - Started process (PID=84699) to work on /Users/apoorvasaxena/.pyenv/versions/airflow-venv/lib/python3.10/site-packages/airflow/example_dags/example_python_operator.py
[2024-07-21T21:06:54.883+0100] {processor.py:829} INFO - Processing file /Users/apoorvasaxena/.pyenv/versions/airflow-venv/lib/python3.10/site-packages/airflow/example_dags/example_python_operator.py for tasks to queue
[2024-07-21T21:06:54.883+0100] {logging_mixin.py:151} INFO - [2024-07-21T21:06:54.883+0100] {dagbag.py:539} INFO - Filling up the DagBag from /Users/apoorvasaxena/.pyenv/versions/airflow-venv/lib/python3.10/site-packages/airflow/example_dags/example_python_operator.py
[2024-07-21T21:06:54.904+0100] {logging_mixin.py:151} INFO - [2024-07-21T21:06:54.904+0100] {example_python_operator.py:89} WARNING - The virtalenv_python example task requires virtualenv, please install it.
[2024-07-21T21:06:54.906+0100] {processor.py:839} INFO - DAG(s) dict_keys(['example_python_operator']) retrieved from /Users/apoorvasaxena/.pyenv/versions/airflow-venv/lib/python3.10/site-packages/airflow/example_dags/example_python_operator.py
[2024-07-21T21:06:54.976+0100] {logging_mixin.py:151} INFO - [2024-07-21T21:06:54.976+0100] {dag.py:2915} INFO - Sync 1 DAGs
[2024-07-21T21:06:54.979+0100] {logging_mixin.py:151} INFO - [2024-07-21T21:06:54.979+0100] {dag.py:3696} INFO - Setting next_dagrun for example_python_operator to None, run_after=None
[2024-07-21T21:06:54.986+0100] {processor.py:179} INFO - Processing /Users/apoorvasaxena/.pyenv/versions/airflow-venv/lib/python3.10/site-packages/airflow/example_dags/example_python_operator.py took 0.106 seconds
[2024-07-21T21:08:03.922+0100] {processor.py:157} INFO - Started process (PID=84787) to work on /Users/apoorvasaxena/.pyenv/versions/airflow-venv/lib/python3.10/site-packages/airflow/example_dags/example_python_operator.py
[2024-07-21T21:08:03.925+0100] {processor.py:829} INFO - Processing file /Users/apoorvasaxena/.pyenv/versions/airflow-venv/lib/python3.10/site-packages/airflow/example_dags/example_python_operator.py for tasks to queue
[2024-07-21T21:08:03.925+0100] {logging_mixin.py:151} INFO - [2024-07-21T21:08:03.925+0100] {dagbag.py:539} INFO - Filling up the DagBag from /Users/apoorvasaxena/.pyenv/versions/airflow-venv/lib/python3.10/site-packages/airflow/example_dags/example_python_operator.py
[2024-07-21T21:08:03.945+0100] {logging_mixin.py:151} INFO - [2024-07-21T21:08:03.945+0100] {example_python_operator.py:89} WARNING - The virtalenv_python example task requires virtualenv, please install it.
[2024-07-21T21:08:03.947+0100] {processor.py:839} INFO - DAG(s) dict_keys(['example_python_operator']) retrieved from /Users/apoorvasaxena/.pyenv/versions/airflow-venv/lib/python3.10/site-packages/airflow/example_dags/example_python_operator.py
[2024-07-21T21:08:04.018+0100] {logging_mixin.py:151} INFO - [2024-07-21T21:08:04.018+0100] {dag.py:2915} INFO - Sync 1 DAGs
[2024-07-21T21:08:04.021+0100] {logging_mixin.py:151} INFO - [2024-07-21T21:08:04.021+0100] {dag.py:3696} INFO - Setting next_dagrun for example_python_operator to None, run_after=None
[2024-07-21T21:08:04.028+0100] {processor.py:179} INFO - Processing /Users/apoorvasaxena/.pyenv/versions/airflow-venv/lib/python3.10/site-packages/airflow/example_dags/example_python_operator.py took 0.106 seconds
[2024-07-21T21:09:16.217+0100] {processor.py:157} INFO - Started process (PID=84884) to work on /Users/apoorvasaxena/.pyenv/versions/airflow-venv/lib/python3.10/site-packages/airflow/example_dags/example_python_operator.py
[2024-07-21T21:09:16.220+0100] {processor.py:829} INFO - Processing file /Users/apoorvasaxena/.pyenv/versions/airflow-venv/lib/python3.10/site-packages/airflow/example_dags/example_python_operator.py for tasks to queue
[2024-07-21T21:09:16.220+0100] {logging_mixin.py:151} INFO - [2024-07-21T21:09:16.220+0100] {dagbag.py:539} INFO - Filling up the DagBag from /Users/apoorvasaxena/.pyenv/versions/airflow-venv/lib/python3.10/site-packages/airflow/example_dags/example_python_operator.py
[2024-07-21T21:09:16.240+0100] {logging_mixin.py:151} INFO - [2024-07-21T21:09:16.240+0100] {example_python_operator.py:89} WARNING - The virtalenv_python example task requires virtualenv, please install it.
[2024-07-21T21:09:16.243+0100] {processor.py:839} INFO - DAG(s) dict_keys(['example_python_operator']) retrieved from /Users/apoorvasaxena/.pyenv/versions/airflow-venv/lib/python3.10/site-packages/airflow/example_dags/example_python_operator.py
[2024-07-21T21:09:16.313+0100] {logging_mixin.py:151} INFO - [2024-07-21T21:09:16.312+0100] {dag.py:2915} INFO - Sync 1 DAGs
[2024-07-21T21:09:16.316+0100] {logging_mixin.py:151} INFO - [2024-07-21T21:09:16.316+0100] {dag.py:3696} INFO - Setting next_dagrun for example_python_operator to None, run_after=None
[2024-07-21T21:09:16.322+0100] {processor.py:179} INFO - Processing /Users/apoorvasaxena/.pyenv/versions/airflow-venv/lib/python3.10/site-packages/airflow/example_dags/example_python_operator.py took 0.106 seconds
[2024-07-21T21:10:29.577+0100] {processor.py:157} INFO - Started process (PID=84975) to work on /Users/apoorvasaxena/.pyenv/versions/airflow-venv/lib/python3.10/site-packages/airflow/example_dags/example_python_operator.py
[2024-07-21T21:10:29.580+0100] {processor.py:829} INFO - Processing file /Users/apoorvasaxena/.pyenv/versions/airflow-venv/lib/python3.10/site-packages/airflow/example_dags/example_python_operator.py for tasks to queue
[2024-07-21T21:10:29.580+0100] {logging_mixin.py:151} INFO - [2024-07-21T21:10:29.580+0100] {dagbag.py:539} INFO - Filling up the DagBag from /Users/apoorvasaxena/.pyenv/versions/airflow-venv/lib/python3.10/site-packages/airflow/example_dags/example_python_operator.py
[2024-07-21T21:10:29.601+0100] {logging_mixin.py:151} INFO - [2024-07-21T21:10:29.601+0100] {example_python_operator.py:89} WARNING - The virtalenv_python example task requires virtualenv, please install it.
[2024-07-21T21:10:29.603+0100] {processor.py:839} INFO - DAG(s) dict_keys(['example_python_operator']) retrieved from /Users/apoorvasaxena/.pyenv/versions/airflow-venv/lib/python3.10/site-packages/airflow/example_dags/example_python_operator.py
[2024-07-21T21:10:29.673+0100] {logging_mixin.py:151} INFO - [2024-07-21T21:10:29.673+0100] {dag.py:2915} INFO - Sync 1 DAGs
[2024-07-21T21:10:29.676+0100] {logging_mixin.py:151} INFO - [2024-07-21T21:10:29.676+0100] {dag.py:3696} INFO - Setting next_dagrun for example_python_operator to None, run_after=None
[2024-07-21T21:10:29.683+0100] {processor.py:179} INFO - Processing /Users/apoorvasaxena/.pyenv/versions/airflow-venv/lib/python3.10/site-packages/airflow/example_dags/example_python_operator.py took 0.106 seconds
[2024-07-21T21:11:44.064+0100] {processor.py:157} INFO - Started process (PID=85078) to work on /Users/apoorvasaxena/.pyenv/versions/airflow-venv/lib/python3.10/site-packages/airflow/example_dags/example_python_operator.py
[2024-07-21T21:11:44.066+0100] {processor.py:829} INFO - Processing file /Users/apoorvasaxena/.pyenv/versions/airflow-venv/lib/python3.10/site-packages/airflow/example_dags/example_python_operator.py for tasks to queue
[2024-07-21T21:11:44.067+0100] {logging_mixin.py:151} INFO - [2024-07-21T21:11:44.067+0100] {dagbag.py:539} INFO - Filling up the DagBag from /Users/apoorvasaxena/.pyenv/versions/airflow-venv/lib/python3.10/site-packages/airflow/example_dags/example_python_operator.py
[2024-07-21T21:11:44.089+0100] {logging_mixin.py:151} INFO - [2024-07-21T21:11:44.089+0100] {example_python_operator.py:89} WARNING - The virtalenv_python example task requires virtualenv, please install it.
[2024-07-21T21:11:44.091+0100] {processor.py:839} INFO - DAG(s) dict_keys(['example_python_operator']) retrieved from /Users/apoorvasaxena/.pyenv/versions/airflow-venv/lib/python3.10/site-packages/airflow/example_dags/example_python_operator.py
[2024-07-21T21:11:44.165+0100] {logging_mixin.py:151} INFO - [2024-07-21T21:11:44.165+0100] {dag.py:2915} INFO - Sync 1 DAGs
[2024-07-21T21:11:44.169+0100] {logging_mixin.py:151} INFO - [2024-07-21T21:11:44.169+0100] {dag.py:3696} INFO - Setting next_dagrun for example_python_operator to None, run_after=None
[2024-07-21T21:11:44.175+0100] {processor.py:179} INFO - Processing /Users/apoorvasaxena/.pyenv/versions/airflow-venv/lib/python3.10/site-packages/airflow/example_dags/example_python_operator.py took 0.112 seconds
[2024-07-21T21:12:54.520+0100] {processor.py:157} INFO - Started process (PID=85166) to work on /Users/apoorvasaxena/.pyenv/versions/airflow-venv/lib/python3.10/site-packages/airflow/example_dags/example_python_operator.py
[2024-07-21T21:12:54.522+0100] {processor.py:829} INFO - Processing file /Users/apoorvasaxena/.pyenv/versions/airflow-venv/lib/python3.10/site-packages/airflow/example_dags/example_python_operator.py for tasks to queue
[2024-07-21T21:12:54.522+0100] {logging_mixin.py:151} INFO - [2024-07-21T21:12:54.522+0100] {dagbag.py:539} INFO - Filling up the DagBag from /Users/apoorvasaxena/.pyenv/versions/airflow-venv/lib/python3.10/site-packages/airflow/example_dags/example_python_operator.py
[2024-07-21T21:12:54.545+0100] {logging_mixin.py:151} INFO - [2024-07-21T21:12:54.545+0100] {example_python_operator.py:89} WARNING - The virtalenv_python example task requires virtualenv, please install it.
[2024-07-21T21:12:54.548+0100] {processor.py:839} INFO - DAG(s) dict_keys(['example_python_operator']) retrieved from /Users/apoorvasaxena/.pyenv/versions/airflow-venv/lib/python3.10/site-packages/airflow/example_dags/example_python_operator.py
[2024-07-21T21:12:54.625+0100] {logging_mixin.py:151} INFO - [2024-07-21T21:12:54.625+0100] {dag.py:2915} INFO - Sync 1 DAGs
[2024-07-21T21:12:54.629+0100] {logging_mixin.py:151} INFO - [2024-07-21T21:12:54.629+0100] {dag.py:3696} INFO - Setting next_dagrun for example_python_operator to None, run_after=None
[2024-07-21T21:12:54.636+0100] {processor.py:179} INFO - Processing /Users/apoorvasaxena/.pyenv/versions/airflow-venv/lib/python3.10/site-packages/airflow/example_dags/example_python_operator.py took 0.117 seconds
[2024-07-21T21:14:06.732+0100] {processor.py:157} INFO - Started process (PID=85262) to work on /Users/apoorvasaxena/.pyenv/versions/airflow-venv/lib/python3.10/site-packages/airflow/example_dags/example_python_operator.py
[2024-07-21T21:14:06.734+0100] {processor.py:829} INFO - Processing file /Users/apoorvasaxena/.pyenv/versions/airflow-venv/lib/python3.10/site-packages/airflow/example_dags/example_python_operator.py for tasks to queue
[2024-07-21T21:14:06.734+0100] {logging_mixin.py:151} INFO - [2024-07-21T21:14:06.734+0100] {dagbag.py:539} INFO - Filling up the DagBag from /Users/apoorvasaxena/.pyenv/versions/airflow-venv/lib/python3.10/site-packages/airflow/example_dags/example_python_operator.py
[2024-07-21T21:14:06.754+0100] {logging_mixin.py:151} INFO - [2024-07-21T21:14:06.754+0100] {example_python_operator.py:89} WARNING - The virtalenv_python example task requires virtualenv, please install it.
[2024-07-21T21:14:06.757+0100] {processor.py:839} INFO - DAG(s) dict_keys(['example_python_operator']) retrieved from /Users/apoorvasaxena/.pyenv/versions/airflow-venv/lib/python3.10/site-packages/airflow/example_dags/example_python_operator.py
[2024-07-21T21:14:06.826+0100] {logging_mixin.py:151} INFO - [2024-07-21T21:14:06.826+0100] {dag.py:2915} INFO - Sync 1 DAGs
[2024-07-21T21:14:06.829+0100] {logging_mixin.py:151} INFO - [2024-07-21T21:14:06.829+0100] {dag.py:3696} INFO - Setting next_dagrun for example_python_operator to None, run_after=None
[2024-07-21T21:14:06.836+0100] {processor.py:179} INFO - Processing /Users/apoorvasaxena/.pyenv/versions/airflow-venv/lib/python3.10/site-packages/airflow/example_dags/example_python_operator.py took 0.104 seconds
[2024-07-21T21:15:16.298+0100] {processor.py:157} INFO - Started process (PID=85358) to work on /Users/apoorvasaxena/.pyenv/versions/airflow-venv/lib/python3.10/site-packages/airflow/example_dags/example_python_operator.py
[2024-07-21T21:15:16.301+0100] {processor.py:829} INFO - Processing file /Users/apoorvasaxena/.pyenv/versions/airflow-venv/lib/python3.10/site-packages/airflow/example_dags/example_python_operator.py for tasks to queue
[2024-07-21T21:15:16.301+0100] {logging_mixin.py:151} INFO - [2024-07-21T21:15:16.301+0100] {dagbag.py:539} INFO - Filling up the DagBag from /Users/apoorvasaxena/.pyenv/versions/airflow-venv/lib/python3.10/site-packages/airflow/example_dags/example_python_operator.py
[2024-07-21T21:15:16.321+0100] {logging_mixin.py:151} INFO - [2024-07-21T21:15:16.321+0100] {example_python_operator.py:89} WARNING - The virtalenv_python example task requires virtualenv, please install it.
[2024-07-21T21:15:16.324+0100] {processor.py:839} INFO - DAG(s) dict_keys(['example_python_operator']) retrieved from /Users/apoorvasaxena/.pyenv/versions/airflow-venv/lib/python3.10/site-packages/airflow/example_dags/example_python_operator.py
[2024-07-21T21:15:16.394+0100] {logging_mixin.py:151} INFO - [2024-07-21T21:15:16.394+0100] {dag.py:2915} INFO - Sync 1 DAGs
[2024-07-21T21:15:16.397+0100] {logging_mixin.py:151} INFO - [2024-07-21T21:15:16.397+0100] {dag.py:3696} INFO - Setting next_dagrun for example_python_operator to None, run_after=None
[2024-07-21T21:15:16.404+0100] {processor.py:179} INFO - Processing /Users/apoorvasaxena/.pyenv/versions/airflow-venv/lib/python3.10/site-packages/airflow/example_dags/example_python_operator.py took 0.106 seconds
[2024-07-21T21:16:25.994+0100] {processor.py:157} INFO - Started process (PID=85453) to work on /Users/apoorvasaxena/.pyenv/versions/airflow-venv/lib/python3.10/site-packages/airflow/example_dags/example_python_operator.py
[2024-07-21T21:16:25.997+0100] {processor.py:829} INFO - Processing file /Users/apoorvasaxena/.pyenv/versions/airflow-venv/lib/python3.10/site-packages/airflow/example_dags/example_python_operator.py for tasks to queue
[2024-07-21T21:16:25.997+0100] {logging_mixin.py:151} INFO - [2024-07-21T21:16:25.997+0100] {dagbag.py:539} INFO - Filling up the DagBag from /Users/apoorvasaxena/.pyenv/versions/airflow-venv/lib/python3.10/site-packages/airflow/example_dags/example_python_operator.py
[2024-07-21T21:16:26.017+0100] {logging_mixin.py:151} INFO - [2024-07-21T21:16:26.017+0100] {example_python_operator.py:89} WARNING - The virtalenv_python example task requires virtualenv, please install it.
[2024-07-21T21:16:26.020+0100] {processor.py:839} INFO - DAG(s) dict_keys(['example_python_operator']) retrieved from /Users/apoorvasaxena/.pyenv/versions/airflow-venv/lib/python3.10/site-packages/airflow/example_dags/example_python_operator.py
[2024-07-21T21:16:26.090+0100] {logging_mixin.py:151} INFO - [2024-07-21T21:16:26.090+0100] {dag.py:2915} INFO - Sync 1 DAGs
[2024-07-21T21:16:26.093+0100] {logging_mixin.py:151} INFO - [2024-07-21T21:16:26.093+0100] {dag.py:3696} INFO - Setting next_dagrun for example_python_operator to None, run_after=None
[2024-07-21T21:16:26.100+0100] {processor.py:179} INFO - Processing /Users/apoorvasaxena/.pyenv/versions/airflow-venv/lib/python3.10/site-packages/airflow/example_dags/example_python_operator.py took 0.106 seconds
[2024-07-21T21:17:37.664+0100] {processor.py:157} INFO - Started process (PID=85548) to work on /Users/apoorvasaxena/.pyenv/versions/airflow-venv/lib/python3.10/site-packages/airflow/example_dags/example_python_operator.py
[2024-07-21T21:17:37.667+0100] {processor.py:829} INFO - Processing file /Users/apoorvasaxena/.pyenv/versions/airflow-venv/lib/python3.10/site-packages/airflow/example_dags/example_python_operator.py for tasks to queue
[2024-07-21T21:17:37.667+0100] {logging_mixin.py:151} INFO - [2024-07-21T21:17:37.667+0100] {dagbag.py:539} INFO - Filling up the DagBag from /Users/apoorvasaxena/.pyenv/versions/airflow-venv/lib/python3.10/site-packages/airflow/example_dags/example_python_operator.py
[2024-07-21T21:17:37.688+0100] {logging_mixin.py:151} INFO - [2024-07-21T21:17:37.688+0100] {example_python_operator.py:89} WARNING - The virtalenv_python example task requires virtualenv, please install it.
[2024-07-21T21:17:37.690+0100] {processor.py:839} INFO - DAG(s) dict_keys(['example_python_operator']) retrieved from /Users/apoorvasaxena/.pyenv/versions/airflow-venv/lib/python3.10/site-packages/airflow/example_dags/example_python_operator.py
[2024-07-21T21:17:37.761+0100] {logging_mixin.py:151} INFO - [2024-07-21T21:17:37.761+0100] {dag.py:2915} INFO - Sync 1 DAGs
[2024-07-21T21:17:37.764+0100] {logging_mixin.py:151} INFO - [2024-07-21T21:17:37.764+0100] {dag.py:3696} INFO - Setting next_dagrun for example_python_operator to None, run_after=None
[2024-07-21T21:17:37.771+0100] {processor.py:179} INFO - Processing /Users/apoorvasaxena/.pyenv/versions/airflow-venv/lib/python3.10/site-packages/airflow/example_dags/example_python_operator.py took 0.107 seconds
[2024-07-21T21:18:46.306+0100] {processor.py:157} INFO - Started process (PID=85643) to work on /Users/apoorvasaxena/.pyenv/versions/airflow-venv/lib/python3.10/site-packages/airflow/example_dags/example_python_operator.py
[2024-07-21T21:18:46.309+0100] {processor.py:829} INFO - Processing file /Users/apoorvasaxena/.pyenv/versions/airflow-venv/lib/python3.10/site-packages/airflow/example_dags/example_python_operator.py for tasks to queue
[2024-07-21T21:18:46.309+0100] {logging_mixin.py:151} INFO - [2024-07-21T21:18:46.309+0100] {dagbag.py:539} INFO - Filling up the DagBag from /Users/apoorvasaxena/.pyenv/versions/airflow-venv/lib/python3.10/site-packages/airflow/example_dags/example_python_operator.py
[2024-07-21T21:18:46.330+0100] {logging_mixin.py:151} INFO - [2024-07-21T21:18:46.330+0100] {example_python_operator.py:89} WARNING - The virtalenv_python example task requires virtualenv, please install it.
[2024-07-21T21:18:46.332+0100] {processor.py:839} INFO - DAG(s) dict_keys(['example_python_operator']) retrieved from /Users/apoorvasaxena/.pyenv/versions/airflow-venv/lib/python3.10/site-packages/airflow/example_dags/example_python_operator.py
[2024-07-21T21:18:46.402+0100] {logging_mixin.py:151} INFO - [2024-07-21T21:18:46.402+0100] {dag.py:2915} INFO - Sync 1 DAGs
[2024-07-21T21:18:46.405+0100] {logging_mixin.py:151} INFO - [2024-07-21T21:18:46.405+0100] {dag.py:3696} INFO - Setting next_dagrun for example_python_operator to None, run_after=None
[2024-07-21T21:18:46.412+0100] {processor.py:179} INFO - Processing /Users/apoorvasaxena/.pyenv/versions/airflow-venv/lib/python3.10/site-packages/airflow/example_dags/example_python_operator.py took 0.106 seconds
[2024-07-21T21:19:58.673+0100] {processor.py:157} INFO - Started process (PID=85734) to work on /Users/apoorvasaxena/.pyenv/versions/airflow-venv/lib/python3.10/site-packages/airflow/example_dags/example_python_operator.py
[2024-07-21T21:19:58.675+0100] {processor.py:829} INFO - Processing file /Users/apoorvasaxena/.pyenv/versions/airflow-venv/lib/python3.10/site-packages/airflow/example_dags/example_python_operator.py for tasks to queue
[2024-07-21T21:19:58.676+0100] {logging_mixin.py:151} INFO - [2024-07-21T21:19:58.676+0100] {dagbag.py:539} INFO - Filling up the DagBag from /Users/apoorvasaxena/.pyenv/versions/airflow-venv/lib/python3.10/site-packages/airflow/example_dags/example_python_operator.py
[2024-07-21T21:19:58.696+0100] {logging_mixin.py:151} INFO - [2024-07-21T21:19:58.696+0100] {example_python_operator.py:89} WARNING - The virtalenv_python example task requires virtualenv, please install it.
[2024-07-21T21:19:58.698+0100] {processor.py:839} INFO - DAG(s) dict_keys(['example_python_operator']) retrieved from /Users/apoorvasaxena/.pyenv/versions/airflow-venv/lib/python3.10/site-packages/airflow/example_dags/example_python_operator.py
[2024-07-21T21:19:58.768+0100] {logging_mixin.py:151} INFO - [2024-07-21T21:19:58.768+0100] {dag.py:2915} INFO - Sync 1 DAGs
[2024-07-21T21:19:58.771+0100] {logging_mixin.py:151} INFO - [2024-07-21T21:19:58.771+0100] {dag.py:3696} INFO - Setting next_dagrun for example_python_operator to None, run_after=None
[2024-07-21T21:19:58.778+0100] {processor.py:179} INFO - Processing /Users/apoorvasaxena/.pyenv/versions/airflow-venv/lib/python3.10/site-packages/airflow/example_dags/example_python_operator.py took 0.105 seconds
[2024-07-21T21:21:12.552+0100] {processor.py:157} INFO - Started process (PID=85837) to work on /Users/apoorvasaxena/.pyenv/versions/airflow-venv/lib/python3.10/site-packages/airflow/example_dags/example_python_operator.py
[2024-07-21T21:21:12.554+0100] {processor.py:829} INFO - Processing file /Users/apoorvasaxena/.pyenv/versions/airflow-venv/lib/python3.10/site-packages/airflow/example_dags/example_python_operator.py for tasks to queue
[2024-07-21T21:21:12.555+0100] {logging_mixin.py:151} INFO - [2024-07-21T21:21:12.555+0100] {dagbag.py:539} INFO - Filling up the DagBag from /Users/apoorvasaxena/.pyenv/versions/airflow-venv/lib/python3.10/site-packages/airflow/example_dags/example_python_operator.py
[2024-07-21T21:21:12.575+0100] {logging_mixin.py:151} INFO - [2024-07-21T21:21:12.575+0100] {example_python_operator.py:89} WARNING - The virtalenv_python example task requires virtualenv, please install it.
[2024-07-21T21:21:12.577+0100] {processor.py:839} INFO - DAG(s) dict_keys(['example_python_operator']) retrieved from /Users/apoorvasaxena/.pyenv/versions/airflow-venv/lib/python3.10/site-packages/airflow/example_dags/example_python_operator.py
[2024-07-21T21:21:12.647+0100] {logging_mixin.py:151} INFO - [2024-07-21T21:21:12.647+0100] {dag.py:2915} INFO - Sync 1 DAGs
[2024-07-21T21:21:12.650+0100] {logging_mixin.py:151} INFO - [2024-07-21T21:21:12.650+0100] {dag.py:3696} INFO - Setting next_dagrun for example_python_operator to None, run_after=None
[2024-07-21T21:21:12.657+0100] {processor.py:179} INFO - Processing /Users/apoorvasaxena/.pyenv/versions/airflow-venv/lib/python3.10/site-packages/airflow/example_dags/example_python_operator.py took 0.105 seconds
[2024-07-21T21:22:21.473+0100] {processor.py:157} INFO - Started process (PID=85926) to work on /Users/apoorvasaxena/.pyenv/versions/airflow-venv/lib/python3.10/site-packages/airflow/example_dags/example_python_operator.py
[2024-07-21T21:22:21.476+0100] {processor.py:829} INFO - Processing file /Users/apoorvasaxena/.pyenv/versions/airflow-venv/lib/python3.10/site-packages/airflow/example_dags/example_python_operator.py for tasks to queue
[2024-07-21T21:22:21.476+0100] {logging_mixin.py:151} INFO - [2024-07-21T21:22:21.476+0100] {dagbag.py:539} INFO - Filling up the DagBag from /Users/apoorvasaxena/.pyenv/versions/airflow-venv/lib/python3.10/site-packages/airflow/example_dags/example_python_operator.py
[2024-07-21T21:22:21.496+0100] {logging_mixin.py:151} INFO - [2024-07-21T21:22:21.496+0100] {example_python_operator.py:89} WARNING - The virtalenv_python example task requires virtualenv, please install it.
[2024-07-21T21:22:21.499+0100] {processor.py:839} INFO - DAG(s) dict_keys(['example_python_operator']) retrieved from /Users/apoorvasaxena/.pyenv/versions/airflow-venv/lib/python3.10/site-packages/airflow/example_dags/example_python_operator.py
[2024-07-21T21:22:21.569+0100] {logging_mixin.py:151} INFO - [2024-07-21T21:22:21.569+0100] {dag.py:2915} INFO - Sync 1 DAGs
[2024-07-21T21:22:21.572+0100] {logging_mixin.py:151} INFO - [2024-07-21T21:22:21.572+0100] {dag.py:3696} INFO - Setting next_dagrun for example_python_operator to None, run_after=None
[2024-07-21T21:22:21.579+0100] {processor.py:179} INFO - Processing /Users/apoorvasaxena/.pyenv/versions/airflow-venv/lib/python3.10/site-packages/airflow/example_dags/example_python_operator.py took 0.106 seconds
[2024-07-21T21:23:34.504+0100] {processor.py:157} INFO - Started process (PID=86020) to work on /Users/apoorvasaxena/.pyenv/versions/airflow-venv/lib/python3.10/site-packages/airflow/example_dags/example_python_operator.py
[2024-07-21T21:23:34.506+0100] {processor.py:829} INFO - Processing file /Users/apoorvasaxena/.pyenv/versions/airflow-venv/lib/python3.10/site-packages/airflow/example_dags/example_python_operator.py for tasks to queue
[2024-07-21T21:23:34.506+0100] {logging_mixin.py:151} INFO - [2024-07-21T21:23:34.506+0100] {dagbag.py:539} INFO - Filling up the DagBag from /Users/apoorvasaxena/.pyenv/versions/airflow-venv/lib/python3.10/site-packages/airflow/example_dags/example_python_operator.py
[2024-07-21T21:23:34.527+0100] {logging_mixin.py:151} INFO - [2024-07-21T21:23:34.527+0100] {example_python_operator.py:89} WARNING - The virtalenv_python example task requires virtualenv, please install it.
[2024-07-21T21:23:34.529+0100] {processor.py:839} INFO - DAG(s) dict_keys(['example_python_operator']) retrieved from /Users/apoorvasaxena/.pyenv/versions/airflow-venv/lib/python3.10/site-packages/airflow/example_dags/example_python_operator.py
[2024-07-21T21:23:34.599+0100] {logging_mixin.py:151} INFO - [2024-07-21T21:23:34.599+0100] {dag.py:2915} INFO - Sync 1 DAGs
[2024-07-21T21:23:34.602+0100] {logging_mixin.py:151} INFO - [2024-07-21T21:23:34.602+0100] {dag.py:3696} INFO - Setting next_dagrun for example_python_operator to None, run_after=None
[2024-07-21T21:23:34.609+0100] {processor.py:179} INFO - Processing /Users/apoorvasaxena/.pyenv/versions/airflow-venv/lib/python3.10/site-packages/airflow/example_dags/example_python_operator.py took 0.105 seconds
[2024-07-21T21:24:45.237+0100] {processor.py:157} INFO - Started process (PID=86127) to work on /Users/apoorvasaxena/.pyenv/versions/airflow-venv/lib/python3.10/site-packages/airflow/example_dags/example_python_operator.py
[2024-07-21T21:24:45.241+0100] {processor.py:829} INFO - Processing file /Users/apoorvasaxena/.pyenv/versions/airflow-venv/lib/python3.10/site-packages/airflow/example_dags/example_python_operator.py for tasks to queue
[2024-07-21T21:24:45.241+0100] {logging_mixin.py:151} INFO - [2024-07-21T21:24:45.241+0100] {dagbag.py:539} INFO - Filling up the DagBag from /Users/apoorvasaxena/.pyenv/versions/airflow-venv/lib/python3.10/site-packages/airflow/example_dags/example_python_operator.py
[2024-07-21T21:24:45.261+0100] {logging_mixin.py:151} INFO - [2024-07-21T21:24:45.261+0100] {example_python_operator.py:89} WARNING - The virtalenv_python example task requires virtualenv, please install it.
[2024-07-21T21:24:45.264+0100] {processor.py:839} INFO - DAG(s) dict_keys(['example_python_operator']) retrieved from /Users/apoorvasaxena/.pyenv/versions/airflow-venv/lib/python3.10/site-packages/airflow/example_dags/example_python_operator.py
[2024-07-21T21:24:45.334+0100] {logging_mixin.py:151} INFO - [2024-07-21T21:24:45.334+0100] {dag.py:2915} INFO - Sync 1 DAGs
[2024-07-21T21:24:45.337+0100] {logging_mixin.py:151} INFO - [2024-07-21T21:24:45.337+0100] {dag.py:3696} INFO - Setting next_dagrun for example_python_operator to None, run_after=None
[2024-07-21T21:24:45.344+0100] {processor.py:179} INFO - Processing /Users/apoorvasaxena/.pyenv/versions/airflow-venv/lib/python3.10/site-packages/airflow/example_dags/example_python_operator.py took 0.107 seconds
[2024-07-21T21:25:55.396+0100] {processor.py:157} INFO - Started process (PID=86213) to work on /Users/apoorvasaxena/.pyenv/versions/airflow-venv/lib/python3.10/site-packages/airflow/example_dags/example_python_operator.py
[2024-07-21T21:25:55.398+0100] {processor.py:829} INFO - Processing file /Users/apoorvasaxena/.pyenv/versions/airflow-venv/lib/python3.10/site-packages/airflow/example_dags/example_python_operator.py for tasks to queue
[2024-07-21T21:25:55.398+0100] {logging_mixin.py:151} INFO - [2024-07-21T21:25:55.398+0100] {dagbag.py:539} INFO - Filling up the DagBag from /Users/apoorvasaxena/.pyenv/versions/airflow-venv/lib/python3.10/site-packages/airflow/example_dags/example_python_operator.py
[2024-07-21T21:25:55.418+0100] {logging_mixin.py:151} INFO - [2024-07-21T21:25:55.418+0100] {example_python_operator.py:89} WARNING - The virtalenv_python example task requires virtualenv, please install it.
[2024-07-21T21:25:55.421+0100] {processor.py:839} INFO - DAG(s) dict_keys(['example_python_operator']) retrieved from /Users/apoorvasaxena/.pyenv/versions/airflow-venv/lib/python3.10/site-packages/airflow/example_dags/example_python_operator.py
[2024-07-21T21:25:55.491+0100] {logging_mixin.py:151} INFO - [2024-07-21T21:25:55.491+0100] {dag.py:2915} INFO - Sync 1 DAGs
[2024-07-21T21:25:55.494+0100] {logging_mixin.py:151} INFO - [2024-07-21T21:25:55.494+0100] {dag.py:3696} INFO - Setting next_dagrun for example_python_operator to None, run_after=None
[2024-07-21T21:25:55.501+0100] {processor.py:179} INFO - Processing /Users/apoorvasaxena/.pyenv/versions/airflow-venv/lib/python3.10/site-packages/airflow/example_dags/example_python_operator.py took 0.105 seconds
[2024-07-21T21:27:06.075+0100] {processor.py:157} INFO - Started process (PID=86308) to work on /Users/apoorvasaxena/.pyenv/versions/airflow-venv/lib/python3.10/site-packages/airflow/example_dags/example_python_operator.py
[2024-07-21T21:27:06.077+0100] {processor.py:829} INFO - Processing file /Users/apoorvasaxena/.pyenv/versions/airflow-venv/lib/python3.10/site-packages/airflow/example_dags/example_python_operator.py for tasks to queue
[2024-07-21T21:27:06.077+0100] {logging_mixin.py:151} INFO - [2024-07-21T21:27:06.077+0100] {dagbag.py:539} INFO - Filling up the DagBag from /Users/apoorvasaxena/.pyenv/versions/airflow-venv/lib/python3.10/site-packages/airflow/example_dags/example_python_operator.py
[2024-07-21T21:27:06.097+0100] {logging_mixin.py:151} INFO - [2024-07-21T21:27:06.097+0100] {example_python_operator.py:89} WARNING - The virtalenv_python example task requires virtualenv, please install it.
[2024-07-21T21:27:06.099+0100] {processor.py:839} INFO - DAG(s) dict_keys(['example_python_operator']) retrieved from /Users/apoorvasaxena/.pyenv/versions/airflow-venv/lib/python3.10/site-packages/airflow/example_dags/example_python_operator.py
[2024-07-21T21:27:06.169+0100] {logging_mixin.py:151} INFO - [2024-07-21T21:27:06.169+0100] {dag.py:2915} INFO - Sync 1 DAGs
[2024-07-21T21:27:06.172+0100] {logging_mixin.py:151} INFO - [2024-07-21T21:27:06.172+0100] {dag.py:3696} INFO - Setting next_dagrun for example_python_operator to None, run_after=None
[2024-07-21T21:27:06.179+0100] {processor.py:179} INFO - Processing /Users/apoorvasaxena/.pyenv/versions/airflow-venv/lib/python3.10/site-packages/airflow/example_dags/example_python_operator.py took 0.105 seconds
[2024-07-21T21:28:17.537+0100] {processor.py:157} INFO - Started process (PID=86403) to work on /Users/apoorvasaxena/.pyenv/versions/airflow-venv/lib/python3.10/site-packages/airflow/example_dags/example_python_operator.py
[2024-07-21T21:28:17.539+0100] {processor.py:829} INFO - Processing file /Users/apoorvasaxena/.pyenv/versions/airflow-venv/lib/python3.10/site-packages/airflow/example_dags/example_python_operator.py for tasks to queue
[2024-07-21T21:28:17.540+0100] {logging_mixin.py:151} INFO - [2024-07-21T21:28:17.540+0100] {dagbag.py:539} INFO - Filling up the DagBag from /Users/apoorvasaxena/.pyenv/versions/airflow-venv/lib/python3.10/site-packages/airflow/example_dags/example_python_operator.py
[2024-07-21T21:28:17.562+0100] {logging_mixin.py:151} INFO - [2024-07-21T21:28:17.561+0100] {example_python_operator.py:89} WARNING - The virtalenv_python example task requires virtualenv, please install it.
[2024-07-21T21:28:17.564+0100] {processor.py:839} INFO - DAG(s) dict_keys(['example_python_operator']) retrieved from /Users/apoorvasaxena/.pyenv/versions/airflow-venv/lib/python3.10/site-packages/airflow/example_dags/example_python_operator.py
[2024-07-21T21:28:17.642+0100] {logging_mixin.py:151} INFO - [2024-07-21T21:28:17.642+0100] {dag.py:2915} INFO - Sync 1 DAGs
[2024-07-21T21:28:17.645+0100] {logging_mixin.py:151} INFO - [2024-07-21T21:28:17.645+0100] {dag.py:3696} INFO - Setting next_dagrun for example_python_operator to None, run_after=None
[2024-07-21T21:28:17.653+0100] {processor.py:179} INFO - Processing /Users/apoorvasaxena/.pyenv/versions/airflow-venv/lib/python3.10/site-packages/airflow/example_dags/example_python_operator.py took 0.116 seconds
[2024-07-21T21:29:30.379+0100] {processor.py:157} INFO - Started process (PID=86497) to work on /Users/apoorvasaxena/.pyenv/versions/airflow-venv/lib/python3.10/site-packages/airflow/example_dags/example_python_operator.py
[2024-07-21T21:29:30.381+0100] {processor.py:829} INFO - Processing file /Users/apoorvasaxena/.pyenv/versions/airflow-venv/lib/python3.10/site-packages/airflow/example_dags/example_python_operator.py for tasks to queue
[2024-07-21T21:29:30.382+0100] {logging_mixin.py:151} INFO - [2024-07-21T21:29:30.382+0100] {dagbag.py:539} INFO - Filling up the DagBag from /Users/apoorvasaxena/.pyenv/versions/airflow-venv/lib/python3.10/site-packages/airflow/example_dags/example_python_operator.py
[2024-07-21T21:29:30.402+0100] {logging_mixin.py:151} INFO - [2024-07-21T21:29:30.402+0100] {example_python_operator.py:89} WARNING - The virtalenv_python example task requires virtualenv, please install it.
[2024-07-21T21:29:30.404+0100] {processor.py:839} INFO - DAG(s) dict_keys(['example_python_operator']) retrieved from /Users/apoorvasaxena/.pyenv/versions/airflow-venv/lib/python3.10/site-packages/airflow/example_dags/example_python_operator.py
[2024-07-21T21:29:30.474+0100] {logging_mixin.py:151} INFO - [2024-07-21T21:29:30.474+0100] {dag.py:2915} INFO - Sync 1 DAGs
[2024-07-21T21:29:30.478+0100] {logging_mixin.py:151} INFO - [2024-07-21T21:29:30.478+0100] {dag.py:3696} INFO - Setting next_dagrun for example_python_operator to None, run_after=None
[2024-07-21T21:29:30.484+0100] {processor.py:179} INFO - Processing /Users/apoorvasaxena/.pyenv/versions/airflow-venv/lib/python3.10/site-packages/airflow/example_dags/example_python_operator.py took 0.106 seconds
[2024-07-21T21:30:41.876+0100] {processor.py:157} INFO - Started process (PID=86593) to work on /Users/apoorvasaxena/.pyenv/versions/airflow-venv/lib/python3.10/site-packages/airflow/example_dags/example_python_operator.py
[2024-07-21T21:30:41.878+0100] {processor.py:829} INFO - Processing file /Users/apoorvasaxena/.pyenv/versions/airflow-venv/lib/python3.10/site-packages/airflow/example_dags/example_python_operator.py for tasks to queue
[2024-07-21T21:30:41.879+0100] {logging_mixin.py:151} INFO - [2024-07-21T21:30:41.878+0100] {dagbag.py:539} INFO - Filling up the DagBag from /Users/apoorvasaxena/.pyenv/versions/airflow-venv/lib/python3.10/site-packages/airflow/example_dags/example_python_operator.py
[2024-07-21T21:30:41.899+0100] {logging_mixin.py:151} INFO - [2024-07-21T21:30:41.899+0100] {example_python_operator.py:89} WARNING - The virtalenv_python example task requires virtualenv, please install it.
[2024-07-21T21:30:41.901+0100] {processor.py:839} INFO - DAG(s) dict_keys(['example_python_operator']) retrieved from /Users/apoorvasaxena/.pyenv/versions/airflow-venv/lib/python3.10/site-packages/airflow/example_dags/example_python_operator.py
[2024-07-21T21:30:41.971+0100] {logging_mixin.py:151} INFO - [2024-07-21T21:30:41.971+0100] {dag.py:2915} INFO - Sync 1 DAGs
[2024-07-21T21:30:41.974+0100] {logging_mixin.py:151} INFO - [2024-07-21T21:30:41.974+0100] {dag.py:3696} INFO - Setting next_dagrun for example_python_operator to None, run_after=None
[2024-07-21T21:30:41.981+0100] {processor.py:179} INFO - Processing /Users/apoorvasaxena/.pyenv/versions/airflow-venv/lib/python3.10/site-packages/airflow/example_dags/example_python_operator.py took 0.106 seconds
[2024-07-21T21:31:52.707+0100] {processor.py:157} INFO - Started process (PID=86682) to work on /Users/apoorvasaxena/.pyenv/versions/airflow-venv/lib/python3.10/site-packages/airflow/example_dags/example_python_operator.py
[2024-07-21T21:31:52.709+0100] {processor.py:829} INFO - Processing file /Users/apoorvasaxena/.pyenv/versions/airflow-venv/lib/python3.10/site-packages/airflow/example_dags/example_python_operator.py for tasks to queue
[2024-07-21T21:31:52.710+0100] {logging_mixin.py:151} INFO - [2024-07-21T21:31:52.710+0100] {dagbag.py:539} INFO - Filling up the DagBag from /Users/apoorvasaxena/.pyenv/versions/airflow-venv/lib/python3.10/site-packages/airflow/example_dags/example_python_operator.py
[2024-07-21T21:31:52.730+0100] {logging_mixin.py:151} INFO - [2024-07-21T21:31:52.730+0100] {example_python_operator.py:89} WARNING - The virtalenv_python example task requires virtualenv, please install it.
[2024-07-21T21:31:52.732+0100] {processor.py:839} INFO - DAG(s) dict_keys(['example_python_operator']) retrieved from /Users/apoorvasaxena/.pyenv/versions/airflow-venv/lib/python3.10/site-packages/airflow/example_dags/example_python_operator.py
[2024-07-21T21:31:52.802+0100] {logging_mixin.py:151} INFO - [2024-07-21T21:31:52.802+0100] {dag.py:2915} INFO - Sync 1 DAGs
[2024-07-21T21:31:52.805+0100] {logging_mixin.py:151} INFO - [2024-07-21T21:31:52.805+0100] {dag.py:3696} INFO - Setting next_dagrun for example_python_operator to None, run_after=None
[2024-07-21T21:31:52.812+0100] {processor.py:179} INFO - Processing /Users/apoorvasaxena/.pyenv/versions/airflow-venv/lib/python3.10/site-packages/airflow/example_dags/example_python_operator.py took 0.105 seconds
[2024-07-21T21:33:08.518+0100] {processor.py:157} INFO - Started process (PID=86803) to work on /Users/apoorvasaxena/.pyenv/versions/airflow-venv/lib/python3.10/site-packages/airflow/example_dags/example_python_operator.py
[2024-07-21T21:33:08.521+0100] {processor.py:829} INFO - Processing file /Users/apoorvasaxena/.pyenv/versions/airflow-venv/lib/python3.10/site-packages/airflow/example_dags/example_python_operator.py for tasks to queue
[2024-07-21T21:33:08.521+0100] {logging_mixin.py:151} INFO - [2024-07-21T21:33:08.521+0100] {dagbag.py:539} INFO - Filling up the DagBag from /Users/apoorvasaxena/.pyenv/versions/airflow-venv/lib/python3.10/site-packages/airflow/example_dags/example_python_operator.py
[2024-07-21T21:33:08.542+0100] {logging_mixin.py:151} INFO - [2024-07-21T21:33:08.542+0100] {example_python_operator.py:89} WARNING - The virtalenv_python example task requires virtualenv, please install it.
[2024-07-21T21:33:08.544+0100] {processor.py:839} INFO - DAG(s) dict_keys(['example_python_operator']) retrieved from /Users/apoorvasaxena/.pyenv/versions/airflow-venv/lib/python3.10/site-packages/airflow/example_dags/example_python_operator.py
[2024-07-21T21:33:08.616+0100] {logging_mixin.py:151} INFO - [2024-07-21T21:33:08.616+0100] {dag.py:2915} INFO - Sync 1 DAGs
[2024-07-21T21:33:08.620+0100] {logging_mixin.py:151} INFO - [2024-07-21T21:33:08.619+0100] {dag.py:3696} INFO - Setting next_dagrun for example_python_operator to None, run_after=None
[2024-07-21T21:33:08.626+0100] {processor.py:179} INFO - Processing /Users/apoorvasaxena/.pyenv/versions/airflow-venv/lib/python3.10/site-packages/airflow/example_dags/example_python_operator.py took 0.109 seconds
[2024-07-21T21:34:21.843+0100] {processor.py:157} INFO - Started process (PID=86890) to work on /Users/apoorvasaxena/.pyenv/versions/airflow-venv/lib/python3.10/site-packages/airflow/example_dags/example_python_operator.py
[2024-07-21T21:34:21.846+0100] {processor.py:829} INFO - Processing file /Users/apoorvasaxena/.pyenv/versions/airflow-venv/lib/python3.10/site-packages/airflow/example_dags/example_python_operator.py for tasks to queue
[2024-07-21T21:34:21.846+0100] {logging_mixin.py:151} INFO - [2024-07-21T21:34:21.846+0100] {dagbag.py:539} INFO - Filling up the DagBag from /Users/apoorvasaxena/.pyenv/versions/airflow-venv/lib/python3.10/site-packages/airflow/example_dags/example_python_operator.py
[2024-07-21T21:34:21.869+0100] {logging_mixin.py:151} INFO - [2024-07-21T21:34:21.868+0100] {example_python_operator.py:89} WARNING - The virtalenv_python example task requires virtualenv, please install it.
[2024-07-21T21:34:21.871+0100] {processor.py:839} INFO - DAG(s) dict_keys(['example_python_operator']) retrieved from /Users/apoorvasaxena/.pyenv/versions/airflow-venv/lib/python3.10/site-packages/airflow/example_dags/example_python_operator.py
[2024-07-21T21:34:21.943+0100] {logging_mixin.py:151} INFO - [2024-07-21T21:34:21.943+0100] {dag.py:2915} INFO - Sync 1 DAGs
[2024-07-21T21:34:21.946+0100] {logging_mixin.py:151} INFO - [2024-07-21T21:34:21.946+0100] {dag.py:3696} INFO - Setting next_dagrun for example_python_operator to None, run_after=None
[2024-07-21T21:34:21.954+0100] {processor.py:179} INFO - Processing /Users/apoorvasaxena/.pyenv/versions/airflow-venv/lib/python3.10/site-packages/airflow/example_dags/example_python_operator.py took 0.111 seconds
[2024-07-21T21:35:33.837+0100] {processor.py:157} INFO - Started process (PID=86971) to work on /Users/apoorvasaxena/.pyenv/versions/airflow-venv/lib/python3.10/site-packages/airflow/example_dags/example_python_operator.py
[2024-07-21T21:35:33.839+0100] {processor.py:829} INFO - Processing file /Users/apoorvasaxena/.pyenv/versions/airflow-venv/lib/python3.10/site-packages/airflow/example_dags/example_python_operator.py for tasks to queue
[2024-07-21T21:35:33.839+0100] {logging_mixin.py:151} INFO - [2024-07-21T21:35:33.839+0100] {dagbag.py:539} INFO - Filling up the DagBag from /Users/apoorvasaxena/.pyenv/versions/airflow-venv/lib/python3.10/site-packages/airflow/example_dags/example_python_operator.py
[2024-07-21T21:35:33.860+0100] {logging_mixin.py:151} INFO - [2024-07-21T21:35:33.860+0100] {example_python_operator.py:89} WARNING - The virtalenv_python example task requires virtualenv, please install it.
[2024-07-21T21:35:33.863+0100] {processor.py:839} INFO - DAG(s) dict_keys(['example_python_operator']) retrieved from /Users/apoorvasaxena/.pyenv/versions/airflow-venv/lib/python3.10/site-packages/airflow/example_dags/example_python_operator.py
[2024-07-21T21:35:33.934+0100] {logging_mixin.py:151} INFO - [2024-07-21T21:35:33.933+0100] {dag.py:2915} INFO - Sync 1 DAGs
[2024-07-21T21:35:33.937+0100] {logging_mixin.py:151} INFO - [2024-07-21T21:35:33.937+0100] {dag.py:3696} INFO - Setting next_dagrun for example_python_operator to None, run_after=None
[2024-07-21T21:35:33.944+0100] {processor.py:179} INFO - Processing /Users/apoorvasaxena/.pyenv/versions/airflow-venv/lib/python3.10/site-packages/airflow/example_dags/example_python_operator.py took 0.107 seconds
[2024-07-21T21:36:44.990+0100] {processor.py:157} INFO - Started process (PID=87065) to work on /Users/apoorvasaxena/.pyenv/versions/airflow-venv/lib/python3.10/site-packages/airflow/example_dags/example_python_operator.py
[2024-07-21T21:36:44.992+0100] {processor.py:829} INFO - Processing file /Users/apoorvasaxena/.pyenv/versions/airflow-venv/lib/python3.10/site-packages/airflow/example_dags/example_python_operator.py for tasks to queue
[2024-07-21T21:36:44.993+0100] {logging_mixin.py:151} INFO - [2024-07-21T21:36:44.993+0100] {dagbag.py:539} INFO - Filling up the DagBag from /Users/apoorvasaxena/.pyenv/versions/airflow-venv/lib/python3.10/site-packages/airflow/example_dags/example_python_operator.py
[2024-07-21T21:36:45.013+0100] {logging_mixin.py:151} INFO - [2024-07-21T21:36:45.013+0100] {example_python_operator.py:89} WARNING - The virtalenv_python example task requires virtualenv, please install it.
[2024-07-21T21:36:45.015+0100] {processor.py:839} INFO - DAG(s) dict_keys(['example_python_operator']) retrieved from /Users/apoorvasaxena/.pyenv/versions/airflow-venv/lib/python3.10/site-packages/airflow/example_dags/example_python_operator.py
[2024-07-21T21:36:45.087+0100] {logging_mixin.py:151} INFO - [2024-07-21T21:36:45.086+0100] {dag.py:2915} INFO - Sync 1 DAGs
[2024-07-21T21:36:45.090+0100] {logging_mixin.py:151} INFO - [2024-07-21T21:36:45.090+0100] {dag.py:3696} INFO - Setting next_dagrun for example_python_operator to None, run_after=None
[2024-07-21T21:36:45.097+0100] {processor.py:179} INFO - Processing /Users/apoorvasaxena/.pyenv/versions/airflow-venv/lib/python3.10/site-packages/airflow/example_dags/example_python_operator.py took 0.107 seconds
