[2024-07-21T20:49:37.818+0100] {processor.py:157} INFO - Started process (PID=82490) to work on /Users/apoorvasaxena/.pyenv/versions/airflow-venv/lib/python3.10/site-packages/airflow/example_dags/example_xcom.py
[2024-07-21T20:49:37.820+0100] {processor.py:829} INFO - Processing file /Users/apoorvasaxena/.pyenv/versions/airflow-venv/lib/python3.10/site-packages/airflow/example_dags/example_xcom.py for tasks to queue
[2024-07-21T20:49:37.820+0100] {logging_mixin.py:151} INFO - [2024-07-21T20:49:37.820+0100] {dagbag.py:539} INFO - Filling up the DagBag from /Users/apoorvasaxena/.pyenv/versions/airflow-venv/lib/python3.10/site-packages/airflow/example_dags/example_xcom.py
[2024-07-21T20:49:37.843+0100] {processor.py:839} INFO - DAG(s) dict_keys(['example_xcom']) retrieved from /Users/apoorvasaxena/.pyenv/versions/airflow-venv/lib/python3.10/site-packages/airflow/example_dags/example_xcom.py
[2024-07-21T20:49:37.862+0100] {logging_mixin.py:151} INFO - [2024-07-21T20:49:37.862+0100] {dag.py:2915} INFO - Sync 1 DAGs
[2024-07-21T20:49:37.896+0100] {logging_mixin.py:151} INFO - [2024-07-21T20:49:37.896+0100] {dag.py:3696} INFO - Setting next_dagrun for example_xcom to 2021-01-01T00:00:00+00:00, run_after=2021-01-01T00:00:00+00:00
[2024-07-21T20:49:37.903+0100] {processor.py:179} INFO - Processing /Users/apoorvasaxena/.pyenv/versions/airflow-venv/lib/python3.10/site-packages/airflow/example_dags/example_xcom.py took 0.085 seconds
[2024-07-21T20:50:44.508+0100] {processor.py:157} INFO - Started process (PID=82619) to work on /Users/apoorvasaxena/.pyenv/versions/airflow-venv/lib/python3.10/site-packages/airflow/example_dags/example_xcom.py
[2024-07-21T20:50:44.510+0100] {processor.py:829} INFO - Processing file /Users/apoorvasaxena/.pyenv/versions/airflow-venv/lib/python3.10/site-packages/airflow/example_dags/example_xcom.py for tasks to queue
[2024-07-21T20:50:44.510+0100] {logging_mixin.py:151} INFO - [2024-07-21T20:50:44.510+0100] {dagbag.py:539} INFO - Filling up the DagBag from /Users/apoorvasaxena/.pyenv/versions/airflow-venv/lib/python3.10/site-packages/airflow/example_dags/example_xcom.py
[2024-07-21T20:50:44.541+0100] {processor.py:839} INFO - DAG(s) dict_keys(['example_xcom']) retrieved from /Users/apoorvasaxena/.pyenv/versions/airflow-venv/lib/python3.10/site-packages/airflow/example_dags/example_xcom.py
[2024-07-21T20:50:44.620+0100] {logging_mixin.py:151} INFO - [2024-07-21T20:50:44.620+0100] {dag.py:2915} INFO - Sync 1 DAGs
[2024-07-21T20:50:44.627+0100] {logging_mixin.py:151} INFO - [2024-07-21T20:50:44.627+0100] {dag.py:3696} INFO - Setting next_dagrun for example_xcom to 2021-01-01T00:00:00+00:00, run_after=2021-01-01T00:00:00+00:00
[2024-07-21T20:50:44.634+0100] {processor.py:179} INFO - Processing /Users/apoorvasaxena/.pyenv/versions/airflow-venv/lib/python3.10/site-packages/airflow/example_dags/example_xcom.py took 0.127 seconds
[2024-07-21T20:51:58.309+0100] {processor.py:157} INFO - Started process (PID=82843) to work on /Users/apoorvasaxena/.pyenv/versions/airflow-venv/lib/python3.10/site-packages/airflow/example_dags/example_xcom.py
[2024-07-21T20:51:58.312+0100] {processor.py:829} INFO - Processing file /Users/apoorvasaxena/.pyenv/versions/airflow-venv/lib/python3.10/site-packages/airflow/example_dags/example_xcom.py for tasks to queue
[2024-07-21T20:51:58.312+0100] {logging_mixin.py:151} INFO - [2024-07-21T20:51:58.312+0100] {dagbag.py:539} INFO - Filling up the DagBag from /Users/apoorvasaxena/.pyenv/versions/airflow-venv/lib/python3.10/site-packages/airflow/example_dags/example_xcom.py
[2024-07-21T20:51:58.335+0100] {processor.py:839} INFO - DAG(s) dict_keys(['example_xcom']) retrieved from /Users/apoorvasaxena/.pyenv/versions/airflow-venv/lib/python3.10/site-packages/airflow/example_dags/example_xcom.py
[2024-07-21T20:51:58.406+0100] {logging_mixin.py:151} INFO - [2024-07-21T20:51:58.406+0100] {dag.py:2915} INFO - Sync 1 DAGs
[2024-07-21T20:51:58.412+0100] {logging_mixin.py:151} INFO - [2024-07-21T20:51:58.412+0100] {dag.py:3696} INFO - Setting next_dagrun for example_xcom to 2021-01-01T00:00:00+00:00, run_after=2021-01-01T00:00:00+00:00
[2024-07-21T20:51:58.419+0100] {processor.py:179} INFO - Processing /Users/apoorvasaxena/.pyenv/versions/airflow-venv/lib/python3.10/site-packages/airflow/example_dags/example_xcom.py took 0.110 seconds
[2024-07-21T20:53:08.832+0100] {processor.py:157} INFO - Started process (PID=83540) to work on /Users/apoorvasaxena/.pyenv/versions/airflow-venv/lib/python3.10/site-packages/airflow/example_dags/example_xcom.py
[2024-07-21T20:53:08.834+0100] {processor.py:829} INFO - Processing file /Users/apoorvasaxena/.pyenv/versions/airflow-venv/lib/python3.10/site-packages/airflow/example_dags/example_xcom.py for tasks to queue
[2024-07-21T20:53:08.834+0100] {logging_mixin.py:151} INFO - [2024-07-21T20:53:08.834+0100] {dagbag.py:539} INFO - Filling up the DagBag from /Users/apoorvasaxena/.pyenv/versions/airflow-venv/lib/python3.10/site-packages/airflow/example_dags/example_xcom.py
[2024-07-21T20:53:08.859+0100] {processor.py:839} INFO - DAG(s) dict_keys(['example_xcom']) retrieved from /Users/apoorvasaxena/.pyenv/versions/airflow-venv/lib/python3.10/site-packages/airflow/example_dags/example_xcom.py
[2024-07-21T20:53:08.931+0100] {logging_mixin.py:151} INFO - [2024-07-21T20:53:08.931+0100] {dag.py:2915} INFO - Sync 1 DAGs
[2024-07-21T20:53:08.937+0100] {logging_mixin.py:151} INFO - [2024-07-21T20:53:08.937+0100] {dag.py:3696} INFO - Setting next_dagrun for example_xcom to 2021-01-01T00:00:00+00:00, run_after=2021-01-01T00:00:00+00:00
[2024-07-21T20:53:08.944+0100] {processor.py:179} INFO - Processing /Users/apoorvasaxena/.pyenv/versions/airflow-venv/lib/python3.10/site-packages/airflow/example_dags/example_xcom.py took 0.112 seconds
[2024-07-21T20:54:26.737+0100] {processor.py:157} INFO - Started process (PID=83756) to work on /Users/apoorvasaxena/.pyenv/versions/airflow-venv/lib/python3.10/site-packages/airflow/example_dags/example_xcom.py
[2024-07-21T20:54:26.740+0100] {processor.py:829} INFO - Processing file /Users/apoorvasaxena/.pyenv/versions/airflow-venv/lib/python3.10/site-packages/airflow/example_dags/example_xcom.py for tasks to queue
[2024-07-21T20:54:26.740+0100] {logging_mixin.py:151} INFO - [2024-07-21T20:54:26.740+0100] {dagbag.py:539} INFO - Filling up the DagBag from /Users/apoorvasaxena/.pyenv/versions/airflow-venv/lib/python3.10/site-packages/airflow/example_dags/example_xcom.py
[2024-07-21T20:54:26.766+0100] {processor.py:839} INFO - DAG(s) dict_keys(['example_xcom']) retrieved from /Users/apoorvasaxena/.pyenv/versions/airflow-venv/lib/python3.10/site-packages/airflow/example_dags/example_xcom.py
[2024-07-21T20:54:26.845+0100] {logging_mixin.py:151} INFO - [2024-07-21T20:54:26.844+0100] {dag.py:2915} INFO - Sync 1 DAGs
[2024-07-21T20:54:26.851+0100] {logging_mixin.py:151} INFO - [2024-07-21T20:54:26.851+0100] {dag.py:3696} INFO - Setting next_dagrun for example_xcom to 2021-01-01T00:00:00+00:00, run_after=2021-01-01T00:00:00+00:00
[2024-07-21T20:54:26.858+0100] {processor.py:179} INFO - Processing /Users/apoorvasaxena/.pyenv/versions/airflow-venv/lib/python3.10/site-packages/airflow/example_dags/example_xcom.py took 0.121 seconds
[2024-07-21T20:55:41.049+0100] {processor.py:157} INFO - Started process (PID=83869) to work on /Users/apoorvasaxena/.pyenv/versions/airflow-venv/lib/python3.10/site-packages/airflow/example_dags/example_xcom.py
[2024-07-21T20:55:41.052+0100] {processor.py:829} INFO - Processing file /Users/apoorvasaxena/.pyenv/versions/airflow-venv/lib/python3.10/site-packages/airflow/example_dags/example_xcom.py for tasks to queue
[2024-07-21T20:55:41.052+0100] {logging_mixin.py:151} INFO - [2024-07-21T20:55:41.052+0100] {dagbag.py:539} INFO - Filling up the DagBag from /Users/apoorvasaxena/.pyenv/versions/airflow-venv/lib/python3.10/site-packages/airflow/example_dags/example_xcom.py
[2024-07-21T20:55:41.076+0100] {processor.py:839} INFO - DAG(s) dict_keys(['example_xcom']) retrieved from /Users/apoorvasaxena/.pyenv/versions/airflow-venv/lib/python3.10/site-packages/airflow/example_dags/example_xcom.py
[2024-07-21T20:55:41.149+0100] {logging_mixin.py:151} INFO - [2024-07-21T20:55:41.149+0100] {dag.py:2915} INFO - Sync 1 DAGs
[2024-07-21T20:55:41.155+0100] {logging_mixin.py:151} INFO - [2024-07-21T20:55:41.155+0100] {dag.py:3696} INFO - Setting next_dagrun for example_xcom to 2021-01-01T00:00:00+00:00, run_after=2021-01-01T00:00:00+00:00
[2024-07-21T20:55:41.162+0100] {processor.py:179} INFO - Processing /Users/apoorvasaxena/.pyenv/versions/airflow-venv/lib/python3.10/site-packages/airflow/example_dags/example_xcom.py took 0.113 seconds
[2024-07-21T20:56:54.899+0100] {processor.py:157} INFO - Started process (PID=83949) to work on /Users/apoorvasaxena/.pyenv/versions/airflow-venv/lib/python3.10/site-packages/airflow/example_dags/example_xcom.py
[2024-07-21T20:56:54.901+0100] {processor.py:829} INFO - Processing file /Users/apoorvasaxena/.pyenv/versions/airflow-venv/lib/python3.10/site-packages/airflow/example_dags/example_xcom.py for tasks to queue
[2024-07-21T20:56:54.901+0100] {logging_mixin.py:151} INFO - [2024-07-21T20:56:54.901+0100] {dagbag.py:539} INFO - Filling up the DagBag from /Users/apoorvasaxena/.pyenv/versions/airflow-venv/lib/python3.10/site-packages/airflow/example_dags/example_xcom.py
[2024-07-21T20:56:54.925+0100] {processor.py:839} INFO - DAG(s) dict_keys(['example_xcom']) retrieved from /Users/apoorvasaxena/.pyenv/versions/airflow-venv/lib/python3.10/site-packages/airflow/example_dags/example_xcom.py
[2024-07-21T20:56:54.996+0100] {logging_mixin.py:151} INFO - [2024-07-21T20:56:54.996+0100] {dag.py:2915} INFO - Sync 1 DAGs
[2024-07-21T20:56:55.002+0100] {logging_mixin.py:151} INFO - [2024-07-21T20:56:55.002+0100] {dag.py:3696} INFO - Setting next_dagrun for example_xcom to 2021-01-01T00:00:00+00:00, run_after=2021-01-01T00:00:00+00:00
[2024-07-21T20:56:55.009+0100] {processor.py:179} INFO - Processing /Users/apoorvasaxena/.pyenv/versions/airflow-venv/lib/python3.10/site-packages/airflow/example_dags/example_xcom.py took 0.110 seconds
[2024-07-21T20:58:03.767+0100] {processor.py:157} INFO - Started process (PID=84043) to work on /Users/apoorvasaxena/.pyenv/versions/airflow-venv/lib/python3.10/site-packages/airflow/example_dags/example_xcom.py
[2024-07-21T20:58:03.770+0100] {processor.py:829} INFO - Processing file /Users/apoorvasaxena/.pyenv/versions/airflow-venv/lib/python3.10/site-packages/airflow/example_dags/example_xcom.py for tasks to queue
[2024-07-21T20:58:03.770+0100] {logging_mixin.py:151} INFO - [2024-07-21T20:58:03.770+0100] {dagbag.py:539} INFO - Filling up the DagBag from /Users/apoorvasaxena/.pyenv/versions/airflow-venv/lib/python3.10/site-packages/airflow/example_dags/example_xcom.py
[2024-07-21T20:58:03.793+0100] {processor.py:839} INFO - DAG(s) dict_keys(['example_xcom']) retrieved from /Users/apoorvasaxena/.pyenv/versions/airflow-venv/lib/python3.10/site-packages/airflow/example_dags/example_xcom.py
[2024-07-21T20:58:03.864+0100] {logging_mixin.py:151} INFO - [2024-07-21T20:58:03.864+0100] {dag.py:2915} INFO - Sync 1 DAGs
[2024-07-21T20:58:03.870+0100] {logging_mixin.py:151} INFO - [2024-07-21T20:58:03.870+0100] {dag.py:3696} INFO - Setting next_dagrun for example_xcom to 2021-01-01T00:00:00+00:00, run_after=2021-01-01T00:00:00+00:00
[2024-07-21T20:58:03.877+0100] {processor.py:179} INFO - Processing /Users/apoorvasaxena/.pyenv/versions/airflow-venv/lib/python3.10/site-packages/airflow/example_dags/example_xcom.py took 0.111 seconds
[2024-07-21T20:59:16.708+0100] {processor.py:157} INFO - Started process (PID=84128) to work on /Users/apoorvasaxena/.pyenv/versions/airflow-venv/lib/python3.10/site-packages/airflow/example_dags/example_xcom.py
[2024-07-21T20:59:16.710+0100] {processor.py:829} INFO - Processing file /Users/apoorvasaxena/.pyenv/versions/airflow-venv/lib/python3.10/site-packages/airflow/example_dags/example_xcom.py for tasks to queue
[2024-07-21T20:59:16.710+0100] {logging_mixin.py:151} INFO - [2024-07-21T20:59:16.710+0100] {dagbag.py:539} INFO - Filling up the DagBag from /Users/apoorvasaxena/.pyenv/versions/airflow-venv/lib/python3.10/site-packages/airflow/example_dags/example_xcom.py
[2024-07-21T20:59:16.733+0100] {processor.py:839} INFO - DAG(s) dict_keys(['example_xcom']) retrieved from /Users/apoorvasaxena/.pyenv/versions/airflow-venv/lib/python3.10/site-packages/airflow/example_dags/example_xcom.py
[2024-07-21T20:59:16.804+0100] {logging_mixin.py:151} INFO - [2024-07-21T20:59:16.804+0100] {dag.py:2915} INFO - Sync 1 DAGs
[2024-07-21T20:59:16.810+0100] {logging_mixin.py:151} INFO - [2024-07-21T20:59:16.810+0100] {dag.py:3696} INFO - Setting next_dagrun for example_xcom to 2021-01-01T00:00:00+00:00, run_after=2021-01-01T00:00:00+00:00
[2024-07-21T20:59:16.818+0100] {processor.py:179} INFO - Processing /Users/apoorvasaxena/.pyenv/versions/airflow-venv/lib/python3.10/site-packages/airflow/example_dags/example_xcom.py took 0.110 seconds
[2024-07-21T21:00:27.105+0100] {processor.py:157} INFO - Started process (PID=84205) to work on /Users/apoorvasaxena/.pyenv/versions/airflow-venv/lib/python3.10/site-packages/airflow/example_dags/example_xcom.py
[2024-07-21T21:00:27.107+0100] {processor.py:829} INFO - Processing file /Users/apoorvasaxena/.pyenv/versions/airflow-venv/lib/python3.10/site-packages/airflow/example_dags/example_xcom.py for tasks to queue
[2024-07-21T21:00:27.108+0100] {logging_mixin.py:151} INFO - [2024-07-21T21:00:27.108+0100] {dagbag.py:539} INFO - Filling up the DagBag from /Users/apoorvasaxena/.pyenv/versions/airflow-venv/lib/python3.10/site-packages/airflow/example_dags/example_xcom.py
[2024-07-21T21:00:27.131+0100] {processor.py:839} INFO - DAG(s) dict_keys(['example_xcom']) retrieved from /Users/apoorvasaxena/.pyenv/versions/airflow-venv/lib/python3.10/site-packages/airflow/example_dags/example_xcom.py
[2024-07-21T21:00:27.202+0100] {logging_mixin.py:151} INFO - [2024-07-21T21:00:27.202+0100] {dag.py:2915} INFO - Sync 1 DAGs
[2024-07-21T21:00:27.208+0100] {logging_mixin.py:151} INFO - [2024-07-21T21:00:27.208+0100] {dag.py:3696} INFO - Setting next_dagrun for example_xcom to 2021-01-01T00:00:00+00:00, run_after=2021-01-01T00:00:00+00:00
[2024-07-21T21:00:27.215+0100] {processor.py:179} INFO - Processing /Users/apoorvasaxena/.pyenv/versions/airflow-venv/lib/python3.10/site-packages/airflow/example_dags/example_xcom.py took 0.110 seconds
[2024-07-21T21:01:40.113+0100] {processor.py:157} INFO - Started process (PID=84293) to work on /Users/apoorvasaxena/.pyenv/versions/airflow-venv/lib/python3.10/site-packages/airflow/example_dags/example_xcom.py
[2024-07-21T21:01:40.116+0100] {processor.py:829} INFO - Processing file /Users/apoorvasaxena/.pyenv/versions/airflow-venv/lib/python3.10/site-packages/airflow/example_dags/example_xcom.py for tasks to queue
[2024-07-21T21:01:40.116+0100] {logging_mixin.py:151} INFO - [2024-07-21T21:01:40.116+0100] {dagbag.py:539} INFO - Filling up the DagBag from /Users/apoorvasaxena/.pyenv/versions/airflow-venv/lib/python3.10/site-packages/airflow/example_dags/example_xcom.py
[2024-07-21T21:01:40.141+0100] {processor.py:839} INFO - DAG(s) dict_keys(['example_xcom']) retrieved from /Users/apoorvasaxena/.pyenv/versions/airflow-venv/lib/python3.10/site-packages/airflow/example_dags/example_xcom.py
[2024-07-21T21:01:40.220+0100] {logging_mixin.py:151} INFO - [2024-07-21T21:01:40.220+0100] {dag.py:2915} INFO - Sync 1 DAGs
[2024-07-21T21:01:40.227+0100] {logging_mixin.py:151} INFO - [2024-07-21T21:01:40.227+0100] {dag.py:3696} INFO - Setting next_dagrun for example_xcom to 2021-01-01T00:00:00+00:00, run_after=2021-01-01T00:00:00+00:00
[2024-07-21T21:01:40.236+0100] {processor.py:179} INFO - Processing /Users/apoorvasaxena/.pyenv/versions/airflow-venv/lib/python3.10/site-packages/airflow/example_dags/example_xcom.py took 0.123 seconds
[2024-07-21T21:02:55.930+0100] {processor.py:157} INFO - Started process (PID=84383) to work on /Users/apoorvasaxena/.pyenv/versions/airflow-venv/lib/python3.10/site-packages/airflow/example_dags/example_xcom.py
[2024-07-21T21:02:55.933+0100] {processor.py:829} INFO - Processing file /Users/apoorvasaxena/.pyenv/versions/airflow-venv/lib/python3.10/site-packages/airflow/example_dags/example_xcom.py for tasks to queue
[2024-07-21T21:02:55.933+0100] {logging_mixin.py:151} INFO - [2024-07-21T21:02:55.933+0100] {dagbag.py:539} INFO - Filling up the DagBag from /Users/apoorvasaxena/.pyenv/versions/airflow-venv/lib/python3.10/site-packages/airflow/example_dags/example_xcom.py
[2024-07-21T21:02:55.956+0100] {processor.py:839} INFO - DAG(s) dict_keys(['example_xcom']) retrieved from /Users/apoorvasaxena/.pyenv/versions/airflow-venv/lib/python3.10/site-packages/airflow/example_dags/example_xcom.py
[2024-07-21T21:02:56.027+0100] {logging_mixin.py:151} INFO - [2024-07-21T21:02:56.027+0100] {dag.py:2915} INFO - Sync 1 DAGs
[2024-07-21T21:02:56.033+0100] {logging_mixin.py:151} INFO - [2024-07-21T21:02:56.033+0100] {dag.py:3696} INFO - Setting next_dagrun for example_xcom to 2021-01-01T00:00:00+00:00, run_after=2021-01-01T00:00:00+00:00
[2024-07-21T21:02:56.040+0100] {processor.py:179} INFO - Processing /Users/apoorvasaxena/.pyenv/versions/airflow-venv/lib/python3.10/site-packages/airflow/example_dags/example_xcom.py took 0.110 seconds
[2024-07-21T21:04:10.612+0100] {processor.py:157} INFO - Started process (PID=84477) to work on /Users/apoorvasaxena/.pyenv/versions/airflow-venv/lib/python3.10/site-packages/airflow/example_dags/example_xcom.py
[2024-07-21T21:04:10.615+0100] {processor.py:829} INFO - Processing file /Users/apoorvasaxena/.pyenv/versions/airflow-venv/lib/python3.10/site-packages/airflow/example_dags/example_xcom.py for tasks to queue
[2024-07-21T21:04:10.615+0100] {logging_mixin.py:151} INFO - [2024-07-21T21:04:10.615+0100] {dagbag.py:539} INFO - Filling up the DagBag from /Users/apoorvasaxena/.pyenv/versions/airflow-venv/lib/python3.10/site-packages/airflow/example_dags/example_xcom.py
[2024-07-21T21:04:10.638+0100] {processor.py:839} INFO - DAG(s) dict_keys(['example_xcom']) retrieved from /Users/apoorvasaxena/.pyenv/versions/airflow-venv/lib/python3.10/site-packages/airflow/example_dags/example_xcom.py
[2024-07-21T21:04:10.710+0100] {logging_mixin.py:151} INFO - [2024-07-21T21:04:10.710+0100] {dag.py:2915} INFO - Sync 1 DAGs
[2024-07-21T21:04:10.716+0100] {logging_mixin.py:151} INFO - [2024-07-21T21:04:10.715+0100] {dag.py:3696} INFO - Setting next_dagrun for example_xcom to 2021-01-01T00:00:00+00:00, run_after=2021-01-01T00:00:00+00:00
[2024-07-21T21:04:10.722+0100] {processor.py:179} INFO - Processing /Users/apoorvasaxena/.pyenv/versions/airflow-venv/lib/python3.10/site-packages/airflow/example_dags/example_xcom.py took 0.111 seconds
[2024-07-21T21:05:23.964+0100] {processor.py:157} INFO - Started process (PID=84576) to work on /Users/apoorvasaxena/.pyenv/versions/airflow-venv/lib/python3.10/site-packages/airflow/example_dags/example_xcom.py
[2024-07-21T21:05:23.967+0100] {processor.py:829} INFO - Processing file /Users/apoorvasaxena/.pyenv/versions/airflow-venv/lib/python3.10/site-packages/airflow/example_dags/example_xcom.py for tasks to queue
[2024-07-21T21:05:23.967+0100] {logging_mixin.py:151} INFO - [2024-07-21T21:05:23.967+0100] {dagbag.py:539} INFO - Filling up the DagBag from /Users/apoorvasaxena/.pyenv/versions/airflow-venv/lib/python3.10/site-packages/airflow/example_dags/example_xcom.py
[2024-07-21T21:05:23.991+0100] {processor.py:839} INFO - DAG(s) dict_keys(['example_xcom']) retrieved from /Users/apoorvasaxena/.pyenv/versions/airflow-venv/lib/python3.10/site-packages/airflow/example_dags/example_xcom.py
[2024-07-21T21:05:24.062+0100] {logging_mixin.py:151} INFO - [2024-07-21T21:05:24.062+0100] {dag.py:2915} INFO - Sync 1 DAGs
[2024-07-21T21:05:24.068+0100] {logging_mixin.py:151} INFO - [2024-07-21T21:05:24.068+0100] {dag.py:3696} INFO - Setting next_dagrun for example_xcom to 2021-01-01T00:00:00+00:00, run_after=2021-01-01T00:00:00+00:00
[2024-07-21T21:05:24.074+0100] {processor.py:179} INFO - Processing /Users/apoorvasaxena/.pyenv/versions/airflow-venv/lib/python3.10/site-packages/airflow/example_dags/example_xcom.py took 0.110 seconds
[2024-07-21T21:06:33.490+0100] {processor.py:157} INFO - Started process (PID=84672) to work on /Users/apoorvasaxena/.pyenv/versions/airflow-venv/lib/python3.10/site-packages/airflow/example_dags/example_xcom.py
[2024-07-21T21:06:33.492+0100] {processor.py:829} INFO - Processing file /Users/apoorvasaxena/.pyenv/versions/airflow-venv/lib/python3.10/site-packages/airflow/example_dags/example_xcom.py for tasks to queue
[2024-07-21T21:06:33.492+0100] {logging_mixin.py:151} INFO - [2024-07-21T21:06:33.492+0100] {dagbag.py:539} INFO - Filling up the DagBag from /Users/apoorvasaxena/.pyenv/versions/airflow-venv/lib/python3.10/site-packages/airflow/example_dags/example_xcom.py
[2024-07-21T21:06:33.515+0100] {processor.py:839} INFO - DAG(s) dict_keys(['example_xcom']) retrieved from /Users/apoorvasaxena/.pyenv/versions/airflow-venv/lib/python3.10/site-packages/airflow/example_dags/example_xcom.py
[2024-07-21T21:06:33.586+0100] {logging_mixin.py:151} INFO - [2024-07-21T21:06:33.586+0100] {dag.py:2915} INFO - Sync 1 DAGs
[2024-07-21T21:06:33.591+0100] {logging_mixin.py:151} INFO - [2024-07-21T21:06:33.591+0100] {dag.py:3696} INFO - Setting next_dagrun for example_xcom to 2021-01-01T00:00:00+00:00, run_after=2021-01-01T00:00:00+00:00
[2024-07-21T21:06:33.598+0100] {processor.py:179} INFO - Processing /Users/apoorvasaxena/.pyenv/versions/airflow-venv/lib/python3.10/site-packages/airflow/example_dags/example_xcom.py took 0.109 seconds
[2024-07-21T21:07:42.838+0100] {processor.py:157} INFO - Started process (PID=84766) to work on /Users/apoorvasaxena/.pyenv/versions/airflow-venv/lib/python3.10/site-packages/airflow/example_dags/example_xcom.py
[2024-07-21T21:07:42.840+0100] {processor.py:829} INFO - Processing file /Users/apoorvasaxena/.pyenv/versions/airflow-venv/lib/python3.10/site-packages/airflow/example_dags/example_xcom.py for tasks to queue
[2024-07-21T21:07:42.840+0100] {logging_mixin.py:151} INFO - [2024-07-21T21:07:42.840+0100] {dagbag.py:539} INFO - Filling up the DagBag from /Users/apoorvasaxena/.pyenv/versions/airflow-venv/lib/python3.10/site-packages/airflow/example_dags/example_xcom.py
[2024-07-21T21:07:42.863+0100] {processor.py:839} INFO - DAG(s) dict_keys(['example_xcom']) retrieved from /Users/apoorvasaxena/.pyenv/versions/airflow-venv/lib/python3.10/site-packages/airflow/example_dags/example_xcom.py
[2024-07-21T21:07:42.934+0100] {logging_mixin.py:151} INFO - [2024-07-21T21:07:42.933+0100] {dag.py:2915} INFO - Sync 1 DAGs
[2024-07-21T21:07:42.939+0100] {logging_mixin.py:151} INFO - [2024-07-21T21:07:42.939+0100] {dag.py:3696} INFO - Setting next_dagrun for example_xcom to 2021-01-01T00:00:00+00:00, run_after=2021-01-01T00:00:00+00:00
[2024-07-21T21:07:42.946+0100] {processor.py:179} INFO - Processing /Users/apoorvasaxena/.pyenv/versions/airflow-venv/lib/python3.10/site-packages/airflow/example_dags/example_xcom.py took 0.108 seconds
[2024-07-21T21:08:55.250+0100] {processor.py:157} INFO - Started process (PID=84853) to work on /Users/apoorvasaxena/.pyenv/versions/airflow-venv/lib/python3.10/site-packages/airflow/example_dags/example_xcom.py
[2024-07-21T21:08:55.253+0100] {processor.py:829} INFO - Processing file /Users/apoorvasaxena/.pyenv/versions/airflow-venv/lib/python3.10/site-packages/airflow/example_dags/example_xcom.py for tasks to queue
[2024-07-21T21:08:55.253+0100] {logging_mixin.py:151} INFO - [2024-07-21T21:08:55.253+0100] {dagbag.py:539} INFO - Filling up the DagBag from /Users/apoorvasaxena/.pyenv/versions/airflow-venv/lib/python3.10/site-packages/airflow/example_dags/example_xcom.py
[2024-07-21T21:08:55.276+0100] {processor.py:839} INFO - DAG(s) dict_keys(['example_xcom']) retrieved from /Users/apoorvasaxena/.pyenv/versions/airflow-venv/lib/python3.10/site-packages/airflow/example_dags/example_xcom.py
[2024-07-21T21:08:55.346+0100] {logging_mixin.py:151} INFO - [2024-07-21T21:08:55.346+0100] {dag.py:2915} INFO - Sync 1 DAGs
[2024-07-21T21:08:55.351+0100] {logging_mixin.py:151} INFO - [2024-07-21T21:08:55.351+0100] {dag.py:3696} INFO - Setting next_dagrun for example_xcom to 2021-01-01T00:00:00+00:00, run_after=2021-01-01T00:00:00+00:00
[2024-07-21T21:08:55.358+0100] {processor.py:179} INFO - Processing /Users/apoorvasaxena/.pyenv/versions/airflow-venv/lib/python3.10/site-packages/airflow/example_dags/example_xcom.py took 0.108 seconds
[2024-07-21T21:10:08.785+0100] {processor.py:157} INFO - Started process (PID=84949) to work on /Users/apoorvasaxena/.pyenv/versions/airflow-venv/lib/python3.10/site-packages/airflow/example_dags/example_xcom.py
[2024-07-21T21:10:08.788+0100] {processor.py:829} INFO - Processing file /Users/apoorvasaxena/.pyenv/versions/airflow-venv/lib/python3.10/site-packages/airflow/example_dags/example_xcom.py for tasks to queue
[2024-07-21T21:10:08.788+0100] {logging_mixin.py:151} INFO - [2024-07-21T21:10:08.788+0100] {dagbag.py:539} INFO - Filling up the DagBag from /Users/apoorvasaxena/.pyenv/versions/airflow-venv/lib/python3.10/site-packages/airflow/example_dags/example_xcom.py
[2024-07-21T21:10:08.810+0100] {processor.py:839} INFO - DAG(s) dict_keys(['example_xcom']) retrieved from /Users/apoorvasaxena/.pyenv/versions/airflow-venv/lib/python3.10/site-packages/airflow/example_dags/example_xcom.py
[2024-07-21T21:10:08.881+0100] {logging_mixin.py:151} INFO - [2024-07-21T21:10:08.881+0100] {dag.py:2915} INFO - Sync 1 DAGs
[2024-07-21T21:10:08.887+0100] {logging_mixin.py:151} INFO - [2024-07-21T21:10:08.887+0100] {dag.py:3696} INFO - Setting next_dagrun for example_xcom to 2021-01-01T00:00:00+00:00, run_after=2021-01-01T00:00:00+00:00
[2024-07-21T21:10:08.894+0100] {processor.py:179} INFO - Processing /Users/apoorvasaxena/.pyenv/versions/airflow-venv/lib/python3.10/site-packages/airflow/example_dags/example_xcom.py took 0.109 seconds
[2024-07-21T21:11:22.941+0100] {processor.py:157} INFO - Started process (PID=85045) to work on /Users/apoorvasaxena/.pyenv/versions/airflow-venv/lib/python3.10/site-packages/airflow/example_dags/example_xcom.py
[2024-07-21T21:11:22.943+0100] {processor.py:829} INFO - Processing file /Users/apoorvasaxena/.pyenv/versions/airflow-venv/lib/python3.10/site-packages/airflow/example_dags/example_xcom.py for tasks to queue
[2024-07-21T21:11:22.944+0100] {logging_mixin.py:151} INFO - [2024-07-21T21:11:22.943+0100] {dagbag.py:539} INFO - Filling up the DagBag from /Users/apoorvasaxena/.pyenv/versions/airflow-venv/lib/python3.10/site-packages/airflow/example_dags/example_xcom.py
[2024-07-21T21:11:22.966+0100] {processor.py:839} INFO - DAG(s) dict_keys(['example_xcom']) retrieved from /Users/apoorvasaxena/.pyenv/versions/airflow-venv/lib/python3.10/site-packages/airflow/example_dags/example_xcom.py
[2024-07-21T21:11:23.039+0100] {logging_mixin.py:151} INFO - [2024-07-21T21:11:23.039+0100] {dag.py:2915} INFO - Sync 1 DAGs
[2024-07-21T21:11:23.046+0100] {logging_mixin.py:151} INFO - [2024-07-21T21:11:23.046+0100] {dag.py:3696} INFO - Setting next_dagrun for example_xcom to 2021-01-01T00:00:00+00:00, run_after=2021-01-01T00:00:00+00:00
[2024-07-21T21:11:23.055+0100] {processor.py:179} INFO - Processing /Users/apoorvasaxena/.pyenv/versions/airflow-venv/lib/python3.10/site-packages/airflow/example_dags/example_xcom.py took 0.115 seconds
[2024-07-21T21:12:33.753+0100] {processor.py:157} INFO - Started process (PID=85139) to work on /Users/apoorvasaxena/.pyenv/versions/airflow-venv/lib/python3.10/site-packages/airflow/example_dags/example_xcom.py
[2024-07-21T21:12:33.756+0100] {processor.py:829} INFO - Processing file /Users/apoorvasaxena/.pyenv/versions/airflow-venv/lib/python3.10/site-packages/airflow/example_dags/example_xcom.py for tasks to queue
[2024-07-21T21:12:33.756+0100] {logging_mixin.py:151} INFO - [2024-07-21T21:12:33.756+0100] {dagbag.py:539} INFO - Filling up the DagBag from /Users/apoorvasaxena/.pyenv/versions/airflow-venv/lib/python3.10/site-packages/airflow/example_dags/example_xcom.py
[2024-07-21T21:12:33.778+0100] {processor.py:839} INFO - DAG(s) dict_keys(['example_xcom']) retrieved from /Users/apoorvasaxena/.pyenv/versions/airflow-venv/lib/python3.10/site-packages/airflow/example_dags/example_xcom.py
[2024-07-21T21:12:33.849+0100] {logging_mixin.py:151} INFO - [2024-07-21T21:12:33.849+0100] {dag.py:2915} INFO - Sync 1 DAGs
[2024-07-21T21:12:33.854+0100] {logging_mixin.py:151} INFO - [2024-07-21T21:12:33.854+0100] {dag.py:3696} INFO - Setting next_dagrun for example_xcom to 2021-01-01T00:00:00+00:00, run_after=2021-01-01T00:00:00+00:00
[2024-07-21T21:12:33.861+0100] {processor.py:179} INFO - Processing /Users/apoorvasaxena/.pyenv/versions/airflow-venv/lib/python3.10/site-packages/airflow/example_dags/example_xcom.py took 0.109 seconds
[2024-07-21T21:13:45.049+0100] {processor.py:157} INFO - Started process (PID=85237) to work on /Users/apoorvasaxena/.pyenv/versions/airflow-venv/lib/python3.10/site-packages/airflow/example_dags/example_xcom.py
[2024-07-21T21:13:45.051+0100] {processor.py:829} INFO - Processing file /Users/apoorvasaxena/.pyenv/versions/airflow-venv/lib/python3.10/site-packages/airflow/example_dags/example_xcom.py for tasks to queue
[2024-07-21T21:13:45.051+0100] {logging_mixin.py:151} INFO - [2024-07-21T21:13:45.051+0100] {dagbag.py:539} INFO - Filling up the DagBag from /Users/apoorvasaxena/.pyenv/versions/airflow-venv/lib/python3.10/site-packages/airflow/example_dags/example_xcom.py
[2024-07-21T21:13:45.073+0100] {processor.py:839} INFO - DAG(s) dict_keys(['example_xcom']) retrieved from /Users/apoorvasaxena/.pyenv/versions/airflow-venv/lib/python3.10/site-packages/airflow/example_dags/example_xcom.py
[2024-07-21T21:13:45.144+0100] {logging_mixin.py:151} INFO - [2024-07-21T21:13:45.144+0100] {dag.py:2915} INFO - Sync 1 DAGs
[2024-07-21T21:13:45.150+0100] {logging_mixin.py:151} INFO - [2024-07-21T21:13:45.150+0100] {dag.py:3696} INFO - Setting next_dagrun for example_xcom to 2021-01-01T00:00:00+00:00, run_after=2021-01-01T00:00:00+00:00
[2024-07-21T21:13:45.157+0100] {processor.py:179} INFO - Processing /Users/apoorvasaxena/.pyenv/versions/airflow-venv/lib/python3.10/site-packages/airflow/example_dags/example_xcom.py took 0.108 seconds
[2024-07-21T21:14:55.441+0100] {processor.py:157} INFO - Started process (PID=85324) to work on /Users/apoorvasaxena/.pyenv/versions/airflow-venv/lib/python3.10/site-packages/airflow/example_dags/example_xcom.py
[2024-07-21T21:14:55.443+0100] {processor.py:829} INFO - Processing file /Users/apoorvasaxena/.pyenv/versions/airflow-venv/lib/python3.10/site-packages/airflow/example_dags/example_xcom.py for tasks to queue
[2024-07-21T21:14:55.444+0100] {logging_mixin.py:151} INFO - [2024-07-21T21:14:55.444+0100] {dagbag.py:539} INFO - Filling up the DagBag from /Users/apoorvasaxena/.pyenv/versions/airflow-venv/lib/python3.10/site-packages/airflow/example_dags/example_xcom.py
[2024-07-21T21:14:55.466+0100] {processor.py:839} INFO - DAG(s) dict_keys(['example_xcom']) retrieved from /Users/apoorvasaxena/.pyenv/versions/airflow-venv/lib/python3.10/site-packages/airflow/example_dags/example_xcom.py
[2024-07-21T21:14:55.536+0100] {logging_mixin.py:151} INFO - [2024-07-21T21:14:55.536+0100] {dag.py:2915} INFO - Sync 1 DAGs
[2024-07-21T21:14:55.542+0100] {logging_mixin.py:151} INFO - [2024-07-21T21:14:55.542+0100] {dag.py:3696} INFO - Setting next_dagrun for example_xcom to 2021-01-01T00:00:00+00:00, run_after=2021-01-01T00:00:00+00:00
[2024-07-21T21:14:55.548+0100] {processor.py:179} INFO - Processing /Users/apoorvasaxena/.pyenv/versions/airflow-venv/lib/python3.10/site-packages/airflow/example_dags/example_xcom.py took 0.107 seconds
[2024-07-21T21:16:05.073+0100] {processor.py:157} INFO - Started process (PID=85422) to work on /Users/apoorvasaxena/.pyenv/versions/airflow-venv/lib/python3.10/site-packages/airflow/example_dags/example_xcom.py
[2024-07-21T21:16:05.075+0100] {processor.py:829} INFO - Processing file /Users/apoorvasaxena/.pyenv/versions/airflow-venv/lib/python3.10/site-packages/airflow/example_dags/example_xcom.py for tasks to queue
[2024-07-21T21:16:05.075+0100] {logging_mixin.py:151} INFO - [2024-07-21T21:16:05.075+0100] {dagbag.py:539} INFO - Filling up the DagBag from /Users/apoorvasaxena/.pyenv/versions/airflow-venv/lib/python3.10/site-packages/airflow/example_dags/example_xcom.py
[2024-07-21T21:16:05.098+0100] {processor.py:839} INFO - DAG(s) dict_keys(['example_xcom']) retrieved from /Users/apoorvasaxena/.pyenv/versions/airflow-venv/lib/python3.10/site-packages/airflow/example_dags/example_xcom.py
[2024-07-21T21:16:05.168+0100] {logging_mixin.py:151} INFO - [2024-07-21T21:16:05.168+0100] {dag.py:2915} INFO - Sync 1 DAGs
[2024-07-21T21:16:05.174+0100] {logging_mixin.py:151} INFO - [2024-07-21T21:16:05.174+0100] {dag.py:3696} INFO - Setting next_dagrun for example_xcom to 2021-01-01T00:00:00+00:00, run_after=2021-01-01T00:00:00+00:00
[2024-07-21T21:16:05.180+0100] {processor.py:179} INFO - Processing /Users/apoorvasaxena/.pyenv/versions/airflow-venv/lib/python3.10/site-packages/airflow/example_dags/example_xcom.py took 0.108 seconds
[2024-07-21T21:17:16.777+0100] {processor.py:157} INFO - Started process (PID=85525) to work on /Users/apoorvasaxena/.pyenv/versions/airflow-venv/lib/python3.10/site-packages/airflow/example_dags/example_xcom.py
[2024-07-21T21:17:16.780+0100] {processor.py:829} INFO - Processing file /Users/apoorvasaxena/.pyenv/versions/airflow-venv/lib/python3.10/site-packages/airflow/example_dags/example_xcom.py for tasks to queue
[2024-07-21T21:17:16.780+0100] {logging_mixin.py:151} INFO - [2024-07-21T21:17:16.780+0100] {dagbag.py:539} INFO - Filling up the DagBag from /Users/apoorvasaxena/.pyenv/versions/airflow-venv/lib/python3.10/site-packages/airflow/example_dags/example_xcom.py
[2024-07-21T21:17:16.803+0100] {processor.py:839} INFO - DAG(s) dict_keys(['example_xcom']) retrieved from /Users/apoorvasaxena/.pyenv/versions/airflow-venv/lib/python3.10/site-packages/airflow/example_dags/example_xcom.py
[2024-07-21T21:17:16.873+0100] {logging_mixin.py:151} INFO - [2024-07-21T21:17:16.873+0100] {dag.py:2915} INFO - Sync 1 DAGs
[2024-07-21T21:17:16.879+0100] {logging_mixin.py:151} INFO - [2024-07-21T21:17:16.879+0100] {dag.py:3696} INFO - Setting next_dagrun for example_xcom to 2021-01-01T00:00:00+00:00, run_after=2021-01-01T00:00:00+00:00
[2024-07-21T21:17:16.885+0100] {processor.py:179} INFO - Processing /Users/apoorvasaxena/.pyenv/versions/airflow-venv/lib/python3.10/site-packages/airflow/example_dags/example_xcom.py took 0.109 seconds
[2024-07-21T21:18:27.184+0100] {processor.py:157} INFO - Started process (PID=85612) to work on /Users/apoorvasaxena/.pyenv/versions/airflow-venv/lib/python3.10/site-packages/airflow/example_dags/example_xcom.py
[2024-07-21T21:18:27.186+0100] {processor.py:829} INFO - Processing file /Users/apoorvasaxena/.pyenv/versions/airflow-venv/lib/python3.10/site-packages/airflow/example_dags/example_xcom.py for tasks to queue
[2024-07-21T21:18:27.186+0100] {logging_mixin.py:151} INFO - [2024-07-21T21:18:27.186+0100] {dagbag.py:539} INFO - Filling up the DagBag from /Users/apoorvasaxena/.pyenv/versions/airflow-venv/lib/python3.10/site-packages/airflow/example_dags/example_xcom.py
[2024-07-21T21:18:27.210+0100] {processor.py:839} INFO - DAG(s) dict_keys(['example_xcom']) retrieved from /Users/apoorvasaxena/.pyenv/versions/airflow-venv/lib/python3.10/site-packages/airflow/example_dags/example_xcom.py
[2024-07-21T21:18:27.284+0100] {logging_mixin.py:151} INFO - [2024-07-21T21:18:27.284+0100] {dag.py:2915} INFO - Sync 1 DAGs
[2024-07-21T21:18:27.290+0100] {logging_mixin.py:151} INFO - [2024-07-21T21:18:27.290+0100] {dag.py:3696} INFO - Setting next_dagrun for example_xcom to 2021-01-01T00:00:00+00:00, run_after=2021-01-01T00:00:00+00:00
[2024-07-21T21:18:27.296+0100] {processor.py:179} INFO - Processing /Users/apoorvasaxena/.pyenv/versions/airflow-venv/lib/python3.10/site-packages/airflow/example_dags/example_xcom.py took 0.113 seconds
[2024-07-21T21:19:37.837+0100] {processor.py:157} INFO - Started process (PID=85705) to work on /Users/apoorvasaxena/.pyenv/versions/airflow-venv/lib/python3.10/site-packages/airflow/example_dags/example_xcom.py
[2024-07-21T21:19:37.839+0100] {processor.py:829} INFO - Processing file /Users/apoorvasaxena/.pyenv/versions/airflow-venv/lib/python3.10/site-packages/airflow/example_dags/example_xcom.py for tasks to queue
[2024-07-21T21:19:37.839+0100] {logging_mixin.py:151} INFO - [2024-07-21T21:19:37.839+0100] {dagbag.py:539} INFO - Filling up the DagBag from /Users/apoorvasaxena/.pyenv/versions/airflow-venv/lib/python3.10/site-packages/airflow/example_dags/example_xcom.py
[2024-07-21T21:19:37.862+0100] {processor.py:839} INFO - DAG(s) dict_keys(['example_xcom']) retrieved from /Users/apoorvasaxena/.pyenv/versions/airflow-venv/lib/python3.10/site-packages/airflow/example_dags/example_xcom.py
[2024-07-21T21:19:37.932+0100] {logging_mixin.py:151} INFO - [2024-07-21T21:19:37.932+0100] {dag.py:2915} INFO - Sync 1 DAGs
[2024-07-21T21:19:37.938+0100] {logging_mixin.py:151} INFO - [2024-07-21T21:19:37.938+0100] {dag.py:3696} INFO - Setting next_dagrun for example_xcom to 2021-01-01T00:00:00+00:00, run_after=2021-01-01T00:00:00+00:00
[2024-07-21T21:19:37.944+0100] {processor.py:179} INFO - Processing /Users/apoorvasaxena/.pyenv/versions/airflow-venv/lib/python3.10/site-packages/airflow/example_dags/example_xcom.py took 0.108 seconds
[2024-07-21T21:20:51.759+0100] {processor.py:157} INFO - Started process (PID=85808) to work on /Users/apoorvasaxena/.pyenv/versions/airflow-venv/lib/python3.10/site-packages/airflow/example_dags/example_xcom.py
[2024-07-21T21:20:51.761+0100] {processor.py:829} INFO - Processing file /Users/apoorvasaxena/.pyenv/versions/airflow-venv/lib/python3.10/site-packages/airflow/example_dags/example_xcom.py for tasks to queue
[2024-07-21T21:20:51.762+0100] {logging_mixin.py:151} INFO - [2024-07-21T21:20:51.762+0100] {dagbag.py:539} INFO - Filling up the DagBag from /Users/apoorvasaxena/.pyenv/versions/airflow-venv/lib/python3.10/site-packages/airflow/example_dags/example_xcom.py
[2024-07-21T21:20:51.784+0100] {processor.py:839} INFO - DAG(s) dict_keys(['example_xcom']) retrieved from /Users/apoorvasaxena/.pyenv/versions/airflow-venv/lib/python3.10/site-packages/airflow/example_dags/example_xcom.py
[2024-07-21T21:20:51.854+0100] {logging_mixin.py:151} INFO - [2024-07-21T21:20:51.854+0100] {dag.py:2915} INFO - Sync 1 DAGs
[2024-07-21T21:20:51.860+0100] {logging_mixin.py:151} INFO - [2024-07-21T21:20:51.860+0100] {dag.py:3696} INFO - Setting next_dagrun for example_xcom to 2021-01-01T00:00:00+00:00, run_after=2021-01-01T00:00:00+00:00
[2024-07-21T21:20:51.867+0100] {processor.py:179} INFO - Processing /Users/apoorvasaxena/.pyenv/versions/airflow-venv/lib/python3.10/site-packages/airflow/example_dags/example_xcom.py took 0.108 seconds
[2024-07-21T21:22:00.714+0100] {processor.py:157} INFO - Started process (PID=85899) to work on /Users/apoorvasaxena/.pyenv/versions/airflow-venv/lib/python3.10/site-packages/airflow/example_dags/example_xcom.py
[2024-07-21T21:22:00.716+0100] {processor.py:829} INFO - Processing file /Users/apoorvasaxena/.pyenv/versions/airflow-venv/lib/python3.10/site-packages/airflow/example_dags/example_xcom.py for tasks to queue
[2024-07-21T21:22:00.717+0100] {logging_mixin.py:151} INFO - [2024-07-21T21:22:00.717+0100] {dagbag.py:539} INFO - Filling up the DagBag from /Users/apoorvasaxena/.pyenv/versions/airflow-venv/lib/python3.10/site-packages/airflow/example_dags/example_xcom.py
[2024-07-21T21:22:00.739+0100] {processor.py:839} INFO - DAG(s) dict_keys(['example_xcom']) retrieved from /Users/apoorvasaxena/.pyenv/versions/airflow-venv/lib/python3.10/site-packages/airflow/example_dags/example_xcom.py
[2024-07-21T21:22:00.810+0100] {logging_mixin.py:151} INFO - [2024-07-21T21:22:00.810+0100] {dag.py:2915} INFO - Sync 1 DAGs
[2024-07-21T21:22:00.815+0100] {logging_mixin.py:151} INFO - [2024-07-21T21:22:00.815+0100] {dag.py:3696} INFO - Setting next_dagrun for example_xcom to 2021-01-01T00:00:00+00:00, run_after=2021-01-01T00:00:00+00:00
[2024-07-21T21:22:00.822+0100] {processor.py:179} INFO - Processing /Users/apoorvasaxena/.pyenv/versions/airflow-venv/lib/python3.10/site-packages/airflow/example_dags/example_xcom.py took 0.108 seconds
[2024-07-21T21:23:14.100+0100] {processor.py:157} INFO - Started process (PID=85999) to work on /Users/apoorvasaxena/.pyenv/versions/airflow-venv/lib/python3.10/site-packages/airflow/example_dags/example_xcom.py
[2024-07-21T21:23:14.102+0100] {processor.py:829} INFO - Processing file /Users/apoorvasaxena/.pyenv/versions/airflow-venv/lib/python3.10/site-packages/airflow/example_dags/example_xcom.py for tasks to queue
[2024-07-21T21:23:14.103+0100] {logging_mixin.py:151} INFO - [2024-07-21T21:23:14.103+0100] {dagbag.py:539} INFO - Filling up the DagBag from /Users/apoorvasaxena/.pyenv/versions/airflow-venv/lib/python3.10/site-packages/airflow/example_dags/example_xcom.py
[2024-07-21T21:23:14.125+0100] {processor.py:839} INFO - DAG(s) dict_keys(['example_xcom']) retrieved from /Users/apoorvasaxena/.pyenv/versions/airflow-venv/lib/python3.10/site-packages/airflow/example_dags/example_xcom.py
[2024-07-21T21:23:14.196+0100] {logging_mixin.py:151} INFO - [2024-07-21T21:23:14.196+0100] {dag.py:2915} INFO - Sync 1 DAGs
[2024-07-21T21:23:14.201+0100] {logging_mixin.py:151} INFO - [2024-07-21T21:23:14.201+0100] {dag.py:3696} INFO - Setting next_dagrun for example_xcom to 2021-01-01T00:00:00+00:00, run_after=2021-01-01T00:00:00+00:00
[2024-07-21T21:23:14.208+0100] {processor.py:179} INFO - Processing /Users/apoorvasaxena/.pyenv/versions/airflow-venv/lib/python3.10/site-packages/airflow/example_dags/example_xcom.py took 0.109 seconds
[2024-07-21T21:24:24.292+0100] {processor.py:157} INFO - Started process (PID=86095) to work on /Users/apoorvasaxena/.pyenv/versions/airflow-venv/lib/python3.10/site-packages/airflow/example_dags/example_xcom.py
[2024-07-21T21:24:24.294+0100] {processor.py:829} INFO - Processing file /Users/apoorvasaxena/.pyenv/versions/airflow-venv/lib/python3.10/site-packages/airflow/example_dags/example_xcom.py for tasks to queue
[2024-07-21T21:24:24.295+0100] {logging_mixin.py:151} INFO - [2024-07-21T21:24:24.294+0100] {dagbag.py:539} INFO - Filling up the DagBag from /Users/apoorvasaxena/.pyenv/versions/airflow-venv/lib/python3.10/site-packages/airflow/example_dags/example_xcom.py
[2024-07-21T21:24:24.317+0100] {processor.py:839} INFO - DAG(s) dict_keys(['example_xcom']) retrieved from /Users/apoorvasaxena/.pyenv/versions/airflow-venv/lib/python3.10/site-packages/airflow/example_dags/example_xcom.py
[2024-07-21T21:24:24.388+0100] {logging_mixin.py:151} INFO - [2024-07-21T21:24:24.387+0100] {dag.py:2915} INFO - Sync 1 DAGs
[2024-07-21T21:24:24.393+0100] {logging_mixin.py:151} INFO - [2024-07-21T21:24:24.393+0100] {dag.py:3696} INFO - Setting next_dagrun for example_xcom to 2021-01-01T00:00:00+00:00, run_after=2021-01-01T00:00:00+00:00
[2024-07-21T21:24:24.400+0100] {processor.py:179} INFO - Processing /Users/apoorvasaxena/.pyenv/versions/airflow-venv/lib/python3.10/site-packages/airflow/example_dags/example_xcom.py took 0.109 seconds
[2024-07-21T21:25:33.761+0100] {processor.py:157} INFO - Started process (PID=86185) to work on /Users/apoorvasaxena/.pyenv/versions/airflow-venv/lib/python3.10/site-packages/airflow/example_dags/example_xcom.py
[2024-07-21T21:25:33.763+0100] {processor.py:829} INFO - Processing file /Users/apoorvasaxena/.pyenv/versions/airflow-venv/lib/python3.10/site-packages/airflow/example_dags/example_xcom.py for tasks to queue
[2024-07-21T21:25:33.763+0100] {logging_mixin.py:151} INFO - [2024-07-21T21:25:33.763+0100] {dagbag.py:539} INFO - Filling up the DagBag from /Users/apoorvasaxena/.pyenv/versions/airflow-venv/lib/python3.10/site-packages/airflow/example_dags/example_xcom.py
[2024-07-21T21:25:33.785+0100] {processor.py:839} INFO - DAG(s) dict_keys(['example_xcom']) retrieved from /Users/apoorvasaxena/.pyenv/versions/airflow-venv/lib/python3.10/site-packages/airflow/example_dags/example_xcom.py
[2024-07-21T21:25:33.855+0100] {logging_mixin.py:151} INFO - [2024-07-21T21:25:33.855+0100] {dag.py:2915} INFO - Sync 1 DAGs
[2024-07-21T21:25:33.861+0100] {logging_mixin.py:151} INFO - [2024-07-21T21:25:33.861+0100] {dag.py:3696} INFO - Setting next_dagrun for example_xcom to 2021-01-01T00:00:00+00:00, run_after=2021-01-01T00:00:00+00:00
[2024-07-21T21:25:33.867+0100] {processor.py:179} INFO - Processing /Users/apoorvasaxena/.pyenv/versions/airflow-venv/lib/python3.10/site-packages/airflow/example_dags/example_xcom.py took 0.107 seconds
[2024-07-21T21:26:45.272+0100] {processor.py:157} INFO - Started process (PID=86282) to work on /Users/apoorvasaxena/.pyenv/versions/airflow-venv/lib/python3.10/site-packages/airflow/example_dags/example_xcom.py
[2024-07-21T21:26:45.274+0100] {processor.py:829} INFO - Processing file /Users/apoorvasaxena/.pyenv/versions/airflow-venv/lib/python3.10/site-packages/airflow/example_dags/example_xcom.py for tasks to queue
[2024-07-21T21:26:45.274+0100] {logging_mixin.py:151} INFO - [2024-07-21T21:26:45.274+0100] {dagbag.py:539} INFO - Filling up the DagBag from /Users/apoorvasaxena/.pyenv/versions/airflow-venv/lib/python3.10/site-packages/airflow/example_dags/example_xcom.py
[2024-07-21T21:26:45.296+0100] {processor.py:839} INFO - DAG(s) dict_keys(['example_xcom']) retrieved from /Users/apoorvasaxena/.pyenv/versions/airflow-venv/lib/python3.10/site-packages/airflow/example_dags/example_xcom.py
[2024-07-21T21:26:45.366+0100] {logging_mixin.py:151} INFO - [2024-07-21T21:26:45.366+0100] {dag.py:2915} INFO - Sync 1 DAGs
[2024-07-21T21:26:45.372+0100] {logging_mixin.py:151} INFO - [2024-07-21T21:26:45.372+0100] {dag.py:3696} INFO - Setting next_dagrun for example_xcom to 2021-01-01T00:00:00+00:00, run_after=2021-01-01T00:00:00+00:00
[2024-07-21T21:26:45.379+0100] {processor.py:179} INFO - Processing /Users/apoorvasaxena/.pyenv/versions/airflow-venv/lib/python3.10/site-packages/airflow/example_dags/example_xcom.py took 0.108 seconds
[2024-07-21T21:27:55.842+0100] {processor.py:157} INFO - Started process (PID=86370) to work on /Users/apoorvasaxena/.pyenv/versions/airflow-venv/lib/python3.10/site-packages/airflow/example_dags/example_xcom.py
[2024-07-21T21:27:55.844+0100] {processor.py:829} INFO - Processing file /Users/apoorvasaxena/.pyenv/versions/airflow-venv/lib/python3.10/site-packages/airflow/example_dags/example_xcom.py for tasks to queue
[2024-07-21T21:27:55.844+0100] {logging_mixin.py:151} INFO - [2024-07-21T21:27:55.844+0100] {dagbag.py:539} INFO - Filling up the DagBag from /Users/apoorvasaxena/.pyenv/versions/airflow-venv/lib/python3.10/site-packages/airflow/example_dags/example_xcom.py
[2024-07-21T21:27:55.866+0100] {processor.py:839} INFO - DAG(s) dict_keys(['example_xcom']) retrieved from /Users/apoorvasaxena/.pyenv/versions/airflow-venv/lib/python3.10/site-packages/airflow/example_dags/example_xcom.py
[2024-07-21T21:27:55.937+0100] {logging_mixin.py:151} INFO - [2024-07-21T21:27:55.937+0100] {dag.py:2915} INFO - Sync 1 DAGs
[2024-07-21T21:27:55.943+0100] {logging_mixin.py:151} INFO - [2024-07-21T21:27:55.943+0100] {dag.py:3696} INFO - Setting next_dagrun for example_xcom to 2021-01-01T00:00:00+00:00, run_after=2021-01-01T00:00:00+00:00
[2024-07-21T21:27:55.949+0100] {processor.py:179} INFO - Processing /Users/apoorvasaxena/.pyenv/versions/airflow-venv/lib/python3.10/site-packages/airflow/example_dags/example_xcom.py took 0.108 seconds
[2024-07-21T21:29:09.894+0100] {processor.py:157} INFO - Started process (PID=86473) to work on /Users/apoorvasaxena/.pyenv/versions/airflow-venv/lib/python3.10/site-packages/airflow/example_dags/example_xcom.py
[2024-07-21T21:29:09.897+0100] {processor.py:829} INFO - Processing file /Users/apoorvasaxena/.pyenv/versions/airflow-venv/lib/python3.10/site-packages/airflow/example_dags/example_xcom.py for tasks to queue
[2024-07-21T21:29:09.897+0100] {logging_mixin.py:151} INFO - [2024-07-21T21:29:09.897+0100] {dagbag.py:539} INFO - Filling up the DagBag from /Users/apoorvasaxena/.pyenv/versions/airflow-venv/lib/python3.10/site-packages/airflow/example_dags/example_xcom.py
[2024-07-21T21:29:09.920+0100] {processor.py:839} INFO - DAG(s) dict_keys(['example_xcom']) retrieved from /Users/apoorvasaxena/.pyenv/versions/airflow-venv/lib/python3.10/site-packages/airflow/example_dags/example_xcom.py
[2024-07-21T21:29:09.990+0100] {logging_mixin.py:151} INFO - [2024-07-21T21:29:09.990+0100] {dag.py:2915} INFO - Sync 1 DAGs
[2024-07-21T21:29:09.996+0100] {logging_mixin.py:151} INFO - [2024-07-21T21:29:09.996+0100] {dag.py:3696} INFO - Setting next_dagrun for example_xcom to 2021-01-01T00:00:00+00:00, run_after=2021-01-01T00:00:00+00:00
[2024-07-21T21:29:10.003+0100] {processor.py:179} INFO - Processing /Users/apoorvasaxena/.pyenv/versions/airflow-venv/lib/python3.10/site-packages/airflow/example_dags/example_xcom.py took 0.109 seconds
[2024-07-21T21:30:20.175+0100] {processor.py:157} INFO - Started process (PID=86564) to work on /Users/apoorvasaxena/.pyenv/versions/airflow-venv/lib/python3.10/site-packages/airflow/example_dags/example_xcom.py
[2024-07-21T21:30:20.177+0100] {processor.py:829} INFO - Processing file /Users/apoorvasaxena/.pyenv/versions/airflow-venv/lib/python3.10/site-packages/airflow/example_dags/example_xcom.py for tasks to queue
[2024-07-21T21:30:20.178+0100] {logging_mixin.py:151} INFO - [2024-07-21T21:30:20.178+0100] {dagbag.py:539} INFO - Filling up the DagBag from /Users/apoorvasaxena/.pyenv/versions/airflow-venv/lib/python3.10/site-packages/airflow/example_dags/example_xcom.py
[2024-07-21T21:30:20.200+0100] {processor.py:839} INFO - DAG(s) dict_keys(['example_xcom']) retrieved from /Users/apoorvasaxena/.pyenv/versions/airflow-venv/lib/python3.10/site-packages/airflow/example_dags/example_xcom.py
[2024-07-21T21:30:20.274+0100] {logging_mixin.py:151} INFO - [2024-07-21T21:30:20.274+0100] {dag.py:2915} INFO - Sync 1 DAGs
[2024-07-21T21:30:20.281+0100] {logging_mixin.py:151} INFO - [2024-07-21T21:30:20.281+0100] {dag.py:3696} INFO - Setting next_dagrun for example_xcom to 2021-01-01T00:00:00+00:00, run_after=2021-01-01T00:00:00+00:00
[2024-07-21T21:30:20.288+0100] {processor.py:179} INFO - Processing /Users/apoorvasaxena/.pyenv/versions/airflow-venv/lib/python3.10/site-packages/airflow/example_dags/example_xcom.py took 0.114 seconds
[2024-07-21T21:31:32.338+0100] {processor.py:157} INFO - Started process (PID=86654) to work on /Users/apoorvasaxena/.pyenv/versions/airflow-venv/lib/python3.10/site-packages/airflow/example_dags/example_xcom.py
[2024-07-21T21:31:32.340+0100] {processor.py:829} INFO - Processing file /Users/apoorvasaxena/.pyenv/versions/airflow-venv/lib/python3.10/site-packages/airflow/example_dags/example_xcom.py for tasks to queue
[2024-07-21T21:31:32.340+0100] {logging_mixin.py:151} INFO - [2024-07-21T21:31:32.340+0100] {dagbag.py:539} INFO - Filling up the DagBag from /Users/apoorvasaxena/.pyenv/versions/airflow-venv/lib/python3.10/site-packages/airflow/example_dags/example_xcom.py
[2024-07-21T21:31:32.363+0100] {processor.py:839} INFO - DAG(s) dict_keys(['example_xcom']) retrieved from /Users/apoorvasaxena/.pyenv/versions/airflow-venv/lib/python3.10/site-packages/airflow/example_dags/example_xcom.py
[2024-07-21T21:31:32.433+0100] {logging_mixin.py:151} INFO - [2024-07-21T21:31:32.433+0100] {dag.py:2915} INFO - Sync 1 DAGs
[2024-07-21T21:31:32.438+0100] {logging_mixin.py:151} INFO - [2024-07-21T21:31:32.438+0100] {dag.py:3696} INFO - Setting next_dagrun for example_xcom to 2021-01-01T00:00:00+00:00, run_after=2021-01-01T00:00:00+00:00
[2024-07-21T21:31:32.445+0100] {processor.py:179} INFO - Processing /Users/apoorvasaxena/.pyenv/versions/airflow-venv/lib/python3.10/site-packages/airflow/example_dags/example_xcom.py took 0.108 seconds
[2024-07-21T21:32:47.591+0100] {processor.py:157} INFO - Started process (PID=86777) to work on /Users/apoorvasaxena/.pyenv/versions/airflow-venv/lib/python3.10/site-packages/airflow/example_dags/example_xcom.py
[2024-07-21T21:32:47.594+0100] {processor.py:829} INFO - Processing file /Users/apoorvasaxena/.pyenv/versions/airflow-venv/lib/python3.10/site-packages/airflow/example_dags/example_xcom.py for tasks to queue
[2024-07-21T21:32:47.594+0100] {logging_mixin.py:151} INFO - [2024-07-21T21:32:47.594+0100] {dagbag.py:539} INFO - Filling up the DagBag from /Users/apoorvasaxena/.pyenv/versions/airflow-venv/lib/python3.10/site-packages/airflow/example_dags/example_xcom.py
[2024-07-21T21:32:47.617+0100] {processor.py:839} INFO - DAG(s) dict_keys(['example_xcom']) retrieved from /Users/apoorvasaxena/.pyenv/versions/airflow-venv/lib/python3.10/site-packages/airflow/example_dags/example_xcom.py
[2024-07-21T21:32:47.689+0100] {logging_mixin.py:151} INFO - [2024-07-21T21:32:47.689+0100] {dag.py:2915} INFO - Sync 1 DAGs
[2024-07-21T21:32:47.695+0100] {logging_mixin.py:151} INFO - [2024-07-21T21:32:47.694+0100] {dag.py:3696} INFO - Setting next_dagrun for example_xcom to 2021-01-01T00:00:00+00:00, run_after=2021-01-01T00:00:00+00:00
[2024-07-21T21:32:47.701+0100] {processor.py:179} INFO - Processing /Users/apoorvasaxena/.pyenv/versions/airflow-venv/lib/python3.10/site-packages/airflow/example_dags/example_xcom.py took 0.111 seconds
[2024-07-21T21:34:00.437+0100] {processor.py:157} INFO - Started process (PID=86865) to work on /Users/apoorvasaxena/.pyenv/versions/airflow-venv/lib/python3.10/site-packages/airflow/example_dags/example_xcom.py
[2024-07-21T21:34:00.440+0100] {processor.py:829} INFO - Processing file /Users/apoorvasaxena/.pyenv/versions/airflow-venv/lib/python3.10/site-packages/airflow/example_dags/example_xcom.py for tasks to queue
[2024-07-21T21:34:00.441+0100] {logging_mixin.py:151} INFO - [2024-07-21T21:34:00.440+0100] {dagbag.py:539} INFO - Filling up the DagBag from /Users/apoorvasaxena/.pyenv/versions/airflow-venv/lib/python3.10/site-packages/airflow/example_dags/example_xcom.py
[2024-07-21T21:34:00.464+0100] {processor.py:839} INFO - DAG(s) dict_keys(['example_xcom']) retrieved from /Users/apoorvasaxena/.pyenv/versions/airflow-venv/lib/python3.10/site-packages/airflow/example_dags/example_xcom.py
[2024-07-21T21:34:00.536+0100] {logging_mixin.py:151} INFO - [2024-07-21T21:34:00.536+0100] {dag.py:2915} INFO - Sync 1 DAGs
[2024-07-21T21:34:00.542+0100] {logging_mixin.py:151} INFO - [2024-07-21T21:34:00.542+0100] {dag.py:3696} INFO - Setting next_dagrun for example_xcom to 2021-01-01T00:00:00+00:00, run_after=2021-01-01T00:00:00+00:00
[2024-07-21T21:34:00.549+0100] {processor.py:179} INFO - Processing /Users/apoorvasaxena/.pyenv/versions/airflow-venv/lib/python3.10/site-packages/airflow/example_dags/example_xcom.py took 0.112 seconds
[2024-07-21T21:35:14.196+0100] {processor.py:157} INFO - Started process (PID=86953) to work on /Users/apoorvasaxena/.pyenv/versions/airflow-venv/lib/python3.10/site-packages/airflow/example_dags/example_xcom.py
[2024-07-21T21:35:14.198+0100] {processor.py:829} INFO - Processing file /Users/apoorvasaxena/.pyenv/versions/airflow-venv/lib/python3.10/site-packages/airflow/example_dags/example_xcom.py for tasks to queue
[2024-07-21T21:35:14.198+0100] {logging_mixin.py:151} INFO - [2024-07-21T21:35:14.198+0100] {dagbag.py:539} INFO - Filling up the DagBag from /Users/apoorvasaxena/.pyenv/versions/airflow-venv/lib/python3.10/site-packages/airflow/example_dags/example_xcom.py
[2024-07-21T21:35:14.221+0100] {processor.py:839} INFO - DAG(s) dict_keys(['example_xcom']) retrieved from /Users/apoorvasaxena/.pyenv/versions/airflow-venv/lib/python3.10/site-packages/airflow/example_dags/example_xcom.py
[2024-07-21T21:35:14.293+0100] {logging_mixin.py:151} INFO - [2024-07-21T21:35:14.293+0100] {dag.py:2915} INFO - Sync 1 DAGs
[2024-07-21T21:35:14.299+0100] {logging_mixin.py:151} INFO - [2024-07-21T21:35:14.299+0100] {dag.py:3696} INFO - Setting next_dagrun for example_xcom to 2021-01-01T00:00:00+00:00, run_after=2021-01-01T00:00:00+00:00
[2024-07-21T21:35:14.306+0100] {processor.py:179} INFO - Processing /Users/apoorvasaxena/.pyenv/versions/airflow-venv/lib/python3.10/site-packages/airflow/example_dags/example_xcom.py took 0.111 seconds
[2024-07-21T21:36:23.225+0100] {processor.py:157} INFO - Started process (PID=87038) to work on /Users/apoorvasaxena/.pyenv/versions/airflow-venv/lib/python3.10/site-packages/airflow/example_dags/example_xcom.py
[2024-07-21T21:36:23.227+0100] {processor.py:829} INFO - Processing file /Users/apoorvasaxena/.pyenv/versions/airflow-venv/lib/python3.10/site-packages/airflow/example_dags/example_xcom.py for tasks to queue
[2024-07-21T21:36:23.227+0100] {logging_mixin.py:151} INFO - [2024-07-21T21:36:23.227+0100] {dagbag.py:539} INFO - Filling up the DagBag from /Users/apoorvasaxena/.pyenv/versions/airflow-venv/lib/python3.10/site-packages/airflow/example_dags/example_xcom.py
[2024-07-21T21:36:23.251+0100] {processor.py:839} INFO - DAG(s) dict_keys(['example_xcom']) retrieved from /Users/apoorvasaxena/.pyenv/versions/airflow-venv/lib/python3.10/site-packages/airflow/example_dags/example_xcom.py
[2024-07-21T21:36:23.325+0100] {logging_mixin.py:151} INFO - [2024-07-21T21:36:23.325+0100] {dag.py:2915} INFO - Sync 1 DAGs
[2024-07-21T21:36:23.331+0100] {logging_mixin.py:151} INFO - [2024-07-21T21:36:23.331+0100] {dag.py:3696} INFO - Setting next_dagrun for example_xcom to 2021-01-01T00:00:00+00:00, run_after=2021-01-01T00:00:00+00:00
[2024-07-21T21:36:23.338+0100] {processor.py:179} INFO - Processing /Users/apoorvasaxena/.pyenv/versions/airflow-venv/lib/python3.10/site-packages/airflow/example_dags/example_xcom.py took 0.113 seconds
[2024-07-21T21:37:36.084+0100] {processor.py:157} INFO - Started process (PID=87123) to work on /Users/apoorvasaxena/.pyenv/versions/airflow-venv/lib/python3.10/site-packages/airflow/example_dags/example_xcom.py
[2024-07-21T21:37:36.086+0100] {processor.py:829} INFO - Processing file /Users/apoorvasaxena/.pyenv/versions/airflow-venv/lib/python3.10/site-packages/airflow/example_dags/example_xcom.py for tasks to queue
[2024-07-21T21:37:36.086+0100] {logging_mixin.py:151} INFO - [2024-07-21T21:37:36.086+0100] {dagbag.py:539} INFO - Filling up the DagBag from /Users/apoorvasaxena/.pyenv/versions/airflow-venv/lib/python3.10/site-packages/airflow/example_dags/example_xcom.py
[2024-07-21T21:37:36.109+0100] {processor.py:839} INFO - DAG(s) dict_keys(['example_xcom']) retrieved from /Users/apoorvasaxena/.pyenv/versions/airflow-venv/lib/python3.10/site-packages/airflow/example_dags/example_xcom.py
[2024-07-21T21:37:36.180+0100] {logging_mixin.py:151} INFO - [2024-07-21T21:37:36.180+0100] {dag.py:2915} INFO - Sync 1 DAGs
[2024-07-21T21:37:36.186+0100] {logging_mixin.py:151} INFO - [2024-07-21T21:37:36.185+0100] {dag.py:3696} INFO - Setting next_dagrun for example_xcom to 2021-01-01T00:00:00+00:00, run_after=2021-01-01T00:00:00+00:00
[2024-07-21T21:37:36.192+0100] {processor.py:179} INFO - Processing /Users/apoorvasaxena/.pyenv/versions/airflow-venv/lib/python3.10/site-packages/airflow/example_dags/example_xcom.py took 0.109 seconds
