[2024-07-21T20:49:40.251+0100] {processor.py:157} INFO - Started process (PID=82496) to work on /Users/apoorvasaxena/.pyenv/versions/airflow-venv/lib/python3.10/site-packages/airflow/example_dags/example_trigger_controller_dag.py
[2024-07-21T20:49:40.253+0100] {processor.py:829} INFO - Processing file /Users/apoorvasaxena/.pyenv/versions/airflow-venv/lib/python3.10/site-packages/airflow/example_dags/example_trigger_controller_dag.py for tasks to queue
[2024-07-21T20:49:40.253+0100] {logging_mixin.py:151} INFO - [2024-07-21T20:49:40.253+0100] {dagbag.py:539} INFO - Filling up the DagBag from /Users/apoorvasaxena/.pyenv/versions/airflow-venv/lib/python3.10/site-packages/airflow/example_dags/example_trigger_controller_dag.py
[2024-07-21T20:49:40.270+0100] {processor.py:839} INFO - DAG(s) dict_keys(['example_trigger_controller_dag']) retrieved from /Users/apoorvasaxena/.pyenv/versions/airflow-venv/lib/python3.10/site-packages/airflow/example_dags/example_trigger_controller_dag.py
[2024-07-21T20:49:40.291+0100] {logging_mixin.py:151} INFO - [2024-07-21T20:49:40.291+0100] {dag.py:2915} INFO - Sync 1 DAGs
[2024-07-21T20:49:40.325+0100] {logging_mixin.py:151} INFO - [2024-07-21T20:49:40.325+0100] {dag.py:3696} INFO - Setting next_dagrun for example_trigger_controller_dag to 2021-01-01T00:00:00+00:00, run_after=2021-01-01T00:00:00+00:00
[2024-07-21T20:49:40.332+0100] {processor.py:179} INFO - Processing /Users/apoorvasaxena/.pyenv/versions/airflow-venv/lib/python3.10/site-packages/airflow/example_dags/example_trigger_controller_dag.py took 0.081 seconds
[2024-07-21T20:50:47.632+0100] {processor.py:157} INFO - Started process (PID=82624) to work on /Users/apoorvasaxena/.pyenv/versions/airflow-venv/lib/python3.10/site-packages/airflow/example_dags/example_trigger_controller_dag.py
[2024-07-21T20:50:47.634+0100] {processor.py:829} INFO - Processing file /Users/apoorvasaxena/.pyenv/versions/airflow-venv/lib/python3.10/site-packages/airflow/example_dags/example_trigger_controller_dag.py for tasks to queue
[2024-07-21T20:50:47.634+0100] {logging_mixin.py:151} INFO - [2024-07-21T20:50:47.634+0100] {dagbag.py:539} INFO - Filling up the DagBag from /Users/apoorvasaxena/.pyenv/versions/airflow-venv/lib/python3.10/site-packages/airflow/example_dags/example_trigger_controller_dag.py
[2024-07-21T20:50:47.651+0100] {processor.py:839} INFO - DAG(s) dict_keys(['example_trigger_controller_dag']) retrieved from /Users/apoorvasaxena/.pyenv/versions/airflow-venv/lib/python3.10/site-packages/airflow/example_dags/example_trigger_controller_dag.py
[2024-07-21T20:50:47.717+0100] {logging_mixin.py:151} INFO - [2024-07-21T20:50:47.717+0100] {dag.py:2915} INFO - Sync 1 DAGs
[2024-07-21T20:50:47.723+0100] {logging_mixin.py:151} INFO - [2024-07-21T20:50:47.723+0100] {dag.py:3696} INFO - Setting next_dagrun for example_trigger_controller_dag to 2021-01-01T00:00:00+00:00, run_after=2021-01-01T00:00:00+00:00
[2024-07-21T20:50:47.729+0100] {processor.py:179} INFO - Processing /Users/apoorvasaxena/.pyenv/versions/airflow-venv/lib/python3.10/site-packages/airflow/example_dags/example_trigger_controller_dag.py took 0.097 seconds
[2024-07-21T20:52:01.017+0100] {processor.py:157} INFO - Started process (PID=82846) to work on /Users/apoorvasaxena/.pyenv/versions/airflow-venv/lib/python3.10/site-packages/airflow/example_dags/example_trigger_controller_dag.py
[2024-07-21T20:52:01.020+0100] {processor.py:829} INFO - Processing file /Users/apoorvasaxena/.pyenv/versions/airflow-venv/lib/python3.10/site-packages/airflow/example_dags/example_trigger_controller_dag.py for tasks to queue
[2024-07-21T20:52:01.020+0100] {logging_mixin.py:151} INFO - [2024-07-21T20:52:01.020+0100] {dagbag.py:539} INFO - Filling up the DagBag from /Users/apoorvasaxena/.pyenv/versions/airflow-venv/lib/python3.10/site-packages/airflow/example_dags/example_trigger_controller_dag.py
[2024-07-21T20:52:01.036+0100] {processor.py:839} INFO - DAG(s) dict_keys(['example_trigger_controller_dag']) retrieved from /Users/apoorvasaxena/.pyenv/versions/airflow-venv/lib/python3.10/site-packages/airflow/example_dags/example_trigger_controller_dag.py
[2024-07-21T20:52:01.103+0100] {logging_mixin.py:151} INFO - [2024-07-21T20:52:01.103+0100] {dag.py:2915} INFO - Sync 1 DAGs
[2024-07-21T20:52:01.109+0100] {logging_mixin.py:151} INFO - [2024-07-21T20:52:01.109+0100] {dag.py:3696} INFO - Setting next_dagrun for example_trigger_controller_dag to 2021-01-01T00:00:00+00:00, run_after=2021-01-01T00:00:00+00:00
[2024-07-21T20:52:01.115+0100] {processor.py:179} INFO - Processing /Users/apoorvasaxena/.pyenv/versions/airflow-venv/lib/python3.10/site-packages/airflow/example_dags/example_trigger_controller_dag.py took 0.098 seconds
