[2024-07-21T20:49:36.241+0100] {processor.py:157} INFO - Started process (PID=82487) to work on /Users/apoorvasaxena/.pyenv/versions/airflow-venv/lib/python3.10/site-packages/airflow/example_dags/example_xcomargs.py
[2024-07-21T20:49:36.243+0100] {processor.py:829} INFO - Processing file /Users/apoorvasaxena/.pyenv/versions/airflow-venv/lib/python3.10/site-packages/airflow/example_dags/example_xcomargs.py for tasks to queue
[2024-07-21T20:49:36.244+0100] {logging_mixin.py:151} INFO - [2024-07-21T20:49:36.244+0100] {dagbag.py:539} INFO - Filling up the DagBag from /Users/apoorvasaxena/.pyenv/versions/airflow-venv/lib/python3.10/site-packages/airflow/example_dags/example_xcomargs.py
[2024-07-21T20:49:36.267+0100] {processor.py:839} INFO - DAG(s) dict_keys(['example_xcom_args_with_operators', 'example_xcom_args']) retrieved from /Users/apoorvasaxena/.pyenv/versions/airflow-venv/lib/python3.10/site-packages/airflow/example_dags/example_xcomargs.py
[2024-07-21T20:49:36.286+0100] {logging_mixin.py:151} INFO - [2024-07-21T20:49:36.286+0100] {dag.py:2915} INFO - Sync 2 DAGs
[2024-07-21T20:49:36.318+0100] {logging_mixin.py:151} INFO - [2024-07-21T20:49:36.318+0100] {dag.py:3696} INFO - Setting next_dagrun for example_xcom_args to None, run_after=None
[2024-07-21T20:49:36.319+0100] {logging_mixin.py:151} INFO - [2024-07-21T20:49:36.319+0100] {dag.py:3696} INFO - Setting next_dagrun for example_xcom_args_with_operators to None, run_after=None
[2024-07-21T20:49:36.325+0100] {processor.py:179} INFO - Processing /Users/apoorvasaxena/.pyenv/versions/airflow-venv/lib/python3.10/site-packages/airflow/example_dags/example_xcomargs.py took 0.084 seconds
[2024-07-21T20:50:42.697+0100] {processor.py:157} INFO - Started process (PID=82610) to work on /Users/apoorvasaxena/.pyenv/versions/airflow-venv/lib/python3.10/site-packages/airflow/example_dags/example_xcomargs.py
[2024-07-21T20:50:42.700+0100] {processor.py:829} INFO - Processing file /Users/apoorvasaxena/.pyenv/versions/airflow-venv/lib/python3.10/site-packages/airflow/example_dags/example_xcomargs.py for tasks to queue
[2024-07-21T20:50:42.700+0100] {logging_mixin.py:151} INFO - [2024-07-21T20:50:42.700+0100] {dagbag.py:539} INFO - Filling up the DagBag from /Users/apoorvasaxena/.pyenv/versions/airflow-venv/lib/python3.10/site-packages/airflow/example_dags/example_xcomargs.py
[2024-07-21T20:50:42.723+0100] {processor.py:839} INFO - DAG(s) dict_keys(['example_xcom_args', 'example_xcom_args_with_operators']) retrieved from /Users/apoorvasaxena/.pyenv/versions/airflow-venv/lib/python3.10/site-packages/airflow/example_dags/example_xcomargs.py
[2024-07-21T20:50:42.795+0100] {logging_mixin.py:151} INFO - [2024-07-21T20:50:42.795+0100] {dag.py:2915} INFO - Sync 2 DAGs
[2024-07-21T20:50:42.799+0100] {logging_mixin.py:151} INFO - [2024-07-21T20:50:42.799+0100] {dag.py:3696} INFO - Setting next_dagrun for example_xcom_args to None, run_after=None
[2024-07-21T20:50:42.800+0100] {logging_mixin.py:151} INFO - [2024-07-21T20:50:42.800+0100] {dag.py:3696} INFO - Setting next_dagrun for example_xcom_args_with_operators to None, run_after=None
[2024-07-21T20:50:42.806+0100] {processor.py:179} INFO - Processing /Users/apoorvasaxena/.pyenv/versions/airflow-venv/lib/python3.10/site-packages/airflow/example_dags/example_xcomargs.py took 0.109 seconds
[2024-07-21T20:51:57.579+0100] {processor.py:157} INFO - Started process (PID=82840) to work on /Users/apoorvasaxena/.pyenv/versions/airflow-venv/lib/python3.10/site-packages/airflow/example_dags/example_xcomargs.py
[2024-07-21T20:51:57.582+0100] {processor.py:829} INFO - Processing file /Users/apoorvasaxena/.pyenv/versions/airflow-venv/lib/python3.10/site-packages/airflow/example_dags/example_xcomargs.py for tasks to queue
[2024-07-21T20:51:57.582+0100] {logging_mixin.py:151} INFO - [2024-07-21T20:51:57.582+0100] {dagbag.py:539} INFO - Filling up the DagBag from /Users/apoorvasaxena/.pyenv/versions/airflow-venv/lib/python3.10/site-packages/airflow/example_dags/example_xcomargs.py
[2024-07-21T20:51:57.605+0100] {processor.py:839} INFO - DAG(s) dict_keys(['example_xcom_args_with_operators', 'example_xcom_args']) retrieved from /Users/apoorvasaxena/.pyenv/versions/airflow-venv/lib/python3.10/site-packages/airflow/example_dags/example_xcomargs.py
[2024-07-21T20:51:57.677+0100] {logging_mixin.py:151} INFO - [2024-07-21T20:51:57.677+0100] {dag.py:2915} INFO - Sync 2 DAGs
[2024-07-21T20:51:57.680+0100] {logging_mixin.py:151} INFO - [2024-07-21T20:51:57.680+0100] {dag.py:3696} INFO - Setting next_dagrun for example_xcom_args to None, run_after=None
[2024-07-21T20:51:57.681+0100] {logging_mixin.py:151} INFO - [2024-07-21T20:51:57.681+0100] {dag.py:3696} INFO - Setting next_dagrun for example_xcom_args_with_operators to None, run_after=None
[2024-07-21T20:51:57.687+0100] {processor.py:179} INFO - Processing /Users/apoorvasaxena/.pyenv/versions/airflow-venv/lib/python3.10/site-packages/airflow/example_dags/example_xcomargs.py took 0.108 seconds
[2024-07-21T20:53:07.223+0100] {processor.py:157} INFO - Started process (PID=83511) to work on /Users/apoorvasaxena/.pyenv/versions/airflow-venv/lib/python3.10/site-packages/airflow/example_dags/example_xcomargs.py
[2024-07-21T20:53:07.225+0100] {processor.py:829} INFO - Processing file /Users/apoorvasaxena/.pyenv/versions/airflow-venv/lib/python3.10/site-packages/airflow/example_dags/example_xcomargs.py for tasks to queue
[2024-07-21T20:53:07.226+0100] {logging_mixin.py:151} INFO - [2024-07-21T20:53:07.226+0100] {dagbag.py:539} INFO - Filling up the DagBag from /Users/apoorvasaxena/.pyenv/versions/airflow-venv/lib/python3.10/site-packages/airflow/example_dags/example_xcomargs.py
[2024-07-21T20:53:07.249+0100] {processor.py:839} INFO - DAG(s) dict_keys(['example_xcom_args_with_operators', 'example_xcom_args']) retrieved from /Users/apoorvasaxena/.pyenv/versions/airflow-venv/lib/python3.10/site-packages/airflow/example_dags/example_xcomargs.py
[2024-07-21T20:53:07.321+0100] {logging_mixin.py:151} INFO - [2024-07-21T20:53:07.321+0100] {dag.py:2915} INFO - Sync 2 DAGs
[2024-07-21T20:53:07.324+0100] {logging_mixin.py:151} INFO - [2024-07-21T20:53:07.324+0100] {dag.py:3696} INFO - Setting next_dagrun for example_xcom_args to None, run_after=None
[2024-07-21T20:53:07.325+0100] {logging_mixin.py:151} INFO - [2024-07-21T20:53:07.325+0100] {dag.py:3696} INFO - Setting next_dagrun for example_xcom_args_with_operators to None, run_after=None
[2024-07-21T20:53:07.332+0100] {processor.py:179} INFO - Processing /Users/apoorvasaxena/.pyenv/versions/airflow-venv/lib/python3.10/site-packages/airflow/example_dags/example_xcomargs.py took 0.109 seconds
[2024-07-21T20:54:25.856+0100] {processor.py:157} INFO - Started process (PID=83755) to work on /Users/apoorvasaxena/.pyenv/versions/airflow-venv/lib/python3.10/site-packages/airflow/example_dags/example_xcomargs.py
[2024-07-21T20:54:25.859+0100] {processor.py:829} INFO - Processing file /Users/apoorvasaxena/.pyenv/versions/airflow-venv/lib/python3.10/site-packages/airflow/example_dags/example_xcomargs.py for tasks to queue
[2024-07-21T20:54:25.859+0100] {logging_mixin.py:151} INFO - [2024-07-21T20:54:25.859+0100] {dagbag.py:539} INFO - Filling up the DagBag from /Users/apoorvasaxena/.pyenv/versions/airflow-venv/lib/python3.10/site-packages/airflow/example_dags/example_xcomargs.py
[2024-07-21T20:54:25.884+0100] {processor.py:839} INFO - DAG(s) dict_keys(['example_xcom_args', 'example_xcom_args_with_operators']) retrieved from /Users/apoorvasaxena/.pyenv/versions/airflow-venv/lib/python3.10/site-packages/airflow/example_dags/example_xcomargs.py
[2024-07-21T20:54:25.967+0100] {logging_mixin.py:151} INFO - [2024-07-21T20:54:25.967+0100] {dag.py:2915} INFO - Sync 2 DAGs
[2024-07-21T20:54:25.971+0100] {logging_mixin.py:151} INFO - [2024-07-21T20:54:25.971+0100] {dag.py:3696} INFO - Setting next_dagrun for example_xcom_args to None, run_after=None
[2024-07-21T20:54:25.973+0100] {logging_mixin.py:151} INFO - [2024-07-21T20:54:25.973+0100] {dag.py:3696} INFO - Setting next_dagrun for example_xcom_args_with_operators to None, run_after=None
[2024-07-21T20:54:25.980+0100] {processor.py:179} INFO - Processing /Users/apoorvasaxena/.pyenv/versions/airflow-venv/lib/python3.10/site-packages/airflow/example_dags/example_xcomargs.py took 0.125 seconds
[2024-07-21T20:55:39.258+0100] {processor.py:157} INFO - Started process (PID=83854) to work on /Users/apoorvasaxena/.pyenv/versions/airflow-venv/lib/python3.10/site-packages/airflow/example_dags/example_xcomargs.py
[2024-07-21T20:55:39.261+0100] {processor.py:829} INFO - Processing file /Users/apoorvasaxena/.pyenv/versions/airflow-venv/lib/python3.10/site-packages/airflow/example_dags/example_xcomargs.py for tasks to queue
[2024-07-21T20:55:39.261+0100] {logging_mixin.py:151} INFO - [2024-07-21T20:55:39.261+0100] {dagbag.py:539} INFO - Filling up the DagBag from /Users/apoorvasaxena/.pyenv/versions/airflow-venv/lib/python3.10/site-packages/airflow/example_dags/example_xcomargs.py
[2024-07-21T20:55:39.284+0100] {processor.py:839} INFO - DAG(s) dict_keys(['example_xcom_args_with_operators', 'example_xcom_args']) retrieved from /Users/apoorvasaxena/.pyenv/versions/airflow-venv/lib/python3.10/site-packages/airflow/example_dags/example_xcomargs.py
[2024-07-21T20:55:39.359+0100] {logging_mixin.py:151} INFO - [2024-07-21T20:55:39.359+0100] {dag.py:2915} INFO - Sync 2 DAGs
[2024-07-21T20:55:39.362+0100] {logging_mixin.py:151} INFO - [2024-07-21T20:55:39.362+0100] {dag.py:3696} INFO - Setting next_dagrun for example_xcom_args to None, run_after=None
[2024-07-21T20:55:39.363+0100] {logging_mixin.py:151} INFO - [2024-07-21T20:55:39.363+0100] {dag.py:3696} INFO - Setting next_dagrun for example_xcom_args_with_operators to None, run_after=None
[2024-07-21T20:55:39.370+0100] {processor.py:179} INFO - Processing /Users/apoorvasaxena/.pyenv/versions/airflow-venv/lib/python3.10/site-packages/airflow/example_dags/example_xcomargs.py took 0.112 seconds
[2024-07-21T20:56:53.266+0100] {processor.py:157} INFO - Started process (PID=83948) to work on /Users/apoorvasaxena/.pyenv/versions/airflow-venv/lib/python3.10/site-packages/airflow/example_dags/example_xcomargs.py
[2024-07-21T20:56:53.268+0100] {processor.py:829} INFO - Processing file /Users/apoorvasaxena/.pyenv/versions/airflow-venv/lib/python3.10/site-packages/airflow/example_dags/example_xcomargs.py for tasks to queue
[2024-07-21T20:56:53.268+0100] {logging_mixin.py:151} INFO - [2024-07-21T20:56:53.268+0100] {dagbag.py:539} INFO - Filling up the DagBag from /Users/apoorvasaxena/.pyenv/versions/airflow-venv/lib/python3.10/site-packages/airflow/example_dags/example_xcomargs.py
[2024-07-21T20:56:53.291+0100] {processor.py:839} INFO - DAG(s) dict_keys(['example_xcom_args', 'example_xcom_args_with_operators']) retrieved from /Users/apoorvasaxena/.pyenv/versions/airflow-venv/lib/python3.10/site-packages/airflow/example_dags/example_xcomargs.py
[2024-07-21T20:56:53.364+0100] {logging_mixin.py:151} INFO - [2024-07-21T20:56:53.364+0100] {dag.py:2915} INFO - Sync 2 DAGs
[2024-07-21T20:56:53.367+0100] {logging_mixin.py:151} INFO - [2024-07-21T20:56:53.367+0100] {dag.py:3696} INFO - Setting next_dagrun for example_xcom_args to None, run_after=None
[2024-07-21T20:56:53.369+0100] {logging_mixin.py:151} INFO - [2024-07-21T20:56:53.368+0100] {dag.py:3696} INFO - Setting next_dagrun for example_xcom_args_with_operators to None, run_after=None
[2024-07-21T20:56:53.375+0100] {processor.py:179} INFO - Processing /Users/apoorvasaxena/.pyenv/versions/airflow-venv/lib/python3.10/site-packages/airflow/example_dags/example_xcomargs.py took 0.110 seconds
[2024-07-21T20:58:03.034+0100] {processor.py:157} INFO - Started process (PID=84042) to work on /Users/apoorvasaxena/.pyenv/versions/airflow-venv/lib/python3.10/site-packages/airflow/example_dags/example_xcomargs.py
[2024-07-21T20:58:03.036+0100] {processor.py:829} INFO - Processing file /Users/apoorvasaxena/.pyenv/versions/airflow-venv/lib/python3.10/site-packages/airflow/example_dags/example_xcomargs.py for tasks to queue
[2024-07-21T20:58:03.037+0100] {logging_mixin.py:151} INFO - [2024-07-21T20:58:03.037+0100] {dagbag.py:539} INFO - Filling up the DagBag from /Users/apoorvasaxena/.pyenv/versions/airflow-venv/lib/python3.10/site-packages/airflow/example_dags/example_xcomargs.py
[2024-07-21T20:58:03.060+0100] {processor.py:839} INFO - DAG(s) dict_keys(['example_xcom_args', 'example_xcom_args_with_operators']) retrieved from /Users/apoorvasaxena/.pyenv/versions/airflow-venv/lib/python3.10/site-packages/airflow/example_dags/example_xcomargs.py
[2024-07-21T20:58:03.133+0100] {logging_mixin.py:151} INFO - [2024-07-21T20:58:03.133+0100] {dag.py:2915} INFO - Sync 2 DAGs
[2024-07-21T20:58:03.136+0100] {logging_mixin.py:151} INFO - [2024-07-21T20:58:03.136+0100] {dag.py:3696} INFO - Setting next_dagrun for example_xcom_args to None, run_after=None
[2024-07-21T20:58:03.137+0100] {logging_mixin.py:151} INFO - [2024-07-21T20:58:03.137+0100] {dag.py:3696} INFO - Setting next_dagrun for example_xcom_args_with_operators to None, run_after=None
[2024-07-21T20:58:03.143+0100] {processor.py:179} INFO - Processing /Users/apoorvasaxena/.pyenv/versions/airflow-venv/lib/python3.10/site-packages/airflow/example_dags/example_xcomargs.py took 0.110 seconds
[2024-07-21T20:59:15.085+0100] {processor.py:157} INFO - Started process (PID=84127) to work on /Users/apoorvasaxena/.pyenv/versions/airflow-venv/lib/python3.10/site-packages/airflow/example_dags/example_xcomargs.py
[2024-07-21T20:59:15.087+0100] {processor.py:829} INFO - Processing file /Users/apoorvasaxena/.pyenv/versions/airflow-venv/lib/python3.10/site-packages/airflow/example_dags/example_xcomargs.py for tasks to queue
[2024-07-21T20:59:15.087+0100] {logging_mixin.py:151} INFO - [2024-07-21T20:59:15.087+0100] {dagbag.py:539} INFO - Filling up the DagBag from /Users/apoorvasaxena/.pyenv/versions/airflow-venv/lib/python3.10/site-packages/airflow/example_dags/example_xcomargs.py
[2024-07-21T20:59:15.111+0100] {processor.py:839} INFO - DAG(s) dict_keys(['example_xcom_args', 'example_xcom_args_with_operators']) retrieved from /Users/apoorvasaxena/.pyenv/versions/airflow-venv/lib/python3.10/site-packages/airflow/example_dags/example_xcomargs.py
[2024-07-21T20:59:15.183+0100] {logging_mixin.py:151} INFO - [2024-07-21T20:59:15.182+0100] {dag.py:2915} INFO - Sync 2 DAGs
[2024-07-21T20:59:15.186+0100] {logging_mixin.py:151} INFO - [2024-07-21T20:59:15.186+0100] {dag.py:3696} INFO - Setting next_dagrun for example_xcom_args to None, run_after=None
[2024-07-21T20:59:15.187+0100] {logging_mixin.py:151} INFO - [2024-07-21T20:59:15.187+0100] {dag.py:3696} INFO - Setting next_dagrun for example_xcom_args_with_operators to None, run_after=None
[2024-07-21T20:59:15.193+0100] {processor.py:179} INFO - Processing /Users/apoorvasaxena/.pyenv/versions/airflow-venv/lib/python3.10/site-packages/airflow/example_dags/example_xcomargs.py took 0.108 seconds
[2024-07-21T21:00:26.366+0100] {processor.py:157} INFO - Started process (PID=84204) to work on /Users/apoorvasaxena/.pyenv/versions/airflow-venv/lib/python3.10/site-packages/airflow/example_dags/example_xcomargs.py
[2024-07-21T21:00:26.368+0100] {processor.py:829} INFO - Processing file /Users/apoorvasaxena/.pyenv/versions/airflow-venv/lib/python3.10/site-packages/airflow/example_dags/example_xcomargs.py for tasks to queue
[2024-07-21T21:00:26.369+0100] {logging_mixin.py:151} INFO - [2024-07-21T21:00:26.369+0100] {dagbag.py:539} INFO - Filling up the DagBag from /Users/apoorvasaxena/.pyenv/versions/airflow-venv/lib/python3.10/site-packages/airflow/example_dags/example_xcomargs.py
[2024-07-21T21:00:26.392+0100] {processor.py:839} INFO - DAG(s) dict_keys(['example_xcom_args_with_operators', 'example_xcom_args']) retrieved from /Users/apoorvasaxena/.pyenv/versions/airflow-venv/lib/python3.10/site-packages/airflow/example_dags/example_xcomargs.py
[2024-07-21T21:00:26.464+0100] {logging_mixin.py:151} INFO - [2024-07-21T21:00:26.464+0100] {dag.py:2915} INFO - Sync 2 DAGs
[2024-07-21T21:00:26.468+0100] {logging_mixin.py:151} INFO - [2024-07-21T21:00:26.468+0100] {dag.py:3696} INFO - Setting next_dagrun for example_xcom_args to None, run_after=None
[2024-07-21T21:00:26.469+0100] {logging_mixin.py:151} INFO - [2024-07-21T21:00:26.469+0100] {dag.py:3696} INFO - Setting next_dagrun for example_xcom_args_with_operators to None, run_after=None
[2024-07-21T21:00:26.475+0100] {processor.py:179} INFO - Processing /Users/apoorvasaxena/.pyenv/versions/airflow-venv/lib/python3.10/site-packages/airflow/example_dags/example_xcomargs.py took 0.109 seconds
[2024-07-21T21:01:39.394+0100] {processor.py:157} INFO - Started process (PID=84290) to work on /Users/apoorvasaxena/.pyenv/versions/airflow-venv/lib/python3.10/site-packages/airflow/example_dags/example_xcomargs.py
[2024-07-21T21:01:39.396+0100] {processor.py:829} INFO - Processing file /Users/apoorvasaxena/.pyenv/versions/airflow-venv/lib/python3.10/site-packages/airflow/example_dags/example_xcomargs.py for tasks to queue
[2024-07-21T21:01:39.397+0100] {logging_mixin.py:151} INFO - [2024-07-21T21:01:39.397+0100] {dagbag.py:539} INFO - Filling up the DagBag from /Users/apoorvasaxena/.pyenv/versions/airflow-venv/lib/python3.10/site-packages/airflow/example_dags/example_xcomargs.py
[2024-07-21T21:01:39.420+0100] {processor.py:839} INFO - DAG(s) dict_keys(['example_xcom_args_with_operators', 'example_xcom_args']) retrieved from /Users/apoorvasaxena/.pyenv/versions/airflow-venv/lib/python3.10/site-packages/airflow/example_dags/example_xcomargs.py
[2024-07-21T21:01:39.492+0100] {logging_mixin.py:151} INFO - [2024-07-21T21:01:39.492+0100] {dag.py:2915} INFO - Sync 2 DAGs
[2024-07-21T21:01:39.495+0100] {logging_mixin.py:151} INFO - [2024-07-21T21:01:39.495+0100] {dag.py:3696} INFO - Setting next_dagrun for example_xcom_args to None, run_after=None
[2024-07-21T21:01:39.496+0100] {logging_mixin.py:151} INFO - [2024-07-21T21:01:39.496+0100] {dag.py:3696} INFO - Setting next_dagrun for example_xcom_args_with_operators to None, run_after=None
[2024-07-21T21:01:39.503+0100] {processor.py:179} INFO - Processing /Users/apoorvasaxena/.pyenv/versions/airflow-venv/lib/python3.10/site-packages/airflow/example_dags/example_xcomargs.py took 0.109 seconds
[2024-07-21T21:02:54.293+0100] {processor.py:157} INFO - Started process (PID=84382) to work on /Users/apoorvasaxena/.pyenv/versions/airflow-venv/lib/python3.10/site-packages/airflow/example_dags/example_xcomargs.py
[2024-07-21T21:02:54.296+0100] {processor.py:829} INFO - Processing file /Users/apoorvasaxena/.pyenv/versions/airflow-venv/lib/python3.10/site-packages/airflow/example_dags/example_xcomargs.py for tasks to queue
[2024-07-21T21:02:54.296+0100] {logging_mixin.py:151} INFO - [2024-07-21T21:02:54.296+0100] {dagbag.py:539} INFO - Filling up the DagBag from /Users/apoorvasaxena/.pyenv/versions/airflow-venv/lib/python3.10/site-packages/airflow/example_dags/example_xcomargs.py
[2024-07-21T21:02:54.320+0100] {processor.py:839} INFO - DAG(s) dict_keys(['example_xcom_args', 'example_xcom_args_with_operators']) retrieved from /Users/apoorvasaxena/.pyenv/versions/airflow-venv/lib/python3.10/site-packages/airflow/example_dags/example_xcomargs.py
[2024-07-21T21:02:54.394+0100] {logging_mixin.py:151} INFO - [2024-07-21T21:02:54.394+0100] {dag.py:2915} INFO - Sync 2 DAGs
[2024-07-21T21:02:54.397+0100] {logging_mixin.py:151} INFO - [2024-07-21T21:02:54.397+0100] {dag.py:3696} INFO - Setting next_dagrun for example_xcom_args to None, run_after=None
[2024-07-21T21:02:54.398+0100] {logging_mixin.py:151} INFO - [2024-07-21T21:02:54.398+0100] {dag.py:3696} INFO - Setting next_dagrun for example_xcom_args_with_operators to None, run_after=None
[2024-07-21T21:02:54.405+0100] {processor.py:179} INFO - Processing /Users/apoorvasaxena/.pyenv/versions/airflow-venv/lib/python3.10/site-packages/airflow/example_dags/example_xcomargs.py took 0.112 seconds
[2024-07-21T21:04:08.976+0100] {processor.py:157} INFO - Started process (PID=84472) to work on /Users/apoorvasaxena/.pyenv/versions/airflow-venv/lib/python3.10/site-packages/airflow/example_dags/example_xcomargs.py
[2024-07-21T21:04:08.979+0100] {processor.py:829} INFO - Processing file /Users/apoorvasaxena/.pyenv/versions/airflow-venv/lib/python3.10/site-packages/airflow/example_dags/example_xcomargs.py for tasks to queue
[2024-07-21T21:04:08.979+0100] {logging_mixin.py:151} INFO - [2024-07-21T21:04:08.979+0100] {dagbag.py:539} INFO - Filling up the DagBag from /Users/apoorvasaxena/.pyenv/versions/airflow-venv/lib/python3.10/site-packages/airflow/example_dags/example_xcomargs.py
[2024-07-21T21:04:09.003+0100] {processor.py:839} INFO - DAG(s) dict_keys(['example_xcom_args_with_operators', 'example_xcom_args']) retrieved from /Users/apoorvasaxena/.pyenv/versions/airflow-venv/lib/python3.10/site-packages/airflow/example_dags/example_xcomargs.py
[2024-07-21T21:04:09.075+0100] {logging_mixin.py:151} INFO - [2024-07-21T21:04:09.074+0100] {dag.py:2915} INFO - Sync 2 DAGs
[2024-07-21T21:04:09.078+0100] {logging_mixin.py:151} INFO - [2024-07-21T21:04:09.078+0100] {dag.py:3696} INFO - Setting next_dagrun for example_xcom_args to None, run_after=None
[2024-07-21T21:04:09.079+0100] {logging_mixin.py:151} INFO - [2024-07-21T21:04:09.079+0100] {dag.py:3696} INFO - Setting next_dagrun for example_xcom_args_with_operators to None, run_after=None
[2024-07-21T21:04:09.085+0100] {processor.py:179} INFO - Processing /Users/apoorvasaxena/.pyenv/versions/airflow-venv/lib/python3.10/site-packages/airflow/example_dags/example_xcomargs.py took 0.110 seconds
[2024-07-21T21:05:23.227+0100] {processor.py:157} INFO - Started process (PID=84575) to work on /Users/apoorvasaxena/.pyenv/versions/airflow-venv/lib/python3.10/site-packages/airflow/example_dags/example_xcomargs.py
[2024-07-21T21:05:23.230+0100] {processor.py:829} INFO - Processing file /Users/apoorvasaxena/.pyenv/versions/airflow-venv/lib/python3.10/site-packages/airflow/example_dags/example_xcomargs.py for tasks to queue
[2024-07-21T21:05:23.230+0100] {logging_mixin.py:151} INFO - [2024-07-21T21:05:23.230+0100] {dagbag.py:539} INFO - Filling up the DagBag from /Users/apoorvasaxena/.pyenv/versions/airflow-venv/lib/python3.10/site-packages/airflow/example_dags/example_xcomargs.py
[2024-07-21T21:05:23.253+0100] {processor.py:839} INFO - DAG(s) dict_keys(['example_xcom_args', 'example_xcom_args_with_operators']) retrieved from /Users/apoorvasaxena/.pyenv/versions/airflow-venv/lib/python3.10/site-packages/airflow/example_dags/example_xcomargs.py
[2024-07-21T21:05:23.325+0100] {logging_mixin.py:151} INFO - [2024-07-21T21:05:23.325+0100] {dag.py:2915} INFO - Sync 2 DAGs
[2024-07-21T21:05:23.328+0100] {logging_mixin.py:151} INFO - [2024-07-21T21:05:23.328+0100] {dag.py:3696} INFO - Setting next_dagrun for example_xcom_args to None, run_after=None
[2024-07-21T21:05:23.329+0100] {logging_mixin.py:151} INFO - [2024-07-21T21:05:23.329+0100] {dag.py:3696} INFO - Setting next_dagrun for example_xcom_args_with_operators to None, run_after=None
[2024-07-21T21:05:23.336+0100] {processor.py:179} INFO - Processing /Users/apoorvasaxena/.pyenv/versions/airflow-venv/lib/python3.10/site-packages/airflow/example_dags/example_xcomargs.py took 0.109 seconds
[2024-07-21T21:06:32.426+0100] {processor.py:157} INFO - Started process (PID=84671) to work on /Users/apoorvasaxena/.pyenv/versions/airflow-venv/lib/python3.10/site-packages/airflow/example_dags/example_xcomargs.py
[2024-07-21T21:06:32.429+0100] {processor.py:829} INFO - Processing file /Users/apoorvasaxena/.pyenv/versions/airflow-venv/lib/python3.10/site-packages/airflow/example_dags/example_xcomargs.py for tasks to queue
[2024-07-21T21:06:32.429+0100] {logging_mixin.py:151} INFO - [2024-07-21T21:06:32.429+0100] {dagbag.py:539} INFO - Filling up the DagBag from /Users/apoorvasaxena/.pyenv/versions/airflow-venv/lib/python3.10/site-packages/airflow/example_dags/example_xcomargs.py
[2024-07-21T21:06:32.452+0100] {processor.py:839} INFO - DAG(s) dict_keys(['example_xcom_args', 'example_xcom_args_with_operators']) retrieved from /Users/apoorvasaxena/.pyenv/versions/airflow-venv/lib/python3.10/site-packages/airflow/example_dags/example_xcomargs.py
[2024-07-21T21:06:32.523+0100] {logging_mixin.py:151} INFO - [2024-07-21T21:06:32.523+0100] {dag.py:2915} INFO - Sync 2 DAGs
[2024-07-21T21:06:32.527+0100] {logging_mixin.py:151} INFO - [2024-07-21T21:06:32.527+0100] {dag.py:3696} INFO - Setting next_dagrun for example_xcom_args to None, run_after=None
[2024-07-21T21:06:32.528+0100] {logging_mixin.py:151} INFO - [2024-07-21T21:06:32.528+0100] {dag.py:3696} INFO - Setting next_dagrun for example_xcom_args_with_operators to None, run_after=None
[2024-07-21T21:06:32.534+0100] {processor.py:179} INFO - Processing /Users/apoorvasaxena/.pyenv/versions/airflow-venv/lib/python3.10/site-packages/airflow/example_dags/example_xcomargs.py took 0.108 seconds
[2024-07-21T21:07:42.121+0100] {processor.py:157} INFO - Started process (PID=84764) to work on /Users/apoorvasaxena/.pyenv/versions/airflow-venv/lib/python3.10/site-packages/airflow/example_dags/example_xcomargs.py
[2024-07-21T21:07:42.123+0100] {processor.py:829} INFO - Processing file /Users/apoorvasaxena/.pyenv/versions/airflow-venv/lib/python3.10/site-packages/airflow/example_dags/example_xcomargs.py for tasks to queue
[2024-07-21T21:07:42.123+0100] {logging_mixin.py:151} INFO - [2024-07-21T21:07:42.123+0100] {dagbag.py:539} INFO - Filling up the DagBag from /Users/apoorvasaxena/.pyenv/versions/airflow-venv/lib/python3.10/site-packages/airflow/example_dags/example_xcomargs.py
[2024-07-21T21:07:42.146+0100] {processor.py:839} INFO - DAG(s) dict_keys(['example_xcom_args', 'example_xcom_args_with_operators']) retrieved from /Users/apoorvasaxena/.pyenv/versions/airflow-venv/lib/python3.10/site-packages/airflow/example_dags/example_xcomargs.py
[2024-07-21T21:07:42.225+0100] {logging_mixin.py:151} INFO - [2024-07-21T21:07:42.224+0100] {dag.py:2915} INFO - Sync 2 DAGs
[2024-07-21T21:07:42.228+0100] {logging_mixin.py:151} INFO - [2024-07-21T21:07:42.228+0100] {dag.py:3696} INFO - Setting next_dagrun for example_xcom_args to None, run_after=None
[2024-07-21T21:07:42.229+0100] {logging_mixin.py:151} INFO - [2024-07-21T21:07:42.229+0100] {dag.py:3696} INFO - Setting next_dagrun for example_xcom_args_with_operators to None, run_after=None
[2024-07-21T21:07:42.235+0100] {processor.py:179} INFO - Processing /Users/apoorvasaxena/.pyenv/versions/airflow-venv/lib/python3.10/site-packages/airflow/example_dags/example_xcomargs.py took 0.115 seconds
[2024-07-21T21:08:54.501+0100] {processor.py:157} INFO - Started process (PID=84851) to work on /Users/apoorvasaxena/.pyenv/versions/airflow-venv/lib/python3.10/site-packages/airflow/example_dags/example_xcomargs.py
[2024-07-21T21:08:54.504+0100] {processor.py:829} INFO - Processing file /Users/apoorvasaxena/.pyenv/versions/airflow-venv/lib/python3.10/site-packages/airflow/example_dags/example_xcomargs.py for tasks to queue
[2024-07-21T21:08:54.504+0100] {logging_mixin.py:151} INFO - [2024-07-21T21:08:54.504+0100] {dagbag.py:539} INFO - Filling up the DagBag from /Users/apoorvasaxena/.pyenv/versions/airflow-venv/lib/python3.10/site-packages/airflow/example_dags/example_xcomargs.py
[2024-07-21T21:08:54.527+0100] {processor.py:839} INFO - DAG(s) dict_keys(['example_xcom_args_with_operators', 'example_xcom_args']) retrieved from /Users/apoorvasaxena/.pyenv/versions/airflow-venv/lib/python3.10/site-packages/airflow/example_dags/example_xcomargs.py
[2024-07-21T21:08:54.598+0100] {logging_mixin.py:151} INFO - [2024-07-21T21:08:54.598+0100] {dag.py:2915} INFO - Sync 2 DAGs
[2024-07-21T21:08:54.601+0100] {logging_mixin.py:151} INFO - [2024-07-21T21:08:54.601+0100] {dag.py:3696} INFO - Setting next_dagrun for example_xcom_args to None, run_after=None
[2024-07-21T21:08:54.603+0100] {logging_mixin.py:151} INFO - [2024-07-21T21:08:54.603+0100] {dag.py:3696} INFO - Setting next_dagrun for example_xcom_args_with_operators to None, run_after=None
[2024-07-21T21:08:54.609+0100] {processor.py:179} INFO - Processing /Users/apoorvasaxena/.pyenv/versions/airflow-venv/lib/python3.10/site-packages/airflow/example_dags/example_xcomargs.py took 0.108 seconds
[2024-07-21T21:10:07.163+0100] {processor.py:157} INFO - Started process (PID=84946) to work on /Users/apoorvasaxena/.pyenv/versions/airflow-venv/lib/python3.10/site-packages/airflow/example_dags/example_xcomargs.py
[2024-07-21T21:10:07.166+0100] {processor.py:829} INFO - Processing file /Users/apoorvasaxena/.pyenv/versions/airflow-venv/lib/python3.10/site-packages/airflow/example_dags/example_xcomargs.py for tasks to queue
[2024-07-21T21:10:07.166+0100] {logging_mixin.py:151} INFO - [2024-07-21T21:10:07.166+0100] {dagbag.py:539} INFO - Filling up the DagBag from /Users/apoorvasaxena/.pyenv/versions/airflow-venv/lib/python3.10/site-packages/airflow/example_dags/example_xcomargs.py
[2024-07-21T21:10:07.188+0100] {processor.py:839} INFO - DAG(s) dict_keys(['example_xcom_args', 'example_xcom_args_with_operators']) retrieved from /Users/apoorvasaxena/.pyenv/versions/airflow-venv/lib/python3.10/site-packages/airflow/example_dags/example_xcomargs.py
[2024-07-21T21:10:07.260+0100] {logging_mixin.py:151} INFO - [2024-07-21T21:10:07.259+0100] {dag.py:2915} INFO - Sync 2 DAGs
[2024-07-21T21:10:07.263+0100] {logging_mixin.py:151} INFO - [2024-07-21T21:10:07.263+0100] {dag.py:3696} INFO - Setting next_dagrun for example_xcom_args to None, run_after=None
[2024-07-21T21:10:07.264+0100] {logging_mixin.py:151} INFO - [2024-07-21T21:10:07.264+0100] {dag.py:3696} INFO - Setting next_dagrun for example_xcom_args_with_operators to None, run_after=None
[2024-07-21T21:10:07.270+0100] {processor.py:179} INFO - Processing /Users/apoorvasaxena/.pyenv/versions/airflow-venv/lib/python3.10/site-packages/airflow/example_dags/example_xcomargs.py took 0.107 seconds
[2024-07-21T21:11:22.270+0100] {processor.py:157} INFO - Started process (PID=85044) to work on /Users/apoorvasaxena/.pyenv/versions/airflow-venv/lib/python3.10/site-packages/airflow/example_dags/example_xcomargs.py
[2024-07-21T21:11:22.272+0100] {processor.py:829} INFO - Processing file /Users/apoorvasaxena/.pyenv/versions/airflow-venv/lib/python3.10/site-packages/airflow/example_dags/example_xcomargs.py for tasks to queue
[2024-07-21T21:11:22.273+0100] {logging_mixin.py:151} INFO - [2024-07-21T21:11:22.273+0100] {dagbag.py:539} INFO - Filling up the DagBag from /Users/apoorvasaxena/.pyenv/versions/airflow-venv/lib/python3.10/site-packages/airflow/example_dags/example_xcomargs.py
[2024-07-21T21:11:22.295+0100] {processor.py:839} INFO - DAG(s) dict_keys(['example_xcom_args', 'example_xcom_args_with_operators']) retrieved from /Users/apoorvasaxena/.pyenv/versions/airflow-venv/lib/python3.10/site-packages/airflow/example_dags/example_xcomargs.py
[2024-07-21T21:11:22.366+0100] {logging_mixin.py:151} INFO - [2024-07-21T21:11:22.366+0100] {dag.py:2915} INFO - Sync 2 DAGs
[2024-07-21T21:11:22.370+0100] {logging_mixin.py:151} INFO - [2024-07-21T21:11:22.370+0100] {dag.py:3696} INFO - Setting next_dagrun for example_xcom_args to None, run_after=None
[2024-07-21T21:11:22.371+0100] {logging_mixin.py:151} INFO - [2024-07-21T21:11:22.371+0100] {dag.py:3696} INFO - Setting next_dagrun for example_xcom_args_with_operators to None, run_after=None
[2024-07-21T21:11:22.377+0100] {processor.py:179} INFO - Processing /Users/apoorvasaxena/.pyenv/versions/airflow-venv/lib/python3.10/site-packages/airflow/example_dags/example_xcomargs.py took 0.108 seconds
[2024-07-21T21:12:32.130+0100] {processor.py:157} INFO - Started process (PID=85137) to work on /Users/apoorvasaxena/.pyenv/versions/airflow-venv/lib/python3.10/site-packages/airflow/example_dags/example_xcomargs.py
[2024-07-21T21:12:32.133+0100] {processor.py:829} INFO - Processing file /Users/apoorvasaxena/.pyenv/versions/airflow-venv/lib/python3.10/site-packages/airflow/example_dags/example_xcomargs.py for tasks to queue
[2024-07-21T21:12:32.133+0100] {logging_mixin.py:151} INFO - [2024-07-21T21:12:32.133+0100] {dagbag.py:539} INFO - Filling up the DagBag from /Users/apoorvasaxena/.pyenv/versions/airflow-venv/lib/python3.10/site-packages/airflow/example_dags/example_xcomargs.py
[2024-07-21T21:12:32.156+0100] {processor.py:839} INFO - DAG(s) dict_keys(['example_xcom_args', 'example_xcom_args_with_operators']) retrieved from /Users/apoorvasaxena/.pyenv/versions/airflow-venv/lib/python3.10/site-packages/airflow/example_dags/example_xcomargs.py
[2024-07-21T21:12:32.226+0100] {logging_mixin.py:151} INFO - [2024-07-21T21:12:32.226+0100] {dag.py:2915} INFO - Sync 2 DAGs
[2024-07-21T21:12:32.230+0100] {logging_mixin.py:151} INFO - [2024-07-21T21:12:32.230+0100] {dag.py:3696} INFO - Setting next_dagrun for example_xcom_args to None, run_after=None
[2024-07-21T21:12:32.231+0100] {logging_mixin.py:151} INFO - [2024-07-21T21:12:32.231+0100] {dag.py:3696} INFO - Setting next_dagrun for example_xcom_args_with_operators to None, run_after=None
[2024-07-21T21:12:32.237+0100] {processor.py:179} INFO - Processing /Users/apoorvasaxena/.pyenv/versions/airflow-venv/lib/python3.10/site-packages/airflow/example_dags/example_xcomargs.py took 0.107 seconds
[2024-07-21T21:13:44.278+0100] {processor.py:157} INFO - Started process (PID=85236) to work on /Users/apoorvasaxena/.pyenv/versions/airflow-venv/lib/python3.10/site-packages/airflow/example_dags/example_xcomargs.py
[2024-07-21T21:13:44.280+0100] {processor.py:829} INFO - Processing file /Users/apoorvasaxena/.pyenv/versions/airflow-venv/lib/python3.10/site-packages/airflow/example_dags/example_xcomargs.py for tasks to queue
[2024-07-21T21:13:44.280+0100] {logging_mixin.py:151} INFO - [2024-07-21T21:13:44.280+0100] {dagbag.py:539} INFO - Filling up the DagBag from /Users/apoorvasaxena/.pyenv/versions/airflow-venv/lib/python3.10/site-packages/airflow/example_dags/example_xcomargs.py
[2024-07-21T21:13:44.303+0100] {processor.py:839} INFO - DAG(s) dict_keys(['example_xcom_args_with_operators', 'example_xcom_args']) retrieved from /Users/apoorvasaxena/.pyenv/versions/airflow-venv/lib/python3.10/site-packages/airflow/example_dags/example_xcomargs.py
[2024-07-21T21:13:44.375+0100] {logging_mixin.py:151} INFO - [2024-07-21T21:13:44.375+0100] {dag.py:2915} INFO - Sync 2 DAGs
[2024-07-21T21:13:44.379+0100] {logging_mixin.py:151} INFO - [2024-07-21T21:13:44.378+0100] {dag.py:3696} INFO - Setting next_dagrun for example_xcom_args to None, run_after=None
[2024-07-21T21:13:44.380+0100] {logging_mixin.py:151} INFO - [2024-07-21T21:13:44.379+0100] {dag.py:3696} INFO - Setting next_dagrun for example_xcom_args_with_operators to None, run_after=None
[2024-07-21T21:13:44.386+0100] {processor.py:179} INFO - Processing /Users/apoorvasaxena/.pyenv/versions/airflow-venv/lib/python3.10/site-packages/airflow/example_dags/example_xcomargs.py took 0.108 seconds
[2024-07-21T21:14:53.823+0100] {processor.py:157} INFO - Started process (PID=85323) to work on /Users/apoorvasaxena/.pyenv/versions/airflow-venv/lib/python3.10/site-packages/airflow/example_dags/example_xcomargs.py
[2024-07-21T21:14:53.825+0100] {processor.py:829} INFO - Processing file /Users/apoorvasaxena/.pyenv/versions/airflow-venv/lib/python3.10/site-packages/airflow/example_dags/example_xcomargs.py for tasks to queue
[2024-07-21T21:14:53.825+0100] {logging_mixin.py:151} INFO - [2024-07-21T21:14:53.825+0100] {dagbag.py:539} INFO - Filling up the DagBag from /Users/apoorvasaxena/.pyenv/versions/airflow-venv/lib/python3.10/site-packages/airflow/example_dags/example_xcomargs.py
[2024-07-21T21:14:53.848+0100] {processor.py:839} INFO - DAG(s) dict_keys(['example_xcom_args', 'example_xcom_args_with_operators']) retrieved from /Users/apoorvasaxena/.pyenv/versions/airflow-venv/lib/python3.10/site-packages/airflow/example_dags/example_xcomargs.py
[2024-07-21T21:14:53.919+0100] {logging_mixin.py:151} INFO - [2024-07-21T21:14:53.919+0100] {dag.py:2915} INFO - Sync 2 DAGs
[2024-07-21T21:14:53.922+0100] {logging_mixin.py:151} INFO - [2024-07-21T21:14:53.922+0100] {dag.py:3696} INFO - Setting next_dagrun for example_xcom_args to None, run_after=None
[2024-07-21T21:14:53.923+0100] {logging_mixin.py:151} INFO - [2024-07-21T21:14:53.923+0100] {dag.py:3696} INFO - Setting next_dagrun for example_xcom_args_with_operators to None, run_after=None
[2024-07-21T21:14:53.929+0100] {processor.py:179} INFO - Processing /Users/apoorvasaxena/.pyenv/versions/airflow-venv/lib/python3.10/site-packages/airflow/example_dags/example_xcomargs.py took 0.107 seconds
[2024-07-21T21:16:04.324+0100] {processor.py:157} INFO - Started process (PID=85420) to work on /Users/apoorvasaxena/.pyenv/versions/airflow-venv/lib/python3.10/site-packages/airflow/example_dags/example_xcomargs.py
[2024-07-21T21:16:04.326+0100] {processor.py:829} INFO - Processing file /Users/apoorvasaxena/.pyenv/versions/airflow-venv/lib/python3.10/site-packages/airflow/example_dags/example_xcomargs.py for tasks to queue
[2024-07-21T21:16:04.326+0100] {logging_mixin.py:151} INFO - [2024-07-21T21:16:04.326+0100] {dagbag.py:539} INFO - Filling up the DagBag from /Users/apoorvasaxena/.pyenv/versions/airflow-venv/lib/python3.10/site-packages/airflow/example_dags/example_xcomargs.py
[2024-07-21T21:16:04.349+0100] {processor.py:839} INFO - DAG(s) dict_keys(['example_xcom_args', 'example_xcom_args_with_operators']) retrieved from /Users/apoorvasaxena/.pyenv/versions/airflow-venv/lib/python3.10/site-packages/airflow/example_dags/example_xcomargs.py
[2024-07-21T21:16:04.423+0100] {logging_mixin.py:151} INFO - [2024-07-21T21:16:04.423+0100] {dag.py:2915} INFO - Sync 2 DAGs
[2024-07-21T21:16:04.426+0100] {logging_mixin.py:151} INFO - [2024-07-21T21:16:04.426+0100] {dag.py:3696} INFO - Setting next_dagrun for example_xcom_args to None, run_after=None
[2024-07-21T21:16:04.427+0100] {logging_mixin.py:151} INFO - [2024-07-21T21:16:04.427+0100] {dag.py:3696} INFO - Setting next_dagrun for example_xcom_args_with_operators to None, run_after=None
[2024-07-21T21:16:04.433+0100] {processor.py:179} INFO - Processing /Users/apoorvasaxena/.pyenv/versions/airflow-venv/lib/python3.10/site-packages/airflow/example_dags/example_xcomargs.py took 0.110 seconds
[2024-07-21T21:17:15.160+0100] {processor.py:157} INFO - Started process (PID=85524) to work on /Users/apoorvasaxena/.pyenv/versions/airflow-venv/lib/python3.10/site-packages/airflow/example_dags/example_xcomargs.py
[2024-07-21T21:17:15.163+0100] {processor.py:829} INFO - Processing file /Users/apoorvasaxena/.pyenv/versions/airflow-venv/lib/python3.10/site-packages/airflow/example_dags/example_xcomargs.py for tasks to queue
[2024-07-21T21:17:15.163+0100] {logging_mixin.py:151} INFO - [2024-07-21T21:17:15.163+0100] {dagbag.py:539} INFO - Filling up the DagBag from /Users/apoorvasaxena/.pyenv/versions/airflow-venv/lib/python3.10/site-packages/airflow/example_dags/example_xcomargs.py
[2024-07-21T21:17:15.186+0100] {processor.py:839} INFO - DAG(s) dict_keys(['example_xcom_args', 'example_xcom_args_with_operators']) retrieved from /Users/apoorvasaxena/.pyenv/versions/airflow-venv/lib/python3.10/site-packages/airflow/example_dags/example_xcomargs.py
[2024-07-21T21:17:15.257+0100] {logging_mixin.py:151} INFO - [2024-07-21T21:17:15.257+0100] {dag.py:2915} INFO - Sync 2 DAGs
[2024-07-21T21:17:15.261+0100] {logging_mixin.py:151} INFO - [2024-07-21T21:17:15.261+0100] {dag.py:3696} INFO - Setting next_dagrun for example_xcom_args to None, run_after=None
[2024-07-21T21:17:15.262+0100] {logging_mixin.py:151} INFO - [2024-07-21T21:17:15.262+0100] {dag.py:3696} INFO - Setting next_dagrun for example_xcom_args_with_operators to None, run_after=None
[2024-07-21T21:17:15.268+0100] {processor.py:179} INFO - Processing /Users/apoorvasaxena/.pyenv/versions/airflow-venv/lib/python3.10/site-packages/airflow/example_dags/example_xcomargs.py took 0.108 seconds
[2024-07-21T21:18:25.544+0100] {processor.py:157} INFO - Started process (PID=85611) to work on /Users/apoorvasaxena/.pyenv/versions/airflow-venv/lib/python3.10/site-packages/airflow/example_dags/example_xcomargs.py
[2024-07-21T21:18:25.546+0100] {processor.py:829} INFO - Processing file /Users/apoorvasaxena/.pyenv/versions/airflow-venv/lib/python3.10/site-packages/airflow/example_dags/example_xcomargs.py for tasks to queue
[2024-07-21T21:18:25.546+0100] {logging_mixin.py:151} INFO - [2024-07-21T21:18:25.546+0100] {dagbag.py:539} INFO - Filling up the DagBag from /Users/apoorvasaxena/.pyenv/versions/airflow-venv/lib/python3.10/site-packages/airflow/example_dags/example_xcomargs.py
[2024-07-21T21:18:25.569+0100] {processor.py:839} INFO - DAG(s) dict_keys(['example_xcom_args_with_operators', 'example_xcom_args']) retrieved from /Users/apoorvasaxena/.pyenv/versions/airflow-venv/lib/python3.10/site-packages/airflow/example_dags/example_xcomargs.py
[2024-07-21T21:18:25.640+0100] {logging_mixin.py:151} INFO - [2024-07-21T21:18:25.640+0100] {dag.py:2915} INFO - Sync 2 DAGs
[2024-07-21T21:18:25.643+0100] {logging_mixin.py:151} INFO - [2024-07-21T21:18:25.643+0100] {dag.py:3696} INFO - Setting next_dagrun for example_xcom_args to None, run_after=None
[2024-07-21T21:18:25.644+0100] {logging_mixin.py:151} INFO - [2024-07-21T21:18:25.644+0100] {dag.py:3696} INFO - Setting next_dagrun for example_xcom_args_with_operators to None, run_after=None
[2024-07-21T21:18:25.650+0100] {processor.py:179} INFO - Processing /Users/apoorvasaxena/.pyenv/versions/airflow-venv/lib/python3.10/site-packages/airflow/example_dags/example_xcomargs.py took 0.107 seconds
[2024-07-21T21:19:36.218+0100] {processor.py:157} INFO - Started process (PID=85704) to work on /Users/apoorvasaxena/.pyenv/versions/airflow-venv/lib/python3.10/site-packages/airflow/example_dags/example_xcomargs.py
[2024-07-21T21:19:36.220+0100] {processor.py:829} INFO - Processing file /Users/apoorvasaxena/.pyenv/versions/airflow-venv/lib/python3.10/site-packages/airflow/example_dags/example_xcomargs.py for tasks to queue
[2024-07-21T21:19:36.220+0100] {logging_mixin.py:151} INFO - [2024-07-21T21:19:36.220+0100] {dagbag.py:539} INFO - Filling up the DagBag from /Users/apoorvasaxena/.pyenv/versions/airflow-venv/lib/python3.10/site-packages/airflow/example_dags/example_xcomargs.py
[2024-07-21T21:19:36.243+0100] {processor.py:839} INFO - DAG(s) dict_keys(['example_xcom_args_with_operators', 'example_xcom_args']) retrieved from /Users/apoorvasaxena/.pyenv/versions/airflow-venv/lib/python3.10/site-packages/airflow/example_dags/example_xcomargs.py
[2024-07-21T21:19:36.313+0100] {logging_mixin.py:151} INFO - [2024-07-21T21:19:36.313+0100] {dag.py:2915} INFO - Sync 2 DAGs
[2024-07-21T21:19:36.317+0100] {logging_mixin.py:151} INFO - [2024-07-21T21:19:36.316+0100] {dag.py:3696} INFO - Setting next_dagrun for example_xcom_args to None, run_after=None
[2024-07-21T21:19:36.318+0100] {logging_mixin.py:151} INFO - [2024-07-21T21:19:36.318+0100] {dag.py:3696} INFO - Setting next_dagrun for example_xcom_args_with_operators to None, run_after=None
[2024-07-21T21:19:36.324+0100] {processor.py:179} INFO - Processing /Users/apoorvasaxena/.pyenv/versions/airflow-venv/lib/python3.10/site-packages/airflow/example_dags/example_xcomargs.py took 0.106 seconds
[2024-07-21T21:20:50.139+0100] {processor.py:157} INFO - Started process (PID=85807) to work on /Users/apoorvasaxena/.pyenv/versions/airflow-venv/lib/python3.10/site-packages/airflow/example_dags/example_xcomargs.py
[2024-07-21T21:20:50.141+0100] {processor.py:829} INFO - Processing file /Users/apoorvasaxena/.pyenv/versions/airflow-venv/lib/python3.10/site-packages/airflow/example_dags/example_xcomargs.py for tasks to queue
[2024-07-21T21:20:50.141+0100] {logging_mixin.py:151} INFO - [2024-07-21T21:20:50.141+0100] {dagbag.py:539} INFO - Filling up the DagBag from /Users/apoorvasaxena/.pyenv/versions/airflow-venv/lib/python3.10/site-packages/airflow/example_dags/example_xcomargs.py
[2024-07-21T21:20:50.164+0100] {processor.py:839} INFO - DAG(s) dict_keys(['example_xcom_args', 'example_xcom_args_with_operators']) retrieved from /Users/apoorvasaxena/.pyenv/versions/airflow-venv/lib/python3.10/site-packages/airflow/example_dags/example_xcomargs.py
[2024-07-21T21:20:50.235+0100] {logging_mixin.py:151} INFO - [2024-07-21T21:20:50.235+0100] {dag.py:2915} INFO - Sync 2 DAGs
[2024-07-21T21:20:50.238+0100] {logging_mixin.py:151} INFO - [2024-07-21T21:20:50.238+0100] {dag.py:3696} INFO - Setting next_dagrun for example_xcom_args to None, run_after=None
[2024-07-21T21:20:50.239+0100] {logging_mixin.py:151} INFO - [2024-07-21T21:20:50.239+0100] {dag.py:3696} INFO - Setting next_dagrun for example_xcom_args_with_operators to None, run_after=None
[2024-07-21T21:20:50.246+0100] {processor.py:179} INFO - Processing /Users/apoorvasaxena/.pyenv/versions/airflow-venv/lib/python3.10/site-packages/airflow/example_dags/example_xcomargs.py took 0.107 seconds
[2024-07-21T21:21:59.970+0100] {processor.py:157} INFO - Started process (PID=85898) to work on /Users/apoorvasaxena/.pyenv/versions/airflow-venv/lib/python3.10/site-packages/airflow/example_dags/example_xcomargs.py
[2024-07-21T21:21:59.975+0100] {processor.py:829} INFO - Processing file /Users/apoorvasaxena/.pyenv/versions/airflow-venv/lib/python3.10/site-packages/airflow/example_dags/example_xcomargs.py for tasks to queue
[2024-07-21T21:21:59.975+0100] {logging_mixin.py:151} INFO - [2024-07-21T21:21:59.975+0100] {dagbag.py:539} INFO - Filling up the DagBag from /Users/apoorvasaxena/.pyenv/versions/airflow-venv/lib/python3.10/site-packages/airflow/example_dags/example_xcomargs.py
[2024-07-21T21:21:59.998+0100] {processor.py:839} INFO - DAG(s) dict_keys(['example_xcom_args_with_operators', 'example_xcom_args']) retrieved from /Users/apoorvasaxena/.pyenv/versions/airflow-venv/lib/python3.10/site-packages/airflow/example_dags/example_xcomargs.py
[2024-07-21T21:22:00.070+0100] {logging_mixin.py:151} INFO - [2024-07-21T21:22:00.069+0100] {dag.py:2915} INFO - Sync 2 DAGs
[2024-07-21T21:22:00.073+0100] {logging_mixin.py:151} INFO - [2024-07-21T21:22:00.073+0100] {dag.py:3696} INFO - Setting next_dagrun for example_xcom_args to None, run_after=None
[2024-07-21T21:22:00.074+0100] {logging_mixin.py:151} INFO - [2024-07-21T21:22:00.074+0100] {dag.py:3696} INFO - Setting next_dagrun for example_xcom_args_with_operators to None, run_after=None
[2024-07-21T21:22:00.080+0100] {processor.py:179} INFO - Processing /Users/apoorvasaxena/.pyenv/versions/airflow-venv/lib/python3.10/site-packages/airflow/example_dags/example_xcomargs.py took 0.110 seconds
[2024-07-21T21:23:12.484+0100] {processor.py:157} INFO - Started process (PID=85996) to work on /Users/apoorvasaxena/.pyenv/versions/airflow-venv/lib/python3.10/site-packages/airflow/example_dags/example_xcomargs.py
[2024-07-21T21:23:12.487+0100] {processor.py:829} INFO - Processing file /Users/apoorvasaxena/.pyenv/versions/airflow-venv/lib/python3.10/site-packages/airflow/example_dags/example_xcomargs.py for tasks to queue
[2024-07-21T21:23:12.487+0100] {logging_mixin.py:151} INFO - [2024-07-21T21:23:12.487+0100] {dagbag.py:539} INFO - Filling up the DagBag from /Users/apoorvasaxena/.pyenv/versions/airflow-venv/lib/python3.10/site-packages/airflow/example_dags/example_xcomargs.py
[2024-07-21T21:23:12.510+0100] {processor.py:839} INFO - DAG(s) dict_keys(['example_xcom_args_with_operators', 'example_xcom_args']) retrieved from /Users/apoorvasaxena/.pyenv/versions/airflow-venv/lib/python3.10/site-packages/airflow/example_dags/example_xcomargs.py
[2024-07-21T21:23:12.582+0100] {logging_mixin.py:151} INFO - [2024-07-21T21:23:12.582+0100] {dag.py:2915} INFO - Sync 2 DAGs
[2024-07-21T21:23:12.586+0100] {logging_mixin.py:151} INFO - [2024-07-21T21:23:12.586+0100] {dag.py:3696} INFO - Setting next_dagrun for example_xcom_args to None, run_after=None
[2024-07-21T21:23:12.587+0100] {logging_mixin.py:151} INFO - [2024-07-21T21:23:12.587+0100] {dag.py:3696} INFO - Setting next_dagrun for example_xcom_args_with_operators to None, run_after=None
[2024-07-21T21:23:12.593+0100] {processor.py:179} INFO - Processing /Users/apoorvasaxena/.pyenv/versions/airflow-venv/lib/python3.10/site-packages/airflow/example_dags/example_xcomargs.py took 0.110 seconds
[2024-07-21T21:24:23.517+0100] {processor.py:157} INFO - Started process (PID=86085) to work on /Users/apoorvasaxena/.pyenv/versions/airflow-venv/lib/python3.10/site-packages/airflow/example_dags/example_xcomargs.py
[2024-07-21T21:24:23.520+0100] {processor.py:829} INFO - Processing file /Users/apoorvasaxena/.pyenv/versions/airflow-venv/lib/python3.10/site-packages/airflow/example_dags/example_xcomargs.py for tasks to queue
[2024-07-21T21:24:23.520+0100] {logging_mixin.py:151} INFO - [2024-07-21T21:24:23.520+0100] {dagbag.py:539} INFO - Filling up the DagBag from /Users/apoorvasaxena/.pyenv/versions/airflow-venv/lib/python3.10/site-packages/airflow/example_dags/example_xcomargs.py
[2024-07-21T21:24:23.543+0100] {processor.py:839} INFO - DAG(s) dict_keys(['example_xcom_args', 'example_xcom_args_with_operators']) retrieved from /Users/apoorvasaxena/.pyenv/versions/airflow-venv/lib/python3.10/site-packages/airflow/example_dags/example_xcomargs.py
[2024-07-21T21:24:23.615+0100] {logging_mixin.py:151} INFO - [2024-07-21T21:24:23.615+0100] {dag.py:2915} INFO - Sync 2 DAGs
[2024-07-21T21:24:23.618+0100] {logging_mixin.py:151} INFO - [2024-07-21T21:24:23.618+0100] {dag.py:3696} INFO - Setting next_dagrun for example_xcom_args to None, run_after=None
[2024-07-21T21:24:23.619+0100] {logging_mixin.py:151} INFO - [2024-07-21T21:24:23.619+0100] {dag.py:3696} INFO - Setting next_dagrun for example_xcom_args_with_operators to None, run_after=None
[2024-07-21T21:24:23.625+0100] {processor.py:179} INFO - Processing /Users/apoorvasaxena/.pyenv/versions/airflow-venv/lib/python3.10/site-packages/airflow/example_dags/example_xcomargs.py took 0.108 seconds
[2024-07-21T21:25:32.145+0100] {processor.py:157} INFO - Started process (PID=86184) to work on /Users/apoorvasaxena/.pyenv/versions/airflow-venv/lib/python3.10/site-packages/airflow/example_dags/example_xcomargs.py
[2024-07-21T21:25:32.147+0100] {processor.py:829} INFO - Processing file /Users/apoorvasaxena/.pyenv/versions/airflow-venv/lib/python3.10/site-packages/airflow/example_dags/example_xcomargs.py for tasks to queue
[2024-07-21T21:25:32.147+0100] {logging_mixin.py:151} INFO - [2024-07-21T21:25:32.147+0100] {dagbag.py:539} INFO - Filling up the DagBag from /Users/apoorvasaxena/.pyenv/versions/airflow-venv/lib/python3.10/site-packages/airflow/example_dags/example_xcomargs.py
[2024-07-21T21:25:32.170+0100] {processor.py:839} INFO - DAG(s) dict_keys(['example_xcom_args_with_operators', 'example_xcom_args']) retrieved from /Users/apoorvasaxena/.pyenv/versions/airflow-venv/lib/python3.10/site-packages/airflow/example_dags/example_xcomargs.py
[2024-07-21T21:25:32.241+0100] {logging_mixin.py:151} INFO - [2024-07-21T21:25:32.240+0100] {dag.py:2915} INFO - Sync 2 DAGs
[2024-07-21T21:25:32.244+0100] {logging_mixin.py:151} INFO - [2024-07-21T21:25:32.244+0100] {dag.py:3696} INFO - Setting next_dagrun for example_xcom_args to None, run_after=None
[2024-07-21T21:25:32.245+0100] {logging_mixin.py:151} INFO - [2024-07-21T21:25:32.245+0100] {dag.py:3696} INFO - Setting next_dagrun for example_xcom_args_with_operators to None, run_after=None
[2024-07-21T21:25:32.251+0100] {processor.py:179} INFO - Processing /Users/apoorvasaxena/.pyenv/versions/airflow-venv/lib/python3.10/site-packages/airflow/example_dags/example_xcomargs.py took 0.107 seconds
[2024-07-21T21:26:43.651+0100] {processor.py:157} INFO - Started process (PID=86280) to work on /Users/apoorvasaxena/.pyenv/versions/airflow-venv/lib/python3.10/site-packages/airflow/example_dags/example_xcomargs.py
[2024-07-21T21:26:43.653+0100] {processor.py:829} INFO - Processing file /Users/apoorvasaxena/.pyenv/versions/airflow-venv/lib/python3.10/site-packages/airflow/example_dags/example_xcomargs.py for tasks to queue
[2024-07-21T21:26:43.653+0100] {logging_mixin.py:151} INFO - [2024-07-21T21:26:43.653+0100] {dagbag.py:539} INFO - Filling up the DagBag from /Users/apoorvasaxena/.pyenv/versions/airflow-venv/lib/python3.10/site-packages/airflow/example_dags/example_xcomargs.py
[2024-07-21T21:26:43.676+0100] {processor.py:839} INFO - DAG(s) dict_keys(['example_xcom_args', 'example_xcom_args_with_operators']) retrieved from /Users/apoorvasaxena/.pyenv/versions/airflow-venv/lib/python3.10/site-packages/airflow/example_dags/example_xcomargs.py
[2024-07-21T21:26:43.747+0100] {logging_mixin.py:151} INFO - [2024-07-21T21:26:43.747+0100] {dag.py:2915} INFO - Sync 2 DAGs
[2024-07-21T21:26:43.750+0100] {logging_mixin.py:151} INFO - [2024-07-21T21:26:43.750+0100] {dag.py:3696} INFO - Setting next_dagrun for example_xcom_args to None, run_after=None
[2024-07-21T21:26:43.751+0100] {logging_mixin.py:151} INFO - [2024-07-21T21:26:43.751+0100] {dag.py:3696} INFO - Setting next_dagrun for example_xcom_args_with_operators to None, run_after=None
[2024-07-21T21:26:43.757+0100] {processor.py:179} INFO - Processing /Users/apoorvasaxena/.pyenv/versions/airflow-venv/lib/python3.10/site-packages/airflow/example_dags/example_xcomargs.py took 0.107 seconds
[2024-07-21T21:27:55.069+0100] {processor.py:157} INFO - Started process (PID=86369) to work on /Users/apoorvasaxena/.pyenv/versions/airflow-venv/lib/python3.10/site-packages/airflow/example_dags/example_xcomargs.py
[2024-07-21T21:27:55.071+0100] {processor.py:829} INFO - Processing file /Users/apoorvasaxena/.pyenv/versions/airflow-venv/lib/python3.10/site-packages/airflow/example_dags/example_xcomargs.py for tasks to queue
[2024-07-21T21:27:55.071+0100] {logging_mixin.py:151} INFO - [2024-07-21T21:27:55.071+0100] {dagbag.py:539} INFO - Filling up the DagBag from /Users/apoorvasaxena/.pyenv/versions/airflow-venv/lib/python3.10/site-packages/airflow/example_dags/example_xcomargs.py
[2024-07-21T21:27:55.094+0100] {processor.py:839} INFO - DAG(s) dict_keys(['example_xcom_args', 'example_xcom_args_with_operators']) retrieved from /Users/apoorvasaxena/.pyenv/versions/airflow-venv/lib/python3.10/site-packages/airflow/example_dags/example_xcomargs.py
[2024-07-21T21:27:55.165+0100] {logging_mixin.py:151} INFO - [2024-07-21T21:27:55.165+0100] {dag.py:2915} INFO - Sync 2 DAGs
[2024-07-21T21:27:55.169+0100] {logging_mixin.py:151} INFO - [2024-07-21T21:27:55.168+0100] {dag.py:3696} INFO - Setting next_dagrun for example_xcom_args to None, run_after=None
[2024-07-21T21:27:55.170+0100] {logging_mixin.py:151} INFO - [2024-07-21T21:27:55.170+0100] {dag.py:3696} INFO - Setting next_dagrun for example_xcom_args_with_operators to None, run_after=None
[2024-07-21T21:27:55.176+0100] {processor.py:179} INFO - Processing /Users/apoorvasaxena/.pyenv/versions/airflow-venv/lib/python3.10/site-packages/airflow/example_dags/example_xcomargs.py took 0.107 seconds
[2024-07-21T21:29:08.294+0100] {processor.py:157} INFO - Started process (PID=86470) to work on /Users/apoorvasaxena/.pyenv/versions/airflow-venv/lib/python3.10/site-packages/airflow/example_dags/example_xcomargs.py
[2024-07-21T21:29:08.297+0100] {processor.py:829} INFO - Processing file /Users/apoorvasaxena/.pyenv/versions/airflow-venv/lib/python3.10/site-packages/airflow/example_dags/example_xcomargs.py for tasks to queue
[2024-07-21T21:29:08.297+0100] {logging_mixin.py:151} INFO - [2024-07-21T21:29:08.297+0100] {dagbag.py:539} INFO - Filling up the DagBag from /Users/apoorvasaxena/.pyenv/versions/airflow-venv/lib/python3.10/site-packages/airflow/example_dags/example_xcomargs.py
[2024-07-21T21:29:08.320+0100] {processor.py:839} INFO - DAG(s) dict_keys(['example_xcom_args_with_operators', 'example_xcom_args']) retrieved from /Users/apoorvasaxena/.pyenv/versions/airflow-venv/lib/python3.10/site-packages/airflow/example_dags/example_xcomargs.py
[2024-07-21T21:29:08.391+0100] {logging_mixin.py:151} INFO - [2024-07-21T21:29:08.391+0100] {dag.py:2915} INFO - Sync 2 DAGs
[2024-07-21T21:29:08.394+0100] {logging_mixin.py:151} INFO - [2024-07-21T21:29:08.394+0100] {dag.py:3696} INFO - Setting next_dagrun for example_xcom_args to None, run_after=None
[2024-07-21T21:29:08.396+0100] {logging_mixin.py:151} INFO - [2024-07-21T21:29:08.395+0100] {dag.py:3696} INFO - Setting next_dagrun for example_xcom_args_with_operators to None, run_after=None
[2024-07-21T21:29:08.402+0100] {processor.py:179} INFO - Processing /Users/apoorvasaxena/.pyenv/versions/airflow-venv/lib/python3.10/site-packages/airflow/example_dags/example_xcomargs.py took 0.108 seconds
[2024-07-21T21:30:19.380+0100] {processor.py:157} INFO - Started process (PID=86563) to work on /Users/apoorvasaxena/.pyenv/versions/airflow-venv/lib/python3.10/site-packages/airflow/example_dags/example_xcomargs.py
[2024-07-21T21:30:19.383+0100] {processor.py:829} INFO - Processing file /Users/apoorvasaxena/.pyenv/versions/airflow-venv/lib/python3.10/site-packages/airflow/example_dags/example_xcomargs.py for tasks to queue
[2024-07-21T21:30:19.383+0100] {logging_mixin.py:151} INFO - [2024-07-21T21:30:19.383+0100] {dagbag.py:539} INFO - Filling up the DagBag from /Users/apoorvasaxena/.pyenv/versions/airflow-venv/lib/python3.10/site-packages/airflow/example_dags/example_xcomargs.py
[2024-07-21T21:30:19.406+0100] {processor.py:839} INFO - DAG(s) dict_keys(['example_xcom_args', 'example_xcom_args_with_operators']) retrieved from /Users/apoorvasaxena/.pyenv/versions/airflow-venv/lib/python3.10/site-packages/airflow/example_dags/example_xcomargs.py
[2024-07-21T21:30:19.477+0100] {logging_mixin.py:151} INFO - [2024-07-21T21:30:19.477+0100] {dag.py:2915} INFO - Sync 2 DAGs
[2024-07-21T21:30:19.480+0100] {logging_mixin.py:151} INFO - [2024-07-21T21:30:19.480+0100] {dag.py:3696} INFO - Setting next_dagrun for example_xcom_args to None, run_after=None
[2024-07-21T21:30:19.481+0100] {logging_mixin.py:151} INFO - [2024-07-21T21:30:19.481+0100] {dag.py:3696} INFO - Setting next_dagrun for example_xcom_args_with_operators to None, run_after=None
[2024-07-21T21:30:19.487+0100] {processor.py:179} INFO - Processing /Users/apoorvasaxena/.pyenv/versions/airflow-venv/lib/python3.10/site-packages/airflow/example_dags/example_xcomargs.py took 0.107 seconds
[2024-07-21T21:31:30.732+0100] {processor.py:157} INFO - Started process (PID=86653) to work on /Users/apoorvasaxena/.pyenv/versions/airflow-venv/lib/python3.10/site-packages/airflow/example_dags/example_xcomargs.py
[2024-07-21T21:31:30.734+0100] {processor.py:829} INFO - Processing file /Users/apoorvasaxena/.pyenv/versions/airflow-venv/lib/python3.10/site-packages/airflow/example_dags/example_xcomargs.py for tasks to queue
[2024-07-21T21:31:30.734+0100] {logging_mixin.py:151} INFO - [2024-07-21T21:31:30.734+0100] {dagbag.py:539} INFO - Filling up the DagBag from /Users/apoorvasaxena/.pyenv/versions/airflow-venv/lib/python3.10/site-packages/airflow/example_dags/example_xcomargs.py
[2024-07-21T21:31:30.757+0100] {processor.py:839} INFO - DAG(s) dict_keys(['example_xcom_args', 'example_xcom_args_with_operators']) retrieved from /Users/apoorvasaxena/.pyenv/versions/airflow-venv/lib/python3.10/site-packages/airflow/example_dags/example_xcomargs.py
[2024-07-21T21:31:30.828+0100] {logging_mixin.py:151} INFO - [2024-07-21T21:31:30.828+0100] {dag.py:2915} INFO - Sync 2 DAGs
[2024-07-21T21:31:30.831+0100] {logging_mixin.py:151} INFO - [2024-07-21T21:31:30.831+0100] {dag.py:3696} INFO - Setting next_dagrun for example_xcom_args to None, run_after=None
[2024-07-21T21:31:30.832+0100] {logging_mixin.py:151} INFO - [2024-07-21T21:31:30.832+0100] {dag.py:3696} INFO - Setting next_dagrun for example_xcom_args_with_operators to None, run_after=None
[2024-07-21T21:31:30.839+0100] {processor.py:179} INFO - Processing /Users/apoorvasaxena/.pyenv/versions/airflow-venv/lib/python3.10/site-packages/airflow/example_dags/example_xcomargs.py took 0.107 seconds
[2024-07-21T21:32:45.956+0100] {processor.py:157} INFO - Started process (PID=86776) to work on /Users/apoorvasaxena/.pyenv/versions/airflow-venv/lib/python3.10/site-packages/airflow/example_dags/example_xcomargs.py
[2024-07-21T21:32:45.959+0100] {processor.py:829} INFO - Processing file /Users/apoorvasaxena/.pyenv/versions/airflow-venv/lib/python3.10/site-packages/airflow/example_dags/example_xcomargs.py for tasks to queue
[2024-07-21T21:32:45.959+0100] {logging_mixin.py:151} INFO - [2024-07-21T21:32:45.959+0100] {dagbag.py:539} INFO - Filling up the DagBag from /Users/apoorvasaxena/.pyenv/versions/airflow-venv/lib/python3.10/site-packages/airflow/example_dags/example_xcomargs.py
[2024-07-21T21:32:45.982+0100] {processor.py:839} INFO - DAG(s) dict_keys(['example_xcom_args', 'example_xcom_args_with_operators']) retrieved from /Users/apoorvasaxena/.pyenv/versions/airflow-venv/lib/python3.10/site-packages/airflow/example_dags/example_xcomargs.py
[2024-07-21T21:32:46.055+0100] {logging_mixin.py:151} INFO - [2024-07-21T21:32:46.055+0100] {dag.py:2915} INFO - Sync 2 DAGs
[2024-07-21T21:32:46.059+0100] {logging_mixin.py:151} INFO - [2024-07-21T21:32:46.059+0100] {dag.py:3696} INFO - Setting next_dagrun for example_xcom_args to None, run_after=None
[2024-07-21T21:32:46.060+0100] {logging_mixin.py:151} INFO - [2024-07-21T21:32:46.060+0100] {dag.py:3696} INFO - Setting next_dagrun for example_xcom_args_with_operators to None, run_after=None
[2024-07-21T21:32:46.066+0100] {processor.py:179} INFO - Processing /Users/apoorvasaxena/.pyenv/versions/airflow-venv/lib/python3.10/site-packages/airflow/example_dags/example_xcomargs.py took 0.110 seconds
[2024-07-21T21:33:59.235+0100] {processor.py:157} INFO - Started process (PID=86864) to work on /Users/apoorvasaxena/.pyenv/versions/airflow-venv/lib/python3.10/site-packages/airflow/example_dags/example_xcomargs.py
[2024-07-21T21:33:59.238+0100] {processor.py:829} INFO - Processing file /Users/apoorvasaxena/.pyenv/versions/airflow-venv/lib/python3.10/site-packages/airflow/example_dags/example_xcomargs.py for tasks to queue
[2024-07-21T21:33:59.238+0100] {logging_mixin.py:151} INFO - [2024-07-21T21:33:59.238+0100] {dagbag.py:539} INFO - Filling up the DagBag from /Users/apoorvasaxena/.pyenv/versions/airflow-venv/lib/python3.10/site-packages/airflow/example_dags/example_xcomargs.py
[2024-07-21T21:33:59.263+0100] {processor.py:839} INFO - DAG(s) dict_keys(['example_xcom_args', 'example_xcom_args_with_operators']) retrieved from /Users/apoorvasaxena/.pyenv/versions/airflow-venv/lib/python3.10/site-packages/airflow/example_dags/example_xcomargs.py
[2024-07-21T21:33:59.342+0100] {logging_mixin.py:151} INFO - [2024-07-21T21:33:59.342+0100] {dag.py:2915} INFO - Sync 2 DAGs
[2024-07-21T21:33:59.345+0100] {logging_mixin.py:151} INFO - [2024-07-21T21:33:59.345+0100] {dag.py:3696} INFO - Setting next_dagrun for example_xcom_args to None, run_after=None
[2024-07-21T21:33:59.346+0100] {logging_mixin.py:151} INFO - [2024-07-21T21:33:59.346+0100] {dag.py:3696} INFO - Setting next_dagrun for example_xcom_args_with_operators to None, run_after=None
[2024-07-21T21:33:59.353+0100] {processor.py:179} INFO - Processing /Users/apoorvasaxena/.pyenv/versions/airflow-venv/lib/python3.10/site-packages/airflow/example_dags/example_xcomargs.py took 0.118 seconds
[2024-07-21T21:35:12.533+0100] {processor.py:157} INFO - Started process (PID=86952) to work on /Users/apoorvasaxena/.pyenv/versions/airflow-venv/lib/python3.10/site-packages/airflow/example_dags/example_xcomargs.py
[2024-07-21T21:35:12.536+0100] {processor.py:829} INFO - Processing file /Users/apoorvasaxena/.pyenv/versions/airflow-venv/lib/python3.10/site-packages/airflow/example_dags/example_xcomargs.py for tasks to queue
[2024-07-21T21:35:12.536+0100] {logging_mixin.py:151} INFO - [2024-07-21T21:35:12.536+0100] {dagbag.py:539} INFO - Filling up the DagBag from /Users/apoorvasaxena/.pyenv/versions/airflow-venv/lib/python3.10/site-packages/airflow/example_dags/example_xcomargs.py
[2024-07-21T21:35:12.559+0100] {processor.py:839} INFO - DAG(s) dict_keys(['example_xcom_args', 'example_xcom_args_with_operators']) retrieved from /Users/apoorvasaxena/.pyenv/versions/airflow-venv/lib/python3.10/site-packages/airflow/example_dags/example_xcomargs.py
[2024-07-21T21:35:12.634+0100] {logging_mixin.py:151} INFO - [2024-07-21T21:35:12.634+0100] {dag.py:2915} INFO - Sync 2 DAGs
[2024-07-21T21:35:12.638+0100] {logging_mixin.py:151} INFO - [2024-07-21T21:35:12.638+0100] {dag.py:3696} INFO - Setting next_dagrun for example_xcom_args to None, run_after=None
[2024-07-21T21:35:12.639+0100] {logging_mixin.py:151} INFO - [2024-07-21T21:35:12.639+0100] {dag.py:3696} INFO - Setting next_dagrun for example_xcom_args_with_operators to None, run_after=None
[2024-07-21T21:35:12.646+0100] {processor.py:179} INFO - Processing /Users/apoorvasaxena/.pyenv/versions/airflow-venv/lib/python3.10/site-packages/airflow/example_dags/example_xcomargs.py took 0.113 seconds
[2024-07-21T21:36:22.506+0100] {processor.py:157} INFO - Started process (PID=87037) to work on /Users/apoorvasaxena/.pyenv/versions/airflow-venv/lib/python3.10/site-packages/airflow/example_dags/example_xcomargs.py
[2024-07-21T21:36:22.508+0100] {processor.py:829} INFO - Processing file /Users/apoorvasaxena/.pyenv/versions/airflow-venv/lib/python3.10/site-packages/airflow/example_dags/example_xcomargs.py for tasks to queue
[2024-07-21T21:36:22.508+0100] {logging_mixin.py:151} INFO - [2024-07-21T21:36:22.508+0100] {dagbag.py:539} INFO - Filling up the DagBag from /Users/apoorvasaxena/.pyenv/versions/airflow-venv/lib/python3.10/site-packages/airflow/example_dags/example_xcomargs.py
[2024-07-21T21:36:22.533+0100] {processor.py:839} INFO - DAG(s) dict_keys(['example_xcom_args_with_operators', 'example_xcom_args']) retrieved from /Users/apoorvasaxena/.pyenv/versions/airflow-venv/lib/python3.10/site-packages/airflow/example_dags/example_xcomargs.py
[2024-07-21T21:36:22.614+0100] {logging_mixin.py:151} INFO - [2024-07-21T21:36:22.614+0100] {dag.py:2915} INFO - Sync 2 DAGs
[2024-07-21T21:36:22.618+0100] {logging_mixin.py:151} INFO - [2024-07-21T21:36:22.618+0100] {dag.py:3696} INFO - Setting next_dagrun for example_xcom_args to None, run_after=None
[2024-07-21T21:36:22.619+0100] {logging_mixin.py:151} INFO - [2024-07-21T21:36:22.619+0100] {dag.py:3696} INFO - Setting next_dagrun for example_xcom_args_with_operators to None, run_after=None
[2024-07-21T21:36:22.626+0100] {processor.py:179} INFO - Processing /Users/apoorvasaxena/.pyenv/versions/airflow-venv/lib/python3.10/site-packages/airflow/example_dags/example_xcomargs.py took 0.121 seconds
[2024-07-21T21:37:34.460+0100] {processor.py:157} INFO - Started process (PID=87120) to work on /Users/apoorvasaxena/.pyenv/versions/airflow-venv/lib/python3.10/site-packages/airflow/example_dags/example_xcomargs.py
[2024-07-21T21:37:34.462+0100] {processor.py:829} INFO - Processing file /Users/apoorvasaxena/.pyenv/versions/airflow-venv/lib/python3.10/site-packages/airflow/example_dags/example_xcomargs.py for tasks to queue
[2024-07-21T21:37:34.463+0100] {logging_mixin.py:151} INFO - [2024-07-21T21:37:34.463+0100] {dagbag.py:539} INFO - Filling up the DagBag from /Users/apoorvasaxena/.pyenv/versions/airflow-venv/lib/python3.10/site-packages/airflow/example_dags/example_xcomargs.py
[2024-07-21T21:37:34.486+0100] {processor.py:839} INFO - DAG(s) dict_keys(['example_xcom_args_with_operators', 'example_xcom_args']) retrieved from /Users/apoorvasaxena/.pyenv/versions/airflow-venv/lib/python3.10/site-packages/airflow/example_dags/example_xcomargs.py
[2024-07-21T21:37:34.558+0100] {logging_mixin.py:151} INFO - [2024-07-21T21:37:34.558+0100] {dag.py:2915} INFO - Sync 2 DAGs
[2024-07-21T21:37:34.562+0100] {logging_mixin.py:151} INFO - [2024-07-21T21:37:34.561+0100] {dag.py:3696} INFO - Setting next_dagrun for example_xcom_args to None, run_after=None
[2024-07-21T21:37:34.563+0100] {logging_mixin.py:151} INFO - [2024-07-21T21:37:34.562+0100] {dag.py:3696} INFO - Setting next_dagrun for example_xcom_args_with_operators to None, run_after=None
[2024-07-21T21:37:34.569+0100] {processor.py:179} INFO - Processing /Users/apoorvasaxena/.pyenv/versions/airflow-venv/lib/python3.10/site-packages/airflow/example_dags/example_xcomargs.py took 0.109 seconds
