[2024-07-21T20:49:54.671+0100] {processor.py:157} INFO - Started process (PID=82512) to work on /Users/apoorvasaxena/.pyenv/versions/airflow-venv/lib/python3.10/site-packages/airflow/example_dags/example_setup_teardown.py
[2024-07-21T20:49:54.673+0100] {processor.py:829} INFO - Processing file /Users/apoorvasaxena/.pyenv/versions/airflow-venv/lib/python3.10/site-packages/airflow/example_dags/example_setup_teardown.py for tasks to queue
[2024-07-21T20:49:54.673+0100] {logging_mixin.py:151} INFO - [2024-07-21T20:49:54.673+0100] {dagbag.py:539} INFO - Filling up the DagBag from /Users/apoorvasaxena/.pyenv/versions/airflow-venv/lib/python3.10/site-packages/airflow/example_dags/example_setup_teardown.py
[2024-07-21T20:49:54.685+0100] {processor.py:839} INFO - DAG(s) dict_keys(['example_setup_teardown']) retrieved from /Users/apoorvasaxena/.pyenv/versions/airflow-venv/lib/python3.10/site-packages/airflow/example_dags/example_setup_teardown.py
[2024-07-21T20:49:54.759+0100] {logging_mixin.py:151} INFO - [2024-07-21T20:49:54.758+0100] {dag.py:2915} INFO - Sync 1 DAGs
[2024-07-21T20:49:54.765+0100] {logging_mixin.py:151} INFO - [2024-07-21T20:49:54.765+0100] {dag.py:3696} INFO - Setting next_dagrun for example_setup_teardown to 2024-07-20T19:49:54.765183+00:00, run_after=2024-07-21T19:49:54.765183+00:00
[2024-07-21T20:49:54.771+0100] {processor.py:179} INFO - Processing /Users/apoorvasaxena/.pyenv/versions/airflow-venv/lib/python3.10/site-packages/airflow/example_dags/example_setup_teardown.py took 0.101 seconds
[2024-07-21T20:51:01.571+0100] {processor.py:157} INFO - Started process (PID=82642) to work on /Users/apoorvasaxena/.pyenv/versions/airflow-venv/lib/python3.10/site-packages/airflow/example_dags/example_setup_teardown.py
[2024-07-21T20:51:01.574+0100] {processor.py:829} INFO - Processing file /Users/apoorvasaxena/.pyenv/versions/airflow-venv/lib/python3.10/site-packages/airflow/example_dags/example_setup_teardown.py for tasks to queue
[2024-07-21T20:51:01.574+0100] {logging_mixin.py:151} INFO - [2024-07-21T20:51:01.574+0100] {dagbag.py:539} INFO - Filling up the DagBag from /Users/apoorvasaxena/.pyenv/versions/airflow-venv/lib/python3.10/site-packages/airflow/example_dags/example_setup_teardown.py
[2024-07-21T20:51:01.586+0100] {processor.py:839} INFO - DAG(s) dict_keys(['example_setup_teardown']) retrieved from /Users/apoorvasaxena/.pyenv/versions/airflow-venv/lib/python3.10/site-packages/airflow/example_dags/example_setup_teardown.py
[2024-07-21T20:51:01.660+0100] {logging_mixin.py:151} INFO - [2024-07-21T20:51:01.660+0100] {dag.py:2915} INFO - Sync 1 DAGs
[2024-07-21T20:51:01.667+0100] {logging_mixin.py:151} INFO - [2024-07-21T20:51:01.667+0100] {dag.py:3696} INFO - Setting next_dagrun for example_setup_teardown to 2024-07-20T19:51:01.666977+00:00, run_after=2024-07-21T19:51:01.666977+00:00
[2024-07-21T20:51:01.673+0100] {processor.py:179} INFO - Processing /Users/apoorvasaxena/.pyenv/versions/airflow-venv/lib/python3.10/site-packages/airflow/example_dags/example_setup_teardown.py took 0.102 seconds
[2024-07-21T20:52:15.448+0100] {processor.py:157} INFO - Started process (PID=82865) to work on /Users/apoorvasaxena/.pyenv/versions/airflow-venv/lib/python3.10/site-packages/airflow/example_dags/example_setup_teardown.py
[2024-07-21T20:52:15.451+0100] {processor.py:829} INFO - Processing file /Users/apoorvasaxena/.pyenv/versions/airflow-venv/lib/python3.10/site-packages/airflow/example_dags/example_setup_teardown.py for tasks to queue
[2024-07-21T20:52:15.451+0100] {logging_mixin.py:151} INFO - [2024-07-21T20:52:15.451+0100] {dagbag.py:539} INFO - Filling up the DagBag from /Users/apoorvasaxena/.pyenv/versions/airflow-venv/lib/python3.10/site-packages/airflow/example_dags/example_setup_teardown.py
[2024-07-21T20:52:15.463+0100] {processor.py:839} INFO - DAG(s) dict_keys(['example_setup_teardown']) retrieved from /Users/apoorvasaxena/.pyenv/versions/airflow-venv/lib/python3.10/site-packages/airflow/example_dags/example_setup_teardown.py
[2024-07-21T20:52:15.536+0100] {logging_mixin.py:151} INFO - [2024-07-21T20:52:15.536+0100] {dag.py:2915} INFO - Sync 1 DAGs
[2024-07-21T20:52:15.542+0100] {logging_mixin.py:151} INFO - [2024-07-21T20:52:15.542+0100] {dag.py:3696} INFO - Setting next_dagrun for example_setup_teardown to 2024-07-20T19:52:15.542568+00:00, run_after=2024-07-21T19:52:15.542568+00:00
[2024-07-21T20:52:15.549+0100] {processor.py:179} INFO - Processing /Users/apoorvasaxena/.pyenv/versions/airflow-venv/lib/python3.10/site-packages/airflow/example_dags/example_setup_teardown.py took 0.101 seconds
[2024-07-21T20:53:26.511+0100] {processor.py:157} INFO - Started process (PID=83676) to work on /Users/apoorvasaxena/.pyenv/versions/airflow-venv/lib/python3.10/site-packages/airflow/example_dags/example_setup_teardown.py
[2024-07-21T20:53:26.513+0100] {processor.py:829} INFO - Processing file /Users/apoorvasaxena/.pyenv/versions/airflow-venv/lib/python3.10/site-packages/airflow/example_dags/example_setup_teardown.py for tasks to queue
[2024-07-21T20:53:26.514+0100] {logging_mixin.py:151} INFO - [2024-07-21T20:53:26.514+0100] {dagbag.py:539} INFO - Filling up the DagBag from /Users/apoorvasaxena/.pyenv/versions/airflow-venv/lib/python3.10/site-packages/airflow/example_dags/example_setup_teardown.py
[2024-07-21T20:53:26.526+0100] {processor.py:839} INFO - DAG(s) dict_keys(['example_setup_teardown']) retrieved from /Users/apoorvasaxena/.pyenv/versions/airflow-venv/lib/python3.10/site-packages/airflow/example_dags/example_setup_teardown.py
[2024-07-21T20:53:26.603+0100] {logging_mixin.py:151} INFO - [2024-07-21T20:53:26.603+0100] {dag.py:2915} INFO - Sync 1 DAGs
[2024-07-21T20:53:26.609+0100] {logging_mixin.py:151} INFO - [2024-07-21T20:53:26.609+0100] {dag.py:3696} INFO - Setting next_dagrun for example_setup_teardown to 2024-07-20T19:53:26.609725+00:00, run_after=2024-07-21T19:53:26.609725+00:00
[2024-07-21T20:53:26.616+0100] {processor.py:179} INFO - Processing /Users/apoorvasaxena/.pyenv/versions/airflow-venv/lib/python3.10/site-packages/airflow/example_dags/example_setup_teardown.py took 0.106 seconds
[2024-07-21T20:54:43.682+0100] {processor.py:157} INFO - Started process (PID=83782) to work on /Users/apoorvasaxena/.pyenv/versions/airflow-venv/lib/python3.10/site-packages/airflow/example_dags/example_setup_teardown.py
[2024-07-21T20:54:43.685+0100] {processor.py:829} INFO - Processing file /Users/apoorvasaxena/.pyenv/versions/airflow-venv/lib/python3.10/site-packages/airflow/example_dags/example_setup_teardown.py for tasks to queue
[2024-07-21T20:54:43.685+0100] {logging_mixin.py:151} INFO - [2024-07-21T20:54:43.685+0100] {dagbag.py:539} INFO - Filling up the DagBag from /Users/apoorvasaxena/.pyenv/versions/airflow-venv/lib/python3.10/site-packages/airflow/example_dags/example_setup_teardown.py
[2024-07-21T20:54:43.697+0100] {processor.py:839} INFO - DAG(s) dict_keys(['example_setup_teardown']) retrieved from /Users/apoorvasaxena/.pyenv/versions/airflow-venv/lib/python3.10/site-packages/airflow/example_dags/example_setup_teardown.py
[2024-07-21T20:54:43.771+0100] {logging_mixin.py:151} INFO - [2024-07-21T20:54:43.770+0100] {dag.py:2915} INFO - Sync 1 DAGs
[2024-07-21T20:54:43.777+0100] {logging_mixin.py:151} INFO - [2024-07-21T20:54:43.776+0100] {dag.py:3696} INFO - Setting next_dagrun for example_setup_teardown to 2024-07-20T19:54:43.776908+00:00, run_after=2024-07-21T19:54:43.776908+00:00
[2024-07-21T20:54:43.783+0100] {processor.py:179} INFO - Processing /Users/apoorvasaxena/.pyenv/versions/airflow-venv/lib/python3.10/site-packages/airflow/example_dags/example_setup_teardown.py took 0.101 seconds
[2024-07-21T20:55:57.886+0100] {processor.py:157} INFO - Started process (PID=83883) to work on /Users/apoorvasaxena/.pyenv/versions/airflow-venv/lib/python3.10/site-packages/airflow/example_dags/example_setup_teardown.py
[2024-07-21T20:55:57.889+0100] {processor.py:829} INFO - Processing file /Users/apoorvasaxena/.pyenv/versions/airflow-venv/lib/python3.10/site-packages/airflow/example_dags/example_setup_teardown.py for tasks to queue
[2024-07-21T20:55:57.889+0100] {logging_mixin.py:151} INFO - [2024-07-21T20:55:57.889+0100] {dagbag.py:539} INFO - Filling up the DagBag from /Users/apoorvasaxena/.pyenv/versions/airflow-venv/lib/python3.10/site-packages/airflow/example_dags/example_setup_teardown.py
[2024-07-21T20:55:57.902+0100] {processor.py:839} INFO - DAG(s) dict_keys(['example_setup_teardown']) retrieved from /Users/apoorvasaxena/.pyenv/versions/airflow-venv/lib/python3.10/site-packages/airflow/example_dags/example_setup_teardown.py
[2024-07-21T20:55:57.976+0100] {logging_mixin.py:151} INFO - [2024-07-21T20:55:57.976+0100] {dag.py:2915} INFO - Sync 1 DAGs
[2024-07-21T20:55:57.982+0100] {logging_mixin.py:151} INFO - [2024-07-21T20:55:57.982+0100] {dag.py:3696} INFO - Setting next_dagrun for example_setup_teardown to 2024-07-20T19:55:57.982652+00:00, run_after=2024-07-21T19:55:57.982652+00:00
[2024-07-21T20:55:57.989+0100] {processor.py:179} INFO - Processing /Users/apoorvasaxena/.pyenv/versions/airflow-venv/lib/python3.10/site-packages/airflow/example_dags/example_setup_teardown.py took 0.104 seconds
[2024-07-21T20:57:11.739+0100] {processor.py:157} INFO - Started process (PID=83989) to work on /Users/apoorvasaxena/.pyenv/versions/airflow-venv/lib/python3.10/site-packages/airflow/example_dags/example_setup_teardown.py
[2024-07-21T20:57:11.742+0100] {processor.py:829} INFO - Processing file /Users/apoorvasaxena/.pyenv/versions/airflow-venv/lib/python3.10/site-packages/airflow/example_dags/example_setup_teardown.py for tasks to queue
[2024-07-21T20:57:11.742+0100] {logging_mixin.py:151} INFO - [2024-07-21T20:57:11.742+0100] {dagbag.py:539} INFO - Filling up the DagBag from /Users/apoorvasaxena/.pyenv/versions/airflow-venv/lib/python3.10/site-packages/airflow/example_dags/example_setup_teardown.py
[2024-07-21T20:57:11.755+0100] {processor.py:839} INFO - DAG(s) dict_keys(['example_setup_teardown']) retrieved from /Users/apoorvasaxena/.pyenv/versions/airflow-venv/lib/python3.10/site-packages/airflow/example_dags/example_setup_teardown.py
[2024-07-21T20:57:11.829+0100] {logging_mixin.py:151} INFO - [2024-07-21T20:57:11.829+0100] {dag.py:2915} INFO - Sync 1 DAGs
[2024-07-21T20:57:11.835+0100] {logging_mixin.py:151} INFO - [2024-07-21T20:57:11.835+0100] {dag.py:3696} INFO - Setting next_dagrun for example_setup_teardown to 2024-07-20T19:57:11.835350+00:00, run_after=2024-07-21T19:57:11.835350+00:00
[2024-07-21T20:57:11.841+0100] {processor.py:179} INFO - Processing /Users/apoorvasaxena/.pyenv/versions/airflow-venv/lib/python3.10/site-packages/airflow/example_dags/example_setup_teardown.py took 0.103 seconds
[2024-07-21T20:58:20.613+0100] {processor.py:157} INFO - Started process (PID=84064) to work on /Users/apoorvasaxena/.pyenv/versions/airflow-venv/lib/python3.10/site-packages/airflow/example_dags/example_setup_teardown.py
[2024-07-21T20:58:20.615+0100] {processor.py:829} INFO - Processing file /Users/apoorvasaxena/.pyenv/versions/airflow-venv/lib/python3.10/site-packages/airflow/example_dags/example_setup_teardown.py for tasks to queue
[2024-07-21T20:58:20.615+0100] {logging_mixin.py:151} INFO - [2024-07-21T20:58:20.615+0100] {dagbag.py:539} INFO - Filling up the DagBag from /Users/apoorvasaxena/.pyenv/versions/airflow-venv/lib/python3.10/site-packages/airflow/example_dags/example_setup_teardown.py
[2024-07-21T20:58:20.627+0100] {processor.py:839} INFO - DAG(s) dict_keys(['example_setup_teardown']) retrieved from /Users/apoorvasaxena/.pyenv/versions/airflow-venv/lib/python3.10/site-packages/airflow/example_dags/example_setup_teardown.py
[2024-07-21T20:58:20.701+0100] {logging_mixin.py:151} INFO - [2024-07-21T20:58:20.700+0100] {dag.py:2915} INFO - Sync 1 DAGs
[2024-07-21T20:58:20.707+0100] {logging_mixin.py:151} INFO - [2024-07-21T20:58:20.706+0100] {dag.py:3696} INFO - Setting next_dagrun for example_setup_teardown to 2024-07-20T19:58:20.706892+00:00, run_after=2024-07-21T19:58:20.706892+00:00
[2024-07-21T20:58:20.713+0100] {processor.py:179} INFO - Processing /Users/apoorvasaxena/.pyenv/versions/airflow-venv/lib/python3.10/site-packages/airflow/example_dags/example_setup_teardown.py took 0.100 seconds
[2024-07-21T20:59:32.655+0100] {processor.py:157} INFO - Started process (PID=84143) to work on /Users/apoorvasaxena/.pyenv/versions/airflow-venv/lib/python3.10/site-packages/airflow/example_dags/example_setup_teardown.py
[2024-07-21T20:59:32.657+0100] {processor.py:829} INFO - Processing file /Users/apoorvasaxena/.pyenv/versions/airflow-venv/lib/python3.10/site-packages/airflow/example_dags/example_setup_teardown.py for tasks to queue
[2024-07-21T20:59:32.657+0100] {logging_mixin.py:151} INFO - [2024-07-21T20:59:32.657+0100] {dagbag.py:539} INFO - Filling up the DagBag from /Users/apoorvasaxena/.pyenv/versions/airflow-venv/lib/python3.10/site-packages/airflow/example_dags/example_setup_teardown.py
[2024-07-21T20:59:32.670+0100] {processor.py:839} INFO - DAG(s) dict_keys(['example_setup_teardown']) retrieved from /Users/apoorvasaxena/.pyenv/versions/airflow-venv/lib/python3.10/site-packages/airflow/example_dags/example_setup_teardown.py
[2024-07-21T20:59:32.748+0100] {logging_mixin.py:151} INFO - [2024-07-21T20:59:32.748+0100] {dag.py:2915} INFO - Sync 1 DAGs
[2024-07-21T20:59:32.755+0100] {logging_mixin.py:151} INFO - [2024-07-21T20:59:32.755+0100] {dag.py:3696} INFO - Setting next_dagrun for example_setup_teardown to 2024-07-20T19:59:32.755422+00:00, run_after=2024-07-21T19:59:32.755422+00:00
[2024-07-21T20:59:32.762+0100] {processor.py:179} INFO - Processing /Users/apoorvasaxena/.pyenv/versions/airflow-venv/lib/python3.10/site-packages/airflow/example_dags/example_setup_teardown.py took 0.107 seconds
[2024-07-21T21:00:44.000+0100] {processor.py:157} INFO - Started process (PID=84229) to work on /Users/apoorvasaxena/.pyenv/versions/airflow-venv/lib/python3.10/site-packages/airflow/example_dags/example_setup_teardown.py
[2024-07-21T21:00:44.002+0100] {processor.py:829} INFO - Processing file /Users/apoorvasaxena/.pyenv/versions/airflow-venv/lib/python3.10/site-packages/airflow/example_dags/example_setup_teardown.py for tasks to queue
[2024-07-21T21:00:44.002+0100] {logging_mixin.py:151} INFO - [2024-07-21T21:00:44.002+0100] {dagbag.py:539} INFO - Filling up the DagBag from /Users/apoorvasaxena/.pyenv/versions/airflow-venv/lib/python3.10/site-packages/airflow/example_dags/example_setup_teardown.py
[2024-07-21T21:00:44.014+0100] {processor.py:839} INFO - DAG(s) dict_keys(['example_setup_teardown']) retrieved from /Users/apoorvasaxena/.pyenv/versions/airflow-venv/lib/python3.10/site-packages/airflow/example_dags/example_setup_teardown.py
[2024-07-21T21:00:44.087+0100] {logging_mixin.py:151} INFO - [2024-07-21T21:00:44.087+0100] {dag.py:2915} INFO - Sync 1 DAGs
[2024-07-21T21:00:44.093+0100] {logging_mixin.py:151} INFO - [2024-07-21T21:00:44.093+0100] {dag.py:3696} INFO - Setting next_dagrun for example_setup_teardown to 2024-07-20T20:00:44.093657+00:00, run_after=2024-07-21T20:00:44.093657+00:00
[2024-07-21T21:00:44.100+0100] {processor.py:179} INFO - Processing /Users/apoorvasaxena/.pyenv/versions/airflow-venv/lib/python3.10/site-packages/airflow/example_dags/example_setup_teardown.py took 0.101 seconds
[2024-07-21T21:01:56.986+0100] {processor.py:157} INFO - Started process (PID=84309) to work on /Users/apoorvasaxena/.pyenv/versions/airflow-venv/lib/python3.10/site-packages/airflow/example_dags/example_setup_teardown.py
[2024-07-21T21:01:56.988+0100] {processor.py:829} INFO - Processing file /Users/apoorvasaxena/.pyenv/versions/airflow-venv/lib/python3.10/site-packages/airflow/example_dags/example_setup_teardown.py for tasks to queue
[2024-07-21T21:01:56.989+0100] {logging_mixin.py:151} INFO - [2024-07-21T21:01:56.989+0100] {dagbag.py:539} INFO - Filling up the DagBag from /Users/apoorvasaxena/.pyenv/versions/airflow-venv/lib/python3.10/site-packages/airflow/example_dags/example_setup_teardown.py
[2024-07-21T21:01:57.001+0100] {processor.py:839} INFO - DAG(s) dict_keys(['example_setup_teardown']) retrieved from /Users/apoorvasaxena/.pyenv/versions/airflow-venv/lib/python3.10/site-packages/airflow/example_dags/example_setup_teardown.py
[2024-07-21T21:01:57.074+0100] {logging_mixin.py:151} INFO - [2024-07-21T21:01:57.073+0100] {dag.py:2915} INFO - Sync 1 DAGs
[2024-07-21T21:01:57.080+0100] {logging_mixin.py:151} INFO - [2024-07-21T21:01:57.080+0100] {dag.py:3696} INFO - Setting next_dagrun for example_setup_teardown to 2024-07-20T20:01:57.080222+00:00, run_after=2024-07-21T20:01:57.080222+00:00
[2024-07-21T21:01:57.086+0100] {processor.py:179} INFO - Processing /Users/apoorvasaxena/.pyenv/versions/airflow-venv/lib/python3.10/site-packages/airflow/example_dags/example_setup_teardown.py took 0.101 seconds
[2024-07-21T21:03:12.218+0100] {processor.py:157} INFO - Started process (PID=84407) to work on /Users/apoorvasaxena/.pyenv/versions/airflow-venv/lib/python3.10/site-packages/airflow/example_dags/example_setup_teardown.py
[2024-07-21T21:03:12.221+0100] {processor.py:829} INFO - Processing file /Users/apoorvasaxena/.pyenv/versions/airflow-venv/lib/python3.10/site-packages/airflow/example_dags/example_setup_teardown.py for tasks to queue
[2024-07-21T21:03:12.221+0100] {logging_mixin.py:151} INFO - [2024-07-21T21:03:12.221+0100] {dagbag.py:539} INFO - Filling up the DagBag from /Users/apoorvasaxena/.pyenv/versions/airflow-venv/lib/python3.10/site-packages/airflow/example_dags/example_setup_teardown.py
[2024-07-21T21:03:12.234+0100] {processor.py:839} INFO - DAG(s) dict_keys(['example_setup_teardown']) retrieved from /Users/apoorvasaxena/.pyenv/versions/airflow-venv/lib/python3.10/site-packages/airflow/example_dags/example_setup_teardown.py
[2024-07-21T21:03:12.307+0100] {logging_mixin.py:151} INFO - [2024-07-21T21:03:12.307+0100] {dag.py:2915} INFO - Sync 1 DAGs
[2024-07-21T21:03:12.313+0100] {logging_mixin.py:151} INFO - [2024-07-21T21:03:12.313+0100] {dag.py:3696} INFO - Setting next_dagrun for example_setup_teardown to 2024-07-20T20:03:12.313295+00:00, run_after=2024-07-21T20:03:12.313295+00:00
[2024-07-21T21:03:12.319+0100] {processor.py:179} INFO - Processing /Users/apoorvasaxena/.pyenv/versions/airflow-venv/lib/python3.10/site-packages/airflow/example_dags/example_setup_teardown.py took 0.101 seconds
[2024-07-21T21:04:26.902+0100] {processor.py:157} INFO - Started process (PID=84508) to work on /Users/apoorvasaxena/.pyenv/versions/airflow-venv/lib/python3.10/site-packages/airflow/example_dags/example_setup_teardown.py
[2024-07-21T21:04:26.904+0100] {processor.py:829} INFO - Processing file /Users/apoorvasaxena/.pyenv/versions/airflow-venv/lib/python3.10/site-packages/airflow/example_dags/example_setup_teardown.py for tasks to queue
[2024-07-21T21:04:26.904+0100] {logging_mixin.py:151} INFO - [2024-07-21T21:04:26.904+0100] {dagbag.py:539} INFO - Filling up the DagBag from /Users/apoorvasaxena/.pyenv/versions/airflow-venv/lib/python3.10/site-packages/airflow/example_dags/example_setup_teardown.py
[2024-07-21T21:04:26.916+0100] {processor.py:839} INFO - DAG(s) dict_keys(['example_setup_teardown']) retrieved from /Users/apoorvasaxena/.pyenv/versions/airflow-venv/lib/python3.10/site-packages/airflow/example_dags/example_setup_teardown.py
[2024-07-21T21:04:26.990+0100] {logging_mixin.py:151} INFO - [2024-07-21T21:04:26.989+0100] {dag.py:2915} INFO - Sync 1 DAGs
[2024-07-21T21:04:26.996+0100] {logging_mixin.py:151} INFO - [2024-07-21T21:04:26.996+0100] {dag.py:3696} INFO - Setting next_dagrun for example_setup_teardown to 2024-07-20T20:04:26.996195+00:00, run_after=2024-07-21T20:04:26.996195+00:00
[2024-07-21T21:04:27.003+0100] {processor.py:179} INFO - Processing /Users/apoorvasaxena/.pyenv/versions/airflow-venv/lib/python3.10/site-packages/airflow/example_dags/example_setup_teardown.py took 0.102 seconds
[2024-07-21T21:05:40.485+0100] {processor.py:157} INFO - Started process (PID=84597) to work on /Users/apoorvasaxena/.pyenv/versions/airflow-venv/lib/python3.10/site-packages/airflow/example_dags/example_setup_teardown.py
[2024-07-21T21:05:40.488+0100] {processor.py:829} INFO - Processing file /Users/apoorvasaxena/.pyenv/versions/airflow-venv/lib/python3.10/site-packages/airflow/example_dags/example_setup_teardown.py for tasks to queue
[2024-07-21T21:05:40.488+0100] {logging_mixin.py:151} INFO - [2024-07-21T21:05:40.488+0100] {dagbag.py:539} INFO - Filling up the DagBag from /Users/apoorvasaxena/.pyenv/versions/airflow-venv/lib/python3.10/site-packages/airflow/example_dags/example_setup_teardown.py
[2024-07-21T21:05:40.500+0100] {processor.py:839} INFO - DAG(s) dict_keys(['example_setup_teardown']) retrieved from /Users/apoorvasaxena/.pyenv/versions/airflow-venv/lib/python3.10/site-packages/airflow/example_dags/example_setup_teardown.py
[2024-07-21T21:05:40.573+0100] {logging_mixin.py:151} INFO - [2024-07-21T21:05:40.573+0100] {dag.py:2915} INFO - Sync 1 DAGs
[2024-07-21T21:05:40.579+0100] {logging_mixin.py:151} INFO - [2024-07-21T21:05:40.579+0100] {dag.py:3696} INFO - Setting next_dagrun for example_setup_teardown to 2024-07-20T20:05:40.579785+00:00, run_after=2024-07-21T20:05:40.579785+00:00
[2024-07-21T21:05:40.586+0100] {processor.py:179} INFO - Processing /Users/apoorvasaxena/.pyenv/versions/airflow-venv/lib/python3.10/site-packages/airflow/example_dags/example_setup_teardown.py took 0.101 seconds
[2024-07-21T21:06:50.888+0100] {processor.py:157} INFO - Started process (PID=84696) to work on /Users/apoorvasaxena/.pyenv/versions/airflow-venv/lib/python3.10/site-packages/airflow/example_dags/example_setup_teardown.py
[2024-07-21T21:06:50.891+0100] {processor.py:829} INFO - Processing file /Users/apoorvasaxena/.pyenv/versions/airflow-venv/lib/python3.10/site-packages/airflow/example_dags/example_setup_teardown.py for tasks to queue
[2024-07-21T21:06:50.891+0100] {logging_mixin.py:151} INFO - [2024-07-21T21:06:50.891+0100] {dagbag.py:539} INFO - Filling up the DagBag from /Users/apoorvasaxena/.pyenv/versions/airflow-venv/lib/python3.10/site-packages/airflow/example_dags/example_setup_teardown.py
[2024-07-21T21:06:50.903+0100] {processor.py:839} INFO - DAG(s) dict_keys(['example_setup_teardown']) retrieved from /Users/apoorvasaxena/.pyenv/versions/airflow-venv/lib/python3.10/site-packages/airflow/example_dags/example_setup_teardown.py
[2024-07-21T21:06:50.976+0100] {logging_mixin.py:151} INFO - [2024-07-21T21:06:50.976+0100] {dag.py:2915} INFO - Sync 1 DAGs
[2024-07-21T21:06:50.982+0100] {logging_mixin.py:151} INFO - [2024-07-21T21:06:50.982+0100] {dag.py:3696} INFO - Setting next_dagrun for example_setup_teardown to 2024-07-20T20:06:50.982460+00:00, run_after=2024-07-21T20:06:50.982460+00:00
[2024-07-21T21:06:50.988+0100] {processor.py:179} INFO - Processing /Users/apoorvasaxena/.pyenv/versions/airflow-venv/lib/python3.10/site-packages/airflow/example_dags/example_setup_teardown.py took 0.100 seconds
[2024-07-21T21:07:59.656+0100] {processor.py:157} INFO - Started process (PID=84783) to work on /Users/apoorvasaxena/.pyenv/versions/airflow-venv/lib/python3.10/site-packages/airflow/example_dags/example_setup_teardown.py
[2024-07-21T21:07:59.659+0100] {processor.py:829} INFO - Processing file /Users/apoorvasaxena/.pyenv/versions/airflow-venv/lib/python3.10/site-packages/airflow/example_dags/example_setup_teardown.py for tasks to queue
[2024-07-21T21:07:59.659+0100] {logging_mixin.py:151} INFO - [2024-07-21T21:07:59.659+0100] {dagbag.py:539} INFO - Filling up the DagBag from /Users/apoorvasaxena/.pyenv/versions/airflow-venv/lib/python3.10/site-packages/airflow/example_dags/example_setup_teardown.py
[2024-07-21T21:07:59.671+0100] {processor.py:839} INFO - DAG(s) dict_keys(['example_setup_teardown']) retrieved from /Users/apoorvasaxena/.pyenv/versions/airflow-venv/lib/python3.10/site-packages/airflow/example_dags/example_setup_teardown.py
[2024-07-21T21:07:59.744+0100] {logging_mixin.py:151} INFO - [2024-07-21T21:07:59.744+0100] {dag.py:2915} INFO - Sync 1 DAGs
[2024-07-21T21:07:59.750+0100] {logging_mixin.py:151} INFO - [2024-07-21T21:07:59.750+0100] {dag.py:3696} INFO - Setting next_dagrun for example_setup_teardown to 2024-07-20T20:07:59.750284+00:00, run_after=2024-07-21T20:07:59.750284+00:00
[2024-07-21T21:07:59.756+0100] {processor.py:179} INFO - Processing /Users/apoorvasaxena/.pyenv/versions/airflow-venv/lib/python3.10/site-packages/airflow/example_dags/example_setup_teardown.py took 0.100 seconds
[2024-07-21T21:09:11.815+0100] {processor.py:157} INFO - Started process (PID=84878) to work on /Users/apoorvasaxena/.pyenv/versions/airflow-venv/lib/python3.10/site-packages/airflow/example_dags/example_setup_teardown.py
[2024-07-21T21:09:11.817+0100] {processor.py:829} INFO - Processing file /Users/apoorvasaxena/.pyenv/versions/airflow-venv/lib/python3.10/site-packages/airflow/example_dags/example_setup_teardown.py for tasks to queue
[2024-07-21T21:09:11.818+0100] {logging_mixin.py:151} INFO - [2024-07-21T21:09:11.817+0100] {dagbag.py:539} INFO - Filling up the DagBag from /Users/apoorvasaxena/.pyenv/versions/airflow-venv/lib/python3.10/site-packages/airflow/example_dags/example_setup_teardown.py
[2024-07-21T21:09:11.829+0100] {processor.py:839} INFO - DAG(s) dict_keys(['example_setup_teardown']) retrieved from /Users/apoorvasaxena/.pyenv/versions/airflow-venv/lib/python3.10/site-packages/airflow/example_dags/example_setup_teardown.py
[2024-07-21T21:09:11.902+0100] {logging_mixin.py:151} INFO - [2024-07-21T21:09:11.901+0100] {dag.py:2915} INFO - Sync 1 DAGs
[2024-07-21T21:09:11.908+0100] {logging_mixin.py:151} INFO - [2024-07-21T21:09:11.908+0100] {dag.py:3696} INFO - Setting next_dagrun for example_setup_teardown to 2024-07-20T20:09:11.908148+00:00, run_after=2024-07-21T20:09:11.908148+00:00
[2024-07-21T21:09:11.914+0100] {processor.py:179} INFO - Processing /Users/apoorvasaxena/.pyenv/versions/airflow-venv/lib/python3.10/site-packages/airflow/example_dags/example_setup_teardown.py took 0.100 seconds
[2024-07-21T21:10:25.602+0100] {processor.py:157} INFO - Started process (PID=84968) to work on /Users/apoorvasaxena/.pyenv/versions/airflow-venv/lib/python3.10/site-packages/airflow/example_dags/example_setup_teardown.py
[2024-07-21T21:10:25.604+0100] {processor.py:829} INFO - Processing file /Users/apoorvasaxena/.pyenv/versions/airflow-venv/lib/python3.10/site-packages/airflow/example_dags/example_setup_teardown.py for tasks to queue
[2024-07-21T21:10:25.605+0100] {logging_mixin.py:151} INFO - [2024-07-21T21:10:25.604+0100] {dagbag.py:539} INFO - Filling up the DagBag from /Users/apoorvasaxena/.pyenv/versions/airflow-venv/lib/python3.10/site-packages/airflow/example_dags/example_setup_teardown.py
[2024-07-21T21:10:25.617+0100] {processor.py:839} INFO - DAG(s) dict_keys(['example_setup_teardown']) retrieved from /Users/apoorvasaxena/.pyenv/versions/airflow-venv/lib/python3.10/site-packages/airflow/example_dags/example_setup_teardown.py
[2024-07-21T21:10:25.689+0100] {logging_mixin.py:151} INFO - [2024-07-21T21:10:25.689+0100] {dag.py:2915} INFO - Sync 1 DAGs
[2024-07-21T21:10:25.695+0100] {logging_mixin.py:151} INFO - [2024-07-21T21:10:25.695+0100] {dag.py:3696} INFO - Setting next_dagrun for example_setup_teardown to 2024-07-20T20:10:25.695533+00:00, run_after=2024-07-21T20:10:25.695533+00:00
[2024-07-21T21:10:25.701+0100] {processor.py:179} INFO - Processing /Users/apoorvasaxena/.pyenv/versions/airflow-venv/lib/python3.10/site-packages/airflow/example_dags/example_setup_teardown.py took 0.100 seconds
[2024-07-21T21:11:40.655+0100] {processor.py:157} INFO - Started process (PID=85072) to work on /Users/apoorvasaxena/.pyenv/versions/airflow-venv/lib/python3.10/site-packages/airflow/example_dags/example_setup_teardown.py
[2024-07-21T21:11:40.658+0100] {processor.py:829} INFO - Processing file /Users/apoorvasaxena/.pyenv/versions/airflow-venv/lib/python3.10/site-packages/airflow/example_dags/example_setup_teardown.py for tasks to queue
[2024-07-21T21:11:40.658+0100] {logging_mixin.py:151} INFO - [2024-07-21T21:11:40.658+0100] {dagbag.py:539} INFO - Filling up the DagBag from /Users/apoorvasaxena/.pyenv/versions/airflow-venv/lib/python3.10/site-packages/airflow/example_dags/example_setup_teardown.py
[2024-07-21T21:11:40.670+0100] {processor.py:839} INFO - DAG(s) dict_keys(['example_setup_teardown']) retrieved from /Users/apoorvasaxena/.pyenv/versions/airflow-venv/lib/python3.10/site-packages/airflow/example_dags/example_setup_teardown.py
[2024-07-21T21:11:40.743+0100] {logging_mixin.py:151} INFO - [2024-07-21T21:11:40.743+0100] {dag.py:2915} INFO - Sync 1 DAGs
[2024-07-21T21:11:40.749+0100] {logging_mixin.py:151} INFO - [2024-07-21T21:11:40.749+0100] {dag.py:3696} INFO - Setting next_dagrun for example_setup_teardown to 2024-07-20T20:11:40.749069+00:00, run_after=2024-07-21T20:11:40.749069+00:00
[2024-07-21T21:11:40.755+0100] {processor.py:179} INFO - Processing /Users/apoorvasaxena/.pyenv/versions/airflow-venv/lib/python3.10/site-packages/airflow/example_dags/example_setup_teardown.py took 0.100 seconds
[2024-07-21T21:12:50.509+0100] {processor.py:157} INFO - Started process (PID=85163) to work on /Users/apoorvasaxena/.pyenv/versions/airflow-venv/lib/python3.10/site-packages/airflow/example_dags/example_setup_teardown.py
[2024-07-21T21:12:50.512+0100] {processor.py:829} INFO - Processing file /Users/apoorvasaxena/.pyenv/versions/airflow-venv/lib/python3.10/site-packages/airflow/example_dags/example_setup_teardown.py for tasks to queue
[2024-07-21T21:12:50.513+0100] {logging_mixin.py:151} INFO - [2024-07-21T21:12:50.512+0100] {dagbag.py:539} INFO - Filling up the DagBag from /Users/apoorvasaxena/.pyenv/versions/airflow-venv/lib/python3.10/site-packages/airflow/example_dags/example_setup_teardown.py
[2024-07-21T21:12:50.525+0100] {processor.py:839} INFO - DAG(s) dict_keys(['example_setup_teardown']) retrieved from /Users/apoorvasaxena/.pyenv/versions/airflow-venv/lib/python3.10/site-packages/airflow/example_dags/example_setup_teardown.py
[2024-07-21T21:12:50.596+0100] {logging_mixin.py:151} INFO - [2024-07-21T21:12:50.596+0100] {dag.py:2915} INFO - Sync 1 DAGs
[2024-07-21T21:12:50.602+0100] {logging_mixin.py:151} INFO - [2024-07-21T21:12:50.602+0100] {dag.py:3696} INFO - Setting next_dagrun for example_setup_teardown to 2024-07-20T20:12:50.602794+00:00, run_after=2024-07-21T20:12:50.602794+00:00
[2024-07-21T21:12:50.609+0100] {processor.py:179} INFO - Processing /Users/apoorvasaxena/.pyenv/versions/airflow-venv/lib/python3.10/site-packages/airflow/example_dags/example_setup_teardown.py took 0.099 seconds
[2024-07-21T21:14:01.878+0100] {processor.py:157} INFO - Started process (PID=85256) to work on /Users/apoorvasaxena/.pyenv/versions/airflow-venv/lib/python3.10/site-packages/airflow/example_dags/example_setup_teardown.py
[2024-07-21T21:14:01.880+0100] {processor.py:829} INFO - Processing file /Users/apoorvasaxena/.pyenv/versions/airflow-venv/lib/python3.10/site-packages/airflow/example_dags/example_setup_teardown.py for tasks to queue
[2024-07-21T21:14:01.880+0100] {logging_mixin.py:151} INFO - [2024-07-21T21:14:01.880+0100] {dagbag.py:539} INFO - Filling up the DagBag from /Users/apoorvasaxena/.pyenv/versions/airflow-venv/lib/python3.10/site-packages/airflow/example_dags/example_setup_teardown.py
[2024-07-21T21:14:01.892+0100] {processor.py:839} INFO - DAG(s) dict_keys(['example_setup_teardown']) retrieved from /Users/apoorvasaxena/.pyenv/versions/airflow-venv/lib/python3.10/site-packages/airflow/example_dags/example_setup_teardown.py
[2024-07-21T21:14:01.964+0100] {logging_mixin.py:151} INFO - [2024-07-21T21:14:01.964+0100] {dag.py:2915} INFO - Sync 1 DAGs
[2024-07-21T21:14:01.971+0100] {logging_mixin.py:151} INFO - [2024-07-21T21:14:01.971+0100] {dag.py:3696} INFO - Setting next_dagrun for example_setup_teardown to 2024-07-20T20:14:01.970965+00:00, run_after=2024-07-21T20:14:01.970965+00:00
[2024-07-21T21:14:01.977+0100] {processor.py:179} INFO - Processing /Users/apoorvasaxena/.pyenv/versions/airflow-venv/lib/python3.10/site-packages/airflow/example_dags/example_setup_teardown.py took 0.099 seconds
[2024-07-21T21:15:12.306+0100] {processor.py:157} INFO - Started process (PID=85352) to work on /Users/apoorvasaxena/.pyenv/versions/airflow-venv/lib/python3.10/site-packages/airflow/example_dags/example_setup_teardown.py
[2024-07-21T21:15:12.309+0100] {processor.py:829} INFO - Processing file /Users/apoorvasaxena/.pyenv/versions/airflow-venv/lib/python3.10/site-packages/airflow/example_dags/example_setup_teardown.py for tasks to queue
[2024-07-21T21:15:12.309+0100] {logging_mixin.py:151} INFO - [2024-07-21T21:15:12.309+0100] {dagbag.py:539} INFO - Filling up the DagBag from /Users/apoorvasaxena/.pyenv/versions/airflow-venv/lib/python3.10/site-packages/airflow/example_dags/example_setup_teardown.py
[2024-07-21T21:15:12.321+0100] {processor.py:839} INFO - DAG(s) dict_keys(['example_setup_teardown']) retrieved from /Users/apoorvasaxena/.pyenv/versions/airflow-venv/lib/python3.10/site-packages/airflow/example_dags/example_setup_teardown.py
[2024-07-21T21:15:12.393+0100] {logging_mixin.py:151} INFO - [2024-07-21T21:15:12.393+0100] {dag.py:2915} INFO - Sync 1 DAGs
[2024-07-21T21:15:12.399+0100] {logging_mixin.py:151} INFO - [2024-07-21T21:15:12.399+0100] {dag.py:3696} INFO - Setting next_dagrun for example_setup_teardown to 2024-07-20T20:15:12.399124+00:00, run_after=2024-07-21T20:15:12.399124+00:00
[2024-07-21T21:15:12.405+0100] {processor.py:179} INFO - Processing /Users/apoorvasaxena/.pyenv/versions/airflow-venv/lib/python3.10/site-packages/airflow/example_dags/example_setup_teardown.py took 0.100 seconds
[2024-07-21T21:16:21.869+0100] {processor.py:157} INFO - Started process (PID=85449) to work on /Users/apoorvasaxena/.pyenv/versions/airflow-venv/lib/python3.10/site-packages/airflow/example_dags/example_setup_teardown.py
[2024-07-21T21:16:21.871+0100] {processor.py:829} INFO - Processing file /Users/apoorvasaxena/.pyenv/versions/airflow-venv/lib/python3.10/site-packages/airflow/example_dags/example_setup_teardown.py for tasks to queue
[2024-07-21T21:16:21.871+0100] {logging_mixin.py:151} INFO - [2024-07-21T21:16:21.871+0100] {dagbag.py:539} INFO - Filling up the DagBag from /Users/apoorvasaxena/.pyenv/versions/airflow-venv/lib/python3.10/site-packages/airflow/example_dags/example_setup_teardown.py
[2024-07-21T21:16:21.884+0100] {processor.py:839} INFO - DAG(s) dict_keys(['example_setup_teardown']) retrieved from /Users/apoorvasaxena/.pyenv/versions/airflow-venv/lib/python3.10/site-packages/airflow/example_dags/example_setup_teardown.py
[2024-07-21T21:16:21.956+0100] {logging_mixin.py:151} INFO - [2024-07-21T21:16:21.955+0100] {dag.py:2915} INFO - Sync 1 DAGs
[2024-07-21T21:16:21.962+0100] {logging_mixin.py:151} INFO - [2024-07-21T21:16:21.962+0100] {dag.py:3696} INFO - Setting next_dagrun for example_setup_teardown to 2024-07-20T20:16:21.962032+00:00, run_after=2024-07-21T20:16:21.962032+00:00
[2024-07-21T21:16:21.968+0100] {processor.py:179} INFO - Processing /Users/apoorvasaxena/.pyenv/versions/airflow-venv/lib/python3.10/site-packages/airflow/example_dags/example_setup_teardown.py took 0.099 seconds
[2024-07-21T21:17:33.712+0100] {processor.py:157} INFO - Started process (PID=85542) to work on /Users/apoorvasaxena/.pyenv/versions/airflow-venv/lib/python3.10/site-packages/airflow/example_dags/example_setup_teardown.py
[2024-07-21T21:17:33.715+0100] {processor.py:829} INFO - Processing file /Users/apoorvasaxena/.pyenv/versions/airflow-venv/lib/python3.10/site-packages/airflow/example_dags/example_setup_teardown.py for tasks to queue
[2024-07-21T21:17:33.715+0100] {logging_mixin.py:151} INFO - [2024-07-21T21:17:33.715+0100] {dagbag.py:539} INFO - Filling up the DagBag from /Users/apoorvasaxena/.pyenv/versions/airflow-venv/lib/python3.10/site-packages/airflow/example_dags/example_setup_teardown.py
[2024-07-21T21:17:33.727+0100] {processor.py:839} INFO - DAG(s) dict_keys(['example_setup_teardown']) retrieved from /Users/apoorvasaxena/.pyenv/versions/airflow-venv/lib/python3.10/site-packages/airflow/example_dags/example_setup_teardown.py
[2024-07-21T21:17:33.800+0100] {logging_mixin.py:151} INFO - [2024-07-21T21:17:33.800+0100] {dag.py:2915} INFO - Sync 1 DAGs
[2024-07-21T21:17:33.806+0100] {logging_mixin.py:151} INFO - [2024-07-21T21:17:33.806+0100] {dag.py:3696} INFO - Setting next_dagrun for example_setup_teardown to 2024-07-20T20:17:33.806183+00:00, run_after=2024-07-21T20:17:33.806183+00:00
[2024-07-21T21:17:33.812+0100] {processor.py:179} INFO - Processing /Users/apoorvasaxena/.pyenv/versions/airflow-venv/lib/python3.10/site-packages/airflow/example_dags/example_setup_teardown.py took 0.100 seconds
[2024-07-21T21:18:42.365+0100] {processor.py:157} INFO - Started process (PID=85637) to work on /Users/apoorvasaxena/.pyenv/versions/airflow-venv/lib/python3.10/site-packages/airflow/example_dags/example_setup_teardown.py
[2024-07-21T21:18:42.367+0100] {processor.py:829} INFO - Processing file /Users/apoorvasaxena/.pyenv/versions/airflow-venv/lib/python3.10/site-packages/airflow/example_dags/example_setup_teardown.py for tasks to queue
[2024-07-21T21:18:42.367+0100] {logging_mixin.py:151} INFO - [2024-07-21T21:18:42.367+0100] {dagbag.py:539} INFO - Filling up the DagBag from /Users/apoorvasaxena/.pyenv/versions/airflow-venv/lib/python3.10/site-packages/airflow/example_dags/example_setup_teardown.py
[2024-07-21T21:18:42.379+0100] {processor.py:839} INFO - DAG(s) dict_keys(['example_setup_teardown']) retrieved from /Users/apoorvasaxena/.pyenv/versions/airflow-venv/lib/python3.10/site-packages/airflow/example_dags/example_setup_teardown.py
[2024-07-21T21:18:42.452+0100] {logging_mixin.py:151} INFO - [2024-07-21T21:18:42.451+0100] {dag.py:2915} INFO - Sync 1 DAGs
[2024-07-21T21:18:42.457+0100] {logging_mixin.py:151} INFO - [2024-07-21T21:18:42.457+0100] {dag.py:3696} INFO - Setting next_dagrun for example_setup_teardown to 2024-07-20T20:18:42.457610+00:00, run_after=2024-07-21T20:18:42.457610+00:00
[2024-07-21T21:18:42.463+0100] {processor.py:179} INFO - Processing /Users/apoorvasaxena/.pyenv/versions/airflow-venv/lib/python3.10/site-packages/airflow/example_dags/example_setup_teardown.py took 0.099 seconds
[2024-07-21T21:19:54.665+0100] {processor.py:157} INFO - Started process (PID=85727) to work on /Users/apoorvasaxena/.pyenv/versions/airflow-venv/lib/python3.10/site-packages/airflow/example_dags/example_setup_teardown.py
[2024-07-21T21:19:54.667+0100] {processor.py:829} INFO - Processing file /Users/apoorvasaxena/.pyenv/versions/airflow-venv/lib/python3.10/site-packages/airflow/example_dags/example_setup_teardown.py for tasks to queue
[2024-07-21T21:19:54.667+0100] {logging_mixin.py:151} INFO - [2024-07-21T21:19:54.667+0100] {dagbag.py:539} INFO - Filling up the DagBag from /Users/apoorvasaxena/.pyenv/versions/airflow-venv/lib/python3.10/site-packages/airflow/example_dags/example_setup_teardown.py
[2024-07-21T21:19:54.679+0100] {processor.py:839} INFO - DAG(s) dict_keys(['example_setup_teardown']) retrieved from /Users/apoorvasaxena/.pyenv/versions/airflow-venv/lib/python3.10/site-packages/airflow/example_dags/example_setup_teardown.py
[2024-07-21T21:19:54.752+0100] {logging_mixin.py:151} INFO - [2024-07-21T21:19:54.751+0100] {dag.py:2915} INFO - Sync 1 DAGs
[2024-07-21T21:19:54.758+0100] {logging_mixin.py:151} INFO - [2024-07-21T21:19:54.758+0100] {dag.py:3696} INFO - Setting next_dagrun for example_setup_teardown to 2024-07-20T20:19:54.758068+00:00, run_after=2024-07-21T20:19:54.758068+00:00
[2024-07-21T21:19:54.764+0100] {processor.py:179} INFO - Processing /Users/apoorvasaxena/.pyenv/versions/airflow-venv/lib/python3.10/site-packages/airflow/example_dags/example_setup_teardown.py took 0.099 seconds
[2024-07-21T21:21:08.602+0100] {processor.py:157} INFO - Started process (PID=85830) to work on /Users/apoorvasaxena/.pyenv/versions/airflow-venv/lib/python3.10/site-packages/airflow/example_dags/example_setup_teardown.py
[2024-07-21T21:21:08.604+0100] {processor.py:829} INFO - Processing file /Users/apoorvasaxena/.pyenv/versions/airflow-venv/lib/python3.10/site-packages/airflow/example_dags/example_setup_teardown.py for tasks to queue
[2024-07-21T21:21:08.604+0100] {logging_mixin.py:151} INFO - [2024-07-21T21:21:08.604+0100] {dagbag.py:539} INFO - Filling up the DagBag from /Users/apoorvasaxena/.pyenv/versions/airflow-venv/lib/python3.10/site-packages/airflow/example_dags/example_setup_teardown.py
[2024-07-21T21:21:08.616+0100] {processor.py:839} INFO - DAG(s) dict_keys(['example_setup_teardown']) retrieved from /Users/apoorvasaxena/.pyenv/versions/airflow-venv/lib/python3.10/site-packages/airflow/example_dags/example_setup_teardown.py
[2024-07-21T21:21:08.688+0100] {logging_mixin.py:151} INFO - [2024-07-21T21:21:08.688+0100] {dag.py:2915} INFO - Sync 1 DAGs
[2024-07-21T21:21:08.694+0100] {logging_mixin.py:151} INFO - [2024-07-21T21:21:08.694+0100] {dag.py:3696} INFO - Setting next_dagrun for example_setup_teardown to 2024-07-20T20:21:08.694542+00:00, run_after=2024-07-21T20:21:08.694542+00:00
[2024-07-21T21:21:08.700+0100] {processor.py:179} INFO - Processing /Users/apoorvasaxena/.pyenv/versions/airflow-venv/lib/python3.10/site-packages/airflow/example_dags/example_setup_teardown.py took 0.099 seconds
[2024-07-21T21:22:17.555+0100] {processor.py:157} INFO - Started process (PID=85923) to work on /Users/apoorvasaxena/.pyenv/versions/airflow-venv/lib/python3.10/site-packages/airflow/example_dags/example_setup_teardown.py
[2024-07-21T21:22:17.557+0100] {processor.py:829} INFO - Processing file /Users/apoorvasaxena/.pyenv/versions/airflow-venv/lib/python3.10/site-packages/airflow/example_dags/example_setup_teardown.py for tasks to queue
[2024-07-21T21:22:17.558+0100] {logging_mixin.py:151} INFO - [2024-07-21T21:22:17.558+0100] {dagbag.py:539} INFO - Filling up the DagBag from /Users/apoorvasaxena/.pyenv/versions/airflow-venv/lib/python3.10/site-packages/airflow/example_dags/example_setup_teardown.py
[2024-07-21T21:22:17.570+0100] {processor.py:839} INFO - DAG(s) dict_keys(['example_setup_teardown']) retrieved from /Users/apoorvasaxena/.pyenv/versions/airflow-venv/lib/python3.10/site-packages/airflow/example_dags/example_setup_teardown.py
[2024-07-21T21:22:17.642+0100] {logging_mixin.py:151} INFO - [2024-07-21T21:22:17.641+0100] {dag.py:2915} INFO - Sync 1 DAGs
[2024-07-21T21:22:17.648+0100] {logging_mixin.py:151} INFO - [2024-07-21T21:22:17.648+0100] {dag.py:3696} INFO - Setting next_dagrun for example_setup_teardown to 2024-07-20T20:22:17.647983+00:00, run_after=2024-07-21T20:22:17.647983+00:00
[2024-07-21T21:22:17.654+0100] {processor.py:179} INFO - Processing /Users/apoorvasaxena/.pyenv/versions/airflow-venv/lib/python3.10/site-packages/airflow/example_dags/example_setup_teardown.py took 0.100 seconds
[2024-07-21T21:23:30.517+0100] {processor.py:157} INFO - Started process (PID=86016) to work on /Users/apoorvasaxena/.pyenv/versions/airflow-venv/lib/python3.10/site-packages/airflow/example_dags/example_setup_teardown.py
[2024-07-21T21:23:30.519+0100] {processor.py:829} INFO - Processing file /Users/apoorvasaxena/.pyenv/versions/airflow-venv/lib/python3.10/site-packages/airflow/example_dags/example_setup_teardown.py for tasks to queue
[2024-07-21T21:23:30.519+0100] {logging_mixin.py:151} INFO - [2024-07-21T21:23:30.519+0100] {dagbag.py:539} INFO - Filling up the DagBag from /Users/apoorvasaxena/.pyenv/versions/airflow-venv/lib/python3.10/site-packages/airflow/example_dags/example_setup_teardown.py
[2024-07-21T21:23:30.531+0100] {processor.py:839} INFO - DAG(s) dict_keys(['example_setup_teardown']) retrieved from /Users/apoorvasaxena/.pyenv/versions/airflow-venv/lib/python3.10/site-packages/airflow/example_dags/example_setup_teardown.py
[2024-07-21T21:23:30.603+0100] {logging_mixin.py:151} INFO - [2024-07-21T21:23:30.603+0100] {dag.py:2915} INFO - Sync 1 DAGs
[2024-07-21T21:23:30.610+0100] {logging_mixin.py:151} INFO - [2024-07-21T21:23:30.609+0100] {dag.py:3696} INFO - Setting next_dagrun for example_setup_teardown to 2024-07-20T20:23:30.609931+00:00, run_after=2024-07-21T20:23:30.609931+00:00
[2024-07-21T21:23:30.616+0100] {processor.py:179} INFO - Processing /Users/apoorvasaxena/.pyenv/versions/airflow-venv/lib/python3.10/site-packages/airflow/example_dags/example_setup_teardown.py took 0.099 seconds
[2024-07-21T21:24:40.838+0100] {processor.py:157} INFO - Started process (PID=86121) to work on /Users/apoorvasaxena/.pyenv/versions/airflow-venv/lib/python3.10/site-packages/airflow/example_dags/example_setup_teardown.py
[2024-07-21T21:24:40.841+0100] {processor.py:829} INFO - Processing file /Users/apoorvasaxena/.pyenv/versions/airflow-venv/lib/python3.10/site-packages/airflow/example_dags/example_setup_teardown.py for tasks to queue
[2024-07-21T21:24:40.841+0100] {logging_mixin.py:151} INFO - [2024-07-21T21:24:40.841+0100] {dagbag.py:539} INFO - Filling up the DagBag from /Users/apoorvasaxena/.pyenv/versions/airflow-venv/lib/python3.10/site-packages/airflow/example_dags/example_setup_teardown.py
[2024-07-21T21:24:40.853+0100] {processor.py:839} INFO - DAG(s) dict_keys(['example_setup_teardown']) retrieved from /Users/apoorvasaxena/.pyenv/versions/airflow-venv/lib/python3.10/site-packages/airflow/example_dags/example_setup_teardown.py
[2024-07-21T21:24:40.926+0100] {logging_mixin.py:151} INFO - [2024-07-21T21:24:40.925+0100] {dag.py:2915} INFO - Sync 1 DAGs
[2024-07-21T21:24:40.931+0100] {logging_mixin.py:151} INFO - [2024-07-21T21:24:40.931+0100] {dag.py:3696} INFO - Setting next_dagrun for example_setup_teardown to 2024-07-20T20:24:40.931760+00:00, run_after=2024-07-21T20:24:40.931760+00:00
[2024-07-21T21:24:40.938+0100] {processor.py:179} INFO - Processing /Users/apoorvasaxena/.pyenv/versions/airflow-venv/lib/python3.10/site-packages/airflow/example_dags/example_setup_teardown.py took 0.099 seconds
[2024-07-21T21:25:51.414+0100] {processor.py:157} INFO - Started process (PID=86210) to work on /Users/apoorvasaxena/.pyenv/versions/airflow-venv/lib/python3.10/site-packages/airflow/example_dags/example_setup_teardown.py
[2024-07-21T21:25:51.416+0100] {processor.py:829} INFO - Processing file /Users/apoorvasaxena/.pyenv/versions/airflow-venv/lib/python3.10/site-packages/airflow/example_dags/example_setup_teardown.py for tasks to queue
[2024-07-21T21:25:51.417+0100] {logging_mixin.py:151} INFO - [2024-07-21T21:25:51.417+0100] {dagbag.py:539} INFO - Filling up the DagBag from /Users/apoorvasaxena/.pyenv/versions/airflow-venv/lib/python3.10/site-packages/airflow/example_dags/example_setup_teardown.py
[2024-07-21T21:25:51.428+0100] {processor.py:839} INFO - DAG(s) dict_keys(['example_setup_teardown']) retrieved from /Users/apoorvasaxena/.pyenv/versions/airflow-venv/lib/python3.10/site-packages/airflow/example_dags/example_setup_teardown.py
[2024-07-21T21:25:51.501+0100] {logging_mixin.py:151} INFO - [2024-07-21T21:25:51.501+0100] {dag.py:2915} INFO - Sync 1 DAGs
[2024-07-21T21:25:51.507+0100] {logging_mixin.py:151} INFO - [2024-07-21T21:25:51.507+0100] {dag.py:3696} INFO - Setting next_dagrun for example_setup_teardown to 2024-07-20T20:25:51.507317+00:00, run_after=2024-07-21T20:25:51.507317+00:00
[2024-07-21T21:25:51.513+0100] {processor.py:179} INFO - Processing /Users/apoorvasaxena/.pyenv/versions/airflow-venv/lib/python3.10/site-packages/airflow/example_dags/example_setup_teardown.py took 0.099 seconds
[2024-07-21T21:27:02.081+0100] {processor.py:157} INFO - Started process (PID=86302) to work on /Users/apoorvasaxena/.pyenv/versions/airflow-venv/lib/python3.10/site-packages/airflow/example_dags/example_setup_teardown.py
[2024-07-21T21:27:02.083+0100] {processor.py:829} INFO - Processing file /Users/apoorvasaxena/.pyenv/versions/airflow-venv/lib/python3.10/site-packages/airflow/example_dags/example_setup_teardown.py for tasks to queue
[2024-07-21T21:27:02.083+0100] {logging_mixin.py:151} INFO - [2024-07-21T21:27:02.083+0100] {dagbag.py:539} INFO - Filling up the DagBag from /Users/apoorvasaxena/.pyenv/versions/airflow-venv/lib/python3.10/site-packages/airflow/example_dags/example_setup_teardown.py
[2024-07-21T21:27:02.095+0100] {processor.py:839} INFO - DAG(s) dict_keys(['example_setup_teardown']) retrieved from /Users/apoorvasaxena/.pyenv/versions/airflow-venv/lib/python3.10/site-packages/airflow/example_dags/example_setup_teardown.py
[2024-07-21T21:27:02.167+0100] {logging_mixin.py:151} INFO - [2024-07-21T21:27:02.167+0100] {dag.py:2915} INFO - Sync 1 DAGs
[2024-07-21T21:27:02.174+0100] {logging_mixin.py:151} INFO - [2024-07-21T21:27:02.173+0100] {dag.py:3696} INFO - Setting next_dagrun for example_setup_teardown to 2024-07-20T20:27:02.173943+00:00, run_after=2024-07-21T20:27:02.173943+00:00
[2024-07-21T21:27:02.180+0100] {processor.py:179} INFO - Processing /Users/apoorvasaxena/.pyenv/versions/airflow-venv/lib/python3.10/site-packages/airflow/example_dags/example_setup_teardown.py took 0.099 seconds
[2024-07-21T21:28:12.686+0100] {processor.py:157} INFO - Started process (PID=86397) to work on /Users/apoorvasaxena/.pyenv/versions/airflow-venv/lib/python3.10/site-packages/airflow/example_dags/example_setup_teardown.py
[2024-07-21T21:28:12.688+0100] {processor.py:829} INFO - Processing file /Users/apoorvasaxena/.pyenv/versions/airflow-venv/lib/python3.10/site-packages/airflow/example_dags/example_setup_teardown.py for tasks to queue
[2024-07-21T21:28:12.688+0100] {logging_mixin.py:151} INFO - [2024-07-21T21:28:12.688+0100] {dagbag.py:539} INFO - Filling up the DagBag from /Users/apoorvasaxena/.pyenv/versions/airflow-venv/lib/python3.10/site-packages/airflow/example_dags/example_setup_teardown.py
[2024-07-21T21:28:12.703+0100] {processor.py:839} INFO - DAG(s) dict_keys(['example_setup_teardown']) retrieved from /Users/apoorvasaxena/.pyenv/versions/airflow-venv/lib/python3.10/site-packages/airflow/example_dags/example_setup_teardown.py
[2024-07-21T21:28:12.778+0100] {logging_mixin.py:151} INFO - [2024-07-21T21:28:12.777+0100] {dag.py:2915} INFO - Sync 1 DAGs
[2024-07-21T21:28:12.784+0100] {logging_mixin.py:151} INFO - [2024-07-21T21:28:12.784+0100] {dag.py:3696} INFO - Setting next_dagrun for example_setup_teardown to 2024-07-20T20:28:12.784041+00:00, run_after=2024-07-21T20:28:12.784041+00:00
[2024-07-21T21:28:12.790+0100] {processor.py:179} INFO - Processing /Users/apoorvasaxena/.pyenv/versions/airflow-venv/lib/python3.10/site-packages/airflow/example_dags/example_setup_teardown.py took 0.105 seconds
[2024-07-21T21:29:26.365+0100] {processor.py:157} INFO - Started process (PID=86490) to work on /Users/apoorvasaxena/.pyenv/versions/airflow-venv/lib/python3.10/site-packages/airflow/example_dags/example_setup_teardown.py
[2024-07-21T21:29:26.367+0100] {processor.py:829} INFO - Processing file /Users/apoorvasaxena/.pyenv/versions/airflow-venv/lib/python3.10/site-packages/airflow/example_dags/example_setup_teardown.py for tasks to queue
[2024-07-21T21:29:26.368+0100] {logging_mixin.py:151} INFO - [2024-07-21T21:29:26.367+0100] {dagbag.py:539} INFO - Filling up the DagBag from /Users/apoorvasaxena/.pyenv/versions/airflow-venv/lib/python3.10/site-packages/airflow/example_dags/example_setup_teardown.py
[2024-07-21T21:29:26.379+0100] {processor.py:839} INFO - DAG(s) dict_keys(['example_setup_teardown']) retrieved from /Users/apoorvasaxena/.pyenv/versions/airflow-venv/lib/python3.10/site-packages/airflow/example_dags/example_setup_teardown.py
[2024-07-21T21:29:26.452+0100] {logging_mixin.py:151} INFO - [2024-07-21T21:29:26.451+0100] {dag.py:2915} INFO - Sync 1 DAGs
[2024-07-21T21:29:26.458+0100] {logging_mixin.py:151} INFO - [2024-07-21T21:29:26.457+0100] {dag.py:3696} INFO - Setting next_dagrun for example_setup_teardown to 2024-07-20T20:29:26.457908+00:00, run_after=2024-07-21T20:29:26.457908+00:00
[2024-07-21T21:29:26.464+0100] {processor.py:179} INFO - Processing /Users/apoorvasaxena/.pyenv/versions/airflow-venv/lib/python3.10/site-packages/airflow/example_dags/example_setup_teardown.py took 0.100 seconds
[2024-07-21T21:30:37.031+0100] {processor.py:157} INFO - Started process (PID=86584) to work on /Users/apoorvasaxena/.pyenv/versions/airflow-venv/lib/python3.10/site-packages/airflow/example_dags/example_setup_teardown.py
[2024-07-21T21:30:37.034+0100] {processor.py:829} INFO - Processing file /Users/apoorvasaxena/.pyenv/versions/airflow-venv/lib/python3.10/site-packages/airflow/example_dags/example_setup_teardown.py for tasks to queue
[2024-07-21T21:30:37.034+0100] {logging_mixin.py:151} INFO - [2024-07-21T21:30:37.034+0100] {dagbag.py:539} INFO - Filling up the DagBag from /Users/apoorvasaxena/.pyenv/versions/airflow-venv/lib/python3.10/site-packages/airflow/example_dags/example_setup_teardown.py
[2024-07-21T21:30:37.046+0100] {processor.py:839} INFO - DAG(s) dict_keys(['example_setup_teardown']) retrieved from /Users/apoorvasaxena/.pyenv/versions/airflow-venv/lib/python3.10/site-packages/airflow/example_dags/example_setup_teardown.py
[2024-07-21T21:30:37.118+0100] {logging_mixin.py:151} INFO - [2024-07-21T21:30:37.118+0100] {dag.py:2915} INFO - Sync 1 DAGs
[2024-07-21T21:30:37.124+0100] {logging_mixin.py:151} INFO - [2024-07-21T21:30:37.124+0100] {dag.py:3696} INFO - Setting next_dagrun for example_setup_teardown to 2024-07-20T20:30:37.124380+00:00, run_after=2024-07-21T20:30:37.124380+00:00
[2024-07-21T21:30:37.130+0100] {processor.py:179} INFO - Processing /Users/apoorvasaxena/.pyenv/versions/airflow-venv/lib/python3.10/site-packages/airflow/example_dags/example_setup_teardown.py took 0.099 seconds
[2024-07-21T21:31:48.726+0100] {processor.py:157} INFO - Started process (PID=86679) to work on /Users/apoorvasaxena/.pyenv/versions/airflow-venv/lib/python3.10/site-packages/airflow/example_dags/example_setup_teardown.py
[2024-07-21T21:31:48.728+0100] {processor.py:829} INFO - Processing file /Users/apoorvasaxena/.pyenv/versions/airflow-venv/lib/python3.10/site-packages/airflow/example_dags/example_setup_teardown.py for tasks to queue
[2024-07-21T21:31:48.728+0100] {logging_mixin.py:151} INFO - [2024-07-21T21:31:48.728+0100] {dagbag.py:539} INFO - Filling up the DagBag from /Users/apoorvasaxena/.pyenv/versions/airflow-venv/lib/python3.10/site-packages/airflow/example_dags/example_setup_teardown.py
[2024-07-21T21:31:48.740+0100] {processor.py:839} INFO - DAG(s) dict_keys(['example_setup_teardown']) retrieved from /Users/apoorvasaxena/.pyenv/versions/airflow-venv/lib/python3.10/site-packages/airflow/example_dags/example_setup_teardown.py
[2024-07-21T21:31:48.813+0100] {logging_mixin.py:151} INFO - [2024-07-21T21:31:48.813+0100] {dag.py:2915} INFO - Sync 1 DAGs
[2024-07-21T21:31:48.819+0100] {logging_mixin.py:151} INFO - [2024-07-21T21:31:48.819+0100] {dag.py:3696} INFO - Setting next_dagrun for example_setup_teardown to 2024-07-20T20:31:48.819318+00:00, run_after=2024-07-21T20:31:48.819318+00:00
[2024-07-21T21:31:48.825+0100] {processor.py:179} INFO - Processing /Users/apoorvasaxena/.pyenv/versions/airflow-venv/lib/python3.10/site-packages/airflow/example_dags/example_setup_teardown.py took 0.100 seconds
[2024-07-21T21:33:04.518+0100] {processor.py:157} INFO - Started process (PID=86795) to work on /Users/apoorvasaxena/.pyenv/versions/airflow-venv/lib/python3.10/site-packages/airflow/example_dags/example_setup_teardown.py
[2024-07-21T21:33:04.521+0100] {processor.py:829} INFO - Processing file /Users/apoorvasaxena/.pyenv/versions/airflow-venv/lib/python3.10/site-packages/airflow/example_dags/example_setup_teardown.py for tasks to queue
[2024-07-21T21:33:04.521+0100] {logging_mixin.py:151} INFO - [2024-07-21T21:33:04.521+0100] {dagbag.py:539} INFO - Filling up the DagBag from /Users/apoorvasaxena/.pyenv/versions/airflow-venv/lib/python3.10/site-packages/airflow/example_dags/example_setup_teardown.py
[2024-07-21T21:33:04.534+0100] {processor.py:839} INFO - DAG(s) dict_keys(['example_setup_teardown']) retrieved from /Users/apoorvasaxena/.pyenv/versions/airflow-venv/lib/python3.10/site-packages/airflow/example_dags/example_setup_teardown.py
[2024-07-21T21:33:04.607+0100] {logging_mixin.py:151} INFO - [2024-07-21T21:33:04.607+0100] {dag.py:2915} INFO - Sync 1 DAGs
[2024-07-21T21:33:04.613+0100] {logging_mixin.py:151} INFO - [2024-07-21T21:33:04.613+0100] {dag.py:3696} INFO - Setting next_dagrun for example_setup_teardown to 2024-07-20T20:33:04.613741+00:00, run_after=2024-07-21T20:33:04.613741+00:00
[2024-07-21T21:33:04.620+0100] {processor.py:179} INFO - Processing /Users/apoorvasaxena/.pyenv/versions/airflow-venv/lib/python3.10/site-packages/airflow/example_dags/example_setup_teardown.py took 0.102 seconds
[2024-07-21T21:34:17.774+0100] {processor.py:157} INFO - Started process (PID=86887) to work on /Users/apoorvasaxena/.pyenv/versions/airflow-venv/lib/python3.10/site-packages/airflow/example_dags/example_setup_teardown.py
[2024-07-21T21:34:17.777+0100] {processor.py:829} INFO - Processing file /Users/apoorvasaxena/.pyenv/versions/airflow-venv/lib/python3.10/site-packages/airflow/example_dags/example_setup_teardown.py for tasks to queue
[2024-07-21T21:34:17.777+0100] {logging_mixin.py:151} INFO - [2024-07-21T21:34:17.777+0100] {dagbag.py:539} INFO - Filling up the DagBag from /Users/apoorvasaxena/.pyenv/versions/airflow-venv/lib/python3.10/site-packages/airflow/example_dags/example_setup_teardown.py
[2024-07-21T21:34:17.790+0100] {processor.py:839} INFO - DAG(s) dict_keys(['example_setup_teardown']) retrieved from /Users/apoorvasaxena/.pyenv/versions/airflow-venv/lib/python3.10/site-packages/airflow/example_dags/example_setup_teardown.py
[2024-07-21T21:34:17.868+0100] {logging_mixin.py:151} INFO - [2024-07-21T21:34:17.867+0100] {dag.py:2915} INFO - Sync 1 DAGs
[2024-07-21T21:34:17.874+0100] {logging_mixin.py:151} INFO - [2024-07-21T21:34:17.874+0100] {dag.py:3696} INFO - Setting next_dagrun for example_setup_teardown to 2024-07-20T20:34:17.874213+00:00, run_after=2024-07-21T20:34:17.874213+00:00
[2024-07-21T21:34:17.880+0100] {processor.py:179} INFO - Processing /Users/apoorvasaxena/.pyenv/versions/airflow-venv/lib/python3.10/site-packages/airflow/example_dags/example_setup_teardown.py took 0.107 seconds
[2024-07-21T21:35:29.767+0100] {processor.py:157} INFO - Started process (PID=86968) to work on /Users/apoorvasaxena/.pyenv/versions/airflow-venv/lib/python3.10/site-packages/airflow/example_dags/example_setup_teardown.py
[2024-07-21T21:35:29.769+0100] {processor.py:829} INFO - Processing file /Users/apoorvasaxena/.pyenv/versions/airflow-venv/lib/python3.10/site-packages/airflow/example_dags/example_setup_teardown.py for tasks to queue
[2024-07-21T21:35:29.770+0100] {logging_mixin.py:151} INFO - [2024-07-21T21:35:29.770+0100] {dagbag.py:539} INFO - Filling up the DagBag from /Users/apoorvasaxena/.pyenv/versions/airflow-venv/lib/python3.10/site-packages/airflow/example_dags/example_setup_teardown.py
[2024-07-21T21:35:29.783+0100] {processor.py:839} INFO - DAG(s) dict_keys(['example_setup_teardown']) retrieved from /Users/apoorvasaxena/.pyenv/versions/airflow-venv/lib/python3.10/site-packages/airflow/example_dags/example_setup_teardown.py
[2024-07-21T21:35:29.864+0100] {logging_mixin.py:151} INFO - [2024-07-21T21:35:29.863+0100] {dag.py:2915} INFO - Sync 1 DAGs
[2024-07-21T21:35:29.871+0100] {logging_mixin.py:151} INFO - [2024-07-21T21:35:29.871+0100] {dag.py:3696} INFO - Setting next_dagrun for example_setup_teardown to 2024-07-20T20:35:29.871209+00:00, run_after=2024-07-21T20:35:29.871209+00:00
[2024-07-21T21:35:29.878+0100] {processor.py:179} INFO - Processing /Users/apoorvasaxena/.pyenv/versions/airflow-venv/lib/python3.10/site-packages/airflow/example_dags/example_setup_teardown.py took 0.111 seconds
[2024-07-21T21:36:40.079+0100] {processor.py:157} INFO - Started process (PID=87060) to work on /Users/apoorvasaxena/.pyenv/versions/airflow-venv/lib/python3.10/site-packages/airflow/example_dags/example_setup_teardown.py
[2024-07-21T21:36:40.081+0100] {processor.py:829} INFO - Processing file /Users/apoorvasaxena/.pyenv/versions/airflow-venv/lib/python3.10/site-packages/airflow/example_dags/example_setup_teardown.py for tasks to queue
[2024-07-21T21:36:40.081+0100] {logging_mixin.py:151} INFO - [2024-07-21T21:36:40.081+0100] {dagbag.py:539} INFO - Filling up the DagBag from /Users/apoorvasaxena/.pyenv/versions/airflow-venv/lib/python3.10/site-packages/airflow/example_dags/example_setup_teardown.py
[2024-07-21T21:36:40.093+0100] {processor.py:839} INFO - DAG(s) dict_keys(['example_setup_teardown']) retrieved from /Users/apoorvasaxena/.pyenv/versions/airflow-venv/lib/python3.10/site-packages/airflow/example_dags/example_setup_teardown.py
[2024-07-21T21:36:40.168+0100] {logging_mixin.py:151} INFO - [2024-07-21T21:36:40.167+0100] {dag.py:2915} INFO - Sync 1 DAGs
[2024-07-21T21:36:40.174+0100] {logging_mixin.py:151} INFO - [2024-07-21T21:36:40.174+0100] {dag.py:3696} INFO - Setting next_dagrun for example_setup_teardown to 2024-07-20T20:36:40.174431+00:00, run_after=2024-07-21T20:36:40.174431+00:00
[2024-07-21T21:36:40.180+0100] {processor.py:179} INFO - Processing /Users/apoorvasaxena/.pyenv/versions/airflow-venv/lib/python3.10/site-packages/airflow/example_dags/example_setup_teardown.py took 0.102 seconds
[2024-07-21T21:37:52.843+0100] {processor.py:157} INFO - Started process (PID=87259) to work on /Users/apoorvasaxena/.pyenv/versions/airflow-venv/lib/python3.10/site-packages/airflow/example_dags/example_setup_teardown.py
[2024-07-21T21:37:52.846+0100] {processor.py:829} INFO - Processing file /Users/apoorvasaxena/.pyenv/versions/airflow-venv/lib/python3.10/site-packages/airflow/example_dags/example_setup_teardown.py for tasks to queue
[2024-07-21T21:37:52.846+0100] {logging_mixin.py:151} INFO - [2024-07-21T21:37:52.846+0100] {dagbag.py:539} INFO - Filling up the DagBag from /Users/apoorvasaxena/.pyenv/versions/airflow-venv/lib/python3.10/site-packages/airflow/example_dags/example_setup_teardown.py
[2024-07-21T21:37:52.858+0100] {processor.py:839} INFO - DAG(s) dict_keys(['example_setup_teardown']) retrieved from /Users/apoorvasaxena/.pyenv/versions/airflow-venv/lib/python3.10/site-packages/airflow/example_dags/example_setup_teardown.py
[2024-07-21T21:37:52.935+0100] {logging_mixin.py:151} INFO - [2024-07-21T21:37:52.934+0100] {dag.py:2915} INFO - Sync 1 DAGs
[2024-07-21T21:37:52.941+0100] {logging_mixin.py:151} INFO - [2024-07-21T21:37:52.941+0100] {dag.py:3696} INFO - Setting next_dagrun for example_setup_teardown to 2024-07-20T20:37:52.940995+00:00, run_after=2024-07-21T20:37:52.940995+00:00
[2024-07-21T21:37:52.947+0100] {processor.py:179} INFO - Processing /Users/apoorvasaxena/.pyenv/versions/airflow-venv/lib/python3.10/site-packages/airflow/example_dags/example_setup_teardown.py took 0.105 seconds
