[2024-07-21T20:49:57.054+0100] {processor.py:157} INFO - Started process (PID=82514) to work on /Users/apoorvasaxena/.pyenv/versions/airflow-venv/lib/python3.10/site-packages/airflow/example_dags/example_sensor_decorator.py
[2024-07-21T20:49:57.056+0100] {processor.py:829} INFO - Processing file /Users/apoorvasaxena/.pyenv/versions/airflow-venv/lib/python3.10/site-packages/airflow/example_dags/example_sensor_decorator.py for tasks to queue
[2024-07-21T20:49:57.056+0100] {logging_mixin.py:151} INFO - [2024-07-21T20:49:57.056+0100] {dagbag.py:539} INFO - Filling up the DagBag from /Users/apoorvasaxena/.pyenv/versions/airflow-venv/lib/python3.10/site-packages/airflow/example_dags/example_sensor_decorator.py
[2024-07-21T20:49:57.079+0100] {processor.py:839} INFO - DAG(s) dict_keys(['example_sensor_decorator']) retrieved from /Users/apoorvasaxena/.pyenv/versions/airflow-venv/lib/python3.10/site-packages/airflow/example_dags/example_sensor_decorator.py
[2024-07-21T20:49:57.154+0100] {logging_mixin.py:151} INFO - [2024-07-21T20:49:57.154+0100] {dag.py:2915} INFO - Sync 1 DAGs
[2024-07-21T20:49:57.157+0100] {logging_mixin.py:151} INFO - [2024-07-21T20:49:57.157+0100] {dag.py:3696} INFO - Setting next_dagrun for example_sensor_decorator to None, run_after=None
[2024-07-21T20:49:57.165+0100] {processor.py:179} INFO - Processing /Users/apoorvasaxena/.pyenv/versions/airflow-venv/lib/python3.10/site-packages/airflow/example_dags/example_sensor_decorator.py took 0.111 seconds
[2024-07-21T20:51:04.744+0100] {processor.py:157} INFO - Started process (PID=82644) to work on /Users/apoorvasaxena/.pyenv/versions/airflow-venv/lib/python3.10/site-packages/airflow/example_dags/example_sensor_decorator.py
[2024-07-21T20:51:04.747+0100] {processor.py:829} INFO - Processing file /Users/apoorvasaxena/.pyenv/versions/airflow-venv/lib/python3.10/site-packages/airflow/example_dags/example_sensor_decorator.py for tasks to queue
[2024-07-21T20:51:04.747+0100] {logging_mixin.py:151} INFO - [2024-07-21T20:51:04.747+0100] {dagbag.py:539} INFO - Filling up the DagBag from /Users/apoorvasaxena/.pyenv/versions/airflow-venv/lib/python3.10/site-packages/airflow/example_dags/example_sensor_decorator.py
[2024-07-21T20:51:04.772+0100] {processor.py:839} INFO - DAG(s) dict_keys(['example_sensor_decorator']) retrieved from /Users/apoorvasaxena/.pyenv/versions/airflow-venv/lib/python3.10/site-packages/airflow/example_dags/example_sensor_decorator.py
[2024-07-21T20:51:04.851+0100] {logging_mixin.py:151} INFO - [2024-07-21T20:51:04.851+0100] {dag.py:2915} INFO - Sync 1 DAGs
[2024-07-21T20:51:04.855+0100] {logging_mixin.py:151} INFO - [2024-07-21T20:51:04.854+0100] {dag.py:3696} INFO - Setting next_dagrun for example_sensor_decorator to None, run_after=None
[2024-07-21T20:51:04.862+0100] {processor.py:179} INFO - Processing /Users/apoorvasaxena/.pyenv/versions/airflow-venv/lib/python3.10/site-packages/airflow/example_dags/example_sensor_decorator.py took 0.119 seconds
[2024-07-21T20:52:18.671+0100] {processor.py:157} INFO - Started process (PID=82867) to work on /Users/apoorvasaxena/.pyenv/versions/airflow-venv/lib/python3.10/site-packages/airflow/example_dags/example_sensor_decorator.py
[2024-07-21T20:52:18.674+0100] {processor.py:829} INFO - Processing file /Users/apoorvasaxena/.pyenv/versions/airflow-venv/lib/python3.10/site-packages/airflow/example_dags/example_sensor_decorator.py for tasks to queue
[2024-07-21T20:52:18.674+0100] {logging_mixin.py:151} INFO - [2024-07-21T20:52:18.674+0100] {dagbag.py:539} INFO - Filling up the DagBag from /Users/apoorvasaxena/.pyenv/versions/airflow-venv/lib/python3.10/site-packages/airflow/example_dags/example_sensor_decorator.py
[2024-07-21T20:52:18.696+0100] {processor.py:839} INFO - DAG(s) dict_keys(['example_sensor_decorator']) retrieved from /Users/apoorvasaxena/.pyenv/versions/airflow-venv/lib/python3.10/site-packages/airflow/example_dags/example_sensor_decorator.py
[2024-07-21T20:52:18.771+0100] {logging_mixin.py:151} INFO - [2024-07-21T20:52:18.770+0100] {dag.py:2915} INFO - Sync 1 DAGs
[2024-07-21T20:52:18.774+0100] {logging_mixin.py:151} INFO - [2024-07-21T20:52:18.774+0100] {dag.py:3696} INFO - Setting next_dagrun for example_sensor_decorator to None, run_after=None
[2024-07-21T20:52:18.781+0100] {processor.py:179} INFO - Processing /Users/apoorvasaxena/.pyenv/versions/airflow-venv/lib/python3.10/site-packages/airflow/example_dags/example_sensor_decorator.py took 0.110 seconds
[2024-07-21T20:53:29.791+0100] {processor.py:157} INFO - Started process (PID=83680) to work on /Users/apoorvasaxena/.pyenv/versions/airflow-venv/lib/python3.10/site-packages/airflow/example_dags/example_sensor_decorator.py
[2024-07-21T20:53:29.794+0100] {processor.py:829} INFO - Processing file /Users/apoorvasaxena/.pyenv/versions/airflow-venv/lib/python3.10/site-packages/airflow/example_dags/example_sensor_decorator.py for tasks to queue
[2024-07-21T20:53:29.794+0100] {logging_mixin.py:151} INFO - [2024-07-21T20:53:29.794+0100] {dagbag.py:539} INFO - Filling up the DagBag from /Users/apoorvasaxena/.pyenv/versions/airflow-venv/lib/python3.10/site-packages/airflow/example_dags/example_sensor_decorator.py
[2024-07-21T20:53:29.818+0100] {processor.py:839} INFO - DAG(s) dict_keys(['example_sensor_decorator']) retrieved from /Users/apoorvasaxena/.pyenv/versions/airflow-venv/lib/python3.10/site-packages/airflow/example_dags/example_sensor_decorator.py
[2024-07-21T20:53:29.896+0100] {logging_mixin.py:151} INFO - [2024-07-21T20:53:29.896+0100] {dag.py:2915} INFO - Sync 1 DAGs
[2024-07-21T20:53:29.900+0100] {logging_mixin.py:151} INFO - [2024-07-21T20:53:29.899+0100] {dag.py:3696} INFO - Setting next_dagrun for example_sensor_decorator to None, run_after=None
[2024-07-21T20:53:29.907+0100] {processor.py:179} INFO - Processing /Users/apoorvasaxena/.pyenv/versions/airflow-venv/lib/python3.10/site-packages/airflow/example_dags/example_sensor_decorator.py took 0.116 seconds
[2024-07-21T20:54:46.968+0100] {processor.py:157} INFO - Started process (PID=83787) to work on /Users/apoorvasaxena/.pyenv/versions/airflow-venv/lib/python3.10/site-packages/airflow/example_dags/example_sensor_decorator.py
[2024-07-21T20:54:46.971+0100] {processor.py:829} INFO - Processing file /Users/apoorvasaxena/.pyenv/versions/airflow-venv/lib/python3.10/site-packages/airflow/example_dags/example_sensor_decorator.py for tasks to queue
[2024-07-21T20:54:46.971+0100] {logging_mixin.py:151} INFO - [2024-07-21T20:54:46.971+0100] {dagbag.py:539} INFO - Filling up the DagBag from /Users/apoorvasaxena/.pyenv/versions/airflow-venv/lib/python3.10/site-packages/airflow/example_dags/example_sensor_decorator.py
[2024-07-21T20:54:46.993+0100] {processor.py:839} INFO - DAG(s) dict_keys(['example_sensor_decorator']) retrieved from /Users/apoorvasaxena/.pyenv/versions/airflow-venv/lib/python3.10/site-packages/airflow/example_dags/example_sensor_decorator.py
[2024-07-21T20:54:47.067+0100] {logging_mixin.py:151} INFO - [2024-07-21T20:54:47.067+0100] {dag.py:2915} INFO - Sync 1 DAGs
[2024-07-21T20:54:47.071+0100] {logging_mixin.py:151} INFO - [2024-07-21T20:54:47.070+0100] {dag.py:3696} INFO - Setting next_dagrun for example_sensor_decorator to None, run_after=None
[2024-07-21T20:54:47.077+0100] {processor.py:179} INFO - Processing /Users/apoorvasaxena/.pyenv/versions/airflow-venv/lib/python3.10/site-packages/airflow/example_dags/example_sensor_decorator.py took 0.110 seconds
[2024-07-21T20:56:01.137+0100] {processor.py:157} INFO - Started process (PID=83888) to work on /Users/apoorvasaxena/.pyenv/versions/airflow-venv/lib/python3.10/site-packages/airflow/example_dags/example_sensor_decorator.py
[2024-07-21T20:56:01.140+0100] {processor.py:829} INFO - Processing file /Users/apoorvasaxena/.pyenv/versions/airflow-venv/lib/python3.10/site-packages/airflow/example_dags/example_sensor_decorator.py for tasks to queue
[2024-07-21T20:56:01.140+0100] {logging_mixin.py:151} INFO - [2024-07-21T20:56:01.140+0100] {dagbag.py:539} INFO - Filling up the DagBag from /Users/apoorvasaxena/.pyenv/versions/airflow-venv/lib/python3.10/site-packages/airflow/example_dags/example_sensor_decorator.py
[2024-07-21T20:56:01.162+0100] {processor.py:839} INFO - DAG(s) dict_keys(['example_sensor_decorator']) retrieved from /Users/apoorvasaxena/.pyenv/versions/airflow-venv/lib/python3.10/site-packages/airflow/example_dags/example_sensor_decorator.py
[2024-07-21T20:56:01.237+0100] {logging_mixin.py:151} INFO - [2024-07-21T20:56:01.237+0100] {dag.py:2915} INFO - Sync 1 DAGs
[2024-07-21T20:56:01.241+0100] {logging_mixin.py:151} INFO - [2024-07-21T20:56:01.241+0100] {dag.py:3696} INFO - Setting next_dagrun for example_sensor_decorator to None, run_after=None
[2024-07-21T20:56:01.248+0100] {processor.py:179} INFO - Processing /Users/apoorvasaxena/.pyenv/versions/airflow-venv/lib/python3.10/site-packages/airflow/example_dags/example_sensor_decorator.py took 0.111 seconds
[2024-07-21T20:57:14.069+0100] {processor.py:157} INFO - Started process (PID=83991) to work on /Users/apoorvasaxena/.pyenv/versions/airflow-venv/lib/python3.10/site-packages/airflow/example_dags/example_sensor_decorator.py
[2024-07-21T20:57:14.072+0100] {processor.py:829} INFO - Processing file /Users/apoorvasaxena/.pyenv/versions/airflow-venv/lib/python3.10/site-packages/airflow/example_dags/example_sensor_decorator.py for tasks to queue
[2024-07-21T20:57:14.072+0100] {logging_mixin.py:151} INFO - [2024-07-21T20:57:14.072+0100] {dagbag.py:539} INFO - Filling up the DagBag from /Users/apoorvasaxena/.pyenv/versions/airflow-venv/lib/python3.10/site-packages/airflow/example_dags/example_sensor_decorator.py
[2024-07-21T20:57:14.094+0100] {processor.py:839} INFO - DAG(s) dict_keys(['example_sensor_decorator']) retrieved from /Users/apoorvasaxena/.pyenv/versions/airflow-venv/lib/python3.10/site-packages/airflow/example_dags/example_sensor_decorator.py
[2024-07-21T20:57:14.169+0100] {logging_mixin.py:151} INFO - [2024-07-21T20:57:14.169+0100] {dag.py:2915} INFO - Sync 1 DAGs
[2024-07-21T20:57:14.173+0100] {logging_mixin.py:151} INFO - [2024-07-21T20:57:14.173+0100] {dag.py:3696} INFO - Setting next_dagrun for example_sensor_decorator to None, run_after=None
[2024-07-21T20:57:14.180+0100] {processor.py:179} INFO - Processing /Users/apoorvasaxena/.pyenv/versions/airflow-venv/lib/python3.10/site-packages/airflow/example_dags/example_sensor_decorator.py took 0.111 seconds
[2024-07-21T20:58:23.908+0100] {processor.py:157} INFO - Started process (PID=84066) to work on /Users/apoorvasaxena/.pyenv/versions/airflow-venv/lib/python3.10/site-packages/airflow/example_dags/example_sensor_decorator.py
[2024-07-21T20:58:23.910+0100] {processor.py:829} INFO - Processing file /Users/apoorvasaxena/.pyenv/versions/airflow-venv/lib/python3.10/site-packages/airflow/example_dags/example_sensor_decorator.py for tasks to queue
[2024-07-21T20:58:23.910+0100] {logging_mixin.py:151} INFO - [2024-07-21T20:58:23.910+0100] {dagbag.py:539} INFO - Filling up the DagBag from /Users/apoorvasaxena/.pyenv/versions/airflow-venv/lib/python3.10/site-packages/airflow/example_dags/example_sensor_decorator.py
[2024-07-21T20:58:23.933+0100] {processor.py:839} INFO - DAG(s) dict_keys(['example_sensor_decorator']) retrieved from /Users/apoorvasaxena/.pyenv/versions/airflow-venv/lib/python3.10/site-packages/airflow/example_dags/example_sensor_decorator.py
[2024-07-21T20:58:24.008+0100] {logging_mixin.py:151} INFO - [2024-07-21T20:58:24.008+0100] {dag.py:2915} INFO - Sync 1 DAGs
[2024-07-21T20:58:24.011+0100] {logging_mixin.py:151} INFO - [2024-07-21T20:58:24.011+0100] {dag.py:3696} INFO - Setting next_dagrun for example_sensor_decorator to None, run_after=None
[2024-07-21T20:58:24.018+0100] {processor.py:179} INFO - Processing /Users/apoorvasaxena/.pyenv/versions/airflow-venv/lib/python3.10/site-packages/airflow/example_dags/example_sensor_decorator.py took 0.110 seconds
[2024-07-21T20:59:35.906+0100] {processor.py:157} INFO - Started process (PID=84148) to work on /Users/apoorvasaxena/.pyenv/versions/airflow-venv/lib/python3.10/site-packages/airflow/example_dags/example_sensor_decorator.py
[2024-07-21T20:59:35.908+0100] {processor.py:829} INFO - Processing file /Users/apoorvasaxena/.pyenv/versions/airflow-venv/lib/python3.10/site-packages/airflow/example_dags/example_sensor_decorator.py for tasks to queue
[2024-07-21T20:59:35.909+0100] {logging_mixin.py:151} INFO - [2024-07-21T20:59:35.908+0100] {dagbag.py:539} INFO - Filling up the DagBag from /Users/apoorvasaxena/.pyenv/versions/airflow-venv/lib/python3.10/site-packages/airflow/example_dags/example_sensor_decorator.py
[2024-07-21T20:59:35.931+0100] {processor.py:839} INFO - DAG(s) dict_keys(['example_sensor_decorator']) retrieved from /Users/apoorvasaxena/.pyenv/versions/airflow-venv/lib/python3.10/site-packages/airflow/example_dags/example_sensor_decorator.py
[2024-07-21T20:59:36.006+0100] {logging_mixin.py:151} INFO - [2024-07-21T20:59:36.005+0100] {dag.py:2915} INFO - Sync 1 DAGs
[2024-07-21T20:59:36.009+0100] {logging_mixin.py:151} INFO - [2024-07-21T20:59:36.009+0100] {dag.py:3696} INFO - Setting next_dagrun for example_sensor_decorator to None, run_after=None
[2024-07-21T20:59:36.016+0100] {processor.py:179} INFO - Processing /Users/apoorvasaxena/.pyenv/versions/airflow-venv/lib/python3.10/site-packages/airflow/example_dags/example_sensor_decorator.py took 0.110 seconds
[2024-07-21T21:00:47.258+0100] {processor.py:157} INFO - Started process (PID=84232) to work on /Users/apoorvasaxena/.pyenv/versions/airflow-venv/lib/python3.10/site-packages/airflow/example_dags/example_sensor_decorator.py
[2024-07-21T21:00:47.260+0100] {processor.py:829} INFO - Processing file /Users/apoorvasaxena/.pyenv/versions/airflow-venv/lib/python3.10/site-packages/airflow/example_dags/example_sensor_decorator.py for tasks to queue
[2024-07-21T21:00:47.260+0100] {logging_mixin.py:151} INFO - [2024-07-21T21:00:47.260+0100] {dagbag.py:539} INFO - Filling up the DagBag from /Users/apoorvasaxena/.pyenv/versions/airflow-venv/lib/python3.10/site-packages/airflow/example_dags/example_sensor_decorator.py
[2024-07-21T21:00:47.282+0100] {processor.py:839} INFO - DAG(s) dict_keys(['example_sensor_decorator']) retrieved from /Users/apoorvasaxena/.pyenv/versions/airflow-venv/lib/python3.10/site-packages/airflow/example_dags/example_sensor_decorator.py
[2024-07-21T21:00:47.358+0100] {logging_mixin.py:151} INFO - [2024-07-21T21:00:47.358+0100] {dag.py:2915} INFO - Sync 1 DAGs
[2024-07-21T21:00:47.361+0100] {logging_mixin.py:151} INFO - [2024-07-21T21:00:47.361+0100] {dag.py:3696} INFO - Setting next_dagrun for example_sensor_decorator to None, run_after=None
[2024-07-21T21:00:47.368+0100] {processor.py:179} INFO - Processing /Users/apoorvasaxena/.pyenv/versions/airflow-venv/lib/python3.10/site-packages/airflow/example_dags/example_sensor_decorator.py took 0.111 seconds
[2024-07-21T21:02:00.254+0100] {processor.py:157} INFO - Started process (PID=84313) to work on /Users/apoorvasaxena/.pyenv/versions/airflow-venv/lib/python3.10/site-packages/airflow/example_dags/example_sensor_decorator.py
[2024-07-21T21:02:00.257+0100] {processor.py:829} INFO - Processing file /Users/apoorvasaxena/.pyenv/versions/airflow-venv/lib/python3.10/site-packages/airflow/example_dags/example_sensor_decorator.py for tasks to queue
[2024-07-21T21:02:00.258+0100] {logging_mixin.py:151} INFO - [2024-07-21T21:02:00.257+0100] {dagbag.py:539} INFO - Filling up the DagBag from /Users/apoorvasaxena/.pyenv/versions/airflow-venv/lib/python3.10/site-packages/airflow/example_dags/example_sensor_decorator.py
[2024-07-21T21:02:00.280+0100] {processor.py:839} INFO - DAG(s) dict_keys(['example_sensor_decorator']) retrieved from /Users/apoorvasaxena/.pyenv/versions/airflow-venv/lib/python3.10/site-packages/airflow/example_dags/example_sensor_decorator.py
[2024-07-21T21:02:00.354+0100] {logging_mixin.py:151} INFO - [2024-07-21T21:02:00.354+0100] {dag.py:2915} INFO - Sync 1 DAGs
[2024-07-21T21:02:00.357+0100] {logging_mixin.py:151} INFO - [2024-07-21T21:02:00.357+0100] {dag.py:3696} INFO - Setting next_dagrun for example_sensor_decorator to None, run_after=None
[2024-07-21T21:02:00.364+0100] {processor.py:179} INFO - Processing /Users/apoorvasaxena/.pyenv/versions/airflow-venv/lib/python3.10/site-packages/airflow/example_dags/example_sensor_decorator.py took 0.110 seconds
[2024-07-21T21:03:15.080+0100] {processor.py:157} INFO - Started process (PID=84410) to work on /Users/apoorvasaxena/.pyenv/versions/airflow-venv/lib/python3.10/site-packages/airflow/example_dags/example_sensor_decorator.py
[2024-07-21T21:03:15.083+0100] {processor.py:829} INFO - Processing file /Users/apoorvasaxena/.pyenv/versions/airflow-venv/lib/python3.10/site-packages/airflow/example_dags/example_sensor_decorator.py for tasks to queue
[2024-07-21T21:03:15.083+0100] {logging_mixin.py:151} INFO - [2024-07-21T21:03:15.083+0100] {dagbag.py:539} INFO - Filling up the DagBag from /Users/apoorvasaxena/.pyenv/versions/airflow-venv/lib/python3.10/site-packages/airflow/example_dags/example_sensor_decorator.py
[2024-07-21T21:03:15.105+0100] {processor.py:839} INFO - DAG(s) dict_keys(['example_sensor_decorator']) retrieved from /Users/apoorvasaxena/.pyenv/versions/airflow-venv/lib/python3.10/site-packages/airflow/example_dags/example_sensor_decorator.py
[2024-07-21T21:03:15.179+0100] {logging_mixin.py:151} INFO - [2024-07-21T21:03:15.179+0100] {dag.py:2915} INFO - Sync 1 DAGs
[2024-07-21T21:03:15.182+0100] {logging_mixin.py:151} INFO - [2024-07-21T21:03:15.182+0100] {dag.py:3696} INFO - Setting next_dagrun for example_sensor_decorator to None, run_after=None
[2024-07-21T21:03:15.189+0100] {processor.py:179} INFO - Processing /Users/apoorvasaxena/.pyenv/versions/airflow-venv/lib/python3.10/site-packages/airflow/example_dags/example_sensor_decorator.py took 0.110 seconds
[2024-07-21T21:04:29.867+0100] {processor.py:157} INFO - Started process (PID=84512) to work on /Users/apoorvasaxena/.pyenv/versions/airflow-venv/lib/python3.10/site-packages/airflow/example_dags/example_sensor_decorator.py
[2024-07-21T21:04:29.870+0100] {processor.py:829} INFO - Processing file /Users/apoorvasaxena/.pyenv/versions/airflow-venv/lib/python3.10/site-packages/airflow/example_dags/example_sensor_decorator.py for tasks to queue
[2024-07-21T21:04:29.870+0100] {logging_mixin.py:151} INFO - [2024-07-21T21:04:29.870+0100] {dagbag.py:539} INFO - Filling up the DagBag from /Users/apoorvasaxena/.pyenv/versions/airflow-venv/lib/python3.10/site-packages/airflow/example_dags/example_sensor_decorator.py
[2024-07-21T21:04:29.892+0100] {processor.py:839} INFO - DAG(s) dict_keys(['example_sensor_decorator']) retrieved from /Users/apoorvasaxena/.pyenv/versions/airflow-venv/lib/python3.10/site-packages/airflow/example_dags/example_sensor_decorator.py
[2024-07-21T21:04:29.967+0100] {logging_mixin.py:151} INFO - [2024-07-21T21:04:29.966+0100] {dag.py:2915} INFO - Sync 1 DAGs
[2024-07-21T21:04:29.970+0100] {logging_mixin.py:151} INFO - [2024-07-21T21:04:29.970+0100] {dag.py:3696} INFO - Setting next_dagrun for example_sensor_decorator to None, run_after=None
[2024-07-21T21:04:29.977+0100] {processor.py:179} INFO - Processing /Users/apoorvasaxena/.pyenv/versions/airflow-venv/lib/python3.10/site-packages/airflow/example_dags/example_sensor_decorator.py took 0.110 seconds
[2024-07-21T21:05:43.802+0100] {processor.py:157} INFO - Started process (PID=84602) to work on /Users/apoorvasaxena/.pyenv/versions/airflow-venv/lib/python3.10/site-packages/airflow/example_dags/example_sensor_decorator.py
[2024-07-21T21:05:43.804+0100] {processor.py:829} INFO - Processing file /Users/apoorvasaxena/.pyenv/versions/airflow-venv/lib/python3.10/site-packages/airflow/example_dags/example_sensor_decorator.py for tasks to queue
[2024-07-21T21:05:43.805+0100] {logging_mixin.py:151} INFO - [2024-07-21T21:05:43.804+0100] {dagbag.py:539} INFO - Filling up the DagBag from /Users/apoorvasaxena/.pyenv/versions/airflow-venv/lib/python3.10/site-packages/airflow/example_dags/example_sensor_decorator.py
[2024-07-21T21:05:43.828+0100] {processor.py:839} INFO - DAG(s) dict_keys(['example_sensor_decorator']) retrieved from /Users/apoorvasaxena/.pyenv/versions/airflow-venv/lib/python3.10/site-packages/airflow/example_dags/example_sensor_decorator.py
[2024-07-21T21:05:43.903+0100] {logging_mixin.py:151} INFO - [2024-07-21T21:05:43.903+0100] {dag.py:2915} INFO - Sync 1 DAGs
[2024-07-21T21:05:43.907+0100] {logging_mixin.py:151} INFO - [2024-07-21T21:05:43.907+0100] {dag.py:3696} INFO - Setting next_dagrun for example_sensor_decorator to None, run_after=None
[2024-07-21T21:05:43.914+0100] {processor.py:179} INFO - Processing /Users/apoorvasaxena/.pyenv/versions/airflow-venv/lib/python3.10/site-packages/airflow/example_dags/example_sensor_decorator.py took 0.113 seconds
[2024-07-21T21:06:53.256+0100] {processor.py:157} INFO - Started process (PID=84698) to work on /Users/apoorvasaxena/.pyenv/versions/airflow-venv/lib/python3.10/site-packages/airflow/example_dags/example_sensor_decorator.py
[2024-07-21T21:06:53.259+0100] {processor.py:829} INFO - Processing file /Users/apoorvasaxena/.pyenv/versions/airflow-venv/lib/python3.10/site-packages/airflow/example_dags/example_sensor_decorator.py for tasks to queue
[2024-07-21T21:06:53.259+0100] {logging_mixin.py:151} INFO - [2024-07-21T21:06:53.259+0100] {dagbag.py:539} INFO - Filling up the DagBag from /Users/apoorvasaxena/.pyenv/versions/airflow-venv/lib/python3.10/site-packages/airflow/example_dags/example_sensor_decorator.py
[2024-07-21T21:06:53.281+0100] {processor.py:839} INFO - DAG(s) dict_keys(['example_sensor_decorator']) retrieved from /Users/apoorvasaxena/.pyenv/versions/airflow-venv/lib/python3.10/site-packages/airflow/example_dags/example_sensor_decorator.py
[2024-07-21T21:06:53.356+0100] {logging_mixin.py:151} INFO - [2024-07-21T21:06:53.356+0100] {dag.py:2915} INFO - Sync 1 DAGs
[2024-07-21T21:06:53.359+0100] {logging_mixin.py:151} INFO - [2024-07-21T21:06:53.359+0100] {dag.py:3696} INFO - Setting next_dagrun for example_sensor_decorator to None, run_after=None
[2024-07-21T21:06:53.366+0100] {processor.py:179} INFO - Processing /Users/apoorvasaxena/.pyenv/versions/airflow-venv/lib/python3.10/site-packages/airflow/example_dags/example_sensor_decorator.py took 0.110 seconds
[2024-07-21T21:08:02.886+0100] {processor.py:157} INFO - Started process (PID=84786) to work on /Users/apoorvasaxena/.pyenv/versions/airflow-venv/lib/python3.10/site-packages/airflow/example_dags/example_sensor_decorator.py
[2024-07-21T21:08:02.889+0100] {processor.py:829} INFO - Processing file /Users/apoorvasaxena/.pyenv/versions/airflow-venv/lib/python3.10/site-packages/airflow/example_dags/example_sensor_decorator.py for tasks to queue
[2024-07-21T21:08:02.889+0100] {logging_mixin.py:151} INFO - [2024-07-21T21:08:02.889+0100] {dagbag.py:539} INFO - Filling up the DagBag from /Users/apoorvasaxena/.pyenv/versions/airflow-venv/lib/python3.10/site-packages/airflow/example_dags/example_sensor_decorator.py
[2024-07-21T21:08:02.911+0100] {processor.py:839} INFO - DAG(s) dict_keys(['example_sensor_decorator']) retrieved from /Users/apoorvasaxena/.pyenv/versions/airflow-venv/lib/python3.10/site-packages/airflow/example_dags/example_sensor_decorator.py
[2024-07-21T21:08:02.984+0100] {logging_mixin.py:151} INFO - [2024-07-21T21:08:02.984+0100] {dag.py:2915} INFO - Sync 1 DAGs
[2024-07-21T21:08:02.987+0100] {logging_mixin.py:151} INFO - [2024-07-21T21:08:02.987+0100] {dag.py:3696} INFO - Setting next_dagrun for example_sensor_decorator to None, run_after=None
[2024-07-21T21:08:02.994+0100] {processor.py:179} INFO - Processing /Users/apoorvasaxena/.pyenv/versions/airflow-venv/lib/python3.10/site-packages/airflow/example_dags/example_sensor_decorator.py took 0.109 seconds
[2024-07-21T21:09:15.041+0100] {processor.py:157} INFO - Started process (PID=84883) to work on /Users/apoorvasaxena/.pyenv/versions/airflow-venv/lib/python3.10/site-packages/airflow/example_dags/example_sensor_decorator.py
[2024-07-21T21:09:15.043+0100] {processor.py:829} INFO - Processing file /Users/apoorvasaxena/.pyenv/versions/airflow-venv/lib/python3.10/site-packages/airflow/example_dags/example_sensor_decorator.py for tasks to queue
[2024-07-21T21:09:15.044+0100] {logging_mixin.py:151} INFO - [2024-07-21T21:09:15.044+0100] {dagbag.py:539} INFO - Filling up the DagBag from /Users/apoorvasaxena/.pyenv/versions/airflow-venv/lib/python3.10/site-packages/airflow/example_dags/example_sensor_decorator.py
[2024-07-21T21:09:15.065+0100] {processor.py:839} INFO - DAG(s) dict_keys(['example_sensor_decorator']) retrieved from /Users/apoorvasaxena/.pyenv/versions/airflow-venv/lib/python3.10/site-packages/airflow/example_dags/example_sensor_decorator.py
[2024-07-21T21:09:15.139+0100] {logging_mixin.py:151} INFO - [2024-07-21T21:09:15.138+0100] {dag.py:2915} INFO - Sync 1 DAGs
[2024-07-21T21:09:15.142+0100] {logging_mixin.py:151} INFO - [2024-07-21T21:09:15.142+0100] {dag.py:3696} INFO - Setting next_dagrun for example_sensor_decorator to None, run_after=None
[2024-07-21T21:09:15.149+0100] {processor.py:179} INFO - Processing /Users/apoorvasaxena/.pyenv/versions/airflow-venv/lib/python3.10/site-packages/airflow/example_dags/example_sensor_decorator.py took 0.108 seconds
[2024-07-21T21:10:28.836+0100] {processor.py:157} INFO - Started process (PID=84974) to work on /Users/apoorvasaxena/.pyenv/versions/airflow-venv/lib/python3.10/site-packages/airflow/example_dags/example_sensor_decorator.py
[2024-07-21T21:10:28.839+0100] {processor.py:829} INFO - Processing file /Users/apoorvasaxena/.pyenv/versions/airflow-venv/lib/python3.10/site-packages/airflow/example_dags/example_sensor_decorator.py for tasks to queue
[2024-07-21T21:10:28.839+0100] {logging_mixin.py:151} INFO - [2024-07-21T21:10:28.839+0100] {dagbag.py:539} INFO - Filling up the DagBag from /Users/apoorvasaxena/.pyenv/versions/airflow-venv/lib/python3.10/site-packages/airflow/example_dags/example_sensor_decorator.py
[2024-07-21T21:10:28.861+0100] {processor.py:839} INFO - DAG(s) dict_keys(['example_sensor_decorator']) retrieved from /Users/apoorvasaxena/.pyenv/versions/airflow-venv/lib/python3.10/site-packages/airflow/example_dags/example_sensor_decorator.py
[2024-07-21T21:10:28.936+0100] {logging_mixin.py:151} INFO - [2024-07-21T21:10:28.936+0100] {dag.py:2915} INFO - Sync 1 DAGs
[2024-07-21T21:10:28.939+0100] {logging_mixin.py:151} INFO - [2024-07-21T21:10:28.939+0100] {dag.py:3696} INFO - Setting next_dagrun for example_sensor_decorator to None, run_after=None
[2024-07-21T21:10:28.946+0100] {processor.py:179} INFO - Processing /Users/apoorvasaxena/.pyenv/versions/airflow-venv/lib/python3.10/site-packages/airflow/example_dags/example_sensor_decorator.py took 0.111 seconds
[2024-07-21T21:11:43.001+0100] {processor.py:157} INFO - Started process (PID=85076) to work on /Users/apoorvasaxena/.pyenv/versions/airflow-venv/lib/python3.10/site-packages/airflow/example_dags/example_sensor_decorator.py
[2024-07-21T21:11:43.005+0100] {processor.py:829} INFO - Processing file /Users/apoorvasaxena/.pyenv/versions/airflow-venv/lib/python3.10/site-packages/airflow/example_dags/example_sensor_decorator.py for tasks to queue
[2024-07-21T21:11:43.005+0100] {logging_mixin.py:151} INFO - [2024-07-21T21:11:43.005+0100] {dagbag.py:539} INFO - Filling up the DagBag from /Users/apoorvasaxena/.pyenv/versions/airflow-venv/lib/python3.10/site-packages/airflow/example_dags/example_sensor_decorator.py
[2024-07-21T21:11:43.027+0100] {processor.py:839} INFO - DAG(s) dict_keys(['example_sensor_decorator']) retrieved from /Users/apoorvasaxena/.pyenv/versions/airflow-venv/lib/python3.10/site-packages/airflow/example_dags/example_sensor_decorator.py
[2024-07-21T21:11:43.101+0100] {logging_mixin.py:151} INFO - [2024-07-21T21:11:43.101+0100] {dag.py:2915} INFO - Sync 1 DAGs
[2024-07-21T21:11:43.104+0100] {logging_mixin.py:151} INFO - [2024-07-21T21:11:43.104+0100] {dag.py:3696} INFO - Setting next_dagrun for example_sensor_decorator to None, run_after=None
[2024-07-21T21:11:43.111+0100] {processor.py:179} INFO - Processing /Users/apoorvasaxena/.pyenv/versions/airflow-venv/lib/python3.10/site-packages/airflow/example_dags/example_sensor_decorator.py took 0.110 seconds
[2024-07-21T21:12:53.346+0100] {processor.py:157} INFO - Started process (PID=85165) to work on /Users/apoorvasaxena/.pyenv/versions/airflow-venv/lib/python3.10/site-packages/airflow/example_dags/example_sensor_decorator.py
[2024-07-21T21:12:53.349+0100] {processor.py:829} INFO - Processing file /Users/apoorvasaxena/.pyenv/versions/airflow-venv/lib/python3.10/site-packages/airflow/example_dags/example_sensor_decorator.py for tasks to queue
[2024-07-21T21:12:53.349+0100] {logging_mixin.py:151} INFO - [2024-07-21T21:12:53.349+0100] {dagbag.py:539} INFO - Filling up the DagBag from /Users/apoorvasaxena/.pyenv/versions/airflow-venv/lib/python3.10/site-packages/airflow/example_dags/example_sensor_decorator.py
[2024-07-21T21:12:53.373+0100] {processor.py:839} INFO - DAG(s) dict_keys(['example_sensor_decorator']) retrieved from /Users/apoorvasaxena/.pyenv/versions/airflow-venv/lib/python3.10/site-packages/airflow/example_dags/example_sensor_decorator.py
[2024-07-21T21:12:53.454+0100] {logging_mixin.py:151} INFO - [2024-07-21T21:12:53.454+0100] {dag.py:2915} INFO - Sync 1 DAGs
[2024-07-21T21:12:53.458+0100] {logging_mixin.py:151} INFO - [2024-07-21T21:12:53.458+0100] {dag.py:3696} INFO - Setting next_dagrun for example_sensor_decorator to None, run_after=None
[2024-07-21T21:12:53.465+0100] {processor.py:179} INFO - Processing /Users/apoorvasaxena/.pyenv/versions/airflow-venv/lib/python3.10/site-packages/airflow/example_dags/example_sensor_decorator.py took 0.120 seconds
[2024-07-21T21:14:05.110+0100] {processor.py:157} INFO - Started process (PID=85259) to work on /Users/apoorvasaxena/.pyenv/versions/airflow-venv/lib/python3.10/site-packages/airflow/example_dags/example_sensor_decorator.py
[2024-07-21T21:14:05.112+0100] {processor.py:829} INFO - Processing file /Users/apoorvasaxena/.pyenv/versions/airflow-venv/lib/python3.10/site-packages/airflow/example_dags/example_sensor_decorator.py for tasks to queue
[2024-07-21T21:14:05.113+0100] {logging_mixin.py:151} INFO - [2024-07-21T21:14:05.113+0100] {dagbag.py:539} INFO - Filling up the DagBag from /Users/apoorvasaxena/.pyenv/versions/airflow-venv/lib/python3.10/site-packages/airflow/example_dags/example_sensor_decorator.py
[2024-07-21T21:14:05.134+0100] {processor.py:839} INFO - DAG(s) dict_keys(['example_sensor_decorator']) retrieved from /Users/apoorvasaxena/.pyenv/versions/airflow-venv/lib/python3.10/site-packages/airflow/example_dags/example_sensor_decorator.py
[2024-07-21T21:14:05.208+0100] {logging_mixin.py:151} INFO - [2024-07-21T21:14:05.208+0100] {dag.py:2915} INFO - Sync 1 DAGs
[2024-07-21T21:14:05.211+0100] {logging_mixin.py:151} INFO - [2024-07-21T21:14:05.211+0100] {dag.py:3696} INFO - Setting next_dagrun for example_sensor_decorator to None, run_after=None
[2024-07-21T21:14:05.218+0100] {processor.py:179} INFO - Processing /Users/apoorvasaxena/.pyenv/versions/airflow-venv/lib/python3.10/site-packages/airflow/example_dags/example_sensor_decorator.py took 0.108 seconds
[2024-07-21T21:15:14.672+0100] {processor.py:157} INFO - Started process (PID=85357) to work on /Users/apoorvasaxena/.pyenv/versions/airflow-venv/lib/python3.10/site-packages/airflow/example_dags/example_sensor_decorator.py
[2024-07-21T21:15:14.675+0100] {processor.py:829} INFO - Processing file /Users/apoorvasaxena/.pyenv/versions/airflow-venv/lib/python3.10/site-packages/airflow/example_dags/example_sensor_decorator.py for tasks to queue
[2024-07-21T21:15:14.675+0100] {logging_mixin.py:151} INFO - [2024-07-21T21:15:14.675+0100] {dagbag.py:539} INFO - Filling up the DagBag from /Users/apoorvasaxena/.pyenv/versions/airflow-venv/lib/python3.10/site-packages/airflow/example_dags/example_sensor_decorator.py
[2024-07-21T21:15:14.697+0100] {processor.py:839} INFO - DAG(s) dict_keys(['example_sensor_decorator']) retrieved from /Users/apoorvasaxena/.pyenv/versions/airflow-venv/lib/python3.10/site-packages/airflow/example_dags/example_sensor_decorator.py
[2024-07-21T21:15:14.771+0100] {logging_mixin.py:151} INFO - [2024-07-21T21:15:14.771+0100] {dag.py:2915} INFO - Sync 1 DAGs
[2024-07-21T21:15:14.774+0100] {logging_mixin.py:151} INFO - [2024-07-21T21:15:14.774+0100] {dag.py:3696} INFO - Setting next_dagrun for example_sensor_decorator to None, run_after=None
[2024-07-21T21:15:14.781+0100] {processor.py:179} INFO - Processing /Users/apoorvasaxena/.pyenv/versions/airflow-venv/lib/python3.10/site-packages/airflow/example_dags/example_sensor_decorator.py took 0.109 seconds
[2024-07-21T21:16:25.072+0100] {processor.py:157} INFO - Started process (PID=85452) to work on /Users/apoorvasaxena/.pyenv/versions/airflow-venv/lib/python3.10/site-packages/airflow/example_dags/example_sensor_decorator.py
[2024-07-21T21:16:25.075+0100] {processor.py:829} INFO - Processing file /Users/apoorvasaxena/.pyenv/versions/airflow-venv/lib/python3.10/site-packages/airflow/example_dags/example_sensor_decorator.py for tasks to queue
[2024-07-21T21:16:25.075+0100] {logging_mixin.py:151} INFO - [2024-07-21T21:16:25.075+0100] {dagbag.py:539} INFO - Filling up the DagBag from /Users/apoorvasaxena/.pyenv/versions/airflow-venv/lib/python3.10/site-packages/airflow/example_dags/example_sensor_decorator.py
[2024-07-21T21:16:25.097+0100] {processor.py:839} INFO - DAG(s) dict_keys(['example_sensor_decorator']) retrieved from /Users/apoorvasaxena/.pyenv/versions/airflow-venv/lib/python3.10/site-packages/airflow/example_dags/example_sensor_decorator.py
[2024-07-21T21:16:25.170+0100] {logging_mixin.py:151} INFO - [2024-07-21T21:16:25.170+0100] {dag.py:2915} INFO - Sync 1 DAGs
[2024-07-21T21:16:25.173+0100] {logging_mixin.py:151} INFO - [2024-07-21T21:16:25.173+0100] {dag.py:3696} INFO - Setting next_dagrun for example_sensor_decorator to None, run_after=None
[2024-07-21T21:16:25.180+0100] {processor.py:179} INFO - Processing /Users/apoorvasaxena/.pyenv/versions/airflow-venv/lib/python3.10/site-packages/airflow/example_dags/example_sensor_decorator.py took 0.108 seconds
[2024-07-21T21:17:36.041+0100] {processor.py:157} INFO - Started process (PID=85547) to work on /Users/apoorvasaxena/.pyenv/versions/airflow-venv/lib/python3.10/site-packages/airflow/example_dags/example_sensor_decorator.py
[2024-07-21T21:17:36.044+0100] {processor.py:829} INFO - Processing file /Users/apoorvasaxena/.pyenv/versions/airflow-venv/lib/python3.10/site-packages/airflow/example_dags/example_sensor_decorator.py for tasks to queue
[2024-07-21T21:17:36.044+0100] {logging_mixin.py:151} INFO - [2024-07-21T21:17:36.044+0100] {dagbag.py:539} INFO - Filling up the DagBag from /Users/apoorvasaxena/.pyenv/versions/airflow-venv/lib/python3.10/site-packages/airflow/example_dags/example_sensor_decorator.py
[2024-07-21T21:17:36.066+0100] {processor.py:839} INFO - DAG(s) dict_keys(['example_sensor_decorator']) retrieved from /Users/apoorvasaxena/.pyenv/versions/airflow-venv/lib/python3.10/site-packages/airflow/example_dags/example_sensor_decorator.py
[2024-07-21T21:17:36.139+0100] {logging_mixin.py:151} INFO - [2024-07-21T21:17:36.139+0100] {dag.py:2915} INFO - Sync 1 DAGs
[2024-07-21T21:17:36.142+0100] {logging_mixin.py:151} INFO - [2024-07-21T21:17:36.142+0100] {dag.py:3696} INFO - Setting next_dagrun for example_sensor_decorator to None, run_after=None
[2024-07-21T21:17:36.149+0100] {processor.py:179} INFO - Processing /Users/apoorvasaxena/.pyenv/versions/airflow-venv/lib/python3.10/site-packages/airflow/example_dags/example_sensor_decorator.py took 0.108 seconds
[2024-07-21T21:18:45.588+0100] {processor.py:157} INFO - Started process (PID=85642) to work on /Users/apoorvasaxena/.pyenv/versions/airflow-venv/lib/python3.10/site-packages/airflow/example_dags/example_sensor_decorator.py
[2024-07-21T21:18:45.590+0100] {processor.py:829} INFO - Processing file /Users/apoorvasaxena/.pyenv/versions/airflow-venv/lib/python3.10/site-packages/airflow/example_dags/example_sensor_decorator.py for tasks to queue
[2024-07-21T21:18:45.591+0100] {logging_mixin.py:151} INFO - [2024-07-21T21:18:45.590+0100] {dagbag.py:539} INFO - Filling up the DagBag from /Users/apoorvasaxena/.pyenv/versions/airflow-venv/lib/python3.10/site-packages/airflow/example_dags/example_sensor_decorator.py
[2024-07-21T21:18:45.612+0100] {processor.py:839} INFO - DAG(s) dict_keys(['example_sensor_decorator']) retrieved from /Users/apoorvasaxena/.pyenv/versions/airflow-venv/lib/python3.10/site-packages/airflow/example_dags/example_sensor_decorator.py
[2024-07-21T21:18:45.686+0100] {logging_mixin.py:151} INFO - [2024-07-21T21:18:45.686+0100] {dag.py:2915} INFO - Sync 1 DAGs
[2024-07-21T21:18:45.689+0100] {logging_mixin.py:151} INFO - [2024-07-21T21:18:45.689+0100] {dag.py:3696} INFO - Setting next_dagrun for example_sensor_decorator to None, run_after=None
[2024-07-21T21:18:45.696+0100] {processor.py:179} INFO - Processing /Users/apoorvasaxena/.pyenv/versions/airflow-venv/lib/python3.10/site-packages/airflow/example_dags/example_sensor_decorator.py took 0.109 seconds
[2024-07-21T21:19:57.313+0100] {processor.py:157} INFO - Started process (PID=85729) to work on /Users/apoorvasaxena/.pyenv/versions/airflow-venv/lib/python3.10/site-packages/airflow/example_dags/example_sensor_decorator.py
[2024-07-21T21:19:57.315+0100] {processor.py:829} INFO - Processing file /Users/apoorvasaxena/.pyenv/versions/airflow-venv/lib/python3.10/site-packages/airflow/example_dags/example_sensor_decorator.py for tasks to queue
[2024-07-21T21:19:57.315+0100] {logging_mixin.py:151} INFO - [2024-07-21T21:19:57.315+0100] {dagbag.py:539} INFO - Filling up the DagBag from /Users/apoorvasaxena/.pyenv/versions/airflow-venv/lib/python3.10/site-packages/airflow/example_dags/example_sensor_decorator.py
[2024-07-21T21:19:57.337+0100] {processor.py:839} INFO - DAG(s) dict_keys(['example_sensor_decorator']) retrieved from /Users/apoorvasaxena/.pyenv/versions/airflow-venv/lib/python3.10/site-packages/airflow/example_dags/example_sensor_decorator.py
[2024-07-21T21:19:57.413+0100] {logging_mixin.py:151} INFO - [2024-07-21T21:19:57.413+0100] {dag.py:2915} INFO - Sync 1 DAGs
[2024-07-21T21:19:57.417+0100] {logging_mixin.py:151} INFO - [2024-07-21T21:19:57.417+0100] {dag.py:3696} INFO - Setting next_dagrun for example_sensor_decorator to None, run_after=None
[2024-07-21T21:19:57.425+0100] {processor.py:179} INFO - Processing /Users/apoorvasaxena/.pyenv/versions/airflow-venv/lib/python3.10/site-packages/airflow/example_dags/example_sensor_decorator.py took 0.113 seconds
[2024-07-21T21:21:10.944+0100] {processor.py:157} INFO - Started process (PID=85836) to work on /Users/apoorvasaxena/.pyenv/versions/airflow-venv/lib/python3.10/site-packages/airflow/example_dags/example_sensor_decorator.py
[2024-07-21T21:21:10.946+0100] {processor.py:829} INFO - Processing file /Users/apoorvasaxena/.pyenv/versions/airflow-venv/lib/python3.10/site-packages/airflow/example_dags/example_sensor_decorator.py for tasks to queue
[2024-07-21T21:21:10.947+0100] {logging_mixin.py:151} INFO - [2024-07-21T21:21:10.947+0100] {dagbag.py:539} INFO - Filling up the DagBag from /Users/apoorvasaxena/.pyenv/versions/airflow-venv/lib/python3.10/site-packages/airflow/example_dags/example_sensor_decorator.py
[2024-07-21T21:21:10.968+0100] {processor.py:839} INFO - DAG(s) dict_keys(['example_sensor_decorator']) retrieved from /Users/apoorvasaxena/.pyenv/versions/airflow-venv/lib/python3.10/site-packages/airflow/example_dags/example_sensor_decorator.py
[2024-07-21T21:21:11.042+0100] {logging_mixin.py:151} INFO - [2024-07-21T21:21:11.042+0100] {dag.py:2915} INFO - Sync 1 DAGs
[2024-07-21T21:21:11.045+0100] {logging_mixin.py:151} INFO - [2024-07-21T21:21:11.045+0100] {dag.py:3696} INFO - Setting next_dagrun for example_sensor_decorator to None, run_after=None
[2024-07-21T21:21:11.052+0100] {processor.py:179} INFO - Processing /Users/apoorvasaxena/.pyenv/versions/airflow-venv/lib/python3.10/site-packages/airflow/example_dags/example_sensor_decorator.py took 0.108 seconds
[2024-07-21T21:22:20.768+0100] {processor.py:157} INFO - Started process (PID=85925) to work on /Users/apoorvasaxena/.pyenv/versions/airflow-venv/lib/python3.10/site-packages/airflow/example_dags/example_sensor_decorator.py
[2024-07-21T21:22:20.771+0100] {processor.py:829} INFO - Processing file /Users/apoorvasaxena/.pyenv/versions/airflow-venv/lib/python3.10/site-packages/airflow/example_dags/example_sensor_decorator.py for tasks to queue
[2024-07-21T21:22:20.771+0100] {logging_mixin.py:151} INFO - [2024-07-21T21:22:20.771+0100] {dagbag.py:539} INFO - Filling up the DagBag from /Users/apoorvasaxena/.pyenv/versions/airflow-venv/lib/python3.10/site-packages/airflow/example_dags/example_sensor_decorator.py
[2024-07-21T21:22:20.792+0100] {processor.py:839} INFO - DAG(s) dict_keys(['example_sensor_decorator']) retrieved from /Users/apoorvasaxena/.pyenv/versions/airflow-venv/lib/python3.10/site-packages/airflow/example_dags/example_sensor_decorator.py
[2024-07-21T21:22:20.867+0100] {logging_mixin.py:151} INFO - [2024-07-21T21:22:20.867+0100] {dag.py:2915} INFO - Sync 1 DAGs
[2024-07-21T21:22:20.870+0100] {logging_mixin.py:151} INFO - [2024-07-21T21:22:20.870+0100] {dag.py:3696} INFO - Setting next_dagrun for example_sensor_decorator to None, run_after=None
[2024-07-21T21:22:20.877+0100] {processor.py:179} INFO - Processing /Users/apoorvasaxena/.pyenv/versions/airflow-venv/lib/python3.10/site-packages/airflow/example_dags/example_sensor_decorator.py took 0.109 seconds
[2024-07-21T21:23:33.149+0100] {processor.py:157} INFO - Started process (PID=86018) to work on /Users/apoorvasaxena/.pyenv/versions/airflow-venv/lib/python3.10/site-packages/airflow/example_dags/example_sensor_decorator.py
[2024-07-21T21:23:33.151+0100] {processor.py:829} INFO - Processing file /Users/apoorvasaxena/.pyenv/versions/airflow-venv/lib/python3.10/site-packages/airflow/example_dags/example_sensor_decorator.py for tasks to queue
[2024-07-21T21:23:33.151+0100] {logging_mixin.py:151} INFO - [2024-07-21T21:23:33.151+0100] {dagbag.py:539} INFO - Filling up the DagBag from /Users/apoorvasaxena/.pyenv/versions/airflow-venv/lib/python3.10/site-packages/airflow/example_dags/example_sensor_decorator.py
[2024-07-21T21:23:33.173+0100] {processor.py:839} INFO - DAG(s) dict_keys(['example_sensor_decorator']) retrieved from /Users/apoorvasaxena/.pyenv/versions/airflow-venv/lib/python3.10/site-packages/airflow/example_dags/example_sensor_decorator.py
[2024-07-21T21:23:33.247+0100] {logging_mixin.py:151} INFO - [2024-07-21T21:23:33.247+0100] {dag.py:2915} INFO - Sync 1 DAGs
[2024-07-21T21:23:33.250+0100] {logging_mixin.py:151} INFO - [2024-07-21T21:23:33.250+0100] {dag.py:3696} INFO - Setting next_dagrun for example_sensor_decorator to None, run_after=None
[2024-07-21T21:23:33.257+0100] {processor.py:179} INFO - Processing /Users/apoorvasaxena/.pyenv/versions/airflow-venv/lib/python3.10/site-packages/airflow/example_dags/example_sensor_decorator.py took 0.108 seconds
[2024-07-21T21:24:43.615+0100] {processor.py:157} INFO - Started process (PID=86125) to work on /Users/apoorvasaxena/.pyenv/versions/airflow-venv/lib/python3.10/site-packages/airflow/example_dags/example_sensor_decorator.py
[2024-07-21T21:24:43.618+0100] {processor.py:829} INFO - Processing file /Users/apoorvasaxena/.pyenv/versions/airflow-venv/lib/python3.10/site-packages/airflow/example_dags/example_sensor_decorator.py for tasks to queue
[2024-07-21T21:24:43.618+0100] {logging_mixin.py:151} INFO - [2024-07-21T21:24:43.618+0100] {dagbag.py:539} INFO - Filling up the DagBag from /Users/apoorvasaxena/.pyenv/versions/airflow-venv/lib/python3.10/site-packages/airflow/example_dags/example_sensor_decorator.py
[2024-07-21T21:24:43.640+0100] {processor.py:839} INFO - DAG(s) dict_keys(['example_sensor_decorator']) retrieved from /Users/apoorvasaxena/.pyenv/versions/airflow-venv/lib/python3.10/site-packages/airflow/example_dags/example_sensor_decorator.py
[2024-07-21T21:24:43.713+0100] {logging_mixin.py:151} INFO - [2024-07-21T21:24:43.713+0100] {dag.py:2915} INFO - Sync 1 DAGs
[2024-07-21T21:24:43.716+0100] {logging_mixin.py:151} INFO - [2024-07-21T21:24:43.716+0100] {dag.py:3696} INFO - Setting next_dagrun for example_sensor_decorator to None, run_after=None
[2024-07-21T21:24:43.723+0100] {processor.py:179} INFO - Processing /Users/apoorvasaxena/.pyenv/versions/airflow-venv/lib/python3.10/site-packages/airflow/example_dags/example_sensor_decorator.py took 0.109 seconds
[2024-07-21T21:25:53.780+0100] {processor.py:157} INFO - Started process (PID=86212) to work on /Users/apoorvasaxena/.pyenv/versions/airflow-venv/lib/python3.10/site-packages/airflow/example_dags/example_sensor_decorator.py
[2024-07-21T21:25:53.782+0100] {processor.py:829} INFO - Processing file /Users/apoorvasaxena/.pyenv/versions/airflow-venv/lib/python3.10/site-packages/airflow/example_dags/example_sensor_decorator.py for tasks to queue
[2024-07-21T21:25:53.782+0100] {logging_mixin.py:151} INFO - [2024-07-21T21:25:53.782+0100] {dagbag.py:539} INFO - Filling up the DagBag from /Users/apoorvasaxena/.pyenv/versions/airflow-venv/lib/python3.10/site-packages/airflow/example_dags/example_sensor_decorator.py
[2024-07-21T21:25:53.804+0100] {processor.py:839} INFO - DAG(s) dict_keys(['example_sensor_decorator']) retrieved from /Users/apoorvasaxena/.pyenv/versions/airflow-venv/lib/python3.10/site-packages/airflow/example_dags/example_sensor_decorator.py
[2024-07-21T21:25:53.877+0100] {logging_mixin.py:151} INFO - [2024-07-21T21:25:53.877+0100] {dag.py:2915} INFO - Sync 1 DAGs
[2024-07-21T21:25:53.881+0100] {logging_mixin.py:151} INFO - [2024-07-21T21:25:53.881+0100] {dag.py:3696} INFO - Setting next_dagrun for example_sensor_decorator to None, run_after=None
[2024-07-21T21:25:53.887+0100] {processor.py:179} INFO - Processing /Users/apoorvasaxena/.pyenv/versions/airflow-venv/lib/python3.10/site-packages/airflow/example_dags/example_sensor_decorator.py took 0.107 seconds
[2024-07-21T21:27:04.726+0100] {processor.py:157} INFO - Started process (PID=86304) to work on /Users/apoorvasaxena/.pyenv/versions/airflow-venv/lib/python3.10/site-packages/airflow/example_dags/example_sensor_decorator.py
[2024-07-21T21:27:04.728+0100] {processor.py:829} INFO - Processing file /Users/apoorvasaxena/.pyenv/versions/airflow-venv/lib/python3.10/site-packages/airflow/example_dags/example_sensor_decorator.py for tasks to queue
[2024-07-21T21:27:04.728+0100] {logging_mixin.py:151} INFO - [2024-07-21T21:27:04.728+0100] {dagbag.py:539} INFO - Filling up the DagBag from /Users/apoorvasaxena/.pyenv/versions/airflow-venv/lib/python3.10/site-packages/airflow/example_dags/example_sensor_decorator.py
[2024-07-21T21:27:04.750+0100] {processor.py:839} INFO - DAG(s) dict_keys(['example_sensor_decorator']) retrieved from /Users/apoorvasaxena/.pyenv/versions/airflow-venv/lib/python3.10/site-packages/airflow/example_dags/example_sensor_decorator.py
[2024-07-21T21:27:04.824+0100] {logging_mixin.py:151} INFO - [2024-07-21T21:27:04.823+0100] {dag.py:2915} INFO - Sync 1 DAGs
[2024-07-21T21:27:04.827+0100] {logging_mixin.py:151} INFO - [2024-07-21T21:27:04.827+0100] {dag.py:3696} INFO - Setting next_dagrun for example_sensor_decorator to None, run_after=None
[2024-07-21T21:27:04.834+0100] {processor.py:179} INFO - Processing /Users/apoorvasaxena/.pyenv/versions/airflow-venv/lib/python3.10/site-packages/airflow/example_dags/example_sensor_decorator.py took 0.108 seconds
[2024-07-21T21:28:15.925+0100] {processor.py:157} INFO - Started process (PID=86402) to work on /Users/apoorvasaxena/.pyenv/versions/airflow-venv/lib/python3.10/site-packages/airflow/example_dags/example_sensor_decorator.py
[2024-07-21T21:28:15.927+0100] {processor.py:829} INFO - Processing file /Users/apoorvasaxena/.pyenv/versions/airflow-venv/lib/python3.10/site-packages/airflow/example_dags/example_sensor_decorator.py for tasks to queue
[2024-07-21T21:28:15.927+0100] {logging_mixin.py:151} INFO - [2024-07-21T21:28:15.927+0100] {dagbag.py:539} INFO - Filling up the DagBag from /Users/apoorvasaxena/.pyenv/versions/airflow-venv/lib/python3.10/site-packages/airflow/example_dags/example_sensor_decorator.py
[2024-07-21T21:28:15.949+0100] {processor.py:839} INFO - DAG(s) dict_keys(['example_sensor_decorator']) retrieved from /Users/apoorvasaxena/.pyenv/versions/airflow-venv/lib/python3.10/site-packages/airflow/example_dags/example_sensor_decorator.py
[2024-07-21T21:28:16.022+0100] {logging_mixin.py:151} INFO - [2024-07-21T21:28:16.022+0100] {dag.py:2915} INFO - Sync 1 DAGs
[2024-07-21T21:28:16.026+0100] {logging_mixin.py:151} INFO - [2024-07-21T21:28:16.026+0100] {dag.py:3696} INFO - Setting next_dagrun for example_sensor_decorator to None, run_after=None
[2024-07-21T21:28:16.032+0100] {processor.py:179} INFO - Processing /Users/apoorvasaxena/.pyenv/versions/airflow-venv/lib/python3.10/site-packages/airflow/example_dags/example_sensor_decorator.py took 0.108 seconds
[2024-07-21T21:29:29.391+0100] {processor.py:157} INFO - Started process (PID=86496) to work on /Users/apoorvasaxena/.pyenv/versions/airflow-venv/lib/python3.10/site-packages/airflow/example_dags/example_sensor_decorator.py
[2024-07-21T21:29:29.394+0100] {processor.py:829} INFO - Processing file /Users/apoorvasaxena/.pyenv/versions/airflow-venv/lib/python3.10/site-packages/airflow/example_dags/example_sensor_decorator.py for tasks to queue
[2024-07-21T21:29:29.394+0100] {logging_mixin.py:151} INFO - [2024-07-21T21:29:29.394+0100] {dagbag.py:539} INFO - Filling up the DagBag from /Users/apoorvasaxena/.pyenv/versions/airflow-venv/lib/python3.10/site-packages/airflow/example_dags/example_sensor_decorator.py
[2024-07-21T21:29:29.416+0100] {processor.py:839} INFO - DAG(s) dict_keys(['example_sensor_decorator']) retrieved from /Users/apoorvasaxena/.pyenv/versions/airflow-venv/lib/python3.10/site-packages/airflow/example_dags/example_sensor_decorator.py
[2024-07-21T21:29:29.489+0100] {logging_mixin.py:151} INFO - [2024-07-21T21:29:29.489+0100] {dag.py:2915} INFO - Sync 1 DAGs
[2024-07-21T21:29:29.492+0100] {logging_mixin.py:151} INFO - [2024-07-21T21:29:29.492+0100] {dag.py:3696} INFO - Setting next_dagrun for example_sensor_decorator to None, run_after=None
[2024-07-21T21:29:29.499+0100] {processor.py:179} INFO - Processing /Users/apoorvasaxena/.pyenv/versions/airflow-venv/lib/python3.10/site-packages/airflow/example_dags/example_sensor_decorator.py took 0.109 seconds
[2024-07-21T21:30:40.254+0100] {processor.py:157} INFO - Started process (PID=86590) to work on /Users/apoorvasaxena/.pyenv/versions/airflow-venv/lib/python3.10/site-packages/airflow/example_dags/example_sensor_decorator.py
[2024-07-21T21:30:40.257+0100] {processor.py:829} INFO - Processing file /Users/apoorvasaxena/.pyenv/versions/airflow-venv/lib/python3.10/site-packages/airflow/example_dags/example_sensor_decorator.py for tasks to queue
[2024-07-21T21:30:40.257+0100] {logging_mixin.py:151} INFO - [2024-07-21T21:30:40.257+0100] {dagbag.py:539} INFO - Filling up the DagBag from /Users/apoorvasaxena/.pyenv/versions/airflow-venv/lib/python3.10/site-packages/airflow/example_dags/example_sensor_decorator.py
[2024-07-21T21:30:40.278+0100] {processor.py:839} INFO - DAG(s) dict_keys(['example_sensor_decorator']) retrieved from /Users/apoorvasaxena/.pyenv/versions/airflow-venv/lib/python3.10/site-packages/airflow/example_dags/example_sensor_decorator.py
[2024-07-21T21:30:40.352+0100] {logging_mixin.py:151} INFO - [2024-07-21T21:30:40.352+0100] {dag.py:2915} INFO - Sync 1 DAGs
[2024-07-21T21:30:40.355+0100] {logging_mixin.py:151} INFO - [2024-07-21T21:30:40.355+0100] {dag.py:3696} INFO - Setting next_dagrun for example_sensor_decorator to None, run_after=None
[2024-07-21T21:30:40.362+0100] {processor.py:179} INFO - Processing /Users/apoorvasaxena/.pyenv/versions/airflow-venv/lib/python3.10/site-packages/airflow/example_dags/example_sensor_decorator.py took 0.108 seconds
[2024-07-21T21:31:51.094+0100] {processor.py:157} INFO - Started process (PID=86681) to work on /Users/apoorvasaxena/.pyenv/versions/airflow-venv/lib/python3.10/site-packages/airflow/example_dags/example_sensor_decorator.py
[2024-07-21T21:31:51.096+0100] {processor.py:829} INFO - Processing file /Users/apoorvasaxena/.pyenv/versions/airflow-venv/lib/python3.10/site-packages/airflow/example_dags/example_sensor_decorator.py for tasks to queue
[2024-07-21T21:31:51.096+0100] {logging_mixin.py:151} INFO - [2024-07-21T21:31:51.096+0100] {dagbag.py:539} INFO - Filling up the DagBag from /Users/apoorvasaxena/.pyenv/versions/airflow-venv/lib/python3.10/site-packages/airflow/example_dags/example_sensor_decorator.py
[2024-07-21T21:31:51.117+0100] {processor.py:839} INFO - DAG(s) dict_keys(['example_sensor_decorator']) retrieved from /Users/apoorvasaxena/.pyenv/versions/airflow-venv/lib/python3.10/site-packages/airflow/example_dags/example_sensor_decorator.py
[2024-07-21T21:31:51.191+0100] {logging_mixin.py:151} INFO - [2024-07-21T21:31:51.190+0100] {dag.py:2915} INFO - Sync 1 DAGs
[2024-07-21T21:31:51.194+0100] {logging_mixin.py:151} INFO - [2024-07-21T21:31:51.194+0100] {dag.py:3696} INFO - Setting next_dagrun for example_sensor_decorator to None, run_after=None
[2024-07-21T21:31:51.201+0100] {processor.py:179} INFO - Processing /Users/apoorvasaxena/.pyenv/versions/airflow-venv/lib/python3.10/site-packages/airflow/example_dags/example_sensor_decorator.py took 0.107 seconds
[2024-07-21T21:33:06.849+0100] {processor.py:157} INFO - Started process (PID=86800) to work on /Users/apoorvasaxena/.pyenv/versions/airflow-venv/lib/python3.10/site-packages/airflow/example_dags/example_sensor_decorator.py
[2024-07-21T21:33:06.852+0100] {processor.py:829} INFO - Processing file /Users/apoorvasaxena/.pyenv/versions/airflow-venv/lib/python3.10/site-packages/airflow/example_dags/example_sensor_decorator.py for tasks to queue
[2024-07-21T21:33:06.852+0100] {logging_mixin.py:151} INFO - [2024-07-21T21:33:06.852+0100] {dagbag.py:539} INFO - Filling up the DagBag from /Users/apoorvasaxena/.pyenv/versions/airflow-venv/lib/python3.10/site-packages/airflow/example_dags/example_sensor_decorator.py
[2024-07-21T21:33:06.876+0100] {processor.py:839} INFO - DAG(s) dict_keys(['example_sensor_decorator']) retrieved from /Users/apoorvasaxena/.pyenv/versions/airflow-venv/lib/python3.10/site-packages/airflow/example_dags/example_sensor_decorator.py
[2024-07-21T21:33:06.952+0100] {logging_mixin.py:151} INFO - [2024-07-21T21:33:06.952+0100] {dag.py:2915} INFO - Sync 1 DAGs
[2024-07-21T21:33:06.955+0100] {logging_mixin.py:151} INFO - [2024-07-21T21:33:06.955+0100] {dag.py:3696} INFO - Setting next_dagrun for example_sensor_decorator to None, run_after=None
[2024-07-21T21:33:06.962+0100] {processor.py:179} INFO - Processing /Users/apoorvasaxena/.pyenv/versions/airflow-venv/lib/python3.10/site-packages/airflow/example_dags/example_sensor_decorator.py took 0.114 seconds
[2024-07-21T21:34:20.191+0100] {processor.py:157} INFO - Started process (PID=86889) to work on /Users/apoorvasaxena/.pyenv/versions/airflow-venv/lib/python3.10/site-packages/airflow/example_dags/example_sensor_decorator.py
[2024-07-21T21:34:20.194+0100] {processor.py:829} INFO - Processing file /Users/apoorvasaxena/.pyenv/versions/airflow-venv/lib/python3.10/site-packages/airflow/example_dags/example_sensor_decorator.py for tasks to queue
[2024-07-21T21:34:20.194+0100] {logging_mixin.py:151} INFO - [2024-07-21T21:34:20.194+0100] {dagbag.py:539} INFO - Filling up the DagBag from /Users/apoorvasaxena/.pyenv/versions/airflow-venv/lib/python3.10/site-packages/airflow/example_dags/example_sensor_decorator.py
[2024-07-21T21:34:20.223+0100] {processor.py:839} INFO - DAG(s) dict_keys(['example_sensor_decorator']) retrieved from /Users/apoorvasaxena/.pyenv/versions/airflow-venv/lib/python3.10/site-packages/airflow/example_dags/example_sensor_decorator.py
[2024-07-21T21:34:20.306+0100] {logging_mixin.py:151} INFO - [2024-07-21T21:34:20.306+0100] {dag.py:2915} INFO - Sync 1 DAGs
[2024-07-21T21:34:20.310+0100] {logging_mixin.py:151} INFO - [2024-07-21T21:34:20.310+0100] {dag.py:3696} INFO - Setting next_dagrun for example_sensor_decorator to None, run_after=None
[2024-07-21T21:34:20.316+0100] {processor.py:179} INFO - Processing /Users/apoorvasaxena/.pyenv/versions/airflow-venv/lib/python3.10/site-packages/airflow/example_dags/example_sensor_decorator.py took 0.126 seconds
[2024-07-21T21:35:32.754+0100] {processor.py:157} INFO - Started process (PID=86970) to work on /Users/apoorvasaxena/.pyenv/versions/airflow-venv/lib/python3.10/site-packages/airflow/example_dags/example_sensor_decorator.py
[2024-07-21T21:35:32.756+0100] {processor.py:829} INFO - Processing file /Users/apoorvasaxena/.pyenv/versions/airflow-venv/lib/python3.10/site-packages/airflow/example_dags/example_sensor_decorator.py for tasks to queue
[2024-07-21T21:35:32.757+0100] {logging_mixin.py:151} INFO - [2024-07-21T21:35:32.757+0100] {dagbag.py:539} INFO - Filling up the DagBag from /Users/apoorvasaxena/.pyenv/versions/airflow-venv/lib/python3.10/site-packages/airflow/example_dags/example_sensor_decorator.py
[2024-07-21T21:35:32.780+0100] {processor.py:839} INFO - DAG(s) dict_keys(['example_sensor_decorator']) retrieved from /Users/apoorvasaxena/.pyenv/versions/airflow-venv/lib/python3.10/site-packages/airflow/example_dags/example_sensor_decorator.py
[2024-07-21T21:35:32.856+0100] {logging_mixin.py:151} INFO - [2024-07-21T21:35:32.856+0100] {dag.py:2915} INFO - Sync 1 DAGs
[2024-07-21T21:35:32.860+0100] {logging_mixin.py:151} INFO - [2024-07-21T21:35:32.860+0100] {dag.py:3696} INFO - Setting next_dagrun for example_sensor_decorator to None, run_after=None
[2024-07-21T21:35:32.867+0100] {processor.py:179} INFO - Processing /Users/apoorvasaxena/.pyenv/versions/airflow-venv/lib/python3.10/site-packages/airflow/example_dags/example_sensor_decorator.py took 0.113 seconds
[2024-07-21T21:36:43.335+0100] {processor.py:157} INFO - Started process (PID=87064) to work on /Users/apoorvasaxena/.pyenv/versions/airflow-venv/lib/python3.10/site-packages/airflow/example_dags/example_sensor_decorator.py
[2024-07-21T21:36:43.337+0100] {processor.py:829} INFO - Processing file /Users/apoorvasaxena/.pyenv/versions/airflow-venv/lib/python3.10/site-packages/airflow/example_dags/example_sensor_decorator.py for tasks to queue
[2024-07-21T21:36:43.337+0100] {logging_mixin.py:151} INFO - [2024-07-21T21:36:43.337+0100] {dagbag.py:539} INFO - Filling up the DagBag from /Users/apoorvasaxena/.pyenv/versions/airflow-venv/lib/python3.10/site-packages/airflow/example_dags/example_sensor_decorator.py
[2024-07-21T21:36:43.360+0100] {processor.py:839} INFO - DAG(s) dict_keys(['example_sensor_decorator']) retrieved from /Users/apoorvasaxena/.pyenv/versions/airflow-venv/lib/python3.10/site-packages/airflow/example_dags/example_sensor_decorator.py
[2024-07-21T21:36:43.436+0100] {logging_mixin.py:151} INFO - [2024-07-21T21:36:43.436+0100] {dag.py:2915} INFO - Sync 1 DAGs
[2024-07-21T21:36:43.440+0100] {logging_mixin.py:151} INFO - [2024-07-21T21:36:43.439+0100] {dag.py:3696} INFO - Setting next_dagrun for example_sensor_decorator to None, run_after=None
[2024-07-21T21:36:43.447+0100] {processor.py:179} INFO - Processing /Users/apoorvasaxena/.pyenv/versions/airflow-venv/lib/python3.10/site-packages/airflow/example_dags/example_sensor_decorator.py took 0.113 seconds
