[2024-07-21T20:49:53.068+0100] {processor.py:157} INFO - Started process (PID=82511) to work on /Users/apoorvasaxena/.pyenv/versions/airflow-venv/lib/python3.10/site-packages/airflow/example_dags/example_setup_teardown_taskflow.py
[2024-07-21T20:49:53.070+0100] {processor.py:829} INFO - Processing file /Users/apoorvasaxena/.pyenv/versions/airflow-venv/lib/python3.10/site-packages/airflow/example_dags/example_setup_teardown_taskflow.py for tasks to queue
[2024-07-21T20:49:53.070+0100] {logging_mixin.py:151} INFO - [2024-07-21T20:49:53.070+0100] {dagbag.py:539} INFO - Filling up the DagBag from /Users/apoorvasaxena/.pyenv/versions/airflow-venv/lib/python3.10/site-packages/airflow/example_dags/example_setup_teardown_taskflow.py
[2024-07-21T20:49:53.093+0100] {processor.py:839} INFO - DAG(s) dict_keys(['example_setup_teardown_taskflow']) retrieved from /Users/apoorvasaxena/.pyenv/versions/airflow-venv/lib/python3.10/site-packages/airflow/example_dags/example_setup_teardown_taskflow.py
[2024-07-21T20:49:53.165+0100] {logging_mixin.py:151} INFO - [2024-07-21T20:49:53.165+0100] {dag.py:2915} INFO - Sync 1 DAGs
[2024-07-21T20:49:53.171+0100] {logging_mixin.py:151} INFO - [2024-07-21T20:49:53.171+0100] {dag.py:3696} INFO - Setting next_dagrun for example_setup_teardown_taskflow to 2024-07-20T19:49:53.170968+00:00, run_after=2024-07-21T19:49:53.170968+00:00
[2024-07-21T20:49:53.177+0100] {processor.py:179} INFO - Processing /Users/apoorvasaxena/.pyenv/versions/airflow-venv/lib/python3.10/site-packages/airflow/example_dags/example_setup_teardown_taskflow.py took 0.110 seconds
[2024-07-21T20:50:59.914+0100] {processor.py:157} INFO - Started process (PID=82639) to work on /Users/apoorvasaxena/.pyenv/versions/airflow-venv/lib/python3.10/site-packages/airflow/example_dags/example_setup_teardown_taskflow.py
[2024-07-21T20:50:59.916+0100] {processor.py:829} INFO - Processing file /Users/apoorvasaxena/.pyenv/versions/airflow-venv/lib/python3.10/site-packages/airflow/example_dags/example_setup_teardown_taskflow.py for tasks to queue
[2024-07-21T20:50:59.917+0100] {logging_mixin.py:151} INFO - [2024-07-21T20:50:59.917+0100] {dagbag.py:539} INFO - Filling up the DagBag from /Users/apoorvasaxena/.pyenv/versions/airflow-venv/lib/python3.10/site-packages/airflow/example_dags/example_setup_teardown_taskflow.py
[2024-07-21T20:50:59.940+0100] {processor.py:839} INFO - DAG(s) dict_keys(['example_setup_teardown_taskflow']) retrieved from /Users/apoorvasaxena/.pyenv/versions/airflow-venv/lib/python3.10/site-packages/airflow/example_dags/example_setup_teardown_taskflow.py
[2024-07-21T20:51:00.012+0100] {logging_mixin.py:151} INFO - [2024-07-21T20:51:00.012+0100] {dag.py:2915} INFO - Sync 1 DAGs
[2024-07-21T20:51:00.018+0100] {logging_mixin.py:151} INFO - [2024-07-21T20:51:00.018+0100] {dag.py:3696} INFO - Setting next_dagrun for example_setup_teardown_taskflow to 2024-07-20T19:51:00.018459+00:00, run_after=2024-07-21T19:51:00.018459+00:00
[2024-07-21T20:51:00.025+0100] {processor.py:179} INFO - Processing /Users/apoorvasaxena/.pyenv/versions/airflow-venv/lib/python3.10/site-packages/airflow/example_dags/example_setup_teardown_taskflow.py took 0.112 seconds
[2024-07-21T20:52:13.825+0100] {processor.py:157} INFO - Started process (PID=82864) to work on /Users/apoorvasaxena/.pyenv/versions/airflow-venv/lib/python3.10/site-packages/airflow/example_dags/example_setup_teardown_taskflow.py
[2024-07-21T20:52:13.828+0100] {processor.py:829} INFO - Processing file /Users/apoorvasaxena/.pyenv/versions/airflow-venv/lib/python3.10/site-packages/airflow/example_dags/example_setup_teardown_taskflow.py for tasks to queue
[2024-07-21T20:52:13.828+0100] {logging_mixin.py:151} INFO - [2024-07-21T20:52:13.828+0100] {dagbag.py:539} INFO - Filling up the DagBag from /Users/apoorvasaxena/.pyenv/versions/airflow-venv/lib/python3.10/site-packages/airflow/example_dags/example_setup_teardown_taskflow.py
[2024-07-21T20:52:13.851+0100] {processor.py:839} INFO - DAG(s) dict_keys(['example_setup_teardown_taskflow']) retrieved from /Users/apoorvasaxena/.pyenv/versions/airflow-venv/lib/python3.10/site-packages/airflow/example_dags/example_setup_teardown_taskflow.py
[2024-07-21T20:52:13.922+0100] {logging_mixin.py:151} INFO - [2024-07-21T20:52:13.922+0100] {dag.py:2915} INFO - Sync 1 DAGs
[2024-07-21T20:52:13.928+0100] {logging_mixin.py:151} INFO - [2024-07-21T20:52:13.928+0100] {dag.py:3696} INFO - Setting next_dagrun for example_setup_teardown_taskflow to 2024-07-20T19:52:13.928250+00:00, run_after=2024-07-21T19:52:13.928250+00:00
[2024-07-21T20:52:13.935+0100] {processor.py:179} INFO - Processing /Users/apoorvasaxena/.pyenv/versions/airflow-venv/lib/python3.10/site-packages/airflow/example_dags/example_setup_teardown_taskflow.py took 0.109 seconds
[2024-07-21T20:53:25.154+0100] {processor.py:157} INFO - Started process (PID=83675) to work on /Users/apoorvasaxena/.pyenv/versions/airflow-venv/lib/python3.10/site-packages/airflow/example_dags/example_setup_teardown_taskflow.py
[2024-07-21T20:53:25.157+0100] {processor.py:829} INFO - Processing file /Users/apoorvasaxena/.pyenv/versions/airflow-venv/lib/python3.10/site-packages/airflow/example_dags/example_setup_teardown_taskflow.py for tasks to queue
[2024-07-21T20:53:25.157+0100] {logging_mixin.py:151} INFO - [2024-07-21T20:53:25.157+0100] {dagbag.py:539} INFO - Filling up the DagBag from /Users/apoorvasaxena/.pyenv/versions/airflow-venv/lib/python3.10/site-packages/airflow/example_dags/example_setup_teardown_taskflow.py
[2024-07-21T20:53:25.181+0100] {processor.py:839} INFO - DAG(s) dict_keys(['example_setup_teardown_taskflow']) retrieved from /Users/apoorvasaxena/.pyenv/versions/airflow-venv/lib/python3.10/site-packages/airflow/example_dags/example_setup_teardown_taskflow.py
[2024-07-21T20:53:25.251+0100] {logging_mixin.py:151} INFO - [2024-07-21T20:53:25.251+0100] {dag.py:2915} INFO - Sync 1 DAGs
[2024-07-21T20:53:25.257+0100] {logging_mixin.py:151} INFO - [2024-07-21T20:53:25.257+0100] {dag.py:3696} INFO - Setting next_dagrun for example_setup_teardown_taskflow to 2024-07-20T19:53:25.257609+00:00, run_after=2024-07-21T19:53:25.257609+00:00
[2024-07-21T20:53:25.264+0100] {processor.py:179} INFO - Processing /Users/apoorvasaxena/.pyenv/versions/airflow-venv/lib/python3.10/site-packages/airflow/example_dags/example_setup_teardown_taskflow.py took 0.110 seconds
[2024-07-21T20:54:42.236+0100] {processor.py:157} INFO - Started process (PID=83781) to work on /Users/apoorvasaxena/.pyenv/versions/airflow-venv/lib/python3.10/site-packages/airflow/example_dags/example_setup_teardown_taskflow.py
[2024-07-21T20:54:42.239+0100] {processor.py:829} INFO - Processing file /Users/apoorvasaxena/.pyenv/versions/airflow-venv/lib/python3.10/site-packages/airflow/example_dags/example_setup_teardown_taskflow.py for tasks to queue
[2024-07-21T20:54:42.239+0100] {logging_mixin.py:151} INFO - [2024-07-21T20:54:42.239+0100] {dagbag.py:539} INFO - Filling up the DagBag from /Users/apoorvasaxena/.pyenv/versions/airflow-venv/lib/python3.10/site-packages/airflow/example_dags/example_setup_teardown_taskflow.py
[2024-07-21T20:54:42.262+0100] {processor.py:839} INFO - DAG(s) dict_keys(['example_setup_teardown_taskflow']) retrieved from /Users/apoorvasaxena/.pyenv/versions/airflow-venv/lib/python3.10/site-packages/airflow/example_dags/example_setup_teardown_taskflow.py
[2024-07-21T20:54:42.337+0100] {logging_mixin.py:151} INFO - [2024-07-21T20:54:42.337+0100] {dag.py:2915} INFO - Sync 1 DAGs
[2024-07-21T20:54:42.343+0100] {logging_mixin.py:151} INFO - [2024-07-21T20:54:42.343+0100] {dag.py:3696} INFO - Setting next_dagrun for example_setup_teardown_taskflow to 2024-07-20T19:54:42.343757+00:00, run_after=2024-07-21T19:54:42.343757+00:00
[2024-07-21T20:54:42.350+0100] {processor.py:179} INFO - Processing /Users/apoorvasaxena/.pyenv/versions/airflow-venv/lib/python3.10/site-packages/airflow/example_dags/example_setup_teardown_taskflow.py took 0.115 seconds
[2024-07-21T20:55:56.250+0100] {processor.py:157} INFO - Started process (PID=83882) to work on /Users/apoorvasaxena/.pyenv/versions/airflow-venv/lib/python3.10/site-packages/airflow/example_dags/example_setup_teardown_taskflow.py
[2024-07-21T20:55:56.252+0100] {processor.py:829} INFO - Processing file /Users/apoorvasaxena/.pyenv/versions/airflow-venv/lib/python3.10/site-packages/airflow/example_dags/example_setup_teardown_taskflow.py for tasks to queue
[2024-07-21T20:55:56.253+0100] {logging_mixin.py:151} INFO - [2024-07-21T20:55:56.252+0100] {dagbag.py:539} INFO - Filling up the DagBag from /Users/apoorvasaxena/.pyenv/versions/airflow-venv/lib/python3.10/site-packages/airflow/example_dags/example_setup_teardown_taskflow.py
[2024-07-21T20:55:56.276+0100] {processor.py:839} INFO - DAG(s) dict_keys(['example_setup_teardown_taskflow']) retrieved from /Users/apoorvasaxena/.pyenv/versions/airflow-venv/lib/python3.10/site-packages/airflow/example_dags/example_setup_teardown_taskflow.py
[2024-07-21T20:55:56.348+0100] {logging_mixin.py:151} INFO - [2024-07-21T20:55:56.348+0100] {dag.py:2915} INFO - Sync 1 DAGs
[2024-07-21T20:55:56.354+0100] {logging_mixin.py:151} INFO - [2024-07-21T20:55:56.353+0100] {dag.py:3696} INFO - Setting next_dagrun for example_setup_teardown_taskflow to 2024-07-20T19:55:56.353933+00:00, run_after=2024-07-21T19:55:56.353933+00:00
[2024-07-21T20:55:56.361+0100] {processor.py:179} INFO - Processing /Users/apoorvasaxena/.pyenv/versions/airflow-venv/lib/python3.10/site-packages/airflow/example_dags/example_setup_teardown_taskflow.py took 0.112 seconds
[2024-07-21T20:57:10.108+0100] {processor.py:157} INFO - Started process (PID=83985) to work on /Users/apoorvasaxena/.pyenv/versions/airflow-venv/lib/python3.10/site-packages/airflow/example_dags/example_setup_teardown_taskflow.py
[2024-07-21T20:57:10.111+0100] {processor.py:829} INFO - Processing file /Users/apoorvasaxena/.pyenv/versions/airflow-venv/lib/python3.10/site-packages/airflow/example_dags/example_setup_teardown_taskflow.py for tasks to queue
[2024-07-21T20:57:10.111+0100] {logging_mixin.py:151} INFO - [2024-07-21T20:57:10.111+0100] {dagbag.py:539} INFO - Filling up the DagBag from /Users/apoorvasaxena/.pyenv/versions/airflow-venv/lib/python3.10/site-packages/airflow/example_dags/example_setup_teardown_taskflow.py
[2024-07-21T20:57:10.134+0100] {processor.py:839} INFO - DAG(s) dict_keys(['example_setup_teardown_taskflow']) retrieved from /Users/apoorvasaxena/.pyenv/versions/airflow-venv/lib/python3.10/site-packages/airflow/example_dags/example_setup_teardown_taskflow.py
[2024-07-21T20:57:10.206+0100] {logging_mixin.py:151} INFO - [2024-07-21T20:57:10.206+0100] {dag.py:2915} INFO - Sync 1 DAGs
[2024-07-21T20:57:10.212+0100] {logging_mixin.py:151} INFO - [2024-07-21T20:57:10.212+0100] {dag.py:3696} INFO - Setting next_dagrun for example_setup_teardown_taskflow to 2024-07-20T19:57:10.212367+00:00, run_after=2024-07-21T19:57:10.212367+00:00
[2024-07-21T20:57:10.219+0100] {processor.py:179} INFO - Processing /Users/apoorvasaxena/.pyenv/versions/airflow-venv/lib/python3.10/site-packages/airflow/example_dags/example_setup_teardown_taskflow.py took 0.111 seconds
[2024-07-21T20:58:19.270+0100] {processor.py:157} INFO - Started process (PID=84063) to work on /Users/apoorvasaxena/.pyenv/versions/airflow-venv/lib/python3.10/site-packages/airflow/example_dags/example_setup_teardown_taskflow.py
[2024-07-21T20:58:19.272+0100] {processor.py:829} INFO - Processing file /Users/apoorvasaxena/.pyenv/versions/airflow-venv/lib/python3.10/site-packages/airflow/example_dags/example_setup_teardown_taskflow.py for tasks to queue
[2024-07-21T20:58:19.273+0100] {logging_mixin.py:151} INFO - [2024-07-21T20:58:19.273+0100] {dagbag.py:539} INFO - Filling up the DagBag from /Users/apoorvasaxena/.pyenv/versions/airflow-venv/lib/python3.10/site-packages/airflow/example_dags/example_setup_teardown_taskflow.py
[2024-07-21T20:58:19.296+0100] {processor.py:839} INFO - DAG(s) dict_keys(['example_setup_teardown_taskflow']) retrieved from /Users/apoorvasaxena/.pyenv/versions/airflow-venv/lib/python3.10/site-packages/airflow/example_dags/example_setup_teardown_taskflow.py
[2024-07-21T20:58:19.368+0100] {logging_mixin.py:151} INFO - [2024-07-21T20:58:19.368+0100] {dag.py:2915} INFO - Sync 1 DAGs
[2024-07-21T20:58:19.374+0100] {logging_mixin.py:151} INFO - [2024-07-21T20:58:19.374+0100] {dag.py:3696} INFO - Setting next_dagrun for example_setup_teardown_taskflow to 2024-07-20T19:58:19.374159+00:00, run_after=2024-07-21T19:58:19.374159+00:00
[2024-07-21T20:58:19.381+0100] {processor.py:179} INFO - Processing /Users/apoorvasaxena/.pyenv/versions/airflow-venv/lib/python3.10/site-packages/airflow/example_dags/example_setup_teardown_taskflow.py took 0.111 seconds
[2024-07-21T20:59:31.015+0100] {processor.py:157} INFO - Started process (PID=84141) to work on /Users/apoorvasaxena/.pyenv/versions/airflow-venv/lib/python3.10/site-packages/airflow/example_dags/example_setup_teardown_taskflow.py
[2024-07-21T20:59:31.017+0100] {processor.py:829} INFO - Processing file /Users/apoorvasaxena/.pyenv/versions/airflow-venv/lib/python3.10/site-packages/airflow/example_dags/example_setup_teardown_taskflow.py for tasks to queue
[2024-07-21T20:59:31.017+0100] {logging_mixin.py:151} INFO - [2024-07-21T20:59:31.017+0100] {dagbag.py:539} INFO - Filling up the DagBag from /Users/apoorvasaxena/.pyenv/versions/airflow-venv/lib/python3.10/site-packages/airflow/example_dags/example_setup_teardown_taskflow.py
[2024-07-21T20:59:31.041+0100] {processor.py:839} INFO - DAG(s) dict_keys(['example_setup_teardown_taskflow']) retrieved from /Users/apoorvasaxena/.pyenv/versions/airflow-venv/lib/python3.10/site-packages/airflow/example_dags/example_setup_teardown_taskflow.py
[2024-07-21T20:59:31.114+0100] {logging_mixin.py:151} INFO - [2024-07-21T20:59:31.114+0100] {dag.py:2915} INFO - Sync 1 DAGs
[2024-07-21T20:59:31.120+0100] {logging_mixin.py:151} INFO - [2024-07-21T20:59:31.120+0100] {dag.py:3696} INFO - Setting next_dagrun for example_setup_teardown_taskflow to 2024-07-20T19:59:31.120624+00:00, run_after=2024-07-21T19:59:31.120624+00:00
[2024-07-21T20:59:31.127+0100] {processor.py:179} INFO - Processing /Users/apoorvasaxena/.pyenv/versions/airflow-venv/lib/python3.10/site-packages/airflow/example_dags/example_setup_teardown_taskflow.py took 0.113 seconds
[2024-07-21T21:00:43.312+0100] {processor.py:157} INFO - Started process (PID=84228) to work on /Users/apoorvasaxena/.pyenv/versions/airflow-venv/lib/python3.10/site-packages/airflow/example_dags/example_setup_teardown_taskflow.py
[2024-07-21T21:00:43.314+0100] {processor.py:829} INFO - Processing file /Users/apoorvasaxena/.pyenv/versions/airflow-venv/lib/python3.10/site-packages/airflow/example_dags/example_setup_teardown_taskflow.py for tasks to queue
[2024-07-21T21:00:43.314+0100] {logging_mixin.py:151} INFO - [2024-07-21T21:00:43.314+0100] {dagbag.py:539} INFO - Filling up the DagBag from /Users/apoorvasaxena/.pyenv/versions/airflow-venv/lib/python3.10/site-packages/airflow/example_dags/example_setup_teardown_taskflow.py
[2024-07-21T21:00:43.337+0100] {processor.py:839} INFO - DAG(s) dict_keys(['example_setup_teardown_taskflow']) retrieved from /Users/apoorvasaxena/.pyenv/versions/airflow-venv/lib/python3.10/site-packages/airflow/example_dags/example_setup_teardown_taskflow.py
[2024-07-21T21:00:43.409+0100] {logging_mixin.py:151} INFO - [2024-07-21T21:00:43.408+0100] {dag.py:2915} INFO - Sync 1 DAGs
[2024-07-21T21:00:43.414+0100] {logging_mixin.py:151} INFO - [2024-07-21T21:00:43.414+0100] {dag.py:3696} INFO - Setting next_dagrun for example_setup_teardown_taskflow to 2024-07-20T20:00:43.414839+00:00, run_after=2024-07-21T20:00:43.414839+00:00
[2024-07-21T21:00:43.422+0100] {processor.py:179} INFO - Processing /Users/apoorvasaxena/.pyenv/versions/airflow-venv/lib/python3.10/site-packages/airflow/example_dags/example_setup_teardown_taskflow.py took 0.110 seconds
[2024-07-21T21:01:56.316+0100] {processor.py:157} INFO - Started process (PID=84308) to work on /Users/apoorvasaxena/.pyenv/versions/airflow-venv/lib/python3.10/site-packages/airflow/example_dags/example_setup_teardown_taskflow.py
[2024-07-21T21:01:56.319+0100] {processor.py:829} INFO - Processing file /Users/apoorvasaxena/.pyenv/versions/airflow-venv/lib/python3.10/site-packages/airflow/example_dags/example_setup_teardown_taskflow.py for tasks to queue
[2024-07-21T21:01:56.319+0100] {logging_mixin.py:151} INFO - [2024-07-21T21:01:56.319+0100] {dagbag.py:539} INFO - Filling up the DagBag from /Users/apoorvasaxena/.pyenv/versions/airflow-venv/lib/python3.10/site-packages/airflow/example_dags/example_setup_teardown_taskflow.py
[2024-07-21T21:01:56.343+0100] {processor.py:839} INFO - DAG(s) dict_keys(['example_setup_teardown_taskflow']) retrieved from /Users/apoorvasaxena/.pyenv/versions/airflow-venv/lib/python3.10/site-packages/airflow/example_dags/example_setup_teardown_taskflow.py
[2024-07-21T21:01:56.415+0100] {logging_mixin.py:151} INFO - [2024-07-21T21:01:56.414+0100] {dag.py:2915} INFO - Sync 1 DAGs
[2024-07-21T21:01:56.420+0100] {logging_mixin.py:151} INFO - [2024-07-21T21:01:56.420+0100] {dag.py:3696} INFO - Setting next_dagrun for example_setup_teardown_taskflow to 2024-07-20T20:01:56.420832+00:00, run_after=2024-07-21T20:01:56.420832+00:00
[2024-07-21T21:01:56.427+0100] {processor.py:179} INFO - Processing /Users/apoorvasaxena/.pyenv/versions/airflow-venv/lib/python3.10/site-packages/airflow/example_dags/example_setup_teardown_taskflow.py took 0.111 seconds
[2024-07-21T21:03:11.075+0100] {processor.py:157} INFO - Started process (PID=84405) to work on /Users/apoorvasaxena/.pyenv/versions/airflow-venv/lib/python3.10/site-packages/airflow/example_dags/example_setup_teardown_taskflow.py
[2024-07-21T21:03:11.078+0100] {processor.py:829} INFO - Processing file /Users/apoorvasaxena/.pyenv/versions/airflow-venv/lib/python3.10/site-packages/airflow/example_dags/example_setup_teardown_taskflow.py for tasks to queue
[2024-07-21T21:03:11.078+0100] {logging_mixin.py:151} INFO - [2024-07-21T21:03:11.078+0100] {dagbag.py:539} INFO - Filling up the DagBag from /Users/apoorvasaxena/.pyenv/versions/airflow-venv/lib/python3.10/site-packages/airflow/example_dags/example_setup_teardown_taskflow.py
[2024-07-21T21:03:11.102+0100] {processor.py:839} INFO - DAG(s) dict_keys(['example_setup_teardown_taskflow']) retrieved from /Users/apoorvasaxena/.pyenv/versions/airflow-venv/lib/python3.10/site-packages/airflow/example_dags/example_setup_teardown_taskflow.py
[2024-07-21T21:03:11.174+0100] {logging_mixin.py:151} INFO - [2024-07-21T21:03:11.174+0100] {dag.py:2915} INFO - Sync 1 DAGs
[2024-07-21T21:03:11.180+0100] {logging_mixin.py:151} INFO - [2024-07-21T21:03:11.180+0100] {dag.py:3696} INFO - Setting next_dagrun for example_setup_teardown_taskflow to 2024-07-20T20:03:11.180652+00:00, run_after=2024-07-21T20:03:11.180652+00:00
[2024-07-21T21:03:11.187+0100] {processor.py:179} INFO - Processing /Users/apoorvasaxena/.pyenv/versions/airflow-venv/lib/python3.10/site-packages/airflow/example_dags/example_setup_teardown_taskflow.py took 0.112 seconds
[2024-07-21T21:04:25.232+0100] {processor.py:157} INFO - Started process (PID=84507) to work on /Users/apoorvasaxena/.pyenv/versions/airflow-venv/lib/python3.10/site-packages/airflow/example_dags/example_setup_teardown_taskflow.py
[2024-07-21T21:04:25.234+0100] {processor.py:829} INFO - Processing file /Users/apoorvasaxena/.pyenv/versions/airflow-venv/lib/python3.10/site-packages/airflow/example_dags/example_setup_teardown_taskflow.py for tasks to queue
[2024-07-21T21:04:25.234+0100] {logging_mixin.py:151} INFO - [2024-07-21T21:04:25.234+0100] {dagbag.py:539} INFO - Filling up the DagBag from /Users/apoorvasaxena/.pyenv/versions/airflow-venv/lib/python3.10/site-packages/airflow/example_dags/example_setup_teardown_taskflow.py
[2024-07-21T21:04:25.257+0100] {processor.py:839} INFO - DAG(s) dict_keys(['example_setup_teardown_taskflow']) retrieved from /Users/apoorvasaxena/.pyenv/versions/airflow-venv/lib/python3.10/site-packages/airflow/example_dags/example_setup_teardown_taskflow.py
[2024-07-21T21:04:25.329+0100] {logging_mixin.py:151} INFO - [2024-07-21T21:04:25.329+0100] {dag.py:2915} INFO - Sync 1 DAGs
[2024-07-21T21:04:25.335+0100] {logging_mixin.py:151} INFO - [2024-07-21T21:04:25.335+0100] {dag.py:3696} INFO - Setting next_dagrun for example_setup_teardown_taskflow to 2024-07-20T20:04:25.335085+00:00, run_after=2024-07-21T20:04:25.335085+00:00
[2024-07-21T21:04:25.341+0100] {processor.py:179} INFO - Processing /Users/apoorvasaxena/.pyenv/versions/airflow-venv/lib/python3.10/site-packages/airflow/example_dags/example_setup_teardown_taskflow.py took 0.110 seconds
[2024-07-21T21:05:38.862+0100] {processor.py:157} INFO - Started process (PID=84594) to work on /Users/apoorvasaxena/.pyenv/versions/airflow-venv/lib/python3.10/site-packages/airflow/example_dags/example_setup_teardown_taskflow.py
[2024-07-21T21:05:38.865+0100] {processor.py:829} INFO - Processing file /Users/apoorvasaxena/.pyenv/versions/airflow-venv/lib/python3.10/site-packages/airflow/example_dags/example_setup_teardown_taskflow.py for tasks to queue
[2024-07-21T21:05:38.865+0100] {logging_mixin.py:151} INFO - [2024-07-21T21:05:38.865+0100] {dagbag.py:539} INFO - Filling up the DagBag from /Users/apoorvasaxena/.pyenv/versions/airflow-venv/lib/python3.10/site-packages/airflow/example_dags/example_setup_teardown_taskflow.py
[2024-07-21T21:05:38.888+0100] {processor.py:839} INFO - DAG(s) dict_keys(['example_setup_teardown_taskflow']) retrieved from /Users/apoorvasaxena/.pyenv/versions/airflow-venv/lib/python3.10/site-packages/airflow/example_dags/example_setup_teardown_taskflow.py
[2024-07-21T21:05:38.959+0100] {logging_mixin.py:151} INFO - [2024-07-21T21:05:38.959+0100] {dag.py:2915} INFO - Sync 1 DAGs
[2024-07-21T21:05:38.965+0100] {logging_mixin.py:151} INFO - [2024-07-21T21:05:38.965+0100] {dag.py:3696} INFO - Setting next_dagrun for example_setup_teardown_taskflow to 2024-07-20T20:05:38.965244+00:00, run_after=2024-07-21T20:05:38.965244+00:00
[2024-07-21T21:05:38.972+0100] {processor.py:179} INFO - Processing /Users/apoorvasaxena/.pyenv/versions/airflow-venv/lib/python3.10/site-packages/airflow/example_dags/example_setup_teardown_taskflow.py took 0.110 seconds
[2024-07-21T21:06:49.264+0100] {processor.py:157} INFO - Started process (PID=84695) to work on /Users/apoorvasaxena/.pyenv/versions/airflow-venv/lib/python3.10/site-packages/airflow/example_dags/example_setup_teardown_taskflow.py
[2024-07-21T21:06:49.266+0100] {processor.py:829} INFO - Processing file /Users/apoorvasaxena/.pyenv/versions/airflow-venv/lib/python3.10/site-packages/airflow/example_dags/example_setup_teardown_taskflow.py for tasks to queue
[2024-07-21T21:06:49.267+0100] {logging_mixin.py:151} INFO - [2024-07-21T21:06:49.267+0100] {dagbag.py:539} INFO - Filling up the DagBag from /Users/apoorvasaxena/.pyenv/versions/airflow-venv/lib/python3.10/site-packages/airflow/example_dags/example_setup_teardown_taskflow.py
[2024-07-21T21:06:49.289+0100] {processor.py:839} INFO - DAG(s) dict_keys(['example_setup_teardown_taskflow']) retrieved from /Users/apoorvasaxena/.pyenv/versions/airflow-venv/lib/python3.10/site-packages/airflow/example_dags/example_setup_teardown_taskflow.py
[2024-07-21T21:06:49.360+0100] {logging_mixin.py:151} INFO - [2024-07-21T21:06:49.360+0100] {dag.py:2915} INFO - Sync 1 DAGs
[2024-07-21T21:06:49.365+0100] {logging_mixin.py:151} INFO - [2024-07-21T21:06:49.365+0100] {dag.py:3696} INFO - Setting next_dagrun for example_setup_teardown_taskflow to 2024-07-20T20:06:49.365734+00:00, run_after=2024-07-21T20:06:49.365734+00:00
[2024-07-21T21:06:49.372+0100] {processor.py:179} INFO - Processing /Users/apoorvasaxena/.pyenv/versions/airflow-venv/lib/python3.10/site-packages/airflow/example_dags/example_setup_teardown_taskflow.py took 0.109 seconds
[2024-07-21T21:07:58.460+0100] {processor.py:157} INFO - Started process (PID=84782) to work on /Users/apoorvasaxena/.pyenv/versions/airflow-venv/lib/python3.10/site-packages/airflow/example_dags/example_setup_teardown_taskflow.py
[2024-07-21T21:07:58.462+0100] {processor.py:829} INFO - Processing file /Users/apoorvasaxena/.pyenv/versions/airflow-venv/lib/python3.10/site-packages/airflow/example_dags/example_setup_teardown_taskflow.py for tasks to queue
[2024-07-21T21:07:58.462+0100] {logging_mixin.py:151} INFO - [2024-07-21T21:07:58.462+0100] {dagbag.py:539} INFO - Filling up the DagBag from /Users/apoorvasaxena/.pyenv/versions/airflow-venv/lib/python3.10/site-packages/airflow/example_dags/example_setup_teardown_taskflow.py
[2024-07-21T21:07:58.485+0100] {processor.py:839} INFO - DAG(s) dict_keys(['example_setup_teardown_taskflow']) retrieved from /Users/apoorvasaxena/.pyenv/versions/airflow-venv/lib/python3.10/site-packages/airflow/example_dags/example_setup_teardown_taskflow.py
[2024-07-21T21:07:58.555+0100] {logging_mixin.py:151} INFO - [2024-07-21T21:07:58.555+0100] {dag.py:2915} INFO - Sync 1 DAGs
[2024-07-21T21:07:58.561+0100] {logging_mixin.py:151} INFO - [2024-07-21T21:07:58.561+0100] {dag.py:3696} INFO - Setting next_dagrun for example_setup_teardown_taskflow to 2024-07-20T20:07:58.561661+00:00, run_after=2024-07-21T20:07:58.561661+00:00
[2024-07-21T21:07:58.568+0100] {processor.py:179} INFO - Processing /Users/apoorvasaxena/.pyenv/versions/airflow-venv/lib/python3.10/site-packages/airflow/example_dags/example_setup_teardown_taskflow.py took 0.109 seconds
[2024-07-21T21:09:10.393+0100] {processor.py:157} INFO - Started process (PID=84875) to work on /Users/apoorvasaxena/.pyenv/versions/airflow-venv/lib/python3.10/site-packages/airflow/example_dags/example_setup_teardown_taskflow.py
[2024-07-21T21:09:10.396+0100] {processor.py:829} INFO - Processing file /Users/apoorvasaxena/.pyenv/versions/airflow-venv/lib/python3.10/site-packages/airflow/example_dags/example_setup_teardown_taskflow.py for tasks to queue
[2024-07-21T21:09:10.396+0100] {logging_mixin.py:151} INFO - [2024-07-21T21:09:10.396+0100] {dagbag.py:539} INFO - Filling up the DagBag from /Users/apoorvasaxena/.pyenv/versions/airflow-venv/lib/python3.10/site-packages/airflow/example_dags/example_setup_teardown_taskflow.py
[2024-07-21T21:09:10.419+0100] {processor.py:839} INFO - DAG(s) dict_keys(['example_setup_teardown_taskflow']) retrieved from /Users/apoorvasaxena/.pyenv/versions/airflow-venv/lib/python3.10/site-packages/airflow/example_dags/example_setup_teardown_taskflow.py
[2024-07-21T21:09:10.489+0100] {logging_mixin.py:151} INFO - [2024-07-21T21:09:10.489+0100] {dag.py:2915} INFO - Sync 1 DAGs
[2024-07-21T21:09:10.495+0100] {logging_mixin.py:151} INFO - [2024-07-21T21:09:10.495+0100] {dag.py:3696} INFO - Setting next_dagrun for example_setup_teardown_taskflow to 2024-07-20T20:09:10.495001+00:00, run_after=2024-07-21T20:09:10.495001+00:00
[2024-07-21T21:09:10.501+0100] {processor.py:179} INFO - Processing /Users/apoorvasaxena/.pyenv/versions/airflow-venv/lib/python3.10/site-packages/airflow/example_dags/example_setup_teardown_taskflow.py took 0.108 seconds
[2024-07-21T21:10:23.972+0100] {processor.py:157} INFO - Started process (PID=84967) to work on /Users/apoorvasaxena/.pyenv/versions/airflow-venv/lib/python3.10/site-packages/airflow/example_dags/example_setup_teardown_taskflow.py
[2024-07-21T21:10:23.974+0100] {processor.py:829} INFO - Processing file /Users/apoorvasaxena/.pyenv/versions/airflow-venv/lib/python3.10/site-packages/airflow/example_dags/example_setup_teardown_taskflow.py for tasks to queue
[2024-07-21T21:10:23.975+0100] {logging_mixin.py:151} INFO - [2024-07-21T21:10:23.975+0100] {dagbag.py:539} INFO - Filling up the DagBag from /Users/apoorvasaxena/.pyenv/versions/airflow-venv/lib/python3.10/site-packages/airflow/example_dags/example_setup_teardown_taskflow.py
[2024-07-21T21:10:23.997+0100] {processor.py:839} INFO - DAG(s) dict_keys(['example_setup_teardown_taskflow']) retrieved from /Users/apoorvasaxena/.pyenv/versions/airflow-venv/lib/python3.10/site-packages/airflow/example_dags/example_setup_teardown_taskflow.py
[2024-07-21T21:10:24.068+0100] {logging_mixin.py:151} INFO - [2024-07-21T21:10:24.068+0100] {dag.py:2915} INFO - Sync 1 DAGs
[2024-07-21T21:10:24.074+0100] {logging_mixin.py:151} INFO - [2024-07-21T21:10:24.074+0100] {dag.py:3696} INFO - Setting next_dagrun for example_setup_teardown_taskflow to 2024-07-20T20:10:24.074003+00:00, run_after=2024-07-21T20:10:24.074003+00:00
[2024-07-21T21:10:24.080+0100] {processor.py:179} INFO - Processing /Users/apoorvasaxena/.pyenv/versions/airflow-venv/lib/python3.10/site-packages/airflow/example_dags/example_setup_teardown_taskflow.py took 0.109 seconds
[2024-07-21T21:11:39.030+0100] {processor.py:157} INFO - Started process (PID=85067) to work on /Users/apoorvasaxena/.pyenv/versions/airflow-venv/lib/python3.10/site-packages/airflow/example_dags/example_setup_teardown_taskflow.py
[2024-07-21T21:11:39.033+0100] {processor.py:829} INFO - Processing file /Users/apoorvasaxena/.pyenv/versions/airflow-venv/lib/python3.10/site-packages/airflow/example_dags/example_setup_teardown_taskflow.py for tasks to queue
[2024-07-21T21:11:39.034+0100] {logging_mixin.py:151} INFO - [2024-07-21T21:11:39.034+0100] {dagbag.py:539} INFO - Filling up the DagBag from /Users/apoorvasaxena/.pyenv/versions/airflow-venv/lib/python3.10/site-packages/airflow/example_dags/example_setup_teardown_taskflow.py
[2024-07-21T21:11:39.057+0100] {processor.py:839} INFO - DAG(s) dict_keys(['example_setup_teardown_taskflow']) retrieved from /Users/apoorvasaxena/.pyenv/versions/airflow-venv/lib/python3.10/site-packages/airflow/example_dags/example_setup_teardown_taskflow.py
[2024-07-21T21:11:39.128+0100] {logging_mixin.py:151} INFO - [2024-07-21T21:11:39.128+0100] {dag.py:2915} INFO - Sync 1 DAGs
[2024-07-21T21:11:39.133+0100] {logging_mixin.py:151} INFO - [2024-07-21T21:11:39.133+0100] {dag.py:3696} INFO - Setting next_dagrun for example_setup_teardown_taskflow to 2024-07-20T20:11:39.133838+00:00, run_after=2024-07-21T20:11:39.133838+00:00
[2024-07-21T21:11:39.140+0100] {processor.py:179} INFO - Processing /Users/apoorvasaxena/.pyenv/versions/airflow-venv/lib/python3.10/site-packages/airflow/example_dags/example_setup_teardown_taskflow.py took 0.110 seconds
[2024-07-21T21:12:48.884+0100] {processor.py:157} INFO - Started process (PID=85162) to work on /Users/apoorvasaxena/.pyenv/versions/airflow-venv/lib/python3.10/site-packages/airflow/example_dags/example_setup_teardown_taskflow.py
[2024-07-21T21:12:48.887+0100] {processor.py:829} INFO - Processing file /Users/apoorvasaxena/.pyenv/versions/airflow-venv/lib/python3.10/site-packages/airflow/example_dags/example_setup_teardown_taskflow.py for tasks to queue
[2024-07-21T21:12:48.887+0100] {logging_mixin.py:151} INFO - [2024-07-21T21:12:48.887+0100] {dagbag.py:539} INFO - Filling up the DagBag from /Users/apoorvasaxena/.pyenv/versions/airflow-venv/lib/python3.10/site-packages/airflow/example_dags/example_setup_teardown_taskflow.py
[2024-07-21T21:12:48.910+0100] {processor.py:839} INFO - DAG(s) dict_keys(['example_setup_teardown_taskflow']) retrieved from /Users/apoorvasaxena/.pyenv/versions/airflow-venv/lib/python3.10/site-packages/airflow/example_dags/example_setup_teardown_taskflow.py
[2024-07-21T21:12:48.980+0100] {logging_mixin.py:151} INFO - [2024-07-21T21:12:48.980+0100] {dag.py:2915} INFO - Sync 1 DAGs
[2024-07-21T21:12:48.986+0100] {logging_mixin.py:151} INFO - [2024-07-21T21:12:48.986+0100] {dag.py:3696} INFO - Setting next_dagrun for example_setup_teardown_taskflow to 2024-07-20T20:12:48.986029+00:00, run_after=2024-07-21T20:12:48.986029+00:00
[2024-07-21T21:12:48.992+0100] {processor.py:179} INFO - Processing /Users/apoorvasaxena/.pyenv/versions/airflow-venv/lib/python3.10/site-packages/airflow/example_dags/example_setup_teardown_taskflow.py took 0.109 seconds
[2024-07-21T21:14:01.139+0100] {processor.py:157} INFO - Started process (PID=85255) to work on /Users/apoorvasaxena/.pyenv/versions/airflow-venv/lib/python3.10/site-packages/airflow/example_dags/example_setup_teardown_taskflow.py
[2024-07-21T21:14:01.141+0100] {processor.py:829} INFO - Processing file /Users/apoorvasaxena/.pyenv/versions/airflow-venv/lib/python3.10/site-packages/airflow/example_dags/example_setup_teardown_taskflow.py for tasks to queue
[2024-07-21T21:14:01.141+0100] {logging_mixin.py:151} INFO - [2024-07-21T21:14:01.141+0100] {dagbag.py:539} INFO - Filling up the DagBag from /Users/apoorvasaxena/.pyenv/versions/airflow-venv/lib/python3.10/site-packages/airflow/example_dags/example_setup_teardown_taskflow.py
[2024-07-21T21:14:01.164+0100] {processor.py:839} INFO - DAG(s) dict_keys(['example_setup_teardown_taskflow']) retrieved from /Users/apoorvasaxena/.pyenv/versions/airflow-venv/lib/python3.10/site-packages/airflow/example_dags/example_setup_teardown_taskflow.py
[2024-07-21T21:14:01.235+0100] {logging_mixin.py:151} INFO - [2024-07-21T21:14:01.235+0100] {dag.py:2915} INFO - Sync 1 DAGs
[2024-07-21T21:14:01.241+0100] {logging_mixin.py:151} INFO - [2024-07-21T21:14:01.241+0100] {dag.py:3696} INFO - Setting next_dagrun for example_setup_teardown_taskflow to 2024-07-20T20:14:01.241334+00:00, run_after=2024-07-21T20:14:01.241334+00:00
[2024-07-21T21:14:01.248+0100] {processor.py:179} INFO - Processing /Users/apoorvasaxena/.pyenv/versions/airflow-venv/lib/python3.10/site-packages/airflow/example_dags/example_setup_teardown_taskflow.py took 0.109 seconds
[2024-07-21T21:15:10.680+0100] {processor.py:157} INFO - Started process (PID=85351) to work on /Users/apoorvasaxena/.pyenv/versions/airflow-venv/lib/python3.10/site-packages/airflow/example_dags/example_setup_teardown_taskflow.py
[2024-07-21T21:15:10.683+0100] {processor.py:829} INFO - Processing file /Users/apoorvasaxena/.pyenv/versions/airflow-venv/lib/python3.10/site-packages/airflow/example_dags/example_setup_teardown_taskflow.py for tasks to queue
[2024-07-21T21:15:10.683+0100] {logging_mixin.py:151} INFO - [2024-07-21T21:15:10.683+0100] {dagbag.py:539} INFO - Filling up the DagBag from /Users/apoorvasaxena/.pyenv/versions/airflow-venv/lib/python3.10/site-packages/airflow/example_dags/example_setup_teardown_taskflow.py
[2024-07-21T21:15:10.706+0100] {processor.py:839} INFO - DAG(s) dict_keys(['example_setup_teardown_taskflow']) retrieved from /Users/apoorvasaxena/.pyenv/versions/airflow-venv/lib/python3.10/site-packages/airflow/example_dags/example_setup_teardown_taskflow.py
[2024-07-21T21:15:10.776+0100] {logging_mixin.py:151} INFO - [2024-07-21T21:15:10.776+0100] {dag.py:2915} INFO - Sync 1 DAGs
[2024-07-21T21:15:10.782+0100] {logging_mixin.py:151} INFO - [2024-07-21T21:15:10.782+0100] {dag.py:3696} INFO - Setting next_dagrun for example_setup_teardown_taskflow to 2024-07-20T20:15:10.782259+00:00, run_after=2024-07-21T20:15:10.782259+00:00
[2024-07-21T21:15:10.789+0100] {processor.py:179} INFO - Processing /Users/apoorvasaxena/.pyenv/versions/airflow-venv/lib/python3.10/site-packages/airflow/example_dags/example_setup_teardown_taskflow.py took 0.109 seconds
[2024-07-21T21:16:21.140+0100] {processor.py:157} INFO - Started process (PID=85446) to work on /Users/apoorvasaxena/.pyenv/versions/airflow-venv/lib/python3.10/site-packages/airflow/example_dags/example_setup_teardown_taskflow.py
[2024-07-21T21:16:21.143+0100] {processor.py:829} INFO - Processing file /Users/apoorvasaxena/.pyenv/versions/airflow-venv/lib/python3.10/site-packages/airflow/example_dags/example_setup_teardown_taskflow.py for tasks to queue
[2024-07-21T21:16:21.143+0100] {logging_mixin.py:151} INFO - [2024-07-21T21:16:21.143+0100] {dagbag.py:539} INFO - Filling up the DagBag from /Users/apoorvasaxena/.pyenv/versions/airflow-venv/lib/python3.10/site-packages/airflow/example_dags/example_setup_teardown_taskflow.py
[2024-07-21T21:16:21.166+0100] {processor.py:839} INFO - DAG(s) dict_keys(['example_setup_teardown_taskflow']) retrieved from /Users/apoorvasaxena/.pyenv/versions/airflow-venv/lib/python3.10/site-packages/airflow/example_dags/example_setup_teardown_taskflow.py
[2024-07-21T21:16:21.236+0100] {logging_mixin.py:151} INFO - [2024-07-21T21:16:21.236+0100] {dag.py:2915} INFO - Sync 1 DAGs
[2024-07-21T21:16:21.242+0100] {logging_mixin.py:151} INFO - [2024-07-21T21:16:21.242+0100] {dag.py:3696} INFO - Setting next_dagrun for example_setup_teardown_taskflow to 2024-07-20T20:16:21.242051+00:00, run_after=2024-07-21T20:16:21.242051+00:00
[2024-07-21T21:16:21.248+0100] {processor.py:179} INFO - Processing /Users/apoorvasaxena/.pyenv/versions/airflow-venv/lib/python3.10/site-packages/airflow/example_dags/example_setup_teardown_taskflow.py took 0.109 seconds
[2024-07-21T21:17:32.094+0100] {processor.py:157} INFO - Started process (PID=85541) to work on /Users/apoorvasaxena/.pyenv/versions/airflow-venv/lib/python3.10/site-packages/airflow/example_dags/example_setup_teardown_taskflow.py
[2024-07-21T21:17:32.097+0100] {processor.py:829} INFO - Processing file /Users/apoorvasaxena/.pyenv/versions/airflow-venv/lib/python3.10/site-packages/airflow/example_dags/example_setup_teardown_taskflow.py for tasks to queue
[2024-07-21T21:17:32.097+0100] {logging_mixin.py:151} INFO - [2024-07-21T21:17:32.097+0100] {dagbag.py:539} INFO - Filling up the DagBag from /Users/apoorvasaxena/.pyenv/versions/airflow-venv/lib/python3.10/site-packages/airflow/example_dags/example_setup_teardown_taskflow.py
[2024-07-21T21:17:32.120+0100] {processor.py:839} INFO - DAG(s) dict_keys(['example_setup_teardown_taskflow']) retrieved from /Users/apoorvasaxena/.pyenv/versions/airflow-venv/lib/python3.10/site-packages/airflow/example_dags/example_setup_teardown_taskflow.py
[2024-07-21T21:17:32.191+0100] {logging_mixin.py:151} INFO - [2024-07-21T21:17:32.190+0100] {dag.py:2915} INFO - Sync 1 DAGs
[2024-07-21T21:17:32.196+0100] {logging_mixin.py:151} INFO - [2024-07-21T21:17:32.196+0100] {dag.py:3696} INFO - Setting next_dagrun for example_setup_teardown_taskflow to 2024-07-20T20:17:32.196732+00:00, run_after=2024-07-21T20:17:32.196732+00:00
[2024-07-21T21:17:32.203+0100] {processor.py:179} INFO - Processing /Users/apoorvasaxena/.pyenv/versions/airflow-venv/lib/python3.10/site-packages/airflow/example_dags/example_setup_teardown_taskflow.py took 0.109 seconds
[2024-07-21T21:18:40.708+0100] {processor.py:157} INFO - Started process (PID=85636) to work on /Users/apoorvasaxena/.pyenv/versions/airflow-venv/lib/python3.10/site-packages/airflow/example_dags/example_setup_teardown_taskflow.py
[2024-07-21T21:18:40.711+0100] {processor.py:829} INFO - Processing file /Users/apoorvasaxena/.pyenv/versions/airflow-venv/lib/python3.10/site-packages/airflow/example_dags/example_setup_teardown_taskflow.py for tasks to queue
[2024-07-21T21:18:40.711+0100] {logging_mixin.py:151} INFO - [2024-07-21T21:18:40.711+0100] {dagbag.py:539} INFO - Filling up the DagBag from /Users/apoorvasaxena/.pyenv/versions/airflow-venv/lib/python3.10/site-packages/airflow/example_dags/example_setup_teardown_taskflow.py
[2024-07-21T21:18:40.733+0100] {processor.py:839} INFO - DAG(s) dict_keys(['example_setup_teardown_taskflow']) retrieved from /Users/apoorvasaxena/.pyenv/versions/airflow-venv/lib/python3.10/site-packages/airflow/example_dags/example_setup_teardown_taskflow.py
[2024-07-21T21:18:40.804+0100] {logging_mixin.py:151} INFO - [2024-07-21T21:18:40.804+0100] {dag.py:2915} INFO - Sync 1 DAGs
[2024-07-21T21:18:40.810+0100] {logging_mixin.py:151} INFO - [2024-07-21T21:18:40.809+0100] {dag.py:3696} INFO - Setting next_dagrun for example_setup_teardown_taskflow to 2024-07-20T20:18:40.809932+00:00, run_after=2024-07-21T20:18:40.809932+00:00
[2024-07-21T21:18:40.816+0100] {processor.py:179} INFO - Processing /Users/apoorvasaxena/.pyenv/versions/airflow-venv/lib/python3.10/site-packages/airflow/example_dags/example_setup_teardown_taskflow.py took 0.109 seconds
[2024-07-21T21:19:53.039+0100] {processor.py:157} INFO - Started process (PID=85726) to work on /Users/apoorvasaxena/.pyenv/versions/airflow-venv/lib/python3.10/site-packages/airflow/example_dags/example_setup_teardown_taskflow.py
[2024-07-21T21:19:53.041+0100] {processor.py:829} INFO - Processing file /Users/apoorvasaxena/.pyenv/versions/airflow-venv/lib/python3.10/site-packages/airflow/example_dags/example_setup_teardown_taskflow.py for tasks to queue
[2024-07-21T21:19:53.041+0100] {logging_mixin.py:151} INFO - [2024-07-21T21:19:53.041+0100] {dagbag.py:539} INFO - Filling up the DagBag from /Users/apoorvasaxena/.pyenv/versions/airflow-venv/lib/python3.10/site-packages/airflow/example_dags/example_setup_teardown_taskflow.py
[2024-07-21T21:19:53.064+0100] {processor.py:839} INFO - DAG(s) dict_keys(['example_setup_teardown_taskflow']) retrieved from /Users/apoorvasaxena/.pyenv/versions/airflow-venv/lib/python3.10/site-packages/airflow/example_dags/example_setup_teardown_taskflow.py
[2024-07-21T21:19:53.136+0100] {logging_mixin.py:151} INFO - [2024-07-21T21:19:53.135+0100] {dag.py:2915} INFO - Sync 1 DAGs
[2024-07-21T21:19:53.142+0100] {logging_mixin.py:151} INFO - [2024-07-21T21:19:53.142+0100] {dag.py:3696} INFO - Setting next_dagrun for example_setup_teardown_taskflow to 2024-07-20T20:19:53.141944+00:00, run_after=2024-07-21T20:19:53.141944+00:00
[2024-07-21T21:19:53.148+0100] {processor.py:179} INFO - Processing /Users/apoorvasaxena/.pyenv/versions/airflow-venv/lib/python3.10/site-packages/airflow/example_dags/example_setup_teardown_taskflow.py took 0.110 seconds
[2024-07-21T21:21:06.963+0100] {processor.py:157} INFO - Started process (PID=85827) to work on /Users/apoorvasaxena/.pyenv/versions/airflow-venv/lib/python3.10/site-packages/airflow/example_dags/example_setup_teardown_taskflow.py
[2024-07-21T21:21:06.966+0100] {processor.py:829} INFO - Processing file /Users/apoorvasaxena/.pyenv/versions/airflow-venv/lib/python3.10/site-packages/airflow/example_dags/example_setup_teardown_taskflow.py for tasks to queue
[2024-07-21T21:21:06.966+0100] {logging_mixin.py:151} INFO - [2024-07-21T21:21:06.966+0100] {dagbag.py:539} INFO - Filling up the DagBag from /Users/apoorvasaxena/.pyenv/versions/airflow-venv/lib/python3.10/site-packages/airflow/example_dags/example_setup_teardown_taskflow.py
[2024-07-21T21:21:06.991+0100] {processor.py:839} INFO - DAG(s) dict_keys(['example_setup_teardown_taskflow']) retrieved from /Users/apoorvasaxena/.pyenv/versions/airflow-venv/lib/python3.10/site-packages/airflow/example_dags/example_setup_teardown_taskflow.py
[2024-07-21T21:21:07.066+0100] {logging_mixin.py:151} INFO - [2024-07-21T21:21:07.066+0100] {dag.py:2915} INFO - Sync 1 DAGs
[2024-07-21T21:21:07.072+0100] {logging_mixin.py:151} INFO - [2024-07-21T21:21:07.072+0100] {dag.py:3696} INFO - Setting next_dagrun for example_setup_teardown_taskflow to 2024-07-20T20:21:07.072158+00:00, run_after=2024-07-21T20:21:07.072158+00:00
[2024-07-21T21:21:07.079+0100] {processor.py:179} INFO - Processing /Users/apoorvasaxena/.pyenv/versions/airflow-venv/lib/python3.10/site-packages/airflow/example_dags/example_setup_teardown_taskflow.py took 0.116 seconds
[2024-07-21T21:22:16.796+0100] {processor.py:157} INFO - Started process (PID=85922) to work on /Users/apoorvasaxena/.pyenv/versions/airflow-venv/lib/python3.10/site-packages/airflow/example_dags/example_setup_teardown_taskflow.py
[2024-07-21T21:22:16.799+0100] {processor.py:829} INFO - Processing file /Users/apoorvasaxena/.pyenv/versions/airflow-venv/lib/python3.10/site-packages/airflow/example_dags/example_setup_teardown_taskflow.py for tasks to queue
[2024-07-21T21:22:16.799+0100] {logging_mixin.py:151} INFO - [2024-07-21T21:22:16.799+0100] {dagbag.py:539} INFO - Filling up the DagBag from /Users/apoorvasaxena/.pyenv/versions/airflow-venv/lib/python3.10/site-packages/airflow/example_dags/example_setup_teardown_taskflow.py
[2024-07-21T21:22:16.823+0100] {processor.py:839} INFO - DAG(s) dict_keys(['example_setup_teardown_taskflow']) retrieved from /Users/apoorvasaxena/.pyenv/versions/airflow-venv/lib/python3.10/site-packages/airflow/example_dags/example_setup_teardown_taskflow.py
[2024-07-21T21:22:16.893+0100] {logging_mixin.py:151} INFO - [2024-07-21T21:22:16.893+0100] {dag.py:2915} INFO - Sync 1 DAGs
[2024-07-21T21:22:16.899+0100] {logging_mixin.py:151} INFO - [2024-07-21T21:22:16.899+0100] {dag.py:3696} INFO - Setting next_dagrun for example_setup_teardown_taskflow to 2024-07-20T20:22:16.899056+00:00, run_after=2024-07-21T20:22:16.899056+00:00
[2024-07-21T21:22:16.905+0100] {processor.py:179} INFO - Processing /Users/apoorvasaxena/.pyenv/versions/airflow-venv/lib/python3.10/site-packages/airflow/example_dags/example_setup_teardown_taskflow.py took 0.109 seconds
[2024-07-21T21:23:28.861+0100] {processor.py:157} INFO - Started process (PID=86015) to work on /Users/apoorvasaxena/.pyenv/versions/airflow-venv/lib/python3.10/site-packages/airflow/example_dags/example_setup_teardown_taskflow.py
[2024-07-21T21:23:28.863+0100] {processor.py:829} INFO - Processing file /Users/apoorvasaxena/.pyenv/versions/airflow-venv/lib/python3.10/site-packages/airflow/example_dags/example_setup_teardown_taskflow.py for tasks to queue
[2024-07-21T21:23:28.863+0100] {logging_mixin.py:151} INFO - [2024-07-21T21:23:28.863+0100] {dagbag.py:539} INFO - Filling up the DagBag from /Users/apoorvasaxena/.pyenv/versions/airflow-venv/lib/python3.10/site-packages/airflow/example_dags/example_setup_teardown_taskflow.py
[2024-07-21T21:23:28.886+0100] {processor.py:839} INFO - DAG(s) dict_keys(['example_setup_teardown_taskflow']) retrieved from /Users/apoorvasaxena/.pyenv/versions/airflow-venv/lib/python3.10/site-packages/airflow/example_dags/example_setup_teardown_taskflow.py
[2024-07-21T21:23:28.957+0100] {logging_mixin.py:151} INFO - [2024-07-21T21:23:28.957+0100] {dag.py:2915} INFO - Sync 1 DAGs
[2024-07-21T21:23:28.963+0100] {logging_mixin.py:151} INFO - [2024-07-21T21:23:28.963+0100] {dag.py:3696} INFO - Setting next_dagrun for example_setup_teardown_taskflow to 2024-07-20T20:23:28.963221+00:00, run_after=2024-07-21T20:23:28.963221+00:00
[2024-07-21T21:23:28.970+0100] {processor.py:179} INFO - Processing /Users/apoorvasaxena/.pyenv/versions/airflow-venv/lib/python3.10/site-packages/airflow/example_dags/example_setup_teardown_taskflow.py took 0.109 seconds
[2024-07-21T21:24:40.081+0100] {processor.py:157} INFO - Started process (PID=86118) to work on /Users/apoorvasaxena/.pyenv/versions/airflow-venv/lib/python3.10/site-packages/airflow/example_dags/example_setup_teardown_taskflow.py
[2024-07-21T21:24:40.084+0100] {processor.py:829} INFO - Processing file /Users/apoorvasaxena/.pyenv/versions/airflow-venv/lib/python3.10/site-packages/airflow/example_dags/example_setup_teardown_taskflow.py for tasks to queue
[2024-07-21T21:24:40.085+0100] {logging_mixin.py:151} INFO - [2024-07-21T21:24:40.084+0100] {dagbag.py:539} INFO - Filling up the DagBag from /Users/apoorvasaxena/.pyenv/versions/airflow-venv/lib/python3.10/site-packages/airflow/example_dags/example_setup_teardown_taskflow.py
[2024-07-21T21:24:40.107+0100] {processor.py:839} INFO - DAG(s) dict_keys(['example_setup_teardown_taskflow']) retrieved from /Users/apoorvasaxena/.pyenv/versions/airflow-venv/lib/python3.10/site-packages/airflow/example_dags/example_setup_teardown_taskflow.py
[2024-07-21T21:24:40.178+0100] {logging_mixin.py:151} INFO - [2024-07-21T21:24:40.177+0100] {dag.py:2915} INFO - Sync 1 DAGs
[2024-07-21T21:24:40.183+0100] {logging_mixin.py:151} INFO - [2024-07-21T21:24:40.183+0100] {dag.py:3696} INFO - Setting next_dagrun for example_setup_teardown_taskflow to 2024-07-20T20:24:40.183668+00:00, run_after=2024-07-21T20:24:40.183668+00:00
[2024-07-21T21:24:40.190+0100] {processor.py:179} INFO - Processing /Users/apoorvasaxena/.pyenv/versions/airflow-venv/lib/python3.10/site-packages/airflow/example_dags/example_setup_teardown_taskflow.py took 0.109 seconds
[2024-07-21T21:25:49.793+0100] {processor.py:157} INFO - Started process (PID=86209) to work on /Users/apoorvasaxena/.pyenv/versions/airflow-venv/lib/python3.10/site-packages/airflow/example_dags/example_setup_teardown_taskflow.py
[2024-07-21T21:25:49.795+0100] {processor.py:829} INFO - Processing file /Users/apoorvasaxena/.pyenv/versions/airflow-venv/lib/python3.10/site-packages/airflow/example_dags/example_setup_teardown_taskflow.py for tasks to queue
[2024-07-21T21:25:49.795+0100] {logging_mixin.py:151} INFO - [2024-07-21T21:25:49.795+0100] {dagbag.py:539} INFO - Filling up the DagBag from /Users/apoorvasaxena/.pyenv/versions/airflow-venv/lib/python3.10/site-packages/airflow/example_dags/example_setup_teardown_taskflow.py
[2024-07-21T21:25:49.818+0100] {processor.py:839} INFO - DAG(s) dict_keys(['example_setup_teardown_taskflow']) retrieved from /Users/apoorvasaxena/.pyenv/versions/airflow-venv/lib/python3.10/site-packages/airflow/example_dags/example_setup_teardown_taskflow.py
[2024-07-21T21:25:49.889+0100] {logging_mixin.py:151} INFO - [2024-07-21T21:25:49.889+0100] {dag.py:2915} INFO - Sync 1 DAGs
[2024-07-21T21:25:49.894+0100] {logging_mixin.py:151} INFO - [2024-07-21T21:25:49.894+0100] {dag.py:3696} INFO - Setting next_dagrun for example_setup_teardown_taskflow to 2024-07-20T20:25:49.894835+00:00, run_after=2024-07-21T20:25:49.894835+00:00
[2024-07-21T21:25:49.901+0100] {processor.py:179} INFO - Processing /Users/apoorvasaxena/.pyenv/versions/airflow-venv/lib/python3.10/site-packages/airflow/example_dags/example_setup_teardown_taskflow.py took 0.108 seconds
[2024-07-21T21:27:00.454+0100] {processor.py:157} INFO - Started process (PID=86301) to work on /Users/apoorvasaxena/.pyenv/versions/airflow-venv/lib/python3.10/site-packages/airflow/example_dags/example_setup_teardown_taskflow.py
[2024-07-21T21:27:00.456+0100] {processor.py:829} INFO - Processing file /Users/apoorvasaxena/.pyenv/versions/airflow-venv/lib/python3.10/site-packages/airflow/example_dags/example_setup_teardown_taskflow.py for tasks to queue
[2024-07-21T21:27:00.456+0100] {logging_mixin.py:151} INFO - [2024-07-21T21:27:00.456+0100] {dagbag.py:539} INFO - Filling up the DagBag from /Users/apoorvasaxena/.pyenv/versions/airflow-venv/lib/python3.10/site-packages/airflow/example_dags/example_setup_teardown_taskflow.py
[2024-07-21T21:27:00.478+0100] {processor.py:839} INFO - DAG(s) dict_keys(['example_setup_teardown_taskflow']) retrieved from /Users/apoorvasaxena/.pyenv/versions/airflow-venv/lib/python3.10/site-packages/airflow/example_dags/example_setup_teardown_taskflow.py
[2024-07-21T21:27:00.549+0100] {logging_mixin.py:151} INFO - [2024-07-21T21:27:00.549+0100] {dag.py:2915} INFO - Sync 1 DAGs
[2024-07-21T21:27:00.555+0100] {logging_mixin.py:151} INFO - [2024-07-21T21:27:00.555+0100] {dag.py:3696} INFO - Setting next_dagrun for example_setup_teardown_taskflow to 2024-07-20T20:27:00.555387+00:00, run_after=2024-07-21T20:27:00.555387+00:00
[2024-07-21T21:27:00.562+0100] {processor.py:179} INFO - Processing /Users/apoorvasaxena/.pyenv/versions/airflow-venv/lib/python3.10/site-packages/airflow/example_dags/example_setup_teardown_taskflow.py took 0.108 seconds
[2024-07-21T21:28:11.923+0100] {processor.py:157} INFO - Started process (PID=86396) to work on /Users/apoorvasaxena/.pyenv/versions/airflow-venv/lib/python3.10/site-packages/airflow/example_dags/example_setup_teardown_taskflow.py
[2024-07-21T21:28:11.925+0100] {processor.py:829} INFO - Processing file /Users/apoorvasaxena/.pyenv/versions/airflow-venv/lib/python3.10/site-packages/airflow/example_dags/example_setup_teardown_taskflow.py for tasks to queue
[2024-07-21T21:28:11.926+0100] {logging_mixin.py:151} INFO - [2024-07-21T21:28:11.926+0100] {dagbag.py:539} INFO - Filling up the DagBag from /Users/apoorvasaxena/.pyenv/versions/airflow-venv/lib/python3.10/site-packages/airflow/example_dags/example_setup_teardown_taskflow.py
[2024-07-21T21:28:11.951+0100] {processor.py:839} INFO - DAG(s) dict_keys(['example_setup_teardown_taskflow']) retrieved from /Users/apoorvasaxena/.pyenv/versions/airflow-venv/lib/python3.10/site-packages/airflow/example_dags/example_setup_teardown_taskflow.py
[2024-07-21T21:28:12.027+0100] {logging_mixin.py:151} INFO - [2024-07-21T21:28:12.027+0100] {dag.py:2915} INFO - Sync 1 DAGs
[2024-07-21T21:28:12.033+0100] {logging_mixin.py:151} INFO - [2024-07-21T21:28:12.033+0100] {dag.py:3696} INFO - Setting next_dagrun for example_setup_teardown_taskflow to 2024-07-20T20:28:12.033487+00:00, run_after=2024-07-21T20:28:12.033487+00:00
[2024-07-21T21:28:12.040+0100] {processor.py:179} INFO - Processing /Users/apoorvasaxena/.pyenv/versions/airflow-venv/lib/python3.10/site-packages/airflow/example_dags/example_setup_teardown_taskflow.py took 0.118 seconds
[2024-07-21T21:29:24.740+0100] {processor.py:157} INFO - Started process (PID=86489) to work on /Users/apoorvasaxena/.pyenv/versions/airflow-venv/lib/python3.10/site-packages/airflow/example_dags/example_setup_teardown_taskflow.py
[2024-07-21T21:29:24.743+0100] {processor.py:829} INFO - Processing file /Users/apoorvasaxena/.pyenv/versions/airflow-venv/lib/python3.10/site-packages/airflow/example_dags/example_setup_teardown_taskflow.py for tasks to queue
[2024-07-21T21:29:24.743+0100] {logging_mixin.py:151} INFO - [2024-07-21T21:29:24.743+0100] {dagbag.py:539} INFO - Filling up the DagBag from /Users/apoorvasaxena/.pyenv/versions/airflow-venv/lib/python3.10/site-packages/airflow/example_dags/example_setup_teardown_taskflow.py
[2024-07-21T21:29:24.766+0100] {processor.py:839} INFO - DAG(s) dict_keys(['example_setup_teardown_taskflow']) retrieved from /Users/apoorvasaxena/.pyenv/versions/airflow-venv/lib/python3.10/site-packages/airflow/example_dags/example_setup_teardown_taskflow.py
[2024-07-21T21:29:24.836+0100] {logging_mixin.py:151} INFO - [2024-07-21T21:29:24.836+0100] {dag.py:2915} INFO - Sync 1 DAGs
[2024-07-21T21:29:24.842+0100] {logging_mixin.py:151} INFO - [2024-07-21T21:29:24.842+0100] {dag.py:3696} INFO - Setting next_dagrun for example_setup_teardown_taskflow to 2024-07-20T20:29:24.842142+00:00, run_after=2024-07-21T20:29:24.842142+00:00
[2024-07-21T21:29:24.848+0100] {processor.py:179} INFO - Processing /Users/apoorvasaxena/.pyenv/versions/airflow-venv/lib/python3.10/site-packages/airflow/example_dags/example_setup_teardown_taskflow.py took 0.109 seconds
[2024-07-21T21:30:35.650+0100] {processor.py:157} INFO - Started process (PID=86580) to work on /Users/apoorvasaxena/.pyenv/versions/airflow-venv/lib/python3.10/site-packages/airflow/example_dags/example_setup_teardown_taskflow.py
[2024-07-21T21:30:35.653+0100] {processor.py:829} INFO - Processing file /Users/apoorvasaxena/.pyenv/versions/airflow-venv/lib/python3.10/site-packages/airflow/example_dags/example_setup_teardown_taskflow.py for tasks to queue
[2024-07-21T21:30:35.653+0100] {logging_mixin.py:151} INFO - [2024-07-21T21:30:35.653+0100] {dagbag.py:539} INFO - Filling up the DagBag from /Users/apoorvasaxena/.pyenv/versions/airflow-venv/lib/python3.10/site-packages/airflow/example_dags/example_setup_teardown_taskflow.py
[2024-07-21T21:30:35.675+0100] {processor.py:839} INFO - DAG(s) dict_keys(['example_setup_teardown_taskflow']) retrieved from /Users/apoorvasaxena/.pyenv/versions/airflow-venv/lib/python3.10/site-packages/airflow/example_dags/example_setup_teardown_taskflow.py
[2024-07-21T21:30:35.746+0100] {logging_mixin.py:151} INFO - [2024-07-21T21:30:35.746+0100] {dag.py:2915} INFO - Sync 1 DAGs
[2024-07-21T21:30:35.752+0100] {logging_mixin.py:151} INFO - [2024-07-21T21:30:35.751+0100] {dag.py:3696} INFO - Setting next_dagrun for example_setup_teardown_taskflow to 2024-07-20T20:30:35.751944+00:00, run_after=2024-07-21T20:30:35.751944+00:00
[2024-07-21T21:30:35.758+0100] {processor.py:179} INFO - Processing /Users/apoorvasaxena/.pyenv/versions/airflow-venv/lib/python3.10/site-packages/airflow/example_dags/example_setup_teardown_taskflow.py took 0.109 seconds
[2024-07-21T21:31:47.116+0100] {processor.py:157} INFO - Started process (PID=86677) to work on /Users/apoorvasaxena/.pyenv/versions/airflow-venv/lib/python3.10/site-packages/airflow/example_dags/example_setup_teardown_taskflow.py
[2024-07-21T21:31:47.118+0100] {processor.py:829} INFO - Processing file /Users/apoorvasaxena/.pyenv/versions/airflow-venv/lib/python3.10/site-packages/airflow/example_dags/example_setup_teardown_taskflow.py for tasks to queue
[2024-07-21T21:31:47.119+0100] {logging_mixin.py:151} INFO - [2024-07-21T21:31:47.118+0100] {dagbag.py:539} INFO - Filling up the DagBag from /Users/apoorvasaxena/.pyenv/versions/airflow-venv/lib/python3.10/site-packages/airflow/example_dags/example_setup_teardown_taskflow.py
[2024-07-21T21:31:47.142+0100] {processor.py:839} INFO - DAG(s) dict_keys(['example_setup_teardown_taskflow']) retrieved from /Users/apoorvasaxena/.pyenv/versions/airflow-venv/lib/python3.10/site-packages/airflow/example_dags/example_setup_teardown_taskflow.py
[2024-07-21T21:31:47.215+0100] {logging_mixin.py:151} INFO - [2024-07-21T21:31:47.215+0100] {dag.py:2915} INFO - Sync 1 DAGs
[2024-07-21T21:31:47.221+0100] {logging_mixin.py:151} INFO - [2024-07-21T21:31:47.221+0100] {dag.py:3696} INFO - Setting next_dagrun for example_setup_teardown_taskflow to 2024-07-20T20:31:47.221610+00:00, run_after=2024-07-21T20:31:47.221610+00:00
[2024-07-21T21:31:47.228+0100] {processor.py:179} INFO - Processing /Users/apoorvasaxena/.pyenv/versions/airflow-venv/lib/python3.10/site-packages/airflow/example_dags/example_setup_teardown_taskflow.py took 0.112 seconds
[2024-07-21T21:33:02.867+0100] {processor.py:157} INFO - Started process (PID=86794) to work on /Users/apoorvasaxena/.pyenv/versions/airflow-venv/lib/python3.10/site-packages/airflow/example_dags/example_setup_teardown_taskflow.py
[2024-07-21T21:33:02.870+0100] {processor.py:829} INFO - Processing file /Users/apoorvasaxena/.pyenv/versions/airflow-venv/lib/python3.10/site-packages/airflow/example_dags/example_setup_teardown_taskflow.py for tasks to queue
[2024-07-21T21:33:02.870+0100] {logging_mixin.py:151} INFO - [2024-07-21T21:33:02.870+0100] {dagbag.py:539} INFO - Filling up the DagBag from /Users/apoorvasaxena/.pyenv/versions/airflow-venv/lib/python3.10/site-packages/airflow/example_dags/example_setup_teardown_taskflow.py
[2024-07-21T21:33:02.894+0100] {processor.py:839} INFO - DAG(s) dict_keys(['example_setup_teardown_taskflow']) retrieved from /Users/apoorvasaxena/.pyenv/versions/airflow-venv/lib/python3.10/site-packages/airflow/example_dags/example_setup_teardown_taskflow.py
[2024-07-21T21:33:02.970+0100] {logging_mixin.py:151} INFO - [2024-07-21T21:33:02.970+0100] {dag.py:2915} INFO - Sync 1 DAGs
[2024-07-21T21:33:02.976+0100] {logging_mixin.py:151} INFO - [2024-07-21T21:33:02.976+0100] {dag.py:3696} INFO - Setting next_dagrun for example_setup_teardown_taskflow to 2024-07-20T20:33:02.976466+00:00, run_after=2024-07-21T20:33:02.976466+00:00
[2024-07-21T21:33:02.983+0100] {processor.py:179} INFO - Processing /Users/apoorvasaxena/.pyenv/versions/airflow-venv/lib/python3.10/site-packages/airflow/example_dags/example_setup_teardown_taskflow.py took 0.117 seconds
[2024-07-21T21:34:16.106+0100] {processor.py:157} INFO - Started process (PID=86885) to work on /Users/apoorvasaxena/.pyenv/versions/airflow-venv/lib/python3.10/site-packages/airflow/example_dags/example_setup_teardown_taskflow.py
[2024-07-21T21:34:16.109+0100] {processor.py:829} INFO - Processing file /Users/apoorvasaxena/.pyenv/versions/airflow-venv/lib/python3.10/site-packages/airflow/example_dags/example_setup_teardown_taskflow.py for tasks to queue
[2024-07-21T21:34:16.109+0100] {logging_mixin.py:151} INFO - [2024-07-21T21:34:16.109+0100] {dagbag.py:539} INFO - Filling up the DagBag from /Users/apoorvasaxena/.pyenv/versions/airflow-venv/lib/python3.10/site-packages/airflow/example_dags/example_setup_teardown_taskflow.py
[2024-07-21T21:34:16.132+0100] {processor.py:839} INFO - DAG(s) dict_keys(['example_setup_teardown_taskflow']) retrieved from /Users/apoorvasaxena/.pyenv/versions/airflow-venv/lib/python3.10/site-packages/airflow/example_dags/example_setup_teardown_taskflow.py
[2024-07-21T21:34:16.203+0100] {logging_mixin.py:151} INFO - [2024-07-21T21:34:16.203+0100] {dag.py:2915} INFO - Sync 1 DAGs
[2024-07-21T21:34:16.209+0100] {logging_mixin.py:151} INFO - [2024-07-21T21:34:16.209+0100] {dag.py:3696} INFO - Setting next_dagrun for example_setup_teardown_taskflow to 2024-07-20T20:34:16.209531+00:00, run_after=2024-07-21T20:34:16.209531+00:00
[2024-07-21T21:34:16.216+0100] {processor.py:179} INFO - Processing /Users/apoorvasaxena/.pyenv/versions/airflow-venv/lib/python3.10/site-packages/airflow/example_dags/example_setup_teardown_taskflow.py took 0.110 seconds
[2024-07-21T21:35:28.100+0100] {processor.py:157} INFO - Started process (PID=86965) to work on /Users/apoorvasaxena/.pyenv/versions/airflow-venv/lib/python3.10/site-packages/airflow/example_dags/example_setup_teardown_taskflow.py
[2024-07-21T21:35:28.102+0100] {processor.py:829} INFO - Processing file /Users/apoorvasaxena/.pyenv/versions/airflow-venv/lib/python3.10/site-packages/airflow/example_dags/example_setup_teardown_taskflow.py for tasks to queue
[2024-07-21T21:35:28.102+0100] {logging_mixin.py:151} INFO - [2024-07-21T21:35:28.102+0100] {dagbag.py:539} INFO - Filling up the DagBag from /Users/apoorvasaxena/.pyenv/versions/airflow-venv/lib/python3.10/site-packages/airflow/example_dags/example_setup_teardown_taskflow.py
[2024-07-21T21:35:28.125+0100] {processor.py:839} INFO - DAG(s) dict_keys(['example_setup_teardown_taskflow']) retrieved from /Users/apoorvasaxena/.pyenv/versions/airflow-venv/lib/python3.10/site-packages/airflow/example_dags/example_setup_teardown_taskflow.py
[2024-07-21T21:35:28.197+0100] {logging_mixin.py:151} INFO - [2024-07-21T21:35:28.197+0100] {dag.py:2915} INFO - Sync 1 DAGs
[2024-07-21T21:35:28.203+0100] {logging_mixin.py:151} INFO - [2024-07-21T21:35:28.203+0100] {dag.py:3696} INFO - Setting next_dagrun for example_setup_teardown_taskflow to 2024-07-20T20:35:28.203328+00:00, run_after=2024-07-21T20:35:28.203328+00:00
[2024-07-21T21:35:28.210+0100] {processor.py:179} INFO - Processing /Users/apoorvasaxena/.pyenv/versions/airflow-venv/lib/python3.10/site-packages/airflow/example_dags/example_setup_teardown_taskflow.py took 0.111 seconds
[2024-07-21T21:36:39.410+0100] {processor.py:157} INFO - Started process (PID=87057) to work on /Users/apoorvasaxena/.pyenv/versions/airflow-venv/lib/python3.10/site-packages/airflow/example_dags/example_setup_teardown_taskflow.py
[2024-07-21T21:36:39.412+0100] {processor.py:829} INFO - Processing file /Users/apoorvasaxena/.pyenv/versions/airflow-venv/lib/python3.10/site-packages/airflow/example_dags/example_setup_teardown_taskflow.py for tasks to queue
[2024-07-21T21:36:39.413+0100] {logging_mixin.py:151} INFO - [2024-07-21T21:36:39.413+0100] {dagbag.py:539} INFO - Filling up the DagBag from /Users/apoorvasaxena/.pyenv/versions/airflow-venv/lib/python3.10/site-packages/airflow/example_dags/example_setup_teardown_taskflow.py
[2024-07-21T21:36:39.436+0100] {processor.py:839} INFO - DAG(s) dict_keys(['example_setup_teardown_taskflow']) retrieved from /Users/apoorvasaxena/.pyenv/versions/airflow-venv/lib/python3.10/site-packages/airflow/example_dags/example_setup_teardown_taskflow.py
[2024-07-21T21:36:39.508+0100] {logging_mixin.py:151} INFO - [2024-07-21T21:36:39.508+0100] {dag.py:2915} INFO - Sync 1 DAGs
[2024-07-21T21:36:39.514+0100] {logging_mixin.py:151} INFO - [2024-07-21T21:36:39.514+0100] {dag.py:3696} INFO - Setting next_dagrun for example_setup_teardown_taskflow to 2024-07-20T20:36:39.514545+00:00, run_after=2024-07-21T20:36:39.514545+00:00
[2024-07-21T21:36:39.521+0100] {processor.py:179} INFO - Processing /Users/apoorvasaxena/.pyenv/versions/airflow-venv/lib/python3.10/site-packages/airflow/example_dags/example_setup_teardown_taskflow.py took 0.111 seconds
[2024-07-21T21:37:51.231+0100] {processor.py:157} INFO - Started process (PID=87154) to work on /Users/apoorvasaxena/.pyenv/versions/airflow-venv/lib/python3.10/site-packages/airflow/example_dags/example_setup_teardown_taskflow.py
[2024-07-21T21:37:51.233+0100] {processor.py:829} INFO - Processing file /Users/apoorvasaxena/.pyenv/versions/airflow-venv/lib/python3.10/site-packages/airflow/example_dags/example_setup_teardown_taskflow.py for tasks to queue
[2024-07-21T21:37:51.233+0100] {logging_mixin.py:151} INFO - [2024-07-21T21:37:51.233+0100] {dagbag.py:539} INFO - Filling up the DagBag from /Users/apoorvasaxena/.pyenv/versions/airflow-venv/lib/python3.10/site-packages/airflow/example_dags/example_setup_teardown_taskflow.py
[2024-07-21T21:37:51.260+0100] {processor.py:839} INFO - DAG(s) dict_keys(['example_setup_teardown_taskflow']) retrieved from /Users/apoorvasaxena/.pyenv/versions/airflow-venv/lib/python3.10/site-packages/airflow/example_dags/example_setup_teardown_taskflow.py
[2024-07-21T21:37:51.339+0100] {logging_mixin.py:151} INFO - [2024-07-21T21:37:51.338+0100] {dag.py:2915} INFO - Sync 1 DAGs
[2024-07-21T21:37:51.345+0100] {logging_mixin.py:151} INFO - [2024-07-21T21:37:51.345+0100] {dag.py:3696} INFO - Setting next_dagrun for example_setup_teardown_taskflow to 2024-07-20T20:37:51.345286+00:00, run_after=2024-07-21T20:37:51.345286+00:00
[2024-07-21T21:37:51.352+0100] {processor.py:179} INFO - Processing /Users/apoorvasaxena/.pyenv/versions/airflow-venv/lib/python3.10/site-packages/airflow/example_dags/example_setup_teardown_taskflow.py took 0.122 seconds
