[2024-07-21T20:49:51.432+0100] {processor.py:157} INFO - Started process (PID=82510) to work on /Users/apoorvasaxena/.pyenv/versions/airflow-venv/lib/python3.10/site-packages/airflow/example_dags/example_short_circuit_decorator.py
[2024-07-21T20:49:51.434+0100] {processor.py:829} INFO - Processing file /Users/apoorvasaxena/.pyenv/versions/airflow-venv/lib/python3.10/site-packages/airflow/example_dags/example_short_circuit_decorator.py for tasks to queue
[2024-07-21T20:49:51.435+0100] {logging_mixin.py:151} INFO - [2024-07-21T20:49:51.435+0100] {dagbag.py:539} INFO - Filling up the DagBag from /Users/apoorvasaxena/.pyenv/versions/airflow-venv/lib/python3.10/site-packages/airflow/example_dags/example_short_circuit_decorator.py
[2024-07-21T20:49:51.457+0100] {processor.py:839} INFO - DAG(s) dict_keys(['example_short_circuit_decorator']) retrieved from /Users/apoorvasaxena/.pyenv/versions/airflow-venv/lib/python3.10/site-packages/airflow/example_dags/example_short_circuit_decorator.py
[2024-07-21T20:49:51.530+0100] {logging_mixin.py:151} INFO - [2024-07-21T20:49:51.530+0100] {dag.py:2915} INFO - Sync 1 DAGs
[2024-07-21T20:49:51.536+0100] {logging_mixin.py:151} INFO - [2024-07-21T20:49:51.535+0100] {dag.py:3696} INFO - Setting next_dagrun for example_short_circuit_decorator to 2024-07-20T19:49:51.535923+00:00, run_after=2024-07-21T19:49:51.535923+00:00
[2024-07-21T20:49:51.542+0100] {processor.py:179} INFO - Processing /Users/apoorvasaxena/.pyenv/versions/airflow-venv/lib/python3.10/site-packages/airflow/example_dags/example_short_circuit_decorator.py took 0.111 seconds
[2024-07-21T20:50:58.247+0100] {processor.py:157} INFO - Started process (PID=82633) to work on /Users/apoorvasaxena/.pyenv/versions/airflow-venv/lib/python3.10/site-packages/airflow/example_dags/example_short_circuit_decorator.py
[2024-07-21T20:50:58.250+0100] {processor.py:829} INFO - Processing file /Users/apoorvasaxena/.pyenv/versions/airflow-venv/lib/python3.10/site-packages/airflow/example_dags/example_short_circuit_decorator.py for tasks to queue
[2024-07-21T20:50:58.250+0100] {logging_mixin.py:151} INFO - [2024-07-21T20:50:58.250+0100] {dagbag.py:539} INFO - Filling up the DagBag from /Users/apoorvasaxena/.pyenv/versions/airflow-venv/lib/python3.10/site-packages/airflow/example_dags/example_short_circuit_decorator.py
[2024-07-21T20:50:58.273+0100] {processor.py:839} INFO - DAG(s) dict_keys(['example_short_circuit_decorator']) retrieved from /Users/apoorvasaxena/.pyenv/versions/airflow-venv/lib/python3.10/site-packages/airflow/example_dags/example_short_circuit_decorator.py
[2024-07-21T20:50:58.346+0100] {logging_mixin.py:151} INFO - [2024-07-21T20:50:58.346+0100] {dag.py:2915} INFO - Sync 1 DAGs
[2024-07-21T20:50:58.352+0100] {logging_mixin.py:151} INFO - [2024-07-21T20:50:58.352+0100] {dag.py:3696} INFO - Setting next_dagrun for example_short_circuit_decorator to 2024-07-20T19:50:58.352280+00:00, run_after=2024-07-21T19:50:58.352280+00:00
[2024-07-21T20:50:58.360+0100] {processor.py:179} INFO - Processing /Users/apoorvasaxena/.pyenv/versions/airflow-venv/lib/python3.10/site-packages/airflow/example_dags/example_short_circuit_decorator.py took 0.114 seconds
[2024-07-21T20:52:13.109+0100] {processor.py:157} INFO - Started process (PID=82863) to work on /Users/apoorvasaxena/.pyenv/versions/airflow-venv/lib/python3.10/site-packages/airflow/example_dags/example_short_circuit_decorator.py
[2024-07-21T20:52:13.111+0100] {processor.py:829} INFO - Processing file /Users/apoorvasaxena/.pyenv/versions/airflow-venv/lib/python3.10/site-packages/airflow/example_dags/example_short_circuit_decorator.py for tasks to queue
[2024-07-21T20:52:13.112+0100] {logging_mixin.py:151} INFO - [2024-07-21T20:52:13.111+0100] {dagbag.py:539} INFO - Filling up the DagBag from /Users/apoorvasaxena/.pyenv/versions/airflow-venv/lib/python3.10/site-packages/airflow/example_dags/example_short_circuit_decorator.py
[2024-07-21T20:52:13.134+0100] {processor.py:839} INFO - DAG(s) dict_keys(['example_short_circuit_decorator']) retrieved from /Users/apoorvasaxena/.pyenv/versions/airflow-venv/lib/python3.10/site-packages/airflow/example_dags/example_short_circuit_decorator.py
[2024-07-21T20:52:13.206+0100] {logging_mixin.py:151} INFO - [2024-07-21T20:52:13.206+0100] {dag.py:2915} INFO - Sync 1 DAGs
[2024-07-21T20:52:13.212+0100] {logging_mixin.py:151} INFO - [2024-07-21T20:52:13.212+0100] {dag.py:3696} INFO - Setting next_dagrun for example_short_circuit_decorator to 2024-07-20T19:52:13.212301+00:00, run_after=2024-07-21T19:52:13.212301+00:00
[2024-07-21T20:52:13.219+0100] {processor.py:179} INFO - Processing /Users/apoorvasaxena/.pyenv/versions/airflow-venv/lib/python3.10/site-packages/airflow/example_dags/example_short_circuit_decorator.py took 0.110 seconds
