[2024-07-21T20:49:32.272+0100] {processor.py:157} INFO - Started process (PID=82478) to work on /Users/apoorvasaxena/.pyenv/versions/airflow-venv/lib/python3.10/site-packages/airflow/example_dags/tutorial_taskflow_api.py
[2024-07-21T20:49:32.274+0100] {processor.py:829} INFO - Processing file /Users/apoorvasaxena/.pyenv/versions/airflow-venv/lib/python3.10/site-packages/airflow/example_dags/tutorial_taskflow_api.py for tasks to queue
[2024-07-21T20:49:32.275+0100] {logging_mixin.py:151} INFO - [2024-07-21T20:49:32.275+0100] {dagbag.py:539} INFO - Filling up the DagBag from /Users/apoorvasaxena/.pyenv/versions/airflow-venv/lib/python3.10/site-packages/airflow/example_dags/tutorial_taskflow_api.py
[2024-07-21T20:49:32.297+0100] {processor.py:839} INFO - DAG(s) dict_keys(['tutorial_taskflow_api']) retrieved from /Users/apoorvasaxena/.pyenv/versions/airflow-venv/lib/python3.10/site-packages/airflow/example_dags/tutorial_taskflow_api.py
[2024-07-21T20:49:32.316+0100] {logging_mixin.py:151} INFO - [2024-07-21T20:49:32.316+0100] {dag.py:2915} INFO - Sync 1 DAGs
[2024-07-21T20:49:32.348+0100] {logging_mixin.py:151} INFO - [2024-07-21T20:49:32.348+0100] {dag.py:3696} INFO - Setting next_dagrun for tutorial_taskflow_api to None, run_after=None
[2024-07-21T20:49:32.355+0100] {processor.py:179} INFO - Processing /Users/apoorvasaxena/.pyenv/versions/airflow-venv/lib/python3.10/site-packages/airflow/example_dags/tutorial_taskflow_api.py took 0.083 seconds
[2024-07-21T20:50:38.615+0100] {processor.py:157} INFO - Started process (PID=82599) to work on /Users/apoorvasaxena/.pyenv/versions/airflow-venv/lib/python3.10/site-packages/airflow/example_dags/tutorial_taskflow_api.py
[2024-07-21T20:50:38.618+0100] {processor.py:829} INFO - Processing file /Users/apoorvasaxena/.pyenv/versions/airflow-venv/lib/python3.10/site-packages/airflow/example_dags/tutorial_taskflow_api.py for tasks to queue
[2024-07-21T20:50:38.618+0100] {logging_mixin.py:151} INFO - [2024-07-21T20:50:38.618+0100] {dagbag.py:539} INFO - Filling up the DagBag from /Users/apoorvasaxena/.pyenv/versions/airflow-venv/lib/python3.10/site-packages/airflow/example_dags/tutorial_taskflow_api.py
[2024-07-21T20:50:38.640+0100] {processor.py:839} INFO - DAG(s) dict_keys(['tutorial_taskflow_api']) retrieved from /Users/apoorvasaxena/.pyenv/versions/airflow-venv/lib/python3.10/site-packages/airflow/example_dags/tutorial_taskflow_api.py
[2024-07-21T20:50:38.712+0100] {logging_mixin.py:151} INFO - [2024-07-21T20:50:38.711+0100] {dag.py:2915} INFO - Sync 1 DAGs
[2024-07-21T20:50:38.715+0100] {logging_mixin.py:151} INFO - [2024-07-21T20:50:38.715+0100] {dag.py:3696} INFO - Setting next_dagrun for tutorial_taskflow_api to None, run_after=None
[2024-07-21T20:50:38.721+0100] {processor.py:179} INFO - Processing /Users/apoorvasaxena/.pyenv/versions/airflow-venv/lib/python3.10/site-packages/airflow/example_dags/tutorial_taskflow_api.py took 0.106 seconds
[2024-07-21T20:51:53.581+0100] {processor.py:157} INFO - Started process (PID=82837) to work on /Users/apoorvasaxena/.pyenv/versions/airflow-venv/lib/python3.10/site-packages/airflow/example_dags/tutorial_taskflow_api.py
[2024-07-21T20:51:53.584+0100] {processor.py:829} INFO - Processing file /Users/apoorvasaxena/.pyenv/versions/airflow-venv/lib/python3.10/site-packages/airflow/example_dags/tutorial_taskflow_api.py for tasks to queue
[2024-07-21T20:51:53.584+0100] {logging_mixin.py:151} INFO - [2024-07-21T20:51:53.584+0100] {dagbag.py:539} INFO - Filling up the DagBag from /Users/apoorvasaxena/.pyenv/versions/airflow-venv/lib/python3.10/site-packages/airflow/example_dags/tutorial_taskflow_api.py
[2024-07-21T20:51:53.606+0100] {processor.py:839} INFO - DAG(s) dict_keys(['tutorial_taskflow_api']) retrieved from /Users/apoorvasaxena/.pyenv/versions/airflow-venv/lib/python3.10/site-packages/airflow/example_dags/tutorial_taskflow_api.py
[2024-07-21T20:51:53.676+0100] {logging_mixin.py:151} INFO - [2024-07-21T20:51:53.676+0100] {dag.py:2915} INFO - Sync 1 DAGs
[2024-07-21T20:51:53.679+0100] {logging_mixin.py:151} INFO - [2024-07-21T20:51:53.679+0100] {dag.py:3696} INFO - Setting next_dagrun for tutorial_taskflow_api to None, run_after=None
[2024-07-21T20:51:53.686+0100] {processor.py:179} INFO - Processing /Users/apoorvasaxena/.pyenv/versions/airflow-venv/lib/python3.10/site-packages/airflow/example_dags/tutorial_taskflow_api.py took 0.105 seconds
