[2024-07-21T20:49:34.658+0100] {processor.py:157} INFO - Started process (PID=82484) to work on /Users/apoorvasaxena/.pyenv/versions/airflow-venv/lib/python3.10/site-packages/airflow/example_dags/tutorial.py
[2024-07-21T20:49:34.660+0100] {processor.py:829} INFO - Processing file /Users/apoorvasaxena/.pyenv/versions/airflow-venv/lib/python3.10/site-packages/airflow/example_dags/tutorial.py for tasks to queue
[2024-07-21T20:49:34.660+0100] {logging_mixin.py:151} INFO - [2024-07-21T20:49:34.660+0100] {dagbag.py:539} INFO - Filling up the DagBag from /Users/apoorvasaxena/.pyenv/versions/airflow-venv/lib/python3.10/site-packages/airflow/example_dags/tutorial.py
[2024-07-21T20:49:34.672+0100] {processor.py:839} INFO - DAG(s) dict_keys(['tutorial']) retrieved from /Users/apoorvasaxena/.pyenv/versions/airflow-venv/lib/python3.10/site-packages/airflow/example_dags/tutorial.py
[2024-07-21T20:49:34.694+0100] {logging_mixin.py:151} INFO - [2024-07-21T20:49:34.694+0100] {dag.py:2915} INFO - Sync 1 DAGs
[2024-07-21T20:49:34.728+0100] {logging_mixin.py:151} INFO - [2024-07-21T20:49:34.728+0100] {dag.py:3696} INFO - Setting next_dagrun for tutorial to 2024-07-20T19:49:34.728694+00:00, run_after=2024-07-21T19:49:34.728694+00:00
[2024-07-21T20:49:34.735+0100] {processor.py:179} INFO - Processing /Users/apoorvasaxena/.pyenv/versions/airflow-venv/lib/python3.10/site-packages/airflow/example_dags/tutorial.py took 0.077 seconds
[2024-07-21T20:50:41.081+0100] {processor.py:157} INFO - Started process (PID=82606) to work on /Users/apoorvasaxena/.pyenv/versions/airflow-venv/lib/python3.10/site-packages/airflow/example_dags/tutorial.py
[2024-07-21T20:50:41.084+0100] {processor.py:829} INFO - Processing file /Users/apoorvasaxena/.pyenv/versions/airflow-venv/lib/python3.10/site-packages/airflow/example_dags/tutorial.py for tasks to queue
[2024-07-21T20:50:41.084+0100] {logging_mixin.py:151} INFO - [2024-07-21T20:50:41.084+0100] {dagbag.py:539} INFO - Filling up the DagBag from /Users/apoorvasaxena/.pyenv/versions/airflow-venv/lib/python3.10/site-packages/airflow/example_dags/tutorial.py
[2024-07-21T20:50:41.098+0100] {processor.py:839} INFO - DAG(s) dict_keys(['tutorial']) retrieved from /Users/apoorvasaxena/.pyenv/versions/airflow-venv/lib/python3.10/site-packages/airflow/example_dags/tutorial.py
[2024-07-21T20:50:41.175+0100] {logging_mixin.py:151} INFO - [2024-07-21T20:50:41.175+0100] {dag.py:2915} INFO - Sync 1 DAGs
[2024-07-21T20:50:41.181+0100] {logging_mixin.py:151} INFO - [2024-07-21T20:50:41.181+0100] {dag.py:3696} INFO - Setting next_dagrun for tutorial to 2024-07-20T19:50:41.181597+00:00, run_after=2024-07-21T19:50:41.181597+00:00
[2024-07-21T20:50:41.188+0100] {processor.py:179} INFO - Processing /Users/apoorvasaxena/.pyenv/versions/airflow-venv/lib/python3.10/site-packages/airflow/example_dags/tutorial.py took 0.107 seconds
[2024-07-21T20:51:56.790+0100] {processor.py:157} INFO - Started process (PID=82839) to work on /Users/apoorvasaxena/.pyenv/versions/airflow-venv/lib/python3.10/site-packages/airflow/example_dags/tutorial.py
[2024-07-21T20:51:56.793+0100] {processor.py:829} INFO - Processing file /Users/apoorvasaxena/.pyenv/versions/airflow-venv/lib/python3.10/site-packages/airflow/example_dags/tutorial.py for tasks to queue
[2024-07-21T20:51:56.793+0100] {logging_mixin.py:151} INFO - [2024-07-21T20:51:56.793+0100] {dagbag.py:539} INFO - Filling up the DagBag from /Users/apoorvasaxena/.pyenv/versions/airflow-venv/lib/python3.10/site-packages/airflow/example_dags/tutorial.py
[2024-07-21T20:51:56.805+0100] {processor.py:839} INFO - DAG(s) dict_keys(['tutorial']) retrieved from /Users/apoorvasaxena/.pyenv/versions/airflow-venv/lib/python3.10/site-packages/airflow/example_dags/tutorial.py
[2024-07-21T20:51:56.878+0100] {logging_mixin.py:151} INFO - [2024-07-21T20:51:56.877+0100] {dag.py:2915} INFO - Sync 1 DAGs
[2024-07-21T20:51:56.883+0100] {logging_mixin.py:151} INFO - [2024-07-21T20:51:56.883+0100] {dag.py:3696} INFO - Setting next_dagrun for tutorial to 2024-07-20T19:51:56.883746+00:00, run_after=2024-07-21T19:51:56.883746+00:00
[2024-07-21T20:51:56.890+0100] {processor.py:179} INFO - Processing /Users/apoorvasaxena/.pyenv/versions/airflow-venv/lib/python3.10/site-packages/airflow/example_dags/tutorial.py took 0.100 seconds
