[2024-07-21T20:49:33.871+0100] {processor.py:157} INFO - Started process (PID=82483) to work on /Users/apoorvasaxena/.pyenv/versions/airflow-venv/lib/python3.10/site-packages/airflow/example_dags/tutorial_dag.py
[2024-07-21T20:49:33.873+0100] {processor.py:829} INFO - Processing file /Users/apoorvasaxena/.pyenv/versions/airflow-venv/lib/python3.10/site-packages/airflow/example_dags/tutorial_dag.py for tasks to queue
[2024-07-21T20:49:33.873+0100] {logging_mixin.py:151} INFO - [2024-07-21T20:49:33.873+0100] {dagbag.py:539} INFO - Filling up the DagBag from /Users/apoorvasaxena/.pyenv/versions/airflow-venv/lib/python3.10/site-packages/airflow/example_dags/tutorial_dag.py
[2024-07-21T20:49:33.890+0100] {processor.py:839} INFO - DAG(s) dict_keys(['tutorial_dag']) retrieved from /Users/apoorvasaxena/.pyenv/versions/airflow-venv/lib/python3.10/site-packages/airflow/example_dags/tutorial_dag.py
[2024-07-21T20:49:33.911+0100] {logging_mixin.py:151} INFO - [2024-07-21T20:49:33.911+0100] {dag.py:2915} INFO - Sync 1 DAGs
[2024-07-21T20:49:33.943+0100] {logging_mixin.py:151} INFO - [2024-07-21T20:49:33.943+0100] {dag.py:3696} INFO - Setting next_dagrun for tutorial_dag to None, run_after=None
[2024-07-21T20:49:33.950+0100] {processor.py:179} INFO - Processing /Users/apoorvasaxena/.pyenv/versions/airflow-venv/lib/python3.10/site-packages/airflow/example_dags/tutorial_dag.py took 0.079 seconds
[2024-07-21T20:50:40.236+0100] {processor.py:157} INFO - Started process (PID=82605) to work on /Users/apoorvasaxena/.pyenv/versions/airflow-venv/lib/python3.10/site-packages/airflow/example_dags/tutorial_dag.py
[2024-07-21T20:50:40.239+0100] {processor.py:829} INFO - Processing file /Users/apoorvasaxena/.pyenv/versions/airflow-venv/lib/python3.10/site-packages/airflow/example_dags/tutorial_dag.py for tasks to queue
[2024-07-21T20:50:40.239+0100] {logging_mixin.py:151} INFO - [2024-07-21T20:50:40.239+0100] {dagbag.py:539} INFO - Filling up the DagBag from /Users/apoorvasaxena/.pyenv/versions/airflow-venv/lib/python3.10/site-packages/airflow/example_dags/tutorial_dag.py
[2024-07-21T20:50:40.255+0100] {processor.py:839} INFO - DAG(s) dict_keys(['tutorial_dag']) retrieved from /Users/apoorvasaxena/.pyenv/versions/airflow-venv/lib/python3.10/site-packages/airflow/example_dags/tutorial_dag.py
[2024-07-21T20:50:40.329+0100] {logging_mixin.py:151} INFO - [2024-07-21T20:50:40.329+0100] {dag.py:2915} INFO - Sync 1 DAGs
[2024-07-21T20:50:40.332+0100] {logging_mixin.py:151} INFO - [2024-07-21T20:50:40.332+0100] {dag.py:3696} INFO - Setting next_dagrun for tutorial_dag to None, run_after=None
[2024-07-21T20:50:40.339+0100] {processor.py:179} INFO - Processing /Users/apoorvasaxena/.pyenv/versions/airflow-venv/lib/python3.10/site-packages/airflow/example_dags/tutorial_dag.py took 0.103 seconds
[2024-07-21T20:51:55.177+0100] {processor.py:157} INFO - Started process (PID=82838) to work on /Users/apoorvasaxena/.pyenv/versions/airflow-venv/lib/python3.10/site-packages/airflow/example_dags/tutorial_dag.py
[2024-07-21T20:51:55.179+0100] {processor.py:829} INFO - Processing file /Users/apoorvasaxena/.pyenv/versions/airflow-venv/lib/python3.10/site-packages/airflow/example_dags/tutorial_dag.py for tasks to queue
[2024-07-21T20:51:55.180+0100] {logging_mixin.py:151} INFO - [2024-07-21T20:51:55.180+0100] {dagbag.py:539} INFO - Filling up the DagBag from /Users/apoorvasaxena/.pyenv/versions/airflow-venv/lib/python3.10/site-packages/airflow/example_dags/tutorial_dag.py
[2024-07-21T20:51:55.196+0100] {processor.py:839} INFO - DAG(s) dict_keys(['tutorial_dag']) retrieved from /Users/apoorvasaxena/.pyenv/versions/airflow-venv/lib/python3.10/site-packages/airflow/example_dags/tutorial_dag.py
[2024-07-21T20:51:55.268+0100] {logging_mixin.py:151} INFO - [2024-07-21T20:51:55.268+0100] {dag.py:2915} INFO - Sync 1 DAGs
[2024-07-21T20:51:55.271+0100] {logging_mixin.py:151} INFO - [2024-07-21T20:51:55.271+0100] {dag.py:3696} INFO - Setting next_dagrun for tutorial_dag to None, run_after=None
[2024-07-21T20:51:55.278+0100] {processor.py:179} INFO - Processing /Users/apoorvasaxena/.pyenv/versions/airflow-venv/lib/python3.10/site-packages/airflow/example_dags/tutorial_dag.py took 0.101 seconds
[2024-07-21T20:53:04.055+0100] {processor.py:157} INFO - Started process (PID=83477) to work on /Users/apoorvasaxena/.pyenv/versions/airflow-venv/lib/python3.10/site-packages/airflow/example_dags/tutorial_dag.py
[2024-07-21T20:53:04.057+0100] {processor.py:829} INFO - Processing file /Users/apoorvasaxena/.pyenv/versions/airflow-venv/lib/python3.10/site-packages/airflow/example_dags/tutorial_dag.py for tasks to queue
[2024-07-21T20:53:04.057+0100] {logging_mixin.py:151} INFO - [2024-07-21T20:53:04.057+0100] {dagbag.py:539} INFO - Filling up the DagBag from /Users/apoorvasaxena/.pyenv/versions/airflow-venv/lib/python3.10/site-packages/airflow/example_dags/tutorial_dag.py
[2024-07-21T20:53:04.074+0100] {processor.py:839} INFO - DAG(s) dict_keys(['tutorial_dag']) retrieved from /Users/apoorvasaxena/.pyenv/versions/airflow-venv/lib/python3.10/site-packages/airflow/example_dags/tutorial_dag.py
[2024-07-21T20:53:04.147+0100] {logging_mixin.py:151} INFO - [2024-07-21T20:53:04.147+0100] {dag.py:2915} INFO - Sync 1 DAGs
[2024-07-21T20:53:04.150+0100] {logging_mixin.py:151} INFO - [2024-07-21T20:53:04.150+0100] {dag.py:3696} INFO - Setting next_dagrun for tutorial_dag to None, run_after=None
[2024-07-21T20:53:04.156+0100] {processor.py:179} INFO - Processing /Users/apoorvasaxena/.pyenv/versions/airflow-venv/lib/python3.10/site-packages/airflow/example_dags/tutorial_dag.py took 0.102 seconds
[2024-07-21T20:54:22.800+0100] {processor.py:157} INFO - Started process (PID=83753) to work on /Users/apoorvasaxena/.pyenv/versions/airflow-venv/lib/python3.10/site-packages/airflow/example_dags/tutorial_dag.py
[2024-07-21T20:54:22.803+0100] {processor.py:829} INFO - Processing file /Users/apoorvasaxena/.pyenv/versions/airflow-venv/lib/python3.10/site-packages/airflow/example_dags/tutorial_dag.py for tasks to queue
[2024-07-21T20:54:22.803+0100] {logging_mixin.py:151} INFO - [2024-07-21T20:54:22.803+0100] {dagbag.py:539} INFO - Filling up the DagBag from /Users/apoorvasaxena/.pyenv/versions/airflow-venv/lib/python3.10/site-packages/airflow/example_dags/tutorial_dag.py
[2024-07-21T20:54:22.824+0100] {processor.py:839} INFO - DAG(s) dict_keys(['tutorial_dag']) retrieved from /Users/apoorvasaxena/.pyenv/versions/airflow-venv/lib/python3.10/site-packages/airflow/example_dags/tutorial_dag.py
[2024-07-21T20:54:22.915+0100] {logging_mixin.py:151} INFO - [2024-07-21T20:54:22.915+0100] {dag.py:2915} INFO - Sync 1 DAGs
[2024-07-21T20:54:22.919+0100] {logging_mixin.py:151} INFO - [2024-07-21T20:54:22.919+0100] {dag.py:3696} INFO - Setting next_dagrun for tutorial_dag to None, run_after=None
[2024-07-21T20:54:22.927+0100] {processor.py:179} INFO - Processing /Users/apoorvasaxena/.pyenv/versions/airflow-venv/lib/python3.10/site-packages/airflow/example_dags/tutorial_dag.py took 0.128 seconds
[2024-07-21T20:55:36.658+0100] {processor.py:157} INFO - Started process (PID=83845) to work on /Users/apoorvasaxena/.pyenv/versions/airflow-venv/lib/python3.10/site-packages/airflow/example_dags/tutorial_dag.py
[2024-07-21T20:55:36.660+0100] {processor.py:829} INFO - Processing file /Users/apoorvasaxena/.pyenv/versions/airflow-venv/lib/python3.10/site-packages/airflow/example_dags/tutorial_dag.py for tasks to queue
[2024-07-21T20:55:36.660+0100] {logging_mixin.py:151} INFO - [2024-07-21T20:55:36.660+0100] {dagbag.py:539} INFO - Filling up the DagBag from /Users/apoorvasaxena/.pyenv/versions/airflow-venv/lib/python3.10/site-packages/airflow/example_dags/tutorial_dag.py
[2024-07-21T20:55:36.678+0100] {processor.py:839} INFO - DAG(s) dict_keys(['tutorial_dag']) retrieved from /Users/apoorvasaxena/.pyenv/versions/airflow-venv/lib/python3.10/site-packages/airflow/example_dags/tutorial_dag.py
[2024-07-21T20:55:36.784+0100] {logging_mixin.py:151} INFO - [2024-07-21T20:55:36.784+0100] {dag.py:2915} INFO - Sync 1 DAGs
[2024-07-21T20:55:36.788+0100] {logging_mixin.py:151} INFO - [2024-07-21T20:55:36.788+0100] {dag.py:3696} INFO - Setting next_dagrun for tutorial_dag to None, run_after=None
[2024-07-21T20:55:36.795+0100] {processor.py:179} INFO - Processing /Users/apoorvasaxena/.pyenv/versions/airflow-venv/lib/python3.10/site-packages/airflow/example_dags/tutorial_dag.py took 0.138 seconds
[2024-07-21T20:56:50.900+0100] {processor.py:157} INFO - Started process (PID=83946) to work on /Users/apoorvasaxena/.pyenv/versions/airflow-venv/lib/python3.10/site-packages/airflow/example_dags/tutorial_dag.py
[2024-07-21T20:56:50.902+0100] {processor.py:829} INFO - Processing file /Users/apoorvasaxena/.pyenv/versions/airflow-venv/lib/python3.10/site-packages/airflow/example_dags/tutorial_dag.py for tasks to queue
[2024-07-21T20:56:50.903+0100] {logging_mixin.py:151} INFO - [2024-07-21T20:56:50.903+0100] {dagbag.py:539} INFO - Filling up the DagBag from /Users/apoorvasaxena/.pyenv/versions/airflow-venv/lib/python3.10/site-packages/airflow/example_dags/tutorial_dag.py
[2024-07-21T20:56:50.919+0100] {processor.py:839} INFO - DAG(s) dict_keys(['tutorial_dag']) retrieved from /Users/apoorvasaxena/.pyenv/versions/airflow-venv/lib/python3.10/site-packages/airflow/example_dags/tutorial_dag.py
[2024-07-21T20:56:50.992+0100] {logging_mixin.py:151} INFO - [2024-07-21T20:56:50.992+0100] {dag.py:2915} INFO - Sync 1 DAGs
[2024-07-21T20:56:50.996+0100] {logging_mixin.py:151} INFO - [2024-07-21T20:56:50.996+0100] {dag.py:3696} INFO - Setting next_dagrun for tutorial_dag to None, run_after=None
[2024-07-21T20:56:51.002+0100] {processor.py:179} INFO - Processing /Users/apoorvasaxena/.pyenv/versions/airflow-venv/lib/python3.10/site-packages/airflow/example_dags/tutorial_dag.py took 0.102 seconds
[2024-07-21T20:57:59.787+0100] {processor.py:157} INFO - Started process (PID=84039) to work on /Users/apoorvasaxena/.pyenv/versions/airflow-venv/lib/python3.10/site-packages/airflow/example_dags/tutorial_dag.py
[2024-07-21T20:57:59.790+0100] {processor.py:829} INFO - Processing file /Users/apoorvasaxena/.pyenv/versions/airflow-venv/lib/python3.10/site-packages/airflow/example_dags/tutorial_dag.py for tasks to queue
[2024-07-21T20:57:59.790+0100] {logging_mixin.py:151} INFO - [2024-07-21T20:57:59.790+0100] {dagbag.py:539} INFO - Filling up the DagBag from /Users/apoorvasaxena/.pyenv/versions/airflow-venv/lib/python3.10/site-packages/airflow/example_dags/tutorial_dag.py
[2024-07-21T20:57:59.806+0100] {processor.py:839} INFO - DAG(s) dict_keys(['tutorial_dag']) retrieved from /Users/apoorvasaxena/.pyenv/versions/airflow-venv/lib/python3.10/site-packages/airflow/example_dags/tutorial_dag.py
[2024-07-21T20:57:59.880+0100] {logging_mixin.py:151} INFO - [2024-07-21T20:57:59.880+0100] {dag.py:2915} INFO - Sync 1 DAGs
[2024-07-21T20:57:59.883+0100] {logging_mixin.py:151} INFO - [2024-07-21T20:57:59.883+0100] {dag.py:3696} INFO - Setting next_dagrun for tutorial_dag to None, run_after=None
[2024-07-21T20:57:59.890+0100] {processor.py:179} INFO - Processing /Users/apoorvasaxena/.pyenv/versions/airflow-venv/lib/python3.10/site-packages/airflow/example_dags/tutorial_dag.py took 0.103 seconds
[2024-07-21T20:59:12.205+0100] {processor.py:157} INFO - Started process (PID=84125) to work on /Users/apoorvasaxena/.pyenv/versions/airflow-venv/lib/python3.10/site-packages/airflow/example_dags/tutorial_dag.py
[2024-07-21T20:59:12.207+0100] {processor.py:829} INFO - Processing file /Users/apoorvasaxena/.pyenv/versions/airflow-venv/lib/python3.10/site-packages/airflow/example_dags/tutorial_dag.py for tasks to queue
[2024-07-21T20:59:12.207+0100] {logging_mixin.py:151} INFO - [2024-07-21T20:59:12.207+0100] {dagbag.py:539} INFO - Filling up the DagBag from /Users/apoorvasaxena/.pyenv/versions/airflow-venv/lib/python3.10/site-packages/airflow/example_dags/tutorial_dag.py
[2024-07-21T20:59:12.224+0100] {processor.py:839} INFO - DAG(s) dict_keys(['tutorial_dag']) retrieved from /Users/apoorvasaxena/.pyenv/versions/airflow-venv/lib/python3.10/site-packages/airflow/example_dags/tutorial_dag.py
[2024-07-21T20:59:12.297+0100] {logging_mixin.py:151} INFO - [2024-07-21T20:59:12.297+0100] {dag.py:2915} INFO - Sync 1 DAGs
[2024-07-21T20:59:12.301+0100] {logging_mixin.py:151} INFO - [2024-07-21T20:59:12.301+0100] {dag.py:3696} INFO - Setting next_dagrun for tutorial_dag to None, run_after=None
[2024-07-21T20:59:12.307+0100] {processor.py:179} INFO - Processing /Users/apoorvasaxena/.pyenv/versions/airflow-venv/lib/python3.10/site-packages/airflow/example_dags/tutorial_dag.py took 0.103 seconds
[2024-07-21T21:00:23.121+0100] {processor.py:157} INFO - Started process (PID=84202) to work on /Users/apoorvasaxena/.pyenv/versions/airflow-venv/lib/python3.10/site-packages/airflow/example_dags/tutorial_dag.py
[2024-07-21T21:00:23.123+0100] {processor.py:829} INFO - Processing file /Users/apoorvasaxena/.pyenv/versions/airflow-venv/lib/python3.10/site-packages/airflow/example_dags/tutorial_dag.py for tasks to queue
[2024-07-21T21:00:23.123+0100] {logging_mixin.py:151} INFO - [2024-07-21T21:00:23.123+0100] {dagbag.py:539} INFO - Filling up the DagBag from /Users/apoorvasaxena/.pyenv/versions/airflow-venv/lib/python3.10/site-packages/airflow/example_dags/tutorial_dag.py
[2024-07-21T21:00:23.139+0100] {processor.py:839} INFO - DAG(s) dict_keys(['tutorial_dag']) retrieved from /Users/apoorvasaxena/.pyenv/versions/airflow-venv/lib/python3.10/site-packages/airflow/example_dags/tutorial_dag.py
[2024-07-21T21:00:23.212+0100] {logging_mixin.py:151} INFO - [2024-07-21T21:00:23.212+0100] {dag.py:2915} INFO - Sync 1 DAGs
[2024-07-21T21:00:23.216+0100] {logging_mixin.py:151} INFO - [2024-07-21T21:00:23.216+0100] {dag.py:3696} INFO - Setting next_dagrun for tutorial_dag to None, run_after=None
[2024-07-21T21:00:23.223+0100] {processor.py:179} INFO - Processing /Users/apoorvasaxena/.pyenv/versions/airflow-venv/lib/python3.10/site-packages/airflow/example_dags/tutorial_dag.py took 0.102 seconds
[2024-07-21T21:01:36.109+0100] {processor.py:157} INFO - Started process (PID=84286) to work on /Users/apoorvasaxena/.pyenv/versions/airflow-venv/lib/python3.10/site-packages/airflow/example_dags/tutorial_dag.py
[2024-07-21T21:01:36.112+0100] {processor.py:829} INFO - Processing file /Users/apoorvasaxena/.pyenv/versions/airflow-venv/lib/python3.10/site-packages/airflow/example_dags/tutorial_dag.py for tasks to queue
[2024-07-21T21:01:36.112+0100] {logging_mixin.py:151} INFO - [2024-07-21T21:01:36.112+0100] {dagbag.py:539} INFO - Filling up the DagBag from /Users/apoorvasaxena/.pyenv/versions/airflow-venv/lib/python3.10/site-packages/airflow/example_dags/tutorial_dag.py
[2024-07-21T21:01:36.129+0100] {processor.py:839} INFO - DAG(s) dict_keys(['tutorial_dag']) retrieved from /Users/apoorvasaxena/.pyenv/versions/airflow-venv/lib/python3.10/site-packages/airflow/example_dags/tutorial_dag.py
[2024-07-21T21:01:36.209+0100] {logging_mixin.py:151} INFO - [2024-07-21T21:01:36.209+0100] {dag.py:2915} INFO - Sync 1 DAGs
[2024-07-21T21:01:36.213+0100] {logging_mixin.py:151} INFO - [2024-07-21T21:01:36.213+0100] {dag.py:3696} INFO - Setting next_dagrun for tutorial_dag to None, run_after=None
[2024-07-21T21:01:36.220+0100] {processor.py:179} INFO - Processing /Users/apoorvasaxena/.pyenv/versions/airflow-venv/lib/python3.10/site-packages/airflow/example_dags/tutorial_dag.py took 0.111 seconds
[2024-07-21T21:02:51.296+0100] {processor.py:157} INFO - Started process (PID=84380) to work on /Users/apoorvasaxena/.pyenv/versions/airflow-venv/lib/python3.10/site-packages/airflow/example_dags/tutorial_dag.py
[2024-07-21T21:02:51.299+0100] {processor.py:829} INFO - Processing file /Users/apoorvasaxena/.pyenv/versions/airflow-venv/lib/python3.10/site-packages/airflow/example_dags/tutorial_dag.py for tasks to queue
[2024-07-21T21:02:51.299+0100] {logging_mixin.py:151} INFO - [2024-07-21T21:02:51.299+0100] {dagbag.py:539} INFO - Filling up the DagBag from /Users/apoorvasaxena/.pyenv/versions/airflow-venv/lib/python3.10/site-packages/airflow/example_dags/tutorial_dag.py
[2024-07-21T21:02:51.315+0100] {processor.py:839} INFO - DAG(s) dict_keys(['tutorial_dag']) retrieved from /Users/apoorvasaxena/.pyenv/versions/airflow-venv/lib/python3.10/site-packages/airflow/example_dags/tutorial_dag.py
[2024-07-21T21:02:51.388+0100] {logging_mixin.py:151} INFO - [2024-07-21T21:02:51.388+0100] {dag.py:2915} INFO - Sync 1 DAGs
[2024-07-21T21:02:51.391+0100] {logging_mixin.py:151} INFO - [2024-07-21T21:02:51.391+0100] {dag.py:3696} INFO - Setting next_dagrun for tutorial_dag to None, run_after=None
[2024-07-21T21:02:51.398+0100] {processor.py:179} INFO - Processing /Users/apoorvasaxena/.pyenv/versions/airflow-venv/lib/python3.10/site-packages/airflow/example_dags/tutorial_dag.py took 0.102 seconds
[2024-07-21T21:04:05.713+0100] {processor.py:157} INFO - Started process (PID=84466) to work on /Users/apoorvasaxena/.pyenv/versions/airflow-venv/lib/python3.10/site-packages/airflow/example_dags/tutorial_dag.py
[2024-07-21T21:04:05.716+0100] {processor.py:829} INFO - Processing file /Users/apoorvasaxena/.pyenv/versions/airflow-venv/lib/python3.10/site-packages/airflow/example_dags/tutorial_dag.py for tasks to queue
[2024-07-21T21:04:05.717+0100] {logging_mixin.py:151} INFO - [2024-07-21T21:04:05.716+0100] {dagbag.py:539} INFO - Filling up the DagBag from /Users/apoorvasaxena/.pyenv/versions/airflow-venv/lib/python3.10/site-packages/airflow/example_dags/tutorial_dag.py
[2024-07-21T21:04:05.733+0100] {processor.py:839} INFO - DAG(s) dict_keys(['tutorial_dag']) retrieved from /Users/apoorvasaxena/.pyenv/versions/airflow-venv/lib/python3.10/site-packages/airflow/example_dags/tutorial_dag.py
[2024-07-21T21:04:05.806+0100] {logging_mixin.py:151} INFO - [2024-07-21T21:04:05.806+0100] {dag.py:2915} INFO - Sync 1 DAGs
[2024-07-21T21:04:05.809+0100] {logging_mixin.py:151} INFO - [2024-07-21T21:04:05.809+0100] {dag.py:3696} INFO - Setting next_dagrun for tutorial_dag to None, run_after=None
[2024-07-21T21:04:05.816+0100] {processor.py:179} INFO - Processing /Users/apoorvasaxena/.pyenv/versions/airflow-venv/lib/python3.10/site-packages/airflow/example_dags/tutorial_dag.py took 0.103 seconds
[2024-07-21T21:05:19.976+0100] {processor.py:157} INFO - Started process (PID=84573) to work on /Users/apoorvasaxena/.pyenv/versions/airflow-venv/lib/python3.10/site-packages/airflow/example_dags/tutorial_dag.py
[2024-07-21T21:05:19.979+0100] {processor.py:829} INFO - Processing file /Users/apoorvasaxena/.pyenv/versions/airflow-venv/lib/python3.10/site-packages/airflow/example_dags/tutorial_dag.py for tasks to queue
[2024-07-21T21:05:19.979+0100] {logging_mixin.py:151} INFO - [2024-07-21T21:05:19.979+0100] {dagbag.py:539} INFO - Filling up the DagBag from /Users/apoorvasaxena/.pyenv/versions/airflow-venv/lib/python3.10/site-packages/airflow/example_dags/tutorial_dag.py
[2024-07-21T21:05:19.995+0100] {processor.py:839} INFO - DAG(s) dict_keys(['tutorial_dag']) retrieved from /Users/apoorvasaxena/.pyenv/versions/airflow-venv/lib/python3.10/site-packages/airflow/example_dags/tutorial_dag.py
[2024-07-21T21:05:20.068+0100] {logging_mixin.py:151} INFO - [2024-07-21T21:05:20.067+0100] {dag.py:2915} INFO - Sync 1 DAGs
[2024-07-21T21:05:20.071+0100] {logging_mixin.py:151} INFO - [2024-07-21T21:05:20.071+0100] {dag.py:3696} INFO - Setting next_dagrun for tutorial_dag to None, run_after=None
[2024-07-21T21:05:20.077+0100] {processor.py:179} INFO - Processing /Users/apoorvasaxena/.pyenv/versions/airflow-venv/lib/python3.10/site-packages/airflow/example_dags/tutorial_dag.py took 0.102 seconds
[2024-07-21T21:06:30.018+0100] {processor.py:157} INFO - Started process (PID=84668) to work on /Users/apoorvasaxena/.pyenv/versions/airflow-venv/lib/python3.10/site-packages/airflow/example_dags/tutorial_dag.py
[2024-07-21T21:06:30.020+0100] {processor.py:829} INFO - Processing file /Users/apoorvasaxena/.pyenv/versions/airflow-venv/lib/python3.10/site-packages/airflow/example_dags/tutorial_dag.py for tasks to queue
[2024-07-21T21:06:30.020+0100] {logging_mixin.py:151} INFO - [2024-07-21T21:06:30.020+0100] {dagbag.py:539} INFO - Filling up the DagBag from /Users/apoorvasaxena/.pyenv/versions/airflow-venv/lib/python3.10/site-packages/airflow/example_dags/tutorial_dag.py
[2024-07-21T21:06:30.036+0100] {processor.py:839} INFO - DAG(s) dict_keys(['tutorial_dag']) retrieved from /Users/apoorvasaxena/.pyenv/versions/airflow-venv/lib/python3.10/site-packages/airflow/example_dags/tutorial_dag.py
[2024-07-21T21:06:30.108+0100] {logging_mixin.py:151} INFO - [2024-07-21T21:06:30.108+0100] {dag.py:2915} INFO - Sync 1 DAGs
[2024-07-21T21:06:30.112+0100] {logging_mixin.py:151} INFO - [2024-07-21T21:06:30.112+0100] {dag.py:3696} INFO - Setting next_dagrun for tutorial_dag to None, run_after=None
[2024-07-21T21:06:30.118+0100] {processor.py:179} INFO - Processing /Users/apoorvasaxena/.pyenv/versions/airflow-venv/lib/python3.10/site-packages/airflow/example_dags/tutorial_dag.py took 0.101 seconds
[2024-07-21T21:07:38.900+0100] {processor.py:157} INFO - Started process (PID=84756) to work on /Users/apoorvasaxena/.pyenv/versions/airflow-venv/lib/python3.10/site-packages/airflow/example_dags/tutorial_dag.py
[2024-07-21T21:07:38.903+0100] {processor.py:829} INFO - Processing file /Users/apoorvasaxena/.pyenv/versions/airflow-venv/lib/python3.10/site-packages/airflow/example_dags/tutorial_dag.py for tasks to queue
[2024-07-21T21:07:38.903+0100] {logging_mixin.py:151} INFO - [2024-07-21T21:07:38.903+0100] {dagbag.py:539} INFO - Filling up the DagBag from /Users/apoorvasaxena/.pyenv/versions/airflow-venv/lib/python3.10/site-packages/airflow/example_dags/tutorial_dag.py
[2024-07-21T21:07:38.919+0100] {processor.py:839} INFO - DAG(s) dict_keys(['tutorial_dag']) retrieved from /Users/apoorvasaxena/.pyenv/versions/airflow-venv/lib/python3.10/site-packages/airflow/example_dags/tutorial_dag.py
[2024-07-21T21:07:38.991+0100] {logging_mixin.py:151} INFO - [2024-07-21T21:07:38.991+0100] {dag.py:2915} INFO - Sync 1 DAGs
[2024-07-21T21:07:38.994+0100] {logging_mixin.py:151} INFO - [2024-07-21T21:07:38.994+0100] {dag.py:3696} INFO - Setting next_dagrun for tutorial_dag to None, run_after=None
[2024-07-21T21:07:39.001+0100] {processor.py:179} INFO - Processing /Users/apoorvasaxena/.pyenv/versions/airflow-venv/lib/python3.10/site-packages/airflow/example_dags/tutorial_dag.py took 0.100 seconds
[2024-07-21T21:08:51.268+0100] {processor.py:157} INFO - Started process (PID=84849) to work on /Users/apoorvasaxena/.pyenv/versions/airflow-venv/lib/python3.10/site-packages/airflow/example_dags/tutorial_dag.py
[2024-07-21T21:08:51.271+0100] {processor.py:829} INFO - Processing file /Users/apoorvasaxena/.pyenv/versions/airflow-venv/lib/python3.10/site-packages/airflow/example_dags/tutorial_dag.py for tasks to queue
[2024-07-21T21:08:51.271+0100] {logging_mixin.py:151} INFO - [2024-07-21T21:08:51.271+0100] {dagbag.py:539} INFO - Filling up the DagBag from /Users/apoorvasaxena/.pyenv/versions/airflow-venv/lib/python3.10/site-packages/airflow/example_dags/tutorial_dag.py
[2024-07-21T21:08:51.287+0100] {processor.py:839} INFO - DAG(s) dict_keys(['tutorial_dag']) retrieved from /Users/apoorvasaxena/.pyenv/versions/airflow-venv/lib/python3.10/site-packages/airflow/example_dags/tutorial_dag.py
[2024-07-21T21:08:51.358+0100] {logging_mixin.py:151} INFO - [2024-07-21T21:08:51.358+0100] {dag.py:2915} INFO - Sync 1 DAGs
[2024-07-21T21:08:51.362+0100] {logging_mixin.py:151} INFO - [2024-07-21T21:08:51.361+0100] {dag.py:3696} INFO - Setting next_dagrun for tutorial_dag to None, run_after=None
[2024-07-21T21:08:51.369+0100] {processor.py:179} INFO - Processing /Users/apoorvasaxena/.pyenv/versions/airflow-venv/lib/python3.10/site-packages/airflow/example_dags/tutorial_dag.py took 0.101 seconds
[2024-07-21T21:10:04.479+0100] {processor.py:157} INFO - Started process (PID=84942) to work on /Users/apoorvasaxena/.pyenv/versions/airflow-venv/lib/python3.10/site-packages/airflow/example_dags/tutorial_dag.py
[2024-07-21T21:10:04.482+0100] {processor.py:829} INFO - Processing file /Users/apoorvasaxena/.pyenv/versions/airflow-venv/lib/python3.10/site-packages/airflow/example_dags/tutorial_dag.py for tasks to queue
[2024-07-21T21:10:04.482+0100] {logging_mixin.py:151} INFO - [2024-07-21T21:10:04.482+0100] {dagbag.py:539} INFO - Filling up the DagBag from /Users/apoorvasaxena/.pyenv/versions/airflow-venv/lib/python3.10/site-packages/airflow/example_dags/tutorial_dag.py
[2024-07-21T21:10:04.498+0100] {processor.py:839} INFO - DAG(s) dict_keys(['tutorial_dag']) retrieved from /Users/apoorvasaxena/.pyenv/versions/airflow-venv/lib/python3.10/site-packages/airflow/example_dags/tutorial_dag.py
[2024-07-21T21:10:04.570+0100] {logging_mixin.py:151} INFO - [2024-07-21T21:10:04.570+0100] {dag.py:2915} INFO - Sync 1 DAGs
[2024-07-21T21:10:04.573+0100] {logging_mixin.py:151} INFO - [2024-07-21T21:10:04.573+0100] {dag.py:3696} INFO - Setting next_dagrun for tutorial_dag to None, run_after=None
[2024-07-21T21:10:04.579+0100] {processor.py:179} INFO - Processing /Users/apoorvasaxena/.pyenv/versions/airflow-venv/lib/python3.10/site-packages/airflow/example_dags/tutorial_dag.py took 0.100 seconds
[2024-07-21T21:11:19.447+0100] {processor.py:157} INFO - Started process (PID=85042) to work on /Users/apoorvasaxena/.pyenv/versions/airflow-venv/lib/python3.10/site-packages/airflow/example_dags/tutorial_dag.py
[2024-07-21T21:11:19.450+0100] {processor.py:829} INFO - Processing file /Users/apoorvasaxena/.pyenv/versions/airflow-venv/lib/python3.10/site-packages/airflow/example_dags/tutorial_dag.py for tasks to queue
[2024-07-21T21:11:19.450+0100] {logging_mixin.py:151} INFO - [2024-07-21T21:11:19.450+0100] {dagbag.py:539} INFO - Filling up the DagBag from /Users/apoorvasaxena/.pyenv/versions/airflow-venv/lib/python3.10/site-packages/airflow/example_dags/tutorial_dag.py
[2024-07-21T21:11:19.466+0100] {processor.py:839} INFO - DAG(s) dict_keys(['tutorial_dag']) retrieved from /Users/apoorvasaxena/.pyenv/versions/airflow-venv/lib/python3.10/site-packages/airflow/example_dags/tutorial_dag.py
[2024-07-21T21:11:19.538+0100] {logging_mixin.py:151} INFO - [2024-07-21T21:11:19.538+0100] {dag.py:2915} INFO - Sync 1 DAGs
[2024-07-21T21:11:19.541+0100] {logging_mixin.py:151} INFO - [2024-07-21T21:11:19.541+0100] {dag.py:3696} INFO - Setting next_dagrun for tutorial_dag to None, run_after=None
[2024-07-21T21:11:19.547+0100] {processor.py:179} INFO - Processing /Users/apoorvasaxena/.pyenv/versions/airflow-venv/lib/python3.10/site-packages/airflow/example_dags/tutorial_dag.py took 0.100 seconds
[2024-07-21T21:12:29.763+0100] {processor.py:157} INFO - Started process (PID=85135) to work on /Users/apoorvasaxena/.pyenv/versions/airflow-venv/lib/python3.10/site-packages/airflow/example_dags/tutorial_dag.py
[2024-07-21T21:12:29.765+0100] {processor.py:829} INFO - Processing file /Users/apoorvasaxena/.pyenv/versions/airflow-venv/lib/python3.10/site-packages/airflow/example_dags/tutorial_dag.py for tasks to queue
[2024-07-21T21:12:29.766+0100] {logging_mixin.py:151} INFO - [2024-07-21T21:12:29.766+0100] {dagbag.py:539} INFO - Filling up the DagBag from /Users/apoorvasaxena/.pyenv/versions/airflow-venv/lib/python3.10/site-packages/airflow/example_dags/tutorial_dag.py
[2024-07-21T21:12:29.781+0100] {processor.py:839} INFO - DAG(s) dict_keys(['tutorial_dag']) retrieved from /Users/apoorvasaxena/.pyenv/versions/airflow-venv/lib/python3.10/site-packages/airflow/example_dags/tutorial_dag.py
[2024-07-21T21:12:29.853+0100] {logging_mixin.py:151} INFO - [2024-07-21T21:12:29.853+0100] {dag.py:2915} INFO - Sync 1 DAGs
[2024-07-21T21:12:29.857+0100] {logging_mixin.py:151} INFO - [2024-07-21T21:12:29.857+0100] {dag.py:3696} INFO - Setting next_dagrun for tutorial_dag to None, run_after=None
[2024-07-21T21:12:29.863+0100] {processor.py:179} INFO - Processing /Users/apoorvasaxena/.pyenv/versions/airflow-venv/lib/python3.10/site-packages/airflow/example_dags/tutorial_dag.py took 0.101 seconds
[2024-07-21T21:13:41.059+0100] {processor.py:157} INFO - Started process (PID=85231) to work on /Users/apoorvasaxena/.pyenv/versions/airflow-venv/lib/python3.10/site-packages/airflow/example_dags/tutorial_dag.py
[2024-07-21T21:13:41.061+0100] {processor.py:829} INFO - Processing file /Users/apoorvasaxena/.pyenv/versions/airflow-venv/lib/python3.10/site-packages/airflow/example_dags/tutorial_dag.py for tasks to queue
[2024-07-21T21:13:41.061+0100] {logging_mixin.py:151} INFO - [2024-07-21T21:13:41.061+0100] {dagbag.py:539} INFO - Filling up the DagBag from /Users/apoorvasaxena/.pyenv/versions/airflow-venv/lib/python3.10/site-packages/airflow/example_dags/tutorial_dag.py
[2024-07-21T21:13:41.077+0100] {processor.py:839} INFO - DAG(s) dict_keys(['tutorial_dag']) retrieved from /Users/apoorvasaxena/.pyenv/versions/airflow-venv/lib/python3.10/site-packages/airflow/example_dags/tutorial_dag.py
[2024-07-21T21:13:41.149+0100] {logging_mixin.py:151} INFO - [2024-07-21T21:13:41.149+0100] {dag.py:2915} INFO - Sync 1 DAGs
[2024-07-21T21:13:41.152+0100] {logging_mixin.py:151} INFO - [2024-07-21T21:13:41.152+0100] {dag.py:3696} INFO - Setting next_dagrun for tutorial_dag to None, run_after=None
[2024-07-21T21:13:41.158+0100] {processor.py:179} INFO - Processing /Users/apoorvasaxena/.pyenv/versions/airflow-venv/lib/python3.10/site-packages/airflow/example_dags/tutorial_dag.py took 0.100 seconds
[2024-07-21T21:14:51.405+0100] {processor.py:157} INFO - Started process (PID=85321) to work on /Users/apoorvasaxena/.pyenv/versions/airflow-venv/lib/python3.10/site-packages/airflow/example_dags/tutorial_dag.py
[2024-07-21T21:14:51.407+0100] {processor.py:829} INFO - Processing file /Users/apoorvasaxena/.pyenv/versions/airflow-venv/lib/python3.10/site-packages/airflow/example_dags/tutorial_dag.py for tasks to queue
[2024-07-21T21:14:51.407+0100] {logging_mixin.py:151} INFO - [2024-07-21T21:14:51.407+0100] {dagbag.py:539} INFO - Filling up the DagBag from /Users/apoorvasaxena/.pyenv/versions/airflow-venv/lib/python3.10/site-packages/airflow/example_dags/tutorial_dag.py
[2024-07-21T21:14:51.423+0100] {processor.py:839} INFO - DAG(s) dict_keys(['tutorial_dag']) retrieved from /Users/apoorvasaxena/.pyenv/versions/airflow-venv/lib/python3.10/site-packages/airflow/example_dags/tutorial_dag.py
[2024-07-21T21:14:51.495+0100] {logging_mixin.py:151} INFO - [2024-07-21T21:14:51.495+0100] {dag.py:2915} INFO - Sync 1 DAGs
[2024-07-21T21:14:51.499+0100] {logging_mixin.py:151} INFO - [2024-07-21T21:14:51.499+0100] {dag.py:3696} INFO - Setting next_dagrun for tutorial_dag to None, run_after=None
[2024-07-21T21:14:51.505+0100] {processor.py:179} INFO - Processing /Users/apoorvasaxena/.pyenv/versions/airflow-venv/lib/python3.10/site-packages/airflow/example_dags/tutorial_dag.py took 0.101 seconds
[2024-07-21T21:16:01.094+0100] {processor.py:157} INFO - Started process (PID=85417) to work on /Users/apoorvasaxena/.pyenv/versions/airflow-venv/lib/python3.10/site-packages/airflow/example_dags/tutorial_dag.py
[2024-07-21T21:16:01.097+0100] {processor.py:829} INFO - Processing file /Users/apoorvasaxena/.pyenv/versions/airflow-venv/lib/python3.10/site-packages/airflow/example_dags/tutorial_dag.py for tasks to queue
[2024-07-21T21:16:01.097+0100] {logging_mixin.py:151} INFO - [2024-07-21T21:16:01.097+0100] {dagbag.py:539} INFO - Filling up the DagBag from /Users/apoorvasaxena/.pyenv/versions/airflow-venv/lib/python3.10/site-packages/airflow/example_dags/tutorial_dag.py
[2024-07-21T21:16:01.113+0100] {processor.py:839} INFO - DAG(s) dict_keys(['tutorial_dag']) retrieved from /Users/apoorvasaxena/.pyenv/versions/airflow-venv/lib/python3.10/site-packages/airflow/example_dags/tutorial_dag.py
[2024-07-21T21:16:01.185+0100] {logging_mixin.py:151} INFO - [2024-07-21T21:16:01.185+0100] {dag.py:2915} INFO - Sync 1 DAGs
[2024-07-21T21:16:01.188+0100] {logging_mixin.py:151} INFO - [2024-07-21T21:16:01.188+0100] {dag.py:3696} INFO - Setting next_dagrun for tutorial_dag to None, run_after=None
[2024-07-21T21:16:01.195+0100] {processor.py:179} INFO - Processing /Users/apoorvasaxena/.pyenv/versions/airflow-venv/lib/python3.10/site-packages/airflow/example_dags/tutorial_dag.py took 0.102 seconds
[2024-07-21T21:17:11.932+0100] {processor.py:157} INFO - Started process (PID=85519) to work on /Users/apoorvasaxena/.pyenv/versions/airflow-venv/lib/python3.10/site-packages/airflow/example_dags/tutorial_dag.py
[2024-07-21T21:17:11.934+0100] {processor.py:829} INFO - Processing file /Users/apoorvasaxena/.pyenv/versions/airflow-venv/lib/python3.10/site-packages/airflow/example_dags/tutorial_dag.py for tasks to queue
[2024-07-21T21:17:11.934+0100] {logging_mixin.py:151} INFO - [2024-07-21T21:17:11.934+0100] {dagbag.py:539} INFO - Filling up the DagBag from /Users/apoorvasaxena/.pyenv/versions/airflow-venv/lib/python3.10/site-packages/airflow/example_dags/tutorial_dag.py
[2024-07-21T21:17:11.950+0100] {processor.py:839} INFO - DAG(s) dict_keys(['tutorial_dag']) retrieved from /Users/apoorvasaxena/.pyenv/versions/airflow-venv/lib/python3.10/site-packages/airflow/example_dags/tutorial_dag.py
[2024-07-21T21:17:12.023+0100] {logging_mixin.py:151} INFO - [2024-07-21T21:17:12.023+0100] {dag.py:2915} INFO - Sync 1 DAGs
[2024-07-21T21:17:12.026+0100] {logging_mixin.py:151} INFO - [2024-07-21T21:17:12.026+0100] {dag.py:3696} INFO - Setting next_dagrun for tutorial_dag to None, run_after=None
[2024-07-21T21:17:12.032+0100] {processor.py:179} INFO - Processing /Users/apoorvasaxena/.pyenv/versions/airflow-venv/lib/python3.10/site-packages/airflow/example_dags/tutorial_dag.py took 0.101 seconds
[2024-07-21T21:18:23.132+0100] {processor.py:157} INFO - Started process (PID=85608) to work on /Users/apoorvasaxena/.pyenv/versions/airflow-venv/lib/python3.10/site-packages/airflow/example_dags/tutorial_dag.py
[2024-07-21T21:18:23.134+0100] {processor.py:829} INFO - Processing file /Users/apoorvasaxena/.pyenv/versions/airflow-venv/lib/python3.10/site-packages/airflow/example_dags/tutorial_dag.py for tasks to queue
[2024-07-21T21:18:23.135+0100] {logging_mixin.py:151} INFO - [2024-07-21T21:18:23.134+0100] {dagbag.py:539} INFO - Filling up the DagBag from /Users/apoorvasaxena/.pyenv/versions/airflow-venv/lib/python3.10/site-packages/airflow/example_dags/tutorial_dag.py
[2024-07-21T21:18:23.151+0100] {processor.py:839} INFO - DAG(s) dict_keys(['tutorial_dag']) retrieved from /Users/apoorvasaxena/.pyenv/versions/airflow-venv/lib/python3.10/site-packages/airflow/example_dags/tutorial_dag.py
[2024-07-21T21:18:23.238+0100] {logging_mixin.py:151} INFO - [2024-07-21T21:18:23.238+0100] {dag.py:2915} INFO - Sync 1 DAGs
[2024-07-21T21:18:23.241+0100] {logging_mixin.py:151} INFO - [2024-07-21T21:18:23.241+0100] {dag.py:3696} INFO - Setting next_dagrun for tutorial_dag to None, run_after=None
[2024-07-21T21:18:23.248+0100] {processor.py:179} INFO - Processing /Users/apoorvasaxena/.pyenv/versions/airflow-venv/lib/python3.10/site-packages/airflow/example_dags/tutorial_dag.py took 0.117 seconds
[2024-07-21T21:19:33.813+0100] {processor.py:157} INFO - Started process (PID=85699) to work on /Users/apoorvasaxena/.pyenv/versions/airflow-venv/lib/python3.10/site-packages/airflow/example_dags/tutorial_dag.py
[2024-07-21T21:19:33.815+0100] {processor.py:829} INFO - Processing file /Users/apoorvasaxena/.pyenv/versions/airflow-venv/lib/python3.10/site-packages/airflow/example_dags/tutorial_dag.py for tasks to queue
[2024-07-21T21:19:33.815+0100] {logging_mixin.py:151} INFO - [2024-07-21T21:19:33.815+0100] {dagbag.py:539} INFO - Filling up the DagBag from /Users/apoorvasaxena/.pyenv/versions/airflow-venv/lib/python3.10/site-packages/airflow/example_dags/tutorial_dag.py
[2024-07-21T21:19:33.831+0100] {processor.py:839} INFO - DAG(s) dict_keys(['tutorial_dag']) retrieved from /Users/apoorvasaxena/.pyenv/versions/airflow-venv/lib/python3.10/site-packages/airflow/example_dags/tutorial_dag.py
[2024-07-21T21:19:33.903+0100] {logging_mixin.py:151} INFO - [2024-07-21T21:19:33.903+0100] {dag.py:2915} INFO - Sync 1 DAGs
[2024-07-21T21:19:33.906+0100] {logging_mixin.py:151} INFO - [2024-07-21T21:19:33.906+0100] {dag.py:3696} INFO - Setting next_dagrun for tutorial_dag to None, run_after=None
[2024-07-21T21:19:33.913+0100] {processor.py:179} INFO - Processing /Users/apoorvasaxena/.pyenv/versions/airflow-venv/lib/python3.10/site-packages/airflow/example_dags/tutorial_dag.py took 0.100 seconds
[2024-07-21T21:20:47.717+0100] {processor.py:157} INFO - Started process (PID=85805) to work on /Users/apoorvasaxena/.pyenv/versions/airflow-venv/lib/python3.10/site-packages/airflow/example_dags/tutorial_dag.py
[2024-07-21T21:20:47.719+0100] {processor.py:829} INFO - Processing file /Users/apoorvasaxena/.pyenv/versions/airflow-venv/lib/python3.10/site-packages/airflow/example_dags/tutorial_dag.py for tasks to queue
[2024-07-21T21:20:47.719+0100] {logging_mixin.py:151} INFO - [2024-07-21T21:20:47.719+0100] {dagbag.py:539} INFO - Filling up the DagBag from /Users/apoorvasaxena/.pyenv/versions/airflow-venv/lib/python3.10/site-packages/airflow/example_dags/tutorial_dag.py
[2024-07-21T21:20:47.735+0100] {processor.py:839} INFO - DAG(s) dict_keys(['tutorial_dag']) retrieved from /Users/apoorvasaxena/.pyenv/versions/airflow-venv/lib/python3.10/site-packages/airflow/example_dags/tutorial_dag.py
[2024-07-21T21:20:47.808+0100] {logging_mixin.py:151} INFO - [2024-07-21T21:20:47.808+0100] {dag.py:2915} INFO - Sync 1 DAGs
[2024-07-21T21:20:47.811+0100] {logging_mixin.py:151} INFO - [2024-07-21T21:20:47.811+0100] {dag.py:3696} INFO - Setting next_dagrun for tutorial_dag to None, run_after=None
[2024-07-21T21:20:47.817+0100] {processor.py:179} INFO - Processing /Users/apoorvasaxena/.pyenv/versions/airflow-venv/lib/python3.10/site-packages/airflow/example_dags/tutorial_dag.py took 0.101 seconds
[2024-07-21T21:21:56.737+0100] {processor.py:157} INFO - Started process (PID=85891) to work on /Users/apoorvasaxena/.pyenv/versions/airflow-venv/lib/python3.10/site-packages/airflow/example_dags/tutorial_dag.py
[2024-07-21T21:21:56.740+0100] {processor.py:829} INFO - Processing file /Users/apoorvasaxena/.pyenv/versions/airflow-venv/lib/python3.10/site-packages/airflow/example_dags/tutorial_dag.py for tasks to queue
[2024-07-21T21:21:56.740+0100] {logging_mixin.py:151} INFO - [2024-07-21T21:21:56.740+0100] {dagbag.py:539} INFO - Filling up the DagBag from /Users/apoorvasaxena/.pyenv/versions/airflow-venv/lib/python3.10/site-packages/airflow/example_dags/tutorial_dag.py
[2024-07-21T21:21:56.756+0100] {processor.py:839} INFO - DAG(s) dict_keys(['tutorial_dag']) retrieved from /Users/apoorvasaxena/.pyenv/versions/airflow-venv/lib/python3.10/site-packages/airflow/example_dags/tutorial_dag.py
[2024-07-21T21:21:56.827+0100] {logging_mixin.py:151} INFO - [2024-07-21T21:21:56.827+0100] {dag.py:2915} INFO - Sync 1 DAGs
[2024-07-21T21:21:56.831+0100] {logging_mixin.py:151} INFO - [2024-07-21T21:21:56.831+0100] {dag.py:3696} INFO - Setting next_dagrun for tutorial_dag to None, run_after=None
[2024-07-21T21:21:56.837+0100] {processor.py:179} INFO - Processing /Users/apoorvasaxena/.pyenv/versions/airflow-venv/lib/python3.10/site-packages/airflow/example_dags/tutorial_dag.py took 0.101 seconds
[2024-07-21T21:23:09.951+0100] {processor.py:157} INFO - Started process (PID=85992) to work on /Users/apoorvasaxena/.pyenv/versions/airflow-venv/lib/python3.10/site-packages/airflow/example_dags/tutorial_dag.py
[2024-07-21T21:23:09.954+0100] {processor.py:829} INFO - Processing file /Users/apoorvasaxena/.pyenv/versions/airflow-venv/lib/python3.10/site-packages/airflow/example_dags/tutorial_dag.py for tasks to queue
[2024-07-21T21:23:09.955+0100] {logging_mixin.py:151} INFO - [2024-07-21T21:23:09.955+0100] {dagbag.py:539} INFO - Filling up the DagBag from /Users/apoorvasaxena/.pyenv/versions/airflow-venv/lib/python3.10/site-packages/airflow/example_dags/tutorial_dag.py
[2024-07-21T21:23:09.971+0100] {processor.py:839} INFO - DAG(s) dict_keys(['tutorial_dag']) retrieved from /Users/apoorvasaxena/.pyenv/versions/airflow-venv/lib/python3.10/site-packages/airflow/example_dags/tutorial_dag.py
[2024-07-21T21:23:10.047+0100] {logging_mixin.py:151} INFO - [2024-07-21T21:23:10.047+0100] {dag.py:2915} INFO - Sync 1 DAGs
[2024-07-21T21:23:10.051+0100] {logging_mixin.py:151} INFO - [2024-07-21T21:23:10.051+0100] {dag.py:3696} INFO - Setting next_dagrun for tutorial_dag to None, run_after=None
[2024-07-21T21:23:10.058+0100] {processor.py:179} INFO - Processing /Users/apoorvasaxena/.pyenv/versions/airflow-venv/lib/python3.10/site-packages/airflow/example_dags/tutorial_dag.py took 0.107 seconds
[2024-07-21T21:24:20.302+0100] {processor.py:157} INFO - Started process (PID=86083) to work on /Users/apoorvasaxena/.pyenv/versions/airflow-venv/lib/python3.10/site-packages/airflow/example_dags/tutorial_dag.py
[2024-07-21T21:24:20.305+0100] {processor.py:829} INFO - Processing file /Users/apoorvasaxena/.pyenv/versions/airflow-venv/lib/python3.10/site-packages/airflow/example_dags/tutorial_dag.py for tasks to queue
[2024-07-21T21:24:20.305+0100] {logging_mixin.py:151} INFO - [2024-07-21T21:24:20.305+0100] {dagbag.py:539} INFO - Filling up the DagBag from /Users/apoorvasaxena/.pyenv/versions/airflow-venv/lib/python3.10/site-packages/airflow/example_dags/tutorial_dag.py
[2024-07-21T21:24:20.321+0100] {processor.py:839} INFO - DAG(s) dict_keys(['tutorial_dag']) retrieved from /Users/apoorvasaxena/.pyenv/versions/airflow-venv/lib/python3.10/site-packages/airflow/example_dags/tutorial_dag.py
[2024-07-21T21:24:20.394+0100] {logging_mixin.py:151} INFO - [2024-07-21T21:24:20.394+0100] {dag.py:2915} INFO - Sync 1 DAGs
[2024-07-21T21:24:20.397+0100] {logging_mixin.py:151} INFO - [2024-07-21T21:24:20.397+0100] {dag.py:3696} INFO - Setting next_dagrun for tutorial_dag to None, run_after=None
[2024-07-21T21:24:20.403+0100] {processor.py:179} INFO - Processing /Users/apoorvasaxena/.pyenv/versions/airflow-venv/lib/python3.10/site-packages/airflow/example_dags/tutorial_dag.py took 0.101 seconds
[2024-07-21T21:25:30.690+0100] {processor.py:157} INFO - Started process (PID=86182) to work on /Users/apoorvasaxena/.pyenv/versions/airflow-venv/lib/python3.10/site-packages/airflow/example_dags/tutorial_dag.py
[2024-07-21T21:25:30.692+0100] {processor.py:829} INFO - Processing file /Users/apoorvasaxena/.pyenv/versions/airflow-venv/lib/python3.10/site-packages/airflow/example_dags/tutorial_dag.py for tasks to queue
[2024-07-21T21:25:30.692+0100] {logging_mixin.py:151} INFO - [2024-07-21T21:25:30.692+0100] {dagbag.py:539} INFO - Filling up the DagBag from /Users/apoorvasaxena/.pyenv/versions/airflow-venv/lib/python3.10/site-packages/airflow/example_dags/tutorial_dag.py
[2024-07-21T21:25:30.708+0100] {processor.py:839} INFO - DAG(s) dict_keys(['tutorial_dag']) retrieved from /Users/apoorvasaxena/.pyenv/versions/airflow-venv/lib/python3.10/site-packages/airflow/example_dags/tutorial_dag.py
[2024-07-21T21:25:30.781+0100] {logging_mixin.py:151} INFO - [2024-07-21T21:25:30.781+0100] {dag.py:2915} INFO - Sync 1 DAGs
[2024-07-21T21:25:30.784+0100] {logging_mixin.py:151} INFO - [2024-07-21T21:25:30.784+0100] {dag.py:3696} INFO - Setting next_dagrun for tutorial_dag to None, run_after=None
[2024-07-21T21:25:30.791+0100] {processor.py:179} INFO - Processing /Users/apoorvasaxena/.pyenv/versions/airflow-venv/lib/python3.10/site-packages/airflow/example_dags/tutorial_dag.py took 0.101 seconds
[2024-07-21T21:26:41.253+0100] {processor.py:157} INFO - Started process (PID=86276) to work on /Users/apoorvasaxena/.pyenv/versions/airflow-venv/lib/python3.10/site-packages/airflow/example_dags/tutorial_dag.py
[2024-07-21T21:26:41.255+0100] {processor.py:829} INFO - Processing file /Users/apoorvasaxena/.pyenv/versions/airflow-venv/lib/python3.10/site-packages/airflow/example_dags/tutorial_dag.py for tasks to queue
[2024-07-21T21:26:41.255+0100] {logging_mixin.py:151} INFO - [2024-07-21T21:26:41.255+0100] {dagbag.py:539} INFO - Filling up the DagBag from /Users/apoorvasaxena/.pyenv/versions/airflow-venv/lib/python3.10/site-packages/airflow/example_dags/tutorial_dag.py
[2024-07-21T21:26:41.271+0100] {processor.py:839} INFO - DAG(s) dict_keys(['tutorial_dag']) retrieved from /Users/apoorvasaxena/.pyenv/versions/airflow-venv/lib/python3.10/site-packages/airflow/example_dags/tutorial_dag.py
[2024-07-21T21:26:41.343+0100] {logging_mixin.py:151} INFO - [2024-07-21T21:26:41.343+0100] {dag.py:2915} INFO - Sync 1 DAGs
[2024-07-21T21:26:41.346+0100] {logging_mixin.py:151} INFO - [2024-07-21T21:26:41.346+0100] {dag.py:3696} INFO - Setting next_dagrun for tutorial_dag to None, run_after=None
[2024-07-21T21:26:41.352+0100] {processor.py:179} INFO - Processing /Users/apoorvasaxena/.pyenv/versions/airflow-venv/lib/python3.10/site-packages/airflow/example_dags/tutorial_dag.py took 0.100 seconds
[2024-07-21T21:27:51.853+0100] {processor.py:157} INFO - Started process (PID=86367) to work on /Users/apoorvasaxena/.pyenv/versions/airflow-venv/lib/python3.10/site-packages/airflow/example_dags/tutorial_dag.py
[2024-07-21T21:27:51.855+0100] {processor.py:829} INFO - Processing file /Users/apoorvasaxena/.pyenv/versions/airflow-venv/lib/python3.10/site-packages/airflow/example_dags/tutorial_dag.py for tasks to queue
[2024-07-21T21:27:51.856+0100] {logging_mixin.py:151} INFO - [2024-07-21T21:27:51.856+0100] {dagbag.py:539} INFO - Filling up the DagBag from /Users/apoorvasaxena/.pyenv/versions/airflow-venv/lib/python3.10/site-packages/airflow/example_dags/tutorial_dag.py
[2024-07-21T21:27:51.872+0100] {processor.py:839} INFO - DAG(s) dict_keys(['tutorial_dag']) retrieved from /Users/apoorvasaxena/.pyenv/versions/airflow-venv/lib/python3.10/site-packages/airflow/example_dags/tutorial_dag.py
[2024-07-21T21:27:51.945+0100] {logging_mixin.py:151} INFO - [2024-07-21T21:27:51.945+0100] {dag.py:2915} INFO - Sync 1 DAGs
[2024-07-21T21:27:51.948+0100] {logging_mixin.py:151} INFO - [2024-07-21T21:27:51.948+0100] {dag.py:3696} INFO - Setting next_dagrun for tutorial_dag to None, run_after=None
[2024-07-21T21:27:51.954+0100] {processor.py:179} INFO - Processing /Users/apoorvasaxena/.pyenv/versions/airflow-venv/lib/python3.10/site-packages/airflow/example_dags/tutorial_dag.py took 0.101 seconds
[2024-07-21T21:29:05.885+0100] {processor.py:157} INFO - Started process (PID=86463) to work on /Users/apoorvasaxena/.pyenv/versions/airflow-venv/lib/python3.10/site-packages/airflow/example_dags/tutorial_dag.py
[2024-07-21T21:29:05.888+0100] {processor.py:829} INFO - Processing file /Users/apoorvasaxena/.pyenv/versions/airflow-venv/lib/python3.10/site-packages/airflow/example_dags/tutorial_dag.py for tasks to queue
[2024-07-21T21:29:05.888+0100] {logging_mixin.py:151} INFO - [2024-07-21T21:29:05.888+0100] {dagbag.py:539} INFO - Filling up the DagBag from /Users/apoorvasaxena/.pyenv/versions/airflow-venv/lib/python3.10/site-packages/airflow/example_dags/tutorial_dag.py
[2024-07-21T21:29:05.904+0100] {processor.py:839} INFO - DAG(s) dict_keys(['tutorial_dag']) retrieved from /Users/apoorvasaxena/.pyenv/versions/airflow-venv/lib/python3.10/site-packages/airflow/example_dags/tutorial_dag.py
[2024-07-21T21:29:05.978+0100] {logging_mixin.py:151} INFO - [2024-07-21T21:29:05.978+0100] {dag.py:2915} INFO - Sync 1 DAGs
[2024-07-21T21:29:05.981+0100] {logging_mixin.py:151} INFO - [2024-07-21T21:29:05.981+0100] {dag.py:3696} INFO - Setting next_dagrun for tutorial_dag to None, run_after=None
[2024-07-21T21:29:05.988+0100] {processor.py:179} INFO - Processing /Users/apoorvasaxena/.pyenv/versions/airflow-venv/lib/python3.10/site-packages/airflow/example_dags/tutorial_dag.py took 0.103 seconds
[2024-07-21T21:30:16.176+0100] {processor.py:157} INFO - Started process (PID=86561) to work on /Users/apoorvasaxena/.pyenv/versions/airflow-venv/lib/python3.10/site-packages/airflow/example_dags/tutorial_dag.py
[2024-07-21T21:30:16.179+0100] {processor.py:829} INFO - Processing file /Users/apoorvasaxena/.pyenv/versions/airflow-venv/lib/python3.10/site-packages/airflow/example_dags/tutorial_dag.py for tasks to queue
[2024-07-21T21:30:16.180+0100] {logging_mixin.py:151} INFO - [2024-07-21T21:30:16.179+0100] {dagbag.py:539} INFO - Filling up the DagBag from /Users/apoorvasaxena/.pyenv/versions/airflow-venv/lib/python3.10/site-packages/airflow/example_dags/tutorial_dag.py
[2024-07-21T21:30:16.196+0100] {processor.py:839} INFO - DAG(s) dict_keys(['tutorial_dag']) retrieved from /Users/apoorvasaxena/.pyenv/versions/airflow-venv/lib/python3.10/site-packages/airflow/example_dags/tutorial_dag.py
[2024-07-21T21:30:16.268+0100] {logging_mixin.py:151} INFO - [2024-07-21T21:30:16.267+0100] {dag.py:2915} INFO - Sync 1 DAGs
[2024-07-21T21:30:16.271+0100] {logging_mixin.py:151} INFO - [2024-07-21T21:30:16.271+0100] {dag.py:3696} INFO - Setting next_dagrun for tutorial_dag to None, run_after=None
[2024-07-21T21:30:16.277+0100] {processor.py:179} INFO - Processing /Users/apoorvasaxena/.pyenv/versions/airflow-venv/lib/python3.10/site-packages/airflow/example_dags/tutorial_dag.py took 0.101 seconds
[2024-07-21T21:31:27.512+0100] {processor.py:157} INFO - Started process (PID=86647) to work on /Users/apoorvasaxena/.pyenv/versions/airflow-venv/lib/python3.10/site-packages/airflow/example_dags/tutorial_dag.py
[2024-07-21T21:31:27.514+0100] {processor.py:829} INFO - Processing file /Users/apoorvasaxena/.pyenv/versions/airflow-venv/lib/python3.10/site-packages/airflow/example_dags/tutorial_dag.py for tasks to queue
[2024-07-21T21:31:27.514+0100] {logging_mixin.py:151} INFO - [2024-07-21T21:31:27.514+0100] {dagbag.py:539} INFO - Filling up the DagBag from /Users/apoorvasaxena/.pyenv/versions/airflow-venv/lib/python3.10/site-packages/airflow/example_dags/tutorial_dag.py
[2024-07-21T21:31:27.530+0100] {processor.py:839} INFO - DAG(s) dict_keys(['tutorial_dag']) retrieved from /Users/apoorvasaxena/.pyenv/versions/airflow-venv/lib/python3.10/site-packages/airflow/example_dags/tutorial_dag.py
[2024-07-21T21:31:27.602+0100] {logging_mixin.py:151} INFO - [2024-07-21T21:31:27.602+0100] {dag.py:2915} INFO - Sync 1 DAGs
[2024-07-21T21:31:27.605+0100] {logging_mixin.py:151} INFO - [2024-07-21T21:31:27.605+0100] {dag.py:3696} INFO - Setting next_dagrun for tutorial_dag to None, run_after=None
[2024-07-21T21:31:27.611+0100] {processor.py:179} INFO - Processing /Users/apoorvasaxena/.pyenv/versions/airflow-venv/lib/python3.10/site-packages/airflow/example_dags/tutorial_dag.py took 0.100 seconds
[2024-07-21T21:32:42.714+0100] {processor.py:157} INFO - Started process (PID=86773) to work on /Users/apoorvasaxena/.pyenv/versions/airflow-venv/lib/python3.10/site-packages/airflow/example_dags/tutorial_dag.py
[2024-07-21T21:32:42.717+0100] {processor.py:829} INFO - Processing file /Users/apoorvasaxena/.pyenv/versions/airflow-venv/lib/python3.10/site-packages/airflow/example_dags/tutorial_dag.py for tasks to queue
[2024-07-21T21:32:42.717+0100] {logging_mixin.py:151} INFO - [2024-07-21T21:32:42.717+0100] {dagbag.py:539} INFO - Filling up the DagBag from /Users/apoorvasaxena/.pyenv/versions/airflow-venv/lib/python3.10/site-packages/airflow/example_dags/tutorial_dag.py
[2024-07-21T21:32:42.733+0100] {processor.py:839} INFO - DAG(s) dict_keys(['tutorial_dag']) retrieved from /Users/apoorvasaxena/.pyenv/versions/airflow-venv/lib/python3.10/site-packages/airflow/example_dags/tutorial_dag.py
[2024-07-21T21:32:42.808+0100] {logging_mixin.py:151} INFO - [2024-07-21T21:32:42.808+0100] {dag.py:2915} INFO - Sync 1 DAGs
[2024-07-21T21:32:42.812+0100] {logging_mixin.py:151} INFO - [2024-07-21T21:32:42.812+0100] {dag.py:3696} INFO - Setting next_dagrun for tutorial_dag to None, run_after=None
[2024-07-21T21:32:42.818+0100] {processor.py:179} INFO - Processing /Users/apoorvasaxena/.pyenv/versions/airflow-venv/lib/python3.10/site-packages/airflow/example_dags/tutorial_dag.py took 0.104 seconds
[2024-07-21T21:33:56.751+0100] {processor.py:157} INFO - Started process (PID=86859) to work on /Users/apoorvasaxena/.pyenv/versions/airflow-venv/lib/python3.10/site-packages/airflow/example_dags/tutorial_dag.py
[2024-07-21T21:33:56.753+0100] {processor.py:829} INFO - Processing file /Users/apoorvasaxena/.pyenv/versions/airflow-venv/lib/python3.10/site-packages/airflow/example_dags/tutorial_dag.py for tasks to queue
[2024-07-21T21:33:56.754+0100] {logging_mixin.py:151} INFO - [2024-07-21T21:33:56.754+0100] {dagbag.py:539} INFO - Filling up the DagBag from /Users/apoorvasaxena/.pyenv/versions/airflow-venv/lib/python3.10/site-packages/airflow/example_dags/tutorial_dag.py
[2024-07-21T21:33:56.770+0100] {processor.py:839} INFO - DAG(s) dict_keys(['tutorial_dag']) retrieved from /Users/apoorvasaxena/.pyenv/versions/airflow-venv/lib/python3.10/site-packages/airflow/example_dags/tutorial_dag.py
[2024-07-21T21:33:56.844+0100] {logging_mixin.py:151} INFO - [2024-07-21T21:33:56.843+0100] {dag.py:2915} INFO - Sync 1 DAGs
[2024-07-21T21:33:56.847+0100] {logging_mixin.py:151} INFO - [2024-07-21T21:33:56.847+0100] {dag.py:3696} INFO - Setting next_dagrun for tutorial_dag to None, run_after=None
[2024-07-21T21:33:56.853+0100] {processor.py:179} INFO - Processing /Users/apoorvasaxena/.pyenv/versions/airflow-venv/lib/python3.10/site-packages/airflow/example_dags/tutorial_dag.py took 0.103 seconds
[2024-07-21T21:35:10.051+0100] {processor.py:157} INFO - Started process (PID=86948) to work on /Users/apoorvasaxena/.pyenv/versions/airflow-venv/lib/python3.10/site-packages/airflow/example_dags/tutorial_dag.py
[2024-07-21T21:35:10.053+0100] {processor.py:829} INFO - Processing file /Users/apoorvasaxena/.pyenv/versions/airflow-venv/lib/python3.10/site-packages/airflow/example_dags/tutorial_dag.py for tasks to queue
[2024-07-21T21:35:10.053+0100] {logging_mixin.py:151} INFO - [2024-07-21T21:35:10.053+0100] {dagbag.py:539} INFO - Filling up the DagBag from /Users/apoorvasaxena/.pyenv/versions/airflow-venv/lib/python3.10/site-packages/airflow/example_dags/tutorial_dag.py
[2024-07-21T21:35:10.069+0100] {processor.py:839} INFO - DAG(s) dict_keys(['tutorial_dag']) retrieved from /Users/apoorvasaxena/.pyenv/versions/airflow-venv/lib/python3.10/site-packages/airflow/example_dags/tutorial_dag.py
[2024-07-21T21:35:10.142+0100] {logging_mixin.py:151} INFO - [2024-07-21T21:35:10.142+0100] {dag.py:2915} INFO - Sync 1 DAGs
[2024-07-21T21:35:10.145+0100] {logging_mixin.py:151} INFO - [2024-07-21T21:35:10.145+0100] {dag.py:3696} INFO - Setting next_dagrun for tutorial_dag to None, run_after=None
[2024-07-21T21:35:10.152+0100] {processor.py:179} INFO - Processing /Users/apoorvasaxena/.pyenv/versions/airflow-venv/lib/python3.10/site-packages/airflow/example_dags/tutorial_dag.py took 0.102 seconds
[2024-07-21T21:36:19.258+0100] {processor.py:157} INFO - Started process (PID=87035) to work on /Users/apoorvasaxena/.pyenv/versions/airflow-venv/lib/python3.10/site-packages/airflow/example_dags/tutorial_dag.py
[2024-07-21T21:36:19.260+0100] {processor.py:829} INFO - Processing file /Users/apoorvasaxena/.pyenv/versions/airflow-venv/lib/python3.10/site-packages/airflow/example_dags/tutorial_dag.py for tasks to queue
[2024-07-21T21:36:19.261+0100] {logging_mixin.py:151} INFO - [2024-07-21T21:36:19.261+0100] {dagbag.py:539} INFO - Filling up the DagBag from /Users/apoorvasaxena/.pyenv/versions/airflow-venv/lib/python3.10/site-packages/airflow/example_dags/tutorial_dag.py
[2024-07-21T21:36:19.277+0100] {processor.py:839} INFO - DAG(s) dict_keys(['tutorial_dag']) retrieved from /Users/apoorvasaxena/.pyenv/versions/airflow-venv/lib/python3.10/site-packages/airflow/example_dags/tutorial_dag.py
[2024-07-21T21:36:19.350+0100] {logging_mixin.py:151} INFO - [2024-07-21T21:36:19.350+0100] {dag.py:2915} INFO - Sync 1 DAGs
[2024-07-21T21:36:19.353+0100] {logging_mixin.py:151} INFO - [2024-07-21T21:36:19.353+0100] {dag.py:3696} INFO - Setting next_dagrun for tutorial_dag to None, run_after=None
[2024-07-21T21:36:19.360+0100] {processor.py:179} INFO - Processing /Users/apoorvasaxena/.pyenv/versions/airflow-venv/lib/python3.10/site-packages/airflow/example_dags/tutorial_dag.py took 0.102 seconds
[2024-07-21T21:37:32.201+0100] {processor.py:157} INFO - Started process (PID=87117) to work on /Users/apoorvasaxena/.pyenv/versions/airflow-venv/lib/python3.10/site-packages/airflow/example_dags/tutorial_dag.py
[2024-07-21T21:37:32.204+0100] {processor.py:829} INFO - Processing file /Users/apoorvasaxena/.pyenv/versions/airflow-venv/lib/python3.10/site-packages/airflow/example_dags/tutorial_dag.py for tasks to queue
[2024-07-21T21:37:32.204+0100] {logging_mixin.py:151} INFO - [2024-07-21T21:37:32.204+0100] {dagbag.py:539} INFO - Filling up the DagBag from /Users/apoorvasaxena/.pyenv/versions/airflow-venv/lib/python3.10/site-packages/airflow/example_dags/tutorial_dag.py
[2024-07-21T21:37:32.221+0100] {processor.py:839} INFO - DAG(s) dict_keys(['tutorial_dag']) retrieved from /Users/apoorvasaxena/.pyenv/versions/airflow-venv/lib/python3.10/site-packages/airflow/example_dags/tutorial_dag.py
[2024-07-21T21:37:32.300+0100] {logging_mixin.py:151} INFO - [2024-07-21T21:37:32.300+0100] {dag.py:2915} INFO - Sync 1 DAGs
[2024-07-21T21:37:32.304+0100] {logging_mixin.py:151} INFO - [2024-07-21T21:37:32.304+0100] {dag.py:3696} INFO - Setting next_dagrun for tutorial_dag to None, run_after=None
[2024-07-21T21:37:32.311+0100] {processor.py:179} INFO - Processing /Users/apoorvasaxena/.pyenv/versions/airflow-venv/lib/python3.10/site-packages/airflow/example_dags/tutorial_dag.py took 0.110 seconds
