[2024-07-21T20:49:29.089+0100] {processor.py:157} INFO - Started process (PID=82475) to work on /Users/apoorvasaxena/.pyenv/versions/airflow-venv/lib/python3.10/site-packages/airflow/example_dags/plugins/event_listener.py
[2024-07-21T20:49:29.091+0100] {processor.py:829} INFO - Processing file /Users/apoorvasaxena/.pyenv/versions/airflow-venv/lib/python3.10/site-packages/airflow/example_dags/plugins/event_listener.py for tasks to queue
[2024-07-21T20:49:29.091+0100] {logging_mixin.py:151} INFO - [2024-07-21T20:49:29.091+0100] {dagbag.py:539} INFO - Filling up the DagBag from /Users/apoorvasaxena/.pyenv/versions/airflow-venv/lib/python3.10/site-packages/airflow/example_dags/plugins/event_listener.py
[2024-07-21T20:49:29.092+0100] {processor.py:841} WARNING - No viable dags retrieved from /Users/apoorvasaxena/.pyenv/versions/airflow-venv/lib/python3.10/site-packages/airflow/example_dags/plugins/event_listener.py
[2024-07-21T20:49:29.147+0100] {processor.py:179} INFO - Processing /Users/apoorvasaxena/.pyenv/versions/airflow-venv/lib/python3.10/site-packages/airflow/example_dags/plugins/event_listener.py took 0.058 seconds
[2024-07-21T20:50:35.465+0100] {processor.py:157} INFO - Started process (PID=82591) to work on /Users/apoorvasaxena/.pyenv/versions/airflow-venv/lib/python3.10/site-packages/airflow/example_dags/plugins/event_listener.py
[2024-07-21T20:50:35.467+0100] {processor.py:829} INFO - Processing file /Users/apoorvasaxena/.pyenv/versions/airflow-venv/lib/python3.10/site-packages/airflow/example_dags/plugins/event_listener.py for tasks to queue
[2024-07-21T20:50:35.467+0100] {logging_mixin.py:151} INFO - [2024-07-21T20:50:35.467+0100] {dagbag.py:539} INFO - Filling up the DagBag from /Users/apoorvasaxena/.pyenv/versions/airflow-venv/lib/python3.10/site-packages/airflow/example_dags/plugins/event_listener.py
[2024-07-21T20:50:35.467+0100] {processor.py:841} WARNING - No viable dags retrieved from /Users/apoorvasaxena/.pyenv/versions/airflow-venv/lib/python3.10/site-packages/airflow/example_dags/plugins/event_listener.py
[2024-07-21T20:50:35.525+0100] {processor.py:179} INFO - Processing /Users/apoorvasaxena/.pyenv/versions/airflow-venv/lib/python3.10/site-packages/airflow/example_dags/plugins/event_listener.py took 0.061 seconds
[2024-07-21T20:51:13.580+0100] {processor.py:157} INFO - Started process (PID=82776) to work on /Users/apoorvasaxena/.pyenv/versions/airflow-venv/lib/python3.10/site-packages/airflow/example_dags/plugins/event_listener.py
[2024-07-21T20:51:13.583+0100] {processor.py:829} INFO - Processing file /Users/apoorvasaxena/.pyenv/versions/airflow-venv/lib/python3.10/site-packages/airflow/example_dags/plugins/event_listener.py for tasks to queue
[2024-07-21T20:51:13.583+0100] {logging_mixin.py:151} INFO - [2024-07-21T20:51:13.583+0100] {dagbag.py:539} INFO - Filling up the DagBag from /Users/apoorvasaxena/.pyenv/versions/airflow-venv/lib/python3.10/site-packages/airflow/example_dags/plugins/event_listener.py
[2024-07-21T20:51:13.583+0100] {processor.py:841} WARNING - No viable dags retrieved from /Users/apoorvasaxena/.pyenv/versions/airflow-venv/lib/python3.10/site-packages/airflow/example_dags/plugins/event_listener.py
[2024-07-21T20:51:13.639+0100] {processor.py:179} INFO - Processing /Users/apoorvasaxena/.pyenv/versions/airflow-venv/lib/python3.10/site-packages/airflow/example_dags/plugins/event_listener.py took 0.060 seconds
[2024-07-21T20:51:50.415+0100] {processor.py:157} INFO - Started process (PID=82835) to work on /Users/apoorvasaxena/.pyenv/versions/airflow-venv/lib/python3.10/site-packages/airflow/example_dags/plugins/event_listener.py
[2024-07-21T20:51:50.417+0100] {processor.py:829} INFO - Processing file /Users/apoorvasaxena/.pyenv/versions/airflow-venv/lib/python3.10/site-packages/airflow/example_dags/plugins/event_listener.py for tasks to queue
[2024-07-21T20:51:50.418+0100] {logging_mixin.py:151} INFO - [2024-07-21T20:51:50.417+0100] {dagbag.py:539} INFO - Filling up the DagBag from /Users/apoorvasaxena/.pyenv/versions/airflow-venv/lib/python3.10/site-packages/airflow/example_dags/plugins/event_listener.py
[2024-07-21T20:51:50.418+0100] {processor.py:841} WARNING - No viable dags retrieved from /Users/apoorvasaxena/.pyenv/versions/airflow-venv/lib/python3.10/site-packages/airflow/example_dags/plugins/event_listener.py
[2024-07-21T20:51:50.472+0100] {processor.py:179} INFO - Processing /Users/apoorvasaxena/.pyenv/versions/airflow-venv/lib/python3.10/site-packages/airflow/example_dags/plugins/event_listener.py took 0.058 seconds
[2024-07-21T20:52:26.639+0100] {processor.py:157} INFO - Started process (PID=82874) to work on /Users/apoorvasaxena/.pyenv/versions/airflow-venv/lib/python3.10/site-packages/airflow/example_dags/plugins/event_listener.py
[2024-07-21T20:52:26.641+0100] {processor.py:829} INFO - Processing file /Users/apoorvasaxena/.pyenv/versions/airflow-venv/lib/python3.10/site-packages/airflow/example_dags/plugins/event_listener.py for tasks to queue
[2024-07-21T20:52:26.641+0100] {logging_mixin.py:151} INFO - [2024-07-21T20:52:26.641+0100] {dagbag.py:539} INFO - Filling up the DagBag from /Users/apoorvasaxena/.pyenv/versions/airflow-venv/lib/python3.10/site-packages/airflow/example_dags/plugins/event_listener.py
[2024-07-21T20:52:26.641+0100] {processor.py:841} WARNING - No viable dags retrieved from /Users/apoorvasaxena/.pyenv/versions/airflow-venv/lib/python3.10/site-packages/airflow/example_dags/plugins/event_listener.py
[2024-07-21T20:52:26.695+0100] {processor.py:179} INFO - Processing /Users/apoorvasaxena/.pyenv/versions/airflow-venv/lib/python3.10/site-packages/airflow/example_dags/plugins/event_listener.py took 0.057 seconds
