[2024-07-21T20:49:27.708+0100] {processor.py:157} INFO - Started process (PID=82472) to work on /Users/apoorvasaxena/.pyenv/versions/airflow-venv/lib/python3.10/site-packages/airflow/example_dags/plugins/listener_plugin.py
[2024-07-21T20:49:27.711+0100] {processor.py:829} INFO - Processing file /Users/apoorvasaxena/.pyenv/versions/airflow-venv/lib/python3.10/site-packages/airflow/example_dags/plugins/listener_plugin.py for tasks to queue
[2024-07-21T20:49:27.711+0100] {logging_mixin.py:151} INFO - [2024-07-21T20:49:27.711+0100] {dagbag.py:539} INFO - Filling up the DagBag from /Users/apoorvasaxena/.pyenv/versions/airflow-venv/lib/python3.10/site-packages/airflow/example_dags/plugins/listener_plugin.py
[2024-07-21T20:49:27.712+0100] {processor.py:841} WARNING - No viable dags retrieved from /Users/apoorvasaxena/.pyenv/versions/airflow-venv/lib/python3.10/site-packages/airflow/example_dags/plugins/listener_plugin.py
[2024-07-21T20:49:27.766+0100] {processor.py:179} INFO - Processing /Users/apoorvasaxena/.pyenv/versions/airflow-venv/lib/python3.10/site-packages/airflow/example_dags/plugins/listener_plugin.py took 0.058 seconds
[2024-07-21T20:50:34.609+0100] {processor.py:157} INFO - Started process (PID=82586) to work on /Users/apoorvasaxena/.pyenv/versions/airflow-venv/lib/python3.10/site-packages/airflow/example_dags/plugins/listener_plugin.py
[2024-07-21T20:50:34.611+0100] {processor.py:829} INFO - Processing file /Users/apoorvasaxena/.pyenv/versions/airflow-venv/lib/python3.10/site-packages/airflow/example_dags/plugins/listener_plugin.py for tasks to queue
[2024-07-21T20:50:34.612+0100] {logging_mixin.py:151} INFO - [2024-07-21T20:50:34.612+0100] {dagbag.py:539} INFO - Filling up the DagBag from /Users/apoorvasaxena/.pyenv/versions/airflow-venv/lib/python3.10/site-packages/airflow/example_dags/plugins/listener_plugin.py
[2024-07-21T20:50:34.613+0100] {processor.py:841} WARNING - No viable dags retrieved from /Users/apoorvasaxena/.pyenv/versions/airflow-venv/lib/python3.10/site-packages/airflow/example_dags/plugins/listener_plugin.py
[2024-07-21T20:50:34.667+0100] {processor.py:179} INFO - Processing /Users/apoorvasaxena/.pyenv/versions/airflow-venv/lib/python3.10/site-packages/airflow/example_dags/plugins/listener_plugin.py took 0.059 seconds
[2024-07-21T20:51:12.008+0100] {processor.py:157} INFO - Started process (PID=82772) to work on /Users/apoorvasaxena/.pyenv/versions/airflow-venv/lib/python3.10/site-packages/airflow/example_dags/plugins/listener_plugin.py
[2024-07-21T20:51:12.011+0100] {processor.py:829} INFO - Processing file /Users/apoorvasaxena/.pyenv/versions/airflow-venv/lib/python3.10/site-packages/airflow/example_dags/plugins/listener_plugin.py for tasks to queue
[2024-07-21T20:51:12.011+0100] {logging_mixin.py:151} INFO - [2024-07-21T20:51:12.011+0100] {dagbag.py:539} INFO - Filling up the DagBag from /Users/apoorvasaxena/.pyenv/versions/airflow-venv/lib/python3.10/site-packages/airflow/example_dags/plugins/listener_plugin.py
[2024-07-21T20:51:12.013+0100] {processor.py:841} WARNING - No viable dags retrieved from /Users/apoorvasaxena/.pyenv/versions/airflow-venv/lib/python3.10/site-packages/airflow/example_dags/plugins/listener_plugin.py
[2024-07-21T20:51:12.068+0100] {processor.py:179} INFO - Processing /Users/apoorvasaxena/.pyenv/versions/airflow-venv/lib/python3.10/site-packages/airflow/example_dags/plugins/listener_plugin.py took 0.060 seconds
[2024-07-21T20:51:49.866+0100] {processor.py:157} INFO - Started process (PID=82834) to work on /Users/apoorvasaxena/.pyenv/versions/airflow-venv/lib/python3.10/site-packages/airflow/example_dags/plugins/listener_plugin.py
[2024-07-21T20:51:49.869+0100] {processor.py:829} INFO - Processing file /Users/apoorvasaxena/.pyenv/versions/airflow-venv/lib/python3.10/site-packages/airflow/example_dags/plugins/listener_plugin.py for tasks to queue
[2024-07-21T20:51:49.869+0100] {logging_mixin.py:151} INFO - [2024-07-21T20:51:49.869+0100] {dagbag.py:539} INFO - Filling up the DagBag from /Users/apoorvasaxena/.pyenv/versions/airflow-venv/lib/python3.10/site-packages/airflow/example_dags/plugins/listener_plugin.py
[2024-07-21T20:51:49.870+0100] {processor.py:841} WARNING - No viable dags retrieved from /Users/apoorvasaxena/.pyenv/versions/airflow-venv/lib/python3.10/site-packages/airflow/example_dags/plugins/listener_plugin.py
[2024-07-21T20:51:49.924+0100] {processor.py:179} INFO - Processing /Users/apoorvasaxena/.pyenv/versions/airflow-venv/lib/python3.10/site-packages/airflow/example_dags/plugins/listener_plugin.py took 0.059 seconds
[2024-07-21T20:52:25.055+0100] {processor.py:157} INFO - Started process (PID=82873) to work on /Users/apoorvasaxena/.pyenv/versions/airflow-venv/lib/python3.10/site-packages/airflow/example_dags/plugins/listener_plugin.py
[2024-07-21T20:52:25.057+0100] {processor.py:829} INFO - Processing file /Users/apoorvasaxena/.pyenv/versions/airflow-venv/lib/python3.10/site-packages/airflow/example_dags/plugins/listener_plugin.py for tasks to queue
[2024-07-21T20:52:25.057+0100] {logging_mixin.py:151} INFO - [2024-07-21T20:52:25.057+0100] {dagbag.py:539} INFO - Filling up the DagBag from /Users/apoorvasaxena/.pyenv/versions/airflow-venv/lib/python3.10/site-packages/airflow/example_dags/plugins/listener_plugin.py
[2024-07-21T20:52:25.058+0100] {processor.py:841} WARNING - No viable dags retrieved from /Users/apoorvasaxena/.pyenv/versions/airflow-venv/lib/python3.10/site-packages/airflow/example_dags/plugins/listener_plugin.py
[2024-07-21T20:52:25.130+0100] {processor.py:179} INFO - Processing /Users/apoorvasaxena/.pyenv/versions/airflow-venv/lib/python3.10/site-packages/airflow/example_dags/plugins/listener_plugin.py took 0.075 seconds
[2024-07-21T20:53:00.056+0100] {processor.py:157} INFO - Started process (PID=83460) to work on /Users/apoorvasaxena/.pyenv/versions/airflow-venv/lib/python3.10/site-packages/airflow/example_dags/plugins/listener_plugin.py
[2024-07-21T20:53:00.058+0100] {processor.py:829} INFO - Processing file /Users/apoorvasaxena/.pyenv/versions/airflow-venv/lib/python3.10/site-packages/airflow/example_dags/plugins/listener_plugin.py for tasks to queue
[2024-07-21T20:53:00.058+0100] {logging_mixin.py:151} INFO - [2024-07-21T20:53:00.058+0100] {dagbag.py:539} INFO - Filling up the DagBag from /Users/apoorvasaxena/.pyenv/versions/airflow-venv/lib/python3.10/site-packages/airflow/example_dags/plugins/listener_plugin.py
[2024-07-21T20:53:00.060+0100] {processor.py:841} WARNING - No viable dags retrieved from /Users/apoorvasaxena/.pyenv/versions/airflow-venv/lib/python3.10/site-packages/airflow/example_dags/plugins/listener_plugin.py
[2024-07-21T20:53:00.114+0100] {processor.py:179} INFO - Processing /Users/apoorvasaxena/.pyenv/versions/airflow-venv/lib/python3.10/site-packages/airflow/example_dags/plugins/listener_plugin.py took 0.059 seconds
[2024-07-21T20:53:36.942+0100] {processor.py:157} INFO - Started process (PID=83690) to work on /Users/apoorvasaxena/.pyenv/versions/airflow-venv/lib/python3.10/site-packages/airflow/example_dags/plugins/listener_plugin.py
[2024-07-21T20:53:36.945+0100] {processor.py:829} INFO - Processing file /Users/apoorvasaxena/.pyenv/versions/airflow-venv/lib/python3.10/site-packages/airflow/example_dags/plugins/listener_plugin.py for tasks to queue
[2024-07-21T20:53:36.945+0100] {logging_mixin.py:151} INFO - [2024-07-21T20:53:36.945+0100] {dagbag.py:539} INFO - Filling up the DagBag from /Users/apoorvasaxena/.pyenv/versions/airflow-venv/lib/python3.10/site-packages/airflow/example_dags/plugins/listener_plugin.py
[2024-07-21T20:53:36.946+0100] {processor.py:841} WARNING - No viable dags retrieved from /Users/apoorvasaxena/.pyenv/versions/airflow-venv/lib/python3.10/site-packages/airflow/example_dags/plugins/listener_plugin.py
[2024-07-21T20:53:37.000+0100] {processor.py:179} INFO - Processing /Users/apoorvasaxena/.pyenv/versions/airflow-venv/lib/python3.10/site-packages/airflow/example_dags/plugins/listener_plugin.py took 0.058 seconds
[2024-07-21T20:54:15.963+0100] {processor.py:157} INFO - Started process (PID=83748) to work on /Users/apoorvasaxena/.pyenv/versions/airflow-venv/lib/python3.10/site-packages/airflow/example_dags/plugins/listener_plugin.py
[2024-07-21T20:54:15.966+0100] {processor.py:829} INFO - Processing file /Users/apoorvasaxena/.pyenv/versions/airflow-venv/lib/python3.10/site-packages/airflow/example_dags/plugins/listener_plugin.py for tasks to queue
[2024-07-21T20:54:15.967+0100] {logging_mixin.py:151} INFO - [2024-07-21T20:54:15.967+0100] {dagbag.py:539} INFO - Filling up the DagBag from /Users/apoorvasaxena/.pyenv/versions/airflow-venv/lib/python3.10/site-packages/airflow/example_dags/plugins/listener_plugin.py
[2024-07-21T20:54:15.968+0100] {processor.py:841} WARNING - No viable dags retrieved from /Users/apoorvasaxena/.pyenv/versions/airflow-venv/lib/python3.10/site-packages/airflow/example_dags/plugins/listener_plugin.py
[2024-07-21T20:54:16.032+0100] {processor.py:179} INFO - Processing /Users/apoorvasaxena/.pyenv/versions/airflow-venv/lib/python3.10/site-packages/airflow/example_dags/plugins/listener_plugin.py took 0.069 seconds
[2024-07-21T20:54:54.061+0100] {processor.py:157} INFO - Started process (PID=83792) to work on /Users/apoorvasaxena/.pyenv/versions/airflow-venv/lib/python3.10/site-packages/airflow/example_dags/plugins/listener_plugin.py
[2024-07-21T20:54:54.063+0100] {processor.py:829} INFO - Processing file /Users/apoorvasaxena/.pyenv/versions/airflow-venv/lib/python3.10/site-packages/airflow/example_dags/plugins/listener_plugin.py for tasks to queue
[2024-07-21T20:54:54.064+0100] {logging_mixin.py:151} INFO - [2024-07-21T20:54:54.064+0100] {dagbag.py:539} INFO - Filling up the DagBag from /Users/apoorvasaxena/.pyenv/versions/airflow-venv/lib/python3.10/site-packages/airflow/example_dags/plugins/listener_plugin.py
[2024-07-21T20:54:54.065+0100] {processor.py:841} WARNING - No viable dags retrieved from /Users/apoorvasaxena/.pyenv/versions/airflow-venv/lib/python3.10/site-packages/airflow/example_dags/plugins/listener_plugin.py
[2024-07-21T20:54:54.119+0100] {processor.py:179} INFO - Processing /Users/apoorvasaxena/.pyenv/versions/airflow-venv/lib/python3.10/site-packages/airflow/example_dags/plugins/listener_plugin.py took 0.058 seconds
[2024-07-21T20:55:31.271+0100] {processor.py:157} INFO - Started process (PID=83839) to work on /Users/apoorvasaxena/.pyenv/versions/airflow-venv/lib/python3.10/site-packages/airflow/example_dags/plugins/listener_plugin.py
[2024-07-21T20:55:31.273+0100] {processor.py:829} INFO - Processing file /Users/apoorvasaxena/.pyenv/versions/airflow-venv/lib/python3.10/site-packages/airflow/example_dags/plugins/listener_plugin.py for tasks to queue
[2024-07-21T20:55:31.273+0100] {logging_mixin.py:151} INFO - [2024-07-21T20:55:31.273+0100] {dagbag.py:539} INFO - Filling up the DagBag from /Users/apoorvasaxena/.pyenv/versions/airflow-venv/lib/python3.10/site-packages/airflow/example_dags/plugins/listener_plugin.py
[2024-07-21T20:55:31.274+0100] {processor.py:841} WARNING - No viable dags retrieved from /Users/apoorvasaxena/.pyenv/versions/airflow-venv/lib/python3.10/site-packages/airflow/example_dags/plugins/listener_plugin.py
[2024-07-21T20:55:31.329+0100] {processor.py:179} INFO - Processing /Users/apoorvasaxena/.pyenv/versions/airflow-venv/lib/python3.10/site-packages/airflow/example_dags/plugins/listener_plugin.py took 0.058 seconds
[2024-07-21T20:56:07.160+0100] {processor.py:157} INFO - Started process (PID=83895) to work on /Users/apoorvasaxena/.pyenv/versions/airflow-venv/lib/python3.10/site-packages/airflow/example_dags/plugins/listener_plugin.py
[2024-07-21T20:56:07.162+0100] {processor.py:829} INFO - Processing file /Users/apoorvasaxena/.pyenv/versions/airflow-venv/lib/python3.10/site-packages/airflow/example_dags/plugins/listener_plugin.py for tasks to queue
[2024-07-21T20:56:07.163+0100] {logging_mixin.py:151} INFO - [2024-07-21T20:56:07.163+0100] {dagbag.py:539} INFO - Filling up the DagBag from /Users/apoorvasaxena/.pyenv/versions/airflow-venv/lib/python3.10/site-packages/airflow/example_dags/plugins/listener_plugin.py
[2024-07-21T20:56:07.163+0100] {processor.py:841} WARNING - No viable dags retrieved from /Users/apoorvasaxena/.pyenv/versions/airflow-venv/lib/python3.10/site-packages/airflow/example_dags/plugins/listener_plugin.py
[2024-07-21T20:56:07.218+0100] {processor.py:179} INFO - Processing /Users/apoorvasaxena/.pyenv/versions/airflow-venv/lib/python3.10/site-packages/airflow/example_dags/plugins/listener_plugin.py took 0.058 seconds
[2024-07-21T20:56:44.788+0100] {processor.py:157} INFO - Started process (PID=83941) to work on /Users/apoorvasaxena/.pyenv/versions/airflow-venv/lib/python3.10/site-packages/airflow/example_dags/plugins/listener_plugin.py
[2024-07-21T20:56:44.790+0100] {processor.py:829} INFO - Processing file /Users/apoorvasaxena/.pyenv/versions/airflow-venv/lib/python3.10/site-packages/airflow/example_dags/plugins/listener_plugin.py for tasks to queue
[2024-07-21T20:56:44.790+0100] {logging_mixin.py:151} INFO - [2024-07-21T20:56:44.790+0100] {dagbag.py:539} INFO - Filling up the DagBag from /Users/apoorvasaxena/.pyenv/versions/airflow-venv/lib/python3.10/site-packages/airflow/example_dags/plugins/listener_plugin.py
[2024-07-21T20:56:44.791+0100] {processor.py:841} WARNING - No viable dags retrieved from /Users/apoorvasaxena/.pyenv/versions/airflow-venv/lib/python3.10/site-packages/airflow/example_dags/plugins/listener_plugin.py
[2024-07-21T20:56:44.846+0100] {processor.py:179} INFO - Processing /Users/apoorvasaxena/.pyenv/versions/airflow-venv/lib/python3.10/site-packages/airflow/example_dags/plugins/listener_plugin.py took 0.058 seconds
[2024-07-21T20:57:21.230+0100] {processor.py:157} INFO - Started process (PID=83996) to work on /Users/apoorvasaxena/.pyenv/versions/airflow-venv/lib/python3.10/site-packages/airflow/example_dags/plugins/listener_plugin.py
[2024-07-21T20:57:21.233+0100] {processor.py:829} INFO - Processing file /Users/apoorvasaxena/.pyenv/versions/airflow-venv/lib/python3.10/site-packages/airflow/example_dags/plugins/listener_plugin.py for tasks to queue
[2024-07-21T20:57:21.233+0100] {logging_mixin.py:151} INFO - [2024-07-21T20:57:21.233+0100] {dagbag.py:539} INFO - Filling up the DagBag from /Users/apoorvasaxena/.pyenv/versions/airflow-venv/lib/python3.10/site-packages/airflow/example_dags/plugins/listener_plugin.py
[2024-07-21T20:57:21.234+0100] {processor.py:841} WARNING - No viable dags retrieved from /Users/apoorvasaxena/.pyenv/versions/airflow-venv/lib/python3.10/site-packages/airflow/example_dags/plugins/listener_plugin.py
[2024-07-21T20:57:21.288+0100] {processor.py:179} INFO - Processing /Users/apoorvasaxena/.pyenv/versions/airflow-venv/lib/python3.10/site-packages/airflow/example_dags/plugins/listener_plugin.py took 0.059 seconds
[2024-07-21T20:57:55.862+0100] {processor.py:157} INFO - Started process (PID=84034) to work on /Users/apoorvasaxena/.pyenv/versions/airflow-venv/lib/python3.10/site-packages/airflow/example_dags/plugins/listener_plugin.py
[2024-07-21T20:57:55.864+0100] {processor.py:829} INFO - Processing file /Users/apoorvasaxena/.pyenv/versions/airflow-venv/lib/python3.10/site-packages/airflow/example_dags/plugins/listener_plugin.py for tasks to queue
[2024-07-21T20:57:55.864+0100] {logging_mixin.py:151} INFO - [2024-07-21T20:57:55.864+0100] {dagbag.py:539} INFO - Filling up the DagBag from /Users/apoorvasaxena/.pyenv/versions/airflow-venv/lib/python3.10/site-packages/airflow/example_dags/plugins/listener_plugin.py
[2024-07-21T20:57:55.865+0100] {processor.py:841} WARNING - No viable dags retrieved from /Users/apoorvasaxena/.pyenv/versions/airflow-venv/lib/python3.10/site-packages/airflow/example_dags/plugins/listener_plugin.py
[2024-07-21T20:57:55.920+0100] {processor.py:179} INFO - Processing /Users/apoorvasaxena/.pyenv/versions/airflow-venv/lib/python3.10/site-packages/airflow/example_dags/plugins/listener_plugin.py took 0.059 seconds
[2024-07-21T20:58:29.906+0100] {processor.py:157} INFO - Started process (PID=84073) to work on /Users/apoorvasaxena/.pyenv/versions/airflow-venv/lib/python3.10/site-packages/airflow/example_dags/plugins/listener_plugin.py
[2024-07-21T20:58:29.908+0100] {processor.py:829} INFO - Processing file /Users/apoorvasaxena/.pyenv/versions/airflow-venv/lib/python3.10/site-packages/airflow/example_dags/plugins/listener_plugin.py for tasks to queue
[2024-07-21T20:58:29.909+0100] {logging_mixin.py:151} INFO - [2024-07-21T20:58:29.909+0100] {dagbag.py:539} INFO - Filling up the DagBag from /Users/apoorvasaxena/.pyenv/versions/airflow-venv/lib/python3.10/site-packages/airflow/example_dags/plugins/listener_plugin.py
[2024-07-21T20:58:29.909+0100] {processor.py:841} WARNING - No viable dags retrieved from /Users/apoorvasaxena/.pyenv/versions/airflow-venv/lib/python3.10/site-packages/airflow/example_dags/plugins/listener_plugin.py
[2024-07-21T20:58:29.964+0100] {processor.py:179} INFO - Processing /Users/apoorvasaxena/.pyenv/versions/airflow-venv/lib/python3.10/site-packages/airflow/example_dags/plugins/listener_plugin.py took 0.058 seconds
[2024-07-21T20:59:07.077+0100] {processor.py:157} INFO - Started process (PID=84114) to work on /Users/apoorvasaxena/.pyenv/versions/airflow-venv/lib/python3.10/site-packages/airflow/example_dags/plugins/listener_plugin.py
[2024-07-21T20:59:07.079+0100] {processor.py:829} INFO - Processing file /Users/apoorvasaxena/.pyenv/versions/airflow-venv/lib/python3.10/site-packages/airflow/example_dags/plugins/listener_plugin.py for tasks to queue
[2024-07-21T20:59:07.079+0100] {logging_mixin.py:151} INFO - [2024-07-21T20:59:07.079+0100] {dagbag.py:539} INFO - Filling up the DagBag from /Users/apoorvasaxena/.pyenv/versions/airflow-venv/lib/python3.10/site-packages/airflow/example_dags/plugins/listener_plugin.py
[2024-07-21T20:59:07.080+0100] {processor.py:841} WARNING - No viable dags retrieved from /Users/apoorvasaxena/.pyenv/versions/airflow-venv/lib/python3.10/site-packages/airflow/example_dags/plugins/listener_plugin.py
[2024-07-21T20:59:07.135+0100] {processor.py:179} INFO - Processing /Users/apoorvasaxena/.pyenv/versions/airflow-venv/lib/python3.10/site-packages/airflow/example_dags/plugins/listener_plugin.py took 0.058 seconds
[2024-07-21T20:59:43.295+0100] {processor.py:157} INFO - Started process (PID=84161) to work on /Users/apoorvasaxena/.pyenv/versions/airflow-venv/lib/python3.10/site-packages/airflow/example_dags/plugins/listener_plugin.py
[2024-07-21T20:59:43.298+0100] {processor.py:829} INFO - Processing file /Users/apoorvasaxena/.pyenv/versions/airflow-venv/lib/python3.10/site-packages/airflow/example_dags/plugins/listener_plugin.py for tasks to queue
[2024-07-21T20:59:43.298+0100] {logging_mixin.py:151} INFO - [2024-07-21T20:59:43.298+0100] {dagbag.py:539} INFO - Filling up the DagBag from /Users/apoorvasaxena/.pyenv/versions/airflow-venv/lib/python3.10/site-packages/airflow/example_dags/plugins/listener_plugin.py
[2024-07-21T20:59:43.299+0100] {processor.py:841} WARNING - No viable dags retrieved from /Users/apoorvasaxena/.pyenv/versions/airflow-venv/lib/python3.10/site-packages/airflow/example_dags/plugins/listener_plugin.py
[2024-07-21T20:59:43.353+0100] {processor.py:179} INFO - Processing /Users/apoorvasaxena/.pyenv/versions/airflow-venv/lib/python3.10/site-packages/airflow/example_dags/plugins/listener_plugin.py took 0.058 seconds
[2024-07-21T21:00:19.059+0100] {processor.py:157} INFO - Started process (PID=84199) to work on /Users/apoorvasaxena/.pyenv/versions/airflow-venv/lib/python3.10/site-packages/airflow/example_dags/plugins/listener_plugin.py
[2024-07-21T21:00:19.061+0100] {processor.py:829} INFO - Processing file /Users/apoorvasaxena/.pyenv/versions/airflow-venv/lib/python3.10/site-packages/airflow/example_dags/plugins/listener_plugin.py for tasks to queue
[2024-07-21T21:00:19.061+0100] {logging_mixin.py:151} INFO - [2024-07-21T21:00:19.061+0100] {dagbag.py:539} INFO - Filling up the DagBag from /Users/apoorvasaxena/.pyenv/versions/airflow-venv/lib/python3.10/site-packages/airflow/example_dags/plugins/listener_plugin.py
[2024-07-21T21:00:19.062+0100] {processor.py:841} WARNING - No viable dags retrieved from /Users/apoorvasaxena/.pyenv/versions/airflow-venv/lib/python3.10/site-packages/airflow/example_dags/plugins/listener_plugin.py
[2024-07-21T21:00:19.117+0100] {processor.py:179} INFO - Processing /Users/apoorvasaxena/.pyenv/versions/airflow-venv/lib/python3.10/site-packages/airflow/example_dags/plugins/listener_plugin.py took 0.058 seconds
[2024-07-21T21:00:55.221+0100] {processor.py:157} INFO - Started process (PID=84238) to work on /Users/apoorvasaxena/.pyenv/versions/airflow-venv/lib/python3.10/site-packages/airflow/example_dags/plugins/listener_plugin.py
[2024-07-21T21:00:55.223+0100] {processor.py:829} INFO - Processing file /Users/apoorvasaxena/.pyenv/versions/airflow-venv/lib/python3.10/site-packages/airflow/example_dags/plugins/listener_plugin.py for tasks to queue
[2024-07-21T21:00:55.223+0100] {logging_mixin.py:151} INFO - [2024-07-21T21:00:55.223+0100] {dagbag.py:539} INFO - Filling up the DagBag from /Users/apoorvasaxena/.pyenv/versions/airflow-venv/lib/python3.10/site-packages/airflow/example_dags/plugins/listener_plugin.py
[2024-07-21T21:00:55.224+0100] {processor.py:841} WARNING - No viable dags retrieved from /Users/apoorvasaxena/.pyenv/versions/airflow-venv/lib/python3.10/site-packages/airflow/example_dags/plugins/listener_plugin.py
[2024-07-21T21:00:55.278+0100] {processor.py:179} INFO - Processing /Users/apoorvasaxena/.pyenv/versions/airflow-venv/lib/python3.10/site-packages/airflow/example_dags/plugins/listener_plugin.py took 0.058 seconds
[2024-07-21T21:01:32.130+0100] {processor.py:157} INFO - Started process (PID=84281) to work on /Users/apoorvasaxena/.pyenv/versions/airflow-venv/lib/python3.10/site-packages/airflow/example_dags/plugins/listener_plugin.py
[2024-07-21T21:01:32.133+0100] {processor.py:829} INFO - Processing file /Users/apoorvasaxena/.pyenv/versions/airflow-venv/lib/python3.10/site-packages/airflow/example_dags/plugins/listener_plugin.py for tasks to queue
[2024-07-21T21:01:32.133+0100] {logging_mixin.py:151} INFO - [2024-07-21T21:01:32.133+0100] {dagbag.py:539} INFO - Filling up the DagBag from /Users/apoorvasaxena/.pyenv/versions/airflow-venv/lib/python3.10/site-packages/airflow/example_dags/plugins/listener_plugin.py
[2024-07-21T21:01:32.134+0100] {processor.py:841} WARNING - No viable dags retrieved from /Users/apoorvasaxena/.pyenv/versions/airflow-venv/lib/python3.10/site-packages/airflow/example_dags/plugins/listener_plugin.py
[2024-07-21T21:01:32.189+0100] {processor.py:179} INFO - Processing /Users/apoorvasaxena/.pyenv/versions/airflow-venv/lib/python3.10/site-packages/airflow/example_dags/plugins/listener_plugin.py took 0.059 seconds
[2024-07-21T21:02:08.253+0100] {processor.py:157} INFO - Started process (PID=84324) to work on /Users/apoorvasaxena/.pyenv/versions/airflow-venv/lib/python3.10/site-packages/airflow/example_dags/plugins/listener_plugin.py
[2024-07-21T21:02:08.256+0100] {processor.py:829} INFO - Processing file /Users/apoorvasaxena/.pyenv/versions/airflow-venv/lib/python3.10/site-packages/airflow/example_dags/plugins/listener_plugin.py for tasks to queue
[2024-07-21T21:02:08.256+0100] {logging_mixin.py:151} INFO - [2024-07-21T21:02:08.256+0100] {dagbag.py:539} INFO - Filling up the DagBag from /Users/apoorvasaxena/.pyenv/versions/airflow-venv/lib/python3.10/site-packages/airflow/example_dags/plugins/listener_plugin.py
[2024-07-21T21:02:08.258+0100] {processor.py:841} WARNING - No viable dags retrieved from /Users/apoorvasaxena/.pyenv/versions/airflow-venv/lib/python3.10/site-packages/airflow/example_dags/plugins/listener_plugin.py
[2024-07-21T21:02:08.312+0100] {processor.py:179} INFO - Processing /Users/apoorvasaxena/.pyenv/versions/airflow-venv/lib/python3.10/site-packages/airflow/example_dags/plugins/listener_plugin.py took 0.059 seconds
[2024-07-21T21:02:46.263+0100] {processor.py:157} INFO - Started process (PID=84376) to work on /Users/apoorvasaxena/.pyenv/versions/airflow-venv/lib/python3.10/site-packages/airflow/example_dags/plugins/listener_plugin.py
[2024-07-21T21:02:46.268+0100] {processor.py:829} INFO - Processing file /Users/apoorvasaxena/.pyenv/versions/airflow-venv/lib/python3.10/site-packages/airflow/example_dags/plugins/listener_plugin.py for tasks to queue
[2024-07-21T21:02:46.268+0100] {logging_mixin.py:151} INFO - [2024-07-21T21:02:46.268+0100] {dagbag.py:539} INFO - Filling up the DagBag from /Users/apoorvasaxena/.pyenv/versions/airflow-venv/lib/python3.10/site-packages/airflow/example_dags/plugins/listener_plugin.py
[2024-07-21T21:02:46.269+0100] {processor.py:841} WARNING - No viable dags retrieved from /Users/apoorvasaxena/.pyenv/versions/airflow-venv/lib/python3.10/site-packages/airflow/example_dags/plugins/listener_plugin.py
[2024-07-21T21:02:46.324+0100] {processor.py:179} INFO - Processing /Users/apoorvasaxena/.pyenv/versions/airflow-venv/lib/python3.10/site-packages/airflow/example_dags/plugins/listener_plugin.py took 0.061 seconds
[2024-07-21T21:03:23.930+0100] {processor.py:157} INFO - Started process (PID=84416) to work on /Users/apoorvasaxena/.pyenv/versions/airflow-venv/lib/python3.10/site-packages/airflow/example_dags/plugins/listener_plugin.py
[2024-07-21T21:03:23.933+0100] {processor.py:829} INFO - Processing file /Users/apoorvasaxena/.pyenv/versions/airflow-venv/lib/python3.10/site-packages/airflow/example_dags/plugins/listener_plugin.py for tasks to queue
[2024-07-21T21:03:23.933+0100] {logging_mixin.py:151} INFO - [2024-07-21T21:03:23.933+0100] {dagbag.py:539} INFO - Filling up the DagBag from /Users/apoorvasaxena/.pyenv/versions/airflow-venv/lib/python3.10/site-packages/airflow/example_dags/plugins/listener_plugin.py
[2024-07-21T21:03:23.934+0100] {processor.py:841} WARNING - No viable dags retrieved from /Users/apoorvasaxena/.pyenv/versions/airflow-venv/lib/python3.10/site-packages/airflow/example_dags/plugins/listener_plugin.py
[2024-07-21T21:03:23.988+0100] {processor.py:179} INFO - Processing /Users/apoorvasaxena/.pyenv/versions/airflow-venv/lib/python3.10/site-packages/airflow/example_dags/plugins/listener_plugin.py took 0.059 seconds
[2024-07-21T21:04:00.182+0100] {processor.py:157} INFO - Started process (PID=84461) to work on /Users/apoorvasaxena/.pyenv/versions/airflow-venv/lib/python3.10/site-packages/airflow/example_dags/plugins/listener_plugin.py
[2024-07-21T21:04:00.184+0100] {processor.py:829} INFO - Processing file /Users/apoorvasaxena/.pyenv/versions/airflow-venv/lib/python3.10/site-packages/airflow/example_dags/plugins/listener_plugin.py for tasks to queue
[2024-07-21T21:04:00.184+0100] {logging_mixin.py:151} INFO - [2024-07-21T21:04:00.184+0100] {dagbag.py:539} INFO - Filling up the DagBag from /Users/apoorvasaxena/.pyenv/versions/airflow-venv/lib/python3.10/site-packages/airflow/example_dags/plugins/listener_plugin.py
[2024-07-21T21:04:00.186+0100] {processor.py:841} WARNING - No viable dags retrieved from /Users/apoorvasaxena/.pyenv/versions/airflow-venv/lib/python3.10/site-packages/airflow/example_dags/plugins/listener_plugin.py
[2024-07-21T21:04:00.240+0100] {processor.py:179} INFO - Processing /Users/apoorvasaxena/.pyenv/versions/airflow-venv/lib/python3.10/site-packages/airflow/example_dags/plugins/listener_plugin.py took 0.059 seconds
[2024-07-21T21:04:38.561+0100] {processor.py:157} INFO - Started process (PID=84523) to work on /Users/apoorvasaxena/.pyenv/versions/airflow-venv/lib/python3.10/site-packages/airflow/example_dags/plugins/listener_plugin.py
[2024-07-21T21:04:38.563+0100] {processor.py:829} INFO - Processing file /Users/apoorvasaxena/.pyenv/versions/airflow-venv/lib/python3.10/site-packages/airflow/example_dags/plugins/listener_plugin.py for tasks to queue
[2024-07-21T21:04:38.564+0100] {logging_mixin.py:151} INFO - [2024-07-21T21:04:38.564+0100] {dagbag.py:539} INFO - Filling up the DagBag from /Users/apoorvasaxena/.pyenv/versions/airflow-venv/lib/python3.10/site-packages/airflow/example_dags/plugins/listener_plugin.py
[2024-07-21T21:04:38.564+0100] {processor.py:841} WARNING - No viable dags retrieved from /Users/apoorvasaxena/.pyenv/versions/airflow-venv/lib/python3.10/site-packages/airflow/example_dags/plugins/listener_plugin.py
[2024-07-21T21:04:38.619+0100] {processor.py:179} INFO - Processing /Users/apoorvasaxena/.pyenv/versions/airflow-venv/lib/python3.10/site-packages/airflow/example_dags/plugins/listener_plugin.py took 0.058 seconds
[2024-07-21T21:05:15.980+0100] {processor.py:157} INFO - Started process (PID=84570) to work on /Users/apoorvasaxena/.pyenv/versions/airflow-venv/lib/python3.10/site-packages/airflow/example_dags/plugins/listener_plugin.py
[2024-07-21T21:05:15.983+0100] {processor.py:829} INFO - Processing file /Users/apoorvasaxena/.pyenv/versions/airflow-venv/lib/python3.10/site-packages/airflow/example_dags/plugins/listener_plugin.py for tasks to queue
[2024-07-21T21:05:15.983+0100] {logging_mixin.py:151} INFO - [2024-07-21T21:05:15.983+0100] {dagbag.py:539} INFO - Filling up the DagBag from /Users/apoorvasaxena/.pyenv/versions/airflow-venv/lib/python3.10/site-packages/airflow/example_dags/plugins/listener_plugin.py
[2024-07-21T21:05:15.984+0100] {processor.py:841} WARNING - No viable dags retrieved from /Users/apoorvasaxena/.pyenv/versions/airflow-venv/lib/python3.10/site-packages/airflow/example_dags/plugins/listener_plugin.py
[2024-07-21T21:05:16.038+0100] {processor.py:179} INFO - Processing /Users/apoorvasaxena/.pyenv/versions/airflow-venv/lib/python3.10/site-packages/airflow/example_dags/plugins/listener_plugin.py took 0.059 seconds
[2024-07-21T21:05:51.621+0100] {processor.py:157} INFO - Started process (PID=84609) to work on /Users/apoorvasaxena/.pyenv/versions/airflow-venv/lib/python3.10/site-packages/airflow/example_dags/plugins/listener_plugin.py
[2024-07-21T21:05:51.623+0100] {processor.py:829} INFO - Processing file /Users/apoorvasaxena/.pyenv/versions/airflow-venv/lib/python3.10/site-packages/airflow/example_dags/plugins/listener_plugin.py for tasks to queue
[2024-07-21T21:05:51.623+0100] {logging_mixin.py:151} INFO - [2024-07-21T21:05:51.623+0100] {dagbag.py:539} INFO - Filling up the DagBag from /Users/apoorvasaxena/.pyenv/versions/airflow-venv/lib/python3.10/site-packages/airflow/example_dags/plugins/listener_plugin.py
[2024-07-21T21:05:51.624+0100] {processor.py:841} WARNING - No viable dags retrieved from /Users/apoorvasaxena/.pyenv/versions/airflow-venv/lib/python3.10/site-packages/airflow/example_dags/plugins/listener_plugin.py
[2024-07-21T21:05:51.677+0100] {processor.py:179} INFO - Processing /Users/apoorvasaxena/.pyenv/versions/airflow-venv/lib/python3.10/site-packages/airflow/example_dags/plugins/listener_plugin.py took 0.057 seconds
[2024-07-21T21:06:26.852+0100] {processor.py:157} INFO - Started process (PID=84664) to work on /Users/apoorvasaxena/.pyenv/versions/airflow-venv/lib/python3.10/site-packages/airflow/example_dags/plugins/listener_plugin.py
[2024-07-21T21:06:26.855+0100] {processor.py:829} INFO - Processing file /Users/apoorvasaxena/.pyenv/versions/airflow-venv/lib/python3.10/site-packages/airflow/example_dags/plugins/listener_plugin.py for tasks to queue
[2024-07-21T21:06:26.856+0100] {logging_mixin.py:151} INFO - [2024-07-21T21:06:26.856+0100] {dagbag.py:539} INFO - Filling up the DagBag from /Users/apoorvasaxena/.pyenv/versions/airflow-venv/lib/python3.10/site-packages/airflow/example_dags/plugins/listener_plugin.py
[2024-07-21T21:06:26.857+0100] {processor.py:841} WARNING - No viable dags retrieved from /Users/apoorvasaxena/.pyenv/versions/airflow-venv/lib/python3.10/site-packages/airflow/example_dags/plugins/listener_plugin.py
[2024-07-21T21:06:26.911+0100] {processor.py:179} INFO - Processing /Users/apoorvasaxena/.pyenv/versions/airflow-venv/lib/python3.10/site-packages/airflow/example_dags/plugins/listener_plugin.py took 0.059 seconds
[2024-07-21T21:07:01.500+0100] {processor.py:157} INFO - Started process (PID=84708) to work on /Users/apoorvasaxena/.pyenv/versions/airflow-venv/lib/python3.10/site-packages/airflow/example_dags/plugins/listener_plugin.py
[2024-07-21T21:07:01.502+0100] {processor.py:829} INFO - Processing file /Users/apoorvasaxena/.pyenv/versions/airflow-venv/lib/python3.10/site-packages/airflow/example_dags/plugins/listener_plugin.py for tasks to queue
[2024-07-21T21:07:01.502+0100] {logging_mixin.py:151} INFO - [2024-07-21T21:07:01.502+0100] {dagbag.py:539} INFO - Filling up the DagBag from /Users/apoorvasaxena/.pyenv/versions/airflow-venv/lib/python3.10/site-packages/airflow/example_dags/plugins/listener_plugin.py
[2024-07-21T21:07:01.503+0100] {processor.py:841} WARNING - No viable dags retrieved from /Users/apoorvasaxena/.pyenv/versions/airflow-venv/lib/python3.10/site-packages/airflow/example_dags/plugins/listener_plugin.py
[2024-07-21T21:07:01.557+0100] {processor.py:179} INFO - Processing /Users/apoorvasaxena/.pyenv/versions/airflow-venv/lib/python3.10/site-packages/airflow/example_dags/plugins/listener_plugin.py took 0.057 seconds
[2024-07-21T21:07:35.709+0100] {processor.py:157} INFO - Started process (PID=84750) to work on /Users/apoorvasaxena/.pyenv/versions/airflow-venv/lib/python3.10/site-packages/airflow/example_dags/plugins/listener_plugin.py
[2024-07-21T21:07:35.711+0100] {processor.py:829} INFO - Processing file /Users/apoorvasaxena/.pyenv/versions/airflow-venv/lib/python3.10/site-packages/airflow/example_dags/plugins/listener_plugin.py for tasks to queue
[2024-07-21T21:07:35.712+0100] {logging_mixin.py:151} INFO - [2024-07-21T21:07:35.712+0100] {dagbag.py:539} INFO - Filling up the DagBag from /Users/apoorvasaxena/.pyenv/versions/airflow-venv/lib/python3.10/site-packages/airflow/example_dags/plugins/listener_plugin.py
[2024-07-21T21:07:35.712+0100] {processor.py:841} WARNING - No viable dags retrieved from /Users/apoorvasaxena/.pyenv/versions/airflow-venv/lib/python3.10/site-packages/airflow/example_dags/plugins/listener_plugin.py
[2024-07-21T21:07:35.766+0100] {processor.py:179} INFO - Processing /Users/apoorvasaxena/.pyenv/versions/airflow-venv/lib/python3.10/site-packages/airflow/example_dags/plugins/listener_plugin.py took 0.057 seconds
[2024-07-21T21:08:10.888+0100] {processor.py:157} INFO - Started process (PID=84800) to work on /Users/apoorvasaxena/.pyenv/versions/airflow-venv/lib/python3.10/site-packages/airflow/example_dags/plugins/listener_plugin.py
[2024-07-21T21:08:10.890+0100] {processor.py:829} INFO - Processing file /Users/apoorvasaxena/.pyenv/versions/airflow-venv/lib/python3.10/site-packages/airflow/example_dags/plugins/listener_plugin.py for tasks to queue
[2024-07-21T21:08:10.891+0100] {logging_mixin.py:151} INFO - [2024-07-21T21:08:10.891+0100] {dagbag.py:539} INFO - Filling up the DagBag from /Users/apoorvasaxena/.pyenv/versions/airflow-venv/lib/python3.10/site-packages/airflow/example_dags/plugins/listener_plugin.py
[2024-07-21T21:08:10.893+0100] {processor.py:841} WARNING - No viable dags retrieved from /Users/apoorvasaxena/.pyenv/versions/airflow-venv/lib/python3.10/site-packages/airflow/example_dags/plugins/listener_plugin.py
[2024-07-21T21:08:10.946+0100] {processor.py:179} INFO - Processing /Users/apoorvasaxena/.pyenv/versions/airflow-venv/lib/python3.10/site-packages/airflow/example_dags/plugins/listener_plugin.py took 0.058 seconds
[2024-07-21T21:08:47.498+0100] {processor.py:157} INFO - Started process (PID=84846) to work on /Users/apoorvasaxena/.pyenv/versions/airflow-venv/lib/python3.10/site-packages/airflow/example_dags/plugins/listener_plugin.py
[2024-07-21T21:08:47.501+0100] {processor.py:829} INFO - Processing file /Users/apoorvasaxena/.pyenv/versions/airflow-venv/lib/python3.10/site-packages/airflow/example_dags/plugins/listener_plugin.py for tasks to queue
[2024-07-21T21:08:47.501+0100] {logging_mixin.py:151} INFO - [2024-07-21T21:08:47.501+0100] {dagbag.py:539} INFO - Filling up the DagBag from /Users/apoorvasaxena/.pyenv/versions/airflow-venv/lib/python3.10/site-packages/airflow/example_dags/plugins/listener_plugin.py
[2024-07-21T21:08:47.503+0100] {processor.py:841} WARNING - No viable dags retrieved from /Users/apoorvasaxena/.pyenv/versions/airflow-venv/lib/python3.10/site-packages/airflow/example_dags/plugins/listener_plugin.py
[2024-07-21T21:08:47.560+0100] {processor.py:179} INFO - Processing /Users/apoorvasaxena/.pyenv/versions/airflow-venv/lib/python3.10/site-packages/airflow/example_dags/plugins/listener_plugin.py took 0.062 seconds
[2024-07-21T21:09:23.056+0100] {processor.py:157} INFO - Started process (PID=84889) to work on /Users/apoorvasaxena/.pyenv/versions/airflow-venv/lib/python3.10/site-packages/airflow/example_dags/plugins/listener_plugin.py
[2024-07-21T21:09:23.058+0100] {processor.py:829} INFO - Processing file /Users/apoorvasaxena/.pyenv/versions/airflow-venv/lib/python3.10/site-packages/airflow/example_dags/plugins/listener_plugin.py for tasks to queue
[2024-07-21T21:09:23.059+0100] {logging_mixin.py:151} INFO - [2024-07-21T21:09:23.059+0100] {dagbag.py:539} INFO - Filling up the DagBag from /Users/apoorvasaxena/.pyenv/versions/airflow-venv/lib/python3.10/site-packages/airflow/example_dags/plugins/listener_plugin.py
[2024-07-21T21:09:23.059+0100] {processor.py:841} WARNING - No viable dags retrieved from /Users/apoorvasaxena/.pyenv/versions/airflow-venv/lib/python3.10/site-packages/airflow/example_dags/plugins/listener_plugin.py
[2024-07-21T21:09:23.114+0100] {processor.py:179} INFO - Processing /Users/apoorvasaxena/.pyenv/versions/airflow-venv/lib/python3.10/site-packages/airflow/example_dags/plugins/listener_plugin.py took 0.058 seconds
[2024-07-21T21:10:00.769+0100] {processor.py:157} INFO - Started process (PID=84938) to work on /Users/apoorvasaxena/.pyenv/versions/airflow-venv/lib/python3.10/site-packages/airflow/example_dags/plugins/listener_plugin.py
[2024-07-21T21:10:00.771+0100] {processor.py:829} INFO - Processing file /Users/apoorvasaxena/.pyenv/versions/airflow-venv/lib/python3.10/site-packages/airflow/example_dags/plugins/listener_plugin.py for tasks to queue
[2024-07-21T21:10:00.771+0100] {logging_mixin.py:151} INFO - [2024-07-21T21:10:00.771+0100] {dagbag.py:539} INFO - Filling up the DagBag from /Users/apoorvasaxena/.pyenv/versions/airflow-venv/lib/python3.10/site-packages/airflow/example_dags/plugins/listener_plugin.py
[2024-07-21T21:10:00.772+0100] {processor.py:841} WARNING - No viable dags retrieved from /Users/apoorvasaxena/.pyenv/versions/airflow-venv/lib/python3.10/site-packages/airflow/example_dags/plugins/listener_plugin.py
[2024-07-21T21:10:00.826+0100] {processor.py:179} INFO - Processing /Users/apoorvasaxena/.pyenv/versions/airflow-venv/lib/python3.10/site-packages/airflow/example_dags/plugins/listener_plugin.py took 0.057 seconds
[2024-07-21T21:10:36.806+0100] {processor.py:157} INFO - Started process (PID=84984) to work on /Users/apoorvasaxena/.pyenv/versions/airflow-venv/lib/python3.10/site-packages/airflow/example_dags/plugins/listener_plugin.py
[2024-07-21T21:10:36.808+0100] {processor.py:829} INFO - Processing file /Users/apoorvasaxena/.pyenv/versions/airflow-venv/lib/python3.10/site-packages/airflow/example_dags/plugins/listener_plugin.py for tasks to queue
[2024-07-21T21:10:36.808+0100] {logging_mixin.py:151} INFO - [2024-07-21T21:10:36.808+0100] {dagbag.py:539} INFO - Filling up the DagBag from /Users/apoorvasaxena/.pyenv/versions/airflow-venv/lib/python3.10/site-packages/airflow/example_dags/plugins/listener_plugin.py
[2024-07-21T21:10:36.810+0100] {processor.py:841} WARNING - No viable dags retrieved from /Users/apoorvasaxena/.pyenv/versions/airflow-venv/lib/python3.10/site-packages/airflow/example_dags/plugins/listener_plugin.py
[2024-07-21T21:10:36.863+0100] {processor.py:179} INFO - Processing /Users/apoorvasaxena/.pyenv/versions/airflow-venv/lib/python3.10/site-packages/airflow/example_dags/plugins/listener_plugin.py took 0.058 seconds
[2024-07-21T21:11:13.876+0100] {processor.py:157} INFO - Started process (PID=85038) to work on /Users/apoorvasaxena/.pyenv/versions/airflow-venv/lib/python3.10/site-packages/airflow/example_dags/plugins/listener_plugin.py
[2024-07-21T21:11:13.879+0100] {processor.py:829} INFO - Processing file /Users/apoorvasaxena/.pyenv/versions/airflow-venv/lib/python3.10/site-packages/airflow/example_dags/plugins/listener_plugin.py for tasks to queue
[2024-07-21T21:11:13.879+0100] {logging_mixin.py:151} INFO - [2024-07-21T21:11:13.879+0100] {dagbag.py:539} INFO - Filling up the DagBag from /Users/apoorvasaxena/.pyenv/versions/airflow-venv/lib/python3.10/site-packages/airflow/example_dags/plugins/listener_plugin.py
[2024-07-21T21:11:13.880+0100] {processor.py:841} WARNING - No viable dags retrieved from /Users/apoorvasaxena/.pyenv/versions/airflow-venv/lib/python3.10/site-packages/airflow/example_dags/plugins/listener_plugin.py
[2024-07-21T21:11:13.933+0100] {processor.py:179} INFO - Processing /Users/apoorvasaxena/.pyenv/versions/airflow-venv/lib/python3.10/site-packages/airflow/example_dags/plugins/listener_plugin.py took 0.058 seconds
[2024-07-21T21:11:51.395+0100] {processor.py:157} INFO - Started process (PID=85084) to work on /Users/apoorvasaxena/.pyenv/versions/airflow-venv/lib/python3.10/site-packages/airflow/example_dags/plugins/listener_plugin.py
[2024-07-21T21:11:51.397+0100] {processor.py:829} INFO - Processing file /Users/apoorvasaxena/.pyenv/versions/airflow-venv/lib/python3.10/site-packages/airflow/example_dags/plugins/listener_plugin.py for tasks to queue
[2024-07-21T21:11:51.398+0100] {logging_mixin.py:151} INFO - [2024-07-21T21:11:51.398+0100] {dagbag.py:539} INFO - Filling up the DagBag from /Users/apoorvasaxena/.pyenv/versions/airflow-venv/lib/python3.10/site-packages/airflow/example_dags/plugins/listener_plugin.py
[2024-07-21T21:11:51.399+0100] {processor.py:841} WARNING - No viable dags retrieved from /Users/apoorvasaxena/.pyenv/versions/airflow-venv/lib/python3.10/site-packages/airflow/example_dags/plugins/listener_plugin.py
[2024-07-21T21:11:51.454+0100] {processor.py:179} INFO - Processing /Users/apoorvasaxena/.pyenv/versions/airflow-venv/lib/python3.10/site-packages/airflow/example_dags/plugins/listener_plugin.py took 0.059 seconds
[2024-07-21T21:12:25.920+0100] {processor.py:157} INFO - Started process (PID=85128) to work on /Users/apoorvasaxena/.pyenv/versions/airflow-venv/lib/python3.10/site-packages/airflow/example_dags/plugins/listener_plugin.py
[2024-07-21T21:12:25.923+0100] {processor.py:829} INFO - Processing file /Users/apoorvasaxena/.pyenv/versions/airflow-venv/lib/python3.10/site-packages/airflow/example_dags/plugins/listener_plugin.py for tasks to queue
[2024-07-21T21:12:25.923+0100] {logging_mixin.py:151} INFO - [2024-07-21T21:12:25.923+0100] {dagbag.py:539} INFO - Filling up the DagBag from /Users/apoorvasaxena/.pyenv/versions/airflow-venv/lib/python3.10/site-packages/airflow/example_dags/plugins/listener_plugin.py
[2024-07-21T21:12:25.925+0100] {processor.py:841} WARNING - No viable dags retrieved from /Users/apoorvasaxena/.pyenv/versions/airflow-venv/lib/python3.10/site-packages/airflow/example_dags/plugins/listener_plugin.py
[2024-07-21T21:12:25.979+0100] {processor.py:179} INFO - Processing /Users/apoorvasaxena/.pyenv/versions/airflow-venv/lib/python3.10/site-packages/airflow/example_dags/plugins/listener_plugin.py took 0.059 seconds
[2024-07-21T21:13:01.791+0100] {processor.py:157} INFO - Started process (PID=85177) to work on /Users/apoorvasaxena/.pyenv/versions/airflow-venv/lib/python3.10/site-packages/airflow/example_dags/plugins/listener_plugin.py
[2024-07-21T21:13:01.793+0100] {processor.py:829} INFO - Processing file /Users/apoorvasaxena/.pyenv/versions/airflow-venv/lib/python3.10/site-packages/airflow/example_dags/plugins/listener_plugin.py for tasks to queue
[2024-07-21T21:13:01.793+0100] {logging_mixin.py:151} INFO - [2024-07-21T21:13:01.793+0100] {dagbag.py:539} INFO - Filling up the DagBag from /Users/apoorvasaxena/.pyenv/versions/airflow-venv/lib/python3.10/site-packages/airflow/example_dags/plugins/listener_plugin.py
[2024-07-21T21:13:01.794+0100] {processor.py:841} WARNING - No viable dags retrieved from /Users/apoorvasaxena/.pyenv/versions/airflow-venv/lib/python3.10/site-packages/airflow/example_dags/plugins/listener_plugin.py
[2024-07-21T21:13:01.848+0100] {processor.py:179} INFO - Processing /Users/apoorvasaxena/.pyenv/versions/airflow-venv/lib/python3.10/site-packages/airflow/example_dags/plugins/listener_plugin.py took 0.057 seconds
[2024-07-21T21:13:38.608+0100] {processor.py:157} INFO - Started process (PID=85225) to work on /Users/apoorvasaxena/.pyenv/versions/airflow-venv/lib/python3.10/site-packages/airflow/example_dags/plugins/listener_plugin.py
[2024-07-21T21:13:38.610+0100] {processor.py:829} INFO - Processing file /Users/apoorvasaxena/.pyenv/versions/airflow-venv/lib/python3.10/site-packages/airflow/example_dags/plugins/listener_plugin.py for tasks to queue
[2024-07-21T21:13:38.611+0100] {logging_mixin.py:151} INFO - [2024-07-21T21:13:38.610+0100] {dagbag.py:539} INFO - Filling up the DagBag from /Users/apoorvasaxena/.pyenv/versions/airflow-venv/lib/python3.10/site-packages/airflow/example_dags/plugins/listener_plugin.py
[2024-07-21T21:13:38.611+0100] {processor.py:841} WARNING - No viable dags retrieved from /Users/apoorvasaxena/.pyenv/versions/airflow-venv/lib/python3.10/site-packages/airflow/example_dags/plugins/listener_plugin.py
[2024-07-21T21:13:38.665+0100] {processor.py:179} INFO - Processing /Users/apoorvasaxena/.pyenv/versions/airflow-venv/lib/python3.10/site-packages/airflow/example_dags/plugins/listener_plugin.py took 0.057 seconds
[2024-07-21T21:14:12.254+0100] {processor.py:157} INFO - Started process (PID=85273) to work on /Users/apoorvasaxena/.pyenv/versions/airflow-venv/lib/python3.10/site-packages/airflow/example_dags/plugins/listener_plugin.py
[2024-07-21T21:14:12.256+0100] {processor.py:829} INFO - Processing file /Users/apoorvasaxena/.pyenv/versions/airflow-venv/lib/python3.10/site-packages/airflow/example_dags/plugins/listener_plugin.py for tasks to queue
[2024-07-21T21:14:12.256+0100] {logging_mixin.py:151} INFO - [2024-07-21T21:14:12.256+0100] {dagbag.py:539} INFO - Filling up the DagBag from /Users/apoorvasaxena/.pyenv/versions/airflow-venv/lib/python3.10/site-packages/airflow/example_dags/plugins/listener_plugin.py
[2024-07-21T21:14:12.257+0100] {processor.py:841} WARNING - No viable dags retrieved from /Users/apoorvasaxena/.pyenv/versions/airflow-venv/lib/python3.10/site-packages/airflow/example_dags/plugins/listener_plugin.py
[2024-07-21T21:14:12.312+0100] {processor.py:179} INFO - Processing /Users/apoorvasaxena/.pyenv/versions/airflow-venv/lib/python3.10/site-packages/airflow/example_dags/plugins/listener_plugin.py took 0.058 seconds
[2024-07-21T21:14:48.221+0100] {processor.py:157} INFO - Started process (PID=85319) to work on /Users/apoorvasaxena/.pyenv/versions/airflow-venv/lib/python3.10/site-packages/airflow/example_dags/plugins/listener_plugin.py
[2024-07-21T21:14:48.223+0100] {processor.py:829} INFO - Processing file /Users/apoorvasaxena/.pyenv/versions/airflow-venv/lib/python3.10/site-packages/airflow/example_dags/plugins/listener_plugin.py for tasks to queue
[2024-07-21T21:14:48.223+0100] {logging_mixin.py:151} INFO - [2024-07-21T21:14:48.223+0100] {dagbag.py:539} INFO - Filling up the DagBag from /Users/apoorvasaxena/.pyenv/versions/airflow-venv/lib/python3.10/site-packages/airflow/example_dags/plugins/listener_plugin.py
[2024-07-21T21:14:48.224+0100] {processor.py:841} WARNING - No viable dags retrieved from /Users/apoorvasaxena/.pyenv/versions/airflow-venv/lib/python3.10/site-packages/airflow/example_dags/plugins/listener_plugin.py
[2024-07-21T21:14:48.278+0100] {processor.py:179} INFO - Processing /Users/apoorvasaxena/.pyenv/versions/airflow-venv/lib/python3.10/site-packages/airflow/example_dags/plugins/listener_plugin.py took 0.057 seconds
[2024-07-21T21:15:23.424+0100] {processor.py:157} INFO - Started process (PID=85363) to work on /Users/apoorvasaxena/.pyenv/versions/airflow-venv/lib/python3.10/site-packages/airflow/example_dags/plugins/listener_plugin.py
[2024-07-21T21:15:23.426+0100] {processor.py:829} INFO - Processing file /Users/apoorvasaxena/.pyenv/versions/airflow-venv/lib/python3.10/site-packages/airflow/example_dags/plugins/listener_plugin.py for tasks to queue
[2024-07-21T21:15:23.426+0100] {logging_mixin.py:151} INFO - [2024-07-21T21:15:23.426+0100] {dagbag.py:539} INFO - Filling up the DagBag from /Users/apoorvasaxena/.pyenv/versions/airflow-venv/lib/python3.10/site-packages/airflow/example_dags/plugins/listener_plugin.py
[2024-07-21T21:15:23.428+0100] {processor.py:841} WARNING - No viable dags retrieved from /Users/apoorvasaxena/.pyenv/versions/airflow-venv/lib/python3.10/site-packages/airflow/example_dags/plugins/listener_plugin.py
[2024-07-21T21:15:23.482+0100] {processor.py:179} INFO - Processing /Users/apoorvasaxena/.pyenv/versions/airflow-venv/lib/python3.10/site-packages/airflow/example_dags/plugins/listener_plugin.py took 0.058 seconds
[2024-07-21T21:15:58.125+0100] {processor.py:157} INFO - Started process (PID=85411) to work on /Users/apoorvasaxena/.pyenv/versions/airflow-venv/lib/python3.10/site-packages/airflow/example_dags/plugins/listener_plugin.py
[2024-07-21T21:15:58.127+0100] {processor.py:829} INFO - Processing file /Users/apoorvasaxena/.pyenv/versions/airflow-venv/lib/python3.10/site-packages/airflow/example_dags/plugins/listener_plugin.py for tasks to queue
[2024-07-21T21:15:58.127+0100] {logging_mixin.py:151} INFO - [2024-07-21T21:15:58.127+0100] {dagbag.py:539} INFO - Filling up the DagBag from /Users/apoorvasaxena/.pyenv/versions/airflow-venv/lib/python3.10/site-packages/airflow/example_dags/plugins/listener_plugin.py
[2024-07-21T21:15:58.129+0100] {processor.py:841} WARNING - No viable dags retrieved from /Users/apoorvasaxena/.pyenv/versions/airflow-venv/lib/python3.10/site-packages/airflow/example_dags/plugins/listener_plugin.py
[2024-07-21T21:15:58.189+0100] {processor.py:179} INFO - Processing /Users/apoorvasaxena/.pyenv/versions/airflow-venv/lib/python3.10/site-packages/airflow/example_dags/plugins/listener_plugin.py took 0.065 seconds
[2024-07-21T21:16:33.100+0100] {processor.py:157} INFO - Started process (PID=85464) to work on /Users/apoorvasaxena/.pyenv/versions/airflow-venv/lib/python3.10/site-packages/airflow/example_dags/plugins/listener_plugin.py
[2024-07-21T21:16:33.102+0100] {processor.py:829} INFO - Processing file /Users/apoorvasaxena/.pyenv/versions/airflow-venv/lib/python3.10/site-packages/airflow/example_dags/plugins/listener_plugin.py for tasks to queue
[2024-07-21T21:16:33.102+0100] {logging_mixin.py:151} INFO - [2024-07-21T21:16:33.102+0100] {dagbag.py:539} INFO - Filling up the DagBag from /Users/apoorvasaxena/.pyenv/versions/airflow-venv/lib/python3.10/site-packages/airflow/example_dags/plugins/listener_plugin.py
[2024-07-21T21:16:33.103+0100] {processor.py:841} WARNING - No viable dags retrieved from /Users/apoorvasaxena/.pyenv/versions/airflow-venv/lib/python3.10/site-packages/airflow/example_dags/plugins/listener_plugin.py
[2024-07-21T21:16:33.157+0100] {processor.py:179} INFO - Processing /Users/apoorvasaxena/.pyenv/versions/airflow-venv/lib/python3.10/site-packages/airflow/example_dags/plugins/listener_plugin.py took 0.058 seconds
[2024-07-21T21:17:09.516+0100] {processor.py:157} INFO - Started process (PID=85513) to work on /Users/apoorvasaxena/.pyenv/versions/airflow-venv/lib/python3.10/site-packages/airflow/example_dags/plugins/listener_plugin.py
[2024-07-21T21:17:09.519+0100] {processor.py:829} INFO - Processing file /Users/apoorvasaxena/.pyenv/versions/airflow-venv/lib/python3.10/site-packages/airflow/example_dags/plugins/listener_plugin.py for tasks to queue
[2024-07-21T21:17:09.519+0100] {logging_mixin.py:151} INFO - [2024-07-21T21:17:09.519+0100] {dagbag.py:539} INFO - Filling up the DagBag from /Users/apoorvasaxena/.pyenv/versions/airflow-venv/lib/python3.10/site-packages/airflow/example_dags/plugins/listener_plugin.py
[2024-07-21T21:17:09.520+0100] {processor.py:841} WARNING - No viable dags retrieved from /Users/apoorvasaxena/.pyenv/versions/airflow-venv/lib/python3.10/site-packages/airflow/example_dags/plugins/listener_plugin.py
[2024-07-21T21:17:09.573+0100] {processor.py:179} INFO - Processing /Users/apoorvasaxena/.pyenv/versions/airflow-venv/lib/python3.10/site-packages/airflow/example_dags/plugins/listener_plugin.py took 0.058 seconds
[2024-07-21T21:17:44.284+0100] {processor.py:157} INFO - Started process (PID=85562) to work on /Users/apoorvasaxena/.pyenv/versions/airflow-venv/lib/python3.10/site-packages/airflow/example_dags/plugins/listener_plugin.py
[2024-07-21T21:17:44.287+0100] {processor.py:829} INFO - Processing file /Users/apoorvasaxena/.pyenv/versions/airflow-venv/lib/python3.10/site-packages/airflow/example_dags/plugins/listener_plugin.py for tasks to queue
[2024-07-21T21:17:44.287+0100] {logging_mixin.py:151} INFO - [2024-07-21T21:17:44.287+0100] {dagbag.py:539} INFO - Filling up the DagBag from /Users/apoorvasaxena/.pyenv/versions/airflow-venv/lib/python3.10/site-packages/airflow/example_dags/plugins/listener_plugin.py
[2024-07-21T21:17:44.288+0100] {processor.py:841} WARNING - No viable dags retrieved from /Users/apoorvasaxena/.pyenv/versions/airflow-venv/lib/python3.10/site-packages/airflow/example_dags/plugins/listener_plugin.py
[2024-07-21T21:17:44.342+0100] {processor.py:179} INFO - Processing /Users/apoorvasaxena/.pyenv/versions/airflow-venv/lib/python3.10/site-packages/airflow/example_dags/plugins/listener_plugin.py took 0.058 seconds
[2024-07-21T21:18:18.337+0100] {processor.py:157} INFO - Started process (PID=85605) to work on /Users/apoorvasaxena/.pyenv/versions/airflow-venv/lib/python3.10/site-packages/airflow/example_dags/plugins/listener_plugin.py
[2024-07-21T21:18:18.339+0100] {processor.py:829} INFO - Processing file /Users/apoorvasaxena/.pyenv/versions/airflow-venv/lib/python3.10/site-packages/airflow/example_dags/plugins/listener_plugin.py for tasks to queue
[2024-07-21T21:18:18.339+0100] {logging_mixin.py:151} INFO - [2024-07-21T21:18:18.339+0100] {dagbag.py:539} INFO - Filling up the DagBag from /Users/apoorvasaxena/.pyenv/versions/airflow-venv/lib/python3.10/site-packages/airflow/example_dags/plugins/listener_plugin.py
[2024-07-21T21:18:18.341+0100] {processor.py:841} WARNING - No viable dags retrieved from /Users/apoorvasaxena/.pyenv/versions/airflow-venv/lib/python3.10/site-packages/airflow/example_dags/plugins/listener_plugin.py
[2024-07-21T21:18:18.395+0100] {processor.py:179} INFO - Processing /Users/apoorvasaxena/.pyenv/versions/airflow-venv/lib/python3.10/site-packages/airflow/example_dags/plugins/listener_plugin.py took 0.058 seconds
[2024-07-21T21:18:52.977+0100] {processor.py:157} INFO - Started process (PID=85649) to work on /Users/apoorvasaxena/.pyenv/versions/airflow-venv/lib/python3.10/site-packages/airflow/example_dags/plugins/listener_plugin.py
[2024-07-21T21:18:52.979+0100] {processor.py:829} INFO - Processing file /Users/apoorvasaxena/.pyenv/versions/airflow-venv/lib/python3.10/site-packages/airflow/example_dags/plugins/listener_plugin.py for tasks to queue
[2024-07-21T21:18:52.979+0100] {logging_mixin.py:151} INFO - [2024-07-21T21:18:52.979+0100] {dagbag.py:539} INFO - Filling up the DagBag from /Users/apoorvasaxena/.pyenv/versions/airflow-venv/lib/python3.10/site-packages/airflow/example_dags/plugins/listener_plugin.py
[2024-07-21T21:18:52.981+0100] {processor.py:841} WARNING - No viable dags retrieved from /Users/apoorvasaxena/.pyenv/versions/airflow-venv/lib/python3.10/site-packages/airflow/example_dags/plugins/listener_plugin.py
[2024-07-21T21:18:53.034+0100] {processor.py:179} INFO - Processing /Users/apoorvasaxena/.pyenv/versions/airflow-venv/lib/python3.10/site-packages/airflow/example_dags/plugins/listener_plugin.py took 0.058 seconds
[2024-07-21T21:19:29.707+0100] {processor.py:157} INFO - Started process (PID=85695) to work on /Users/apoorvasaxena/.pyenv/versions/airflow-venv/lib/python3.10/site-packages/airflow/example_dags/plugins/listener_plugin.py
[2024-07-21T21:19:29.709+0100] {processor.py:829} INFO - Processing file /Users/apoorvasaxena/.pyenv/versions/airflow-venv/lib/python3.10/site-packages/airflow/example_dags/plugins/listener_plugin.py for tasks to queue
[2024-07-21T21:19:29.709+0100] {logging_mixin.py:151} INFO - [2024-07-21T21:19:29.709+0100] {dagbag.py:539} INFO - Filling up the DagBag from /Users/apoorvasaxena/.pyenv/versions/airflow-venv/lib/python3.10/site-packages/airflow/example_dags/plugins/listener_plugin.py
[2024-07-21T21:19:29.709+0100] {processor.py:841} WARNING - No viable dags retrieved from /Users/apoorvasaxena/.pyenv/versions/airflow-venv/lib/python3.10/site-packages/airflow/example_dags/plugins/listener_plugin.py
[2024-07-21T21:19:29.763+0100] {processor.py:179} INFO - Processing /Users/apoorvasaxena/.pyenv/versions/airflow-venv/lib/python3.10/site-packages/airflow/example_dags/plugins/listener_plugin.py took 0.057 seconds
[2024-07-21T21:20:05.865+0100] {processor.py:157} INFO - Started process (PID=85742) to work on /Users/apoorvasaxena/.pyenv/versions/airflow-venv/lib/python3.10/site-packages/airflow/example_dags/plugins/listener_plugin.py
[2024-07-21T21:20:05.867+0100] {processor.py:829} INFO - Processing file /Users/apoorvasaxena/.pyenv/versions/airflow-venv/lib/python3.10/site-packages/airflow/example_dags/plugins/listener_plugin.py for tasks to queue
[2024-07-21T21:20:05.868+0100] {logging_mixin.py:151} INFO - [2024-07-21T21:20:05.868+0100] {dagbag.py:539} INFO - Filling up the DagBag from /Users/apoorvasaxena/.pyenv/versions/airflow-venv/lib/python3.10/site-packages/airflow/example_dags/plugins/listener_plugin.py
[2024-07-21T21:20:05.868+0100] {processor.py:841} WARNING - No viable dags retrieved from /Users/apoorvasaxena/.pyenv/versions/airflow-venv/lib/python3.10/site-packages/airflow/example_dags/plugins/listener_plugin.py
[2024-07-21T21:20:05.925+0100] {processor.py:179} INFO - Processing /Users/apoorvasaxena/.pyenv/versions/airflow-venv/lib/python3.10/site-packages/airflow/example_dags/plugins/listener_plugin.py took 0.061 seconds
[2024-07-21T21:20:42.944+0100] {processor.py:157} INFO - Started process (PID=85800) to work on /Users/apoorvasaxena/.pyenv/versions/airflow-venv/lib/python3.10/site-packages/airflow/example_dags/plugins/listener_plugin.py
[2024-07-21T21:20:42.946+0100] {processor.py:829} INFO - Processing file /Users/apoorvasaxena/.pyenv/versions/airflow-venv/lib/python3.10/site-packages/airflow/example_dags/plugins/listener_plugin.py for tasks to queue
[2024-07-21T21:20:42.946+0100] {logging_mixin.py:151} INFO - [2024-07-21T21:20:42.946+0100] {dagbag.py:539} INFO - Filling up the DagBag from /Users/apoorvasaxena/.pyenv/versions/airflow-venv/lib/python3.10/site-packages/airflow/example_dags/plugins/listener_plugin.py
[2024-07-21T21:20:42.947+0100] {processor.py:841} WARNING - No viable dags retrieved from /Users/apoorvasaxena/.pyenv/versions/airflow-venv/lib/python3.10/site-packages/airflow/example_dags/plugins/listener_plugin.py
[2024-07-21T21:20:43.000+0100] {processor.py:179} INFO - Processing /Users/apoorvasaxena/.pyenv/versions/airflow-venv/lib/python3.10/site-packages/airflow/example_dags/plugins/listener_plugin.py took 0.056 seconds
[2024-07-21T21:21:19.209+0100] {processor.py:157} INFO - Started process (PID=85845) to work on /Users/apoorvasaxena/.pyenv/versions/airflow-venv/lib/python3.10/site-packages/airflow/example_dags/plugins/listener_plugin.py
[2024-07-21T21:21:19.211+0100] {processor.py:829} INFO - Processing file /Users/apoorvasaxena/.pyenv/versions/airflow-venv/lib/python3.10/site-packages/airflow/example_dags/plugins/listener_plugin.py for tasks to queue
[2024-07-21T21:21:19.211+0100] {logging_mixin.py:151} INFO - [2024-07-21T21:21:19.211+0100] {dagbag.py:539} INFO - Filling up the DagBag from /Users/apoorvasaxena/.pyenv/versions/airflow-venv/lib/python3.10/site-packages/airflow/example_dags/plugins/listener_plugin.py
[2024-07-21T21:21:19.212+0100] {processor.py:841} WARNING - No viable dags retrieved from /Users/apoorvasaxena/.pyenv/versions/airflow-venv/lib/python3.10/site-packages/airflow/example_dags/plugins/listener_plugin.py
[2024-07-21T21:21:19.266+0100] {processor.py:179} INFO - Processing /Users/apoorvasaxena/.pyenv/versions/airflow-venv/lib/python3.10/site-packages/airflow/example_dags/plugins/listener_plugin.py took 0.057 seconds
[2024-07-21T21:21:53.615+0100] {processor.py:157} INFO - Started process (PID=85889) to work on /Users/apoorvasaxena/.pyenv/versions/airflow-venv/lib/python3.10/site-packages/airflow/example_dags/plugins/listener_plugin.py
[2024-07-21T21:21:53.618+0100] {processor.py:829} INFO - Processing file /Users/apoorvasaxena/.pyenv/versions/airflow-venv/lib/python3.10/site-packages/airflow/example_dags/plugins/listener_plugin.py for tasks to queue
[2024-07-21T21:21:53.618+0100] {logging_mixin.py:151} INFO - [2024-07-21T21:21:53.618+0100] {dagbag.py:539} INFO - Filling up the DagBag from /Users/apoorvasaxena/.pyenv/versions/airflow-venv/lib/python3.10/site-packages/airflow/example_dags/plugins/listener_plugin.py
[2024-07-21T21:21:53.619+0100] {processor.py:841} WARNING - No viable dags retrieved from /Users/apoorvasaxena/.pyenv/versions/airflow-venv/lib/python3.10/site-packages/airflow/example_dags/plugins/listener_plugin.py
[2024-07-21T21:21:53.673+0100] {processor.py:179} INFO - Processing /Users/apoorvasaxena/.pyenv/versions/airflow-venv/lib/python3.10/site-packages/airflow/example_dags/plugins/listener_plugin.py took 0.058 seconds
[2024-07-21T21:22:28.749+0100] {processor.py:157} INFO - Started process (PID=85937) to work on /Users/apoorvasaxena/.pyenv/versions/airflow-venv/lib/python3.10/site-packages/airflow/example_dags/plugins/listener_plugin.py
[2024-07-21T21:22:28.751+0100] {processor.py:829} INFO - Processing file /Users/apoorvasaxena/.pyenv/versions/airflow-venv/lib/python3.10/site-packages/airflow/example_dags/plugins/listener_plugin.py for tasks to queue
[2024-07-21T21:22:28.751+0100] {logging_mixin.py:151} INFO - [2024-07-21T21:22:28.751+0100] {dagbag.py:539} INFO - Filling up the DagBag from /Users/apoorvasaxena/.pyenv/versions/airflow-venv/lib/python3.10/site-packages/airflow/example_dags/plugins/listener_plugin.py
[2024-07-21T21:22:28.752+0100] {processor.py:841} WARNING - No viable dags retrieved from /Users/apoorvasaxena/.pyenv/versions/airflow-venv/lib/python3.10/site-packages/airflow/example_dags/plugins/listener_plugin.py
[2024-07-21T21:22:28.806+0100] {processor.py:179} INFO - Processing /Users/apoorvasaxena/.pyenv/versions/airflow-venv/lib/python3.10/site-packages/airflow/example_dags/plugins/listener_plugin.py took 0.057 seconds
[2024-07-21T21:23:05.315+0100] {processor.py:157} INFO - Started process (PID=85983) to work on /Users/apoorvasaxena/.pyenv/versions/airflow-venv/lib/python3.10/site-packages/airflow/example_dags/plugins/listener_plugin.py
[2024-07-21T21:23:05.318+0100] {processor.py:829} INFO - Processing file /Users/apoorvasaxena/.pyenv/versions/airflow-venv/lib/python3.10/site-packages/airflow/example_dags/plugins/listener_plugin.py for tasks to queue
[2024-07-21T21:23:05.318+0100] {logging_mixin.py:151} INFO - [2024-07-21T21:23:05.318+0100] {dagbag.py:539} INFO - Filling up the DagBag from /Users/apoorvasaxena/.pyenv/versions/airflow-venv/lib/python3.10/site-packages/airflow/example_dags/plugins/listener_plugin.py
[2024-07-21T21:23:05.319+0100] {processor.py:841} WARNING - No viable dags retrieved from /Users/apoorvasaxena/.pyenv/versions/airflow-venv/lib/python3.10/site-packages/airflow/example_dags/plugins/listener_plugin.py
[2024-07-21T21:23:05.373+0100] {processor.py:179} INFO - Processing /Users/apoorvasaxena/.pyenv/versions/airflow-venv/lib/python3.10/site-packages/airflow/example_dags/plugins/listener_plugin.py took 0.059 seconds
[2024-07-21T21:23:41.219+0100] {processor.py:157} INFO - Started process (PID=86034) to work on /Users/apoorvasaxena/.pyenv/versions/airflow-venv/lib/python3.10/site-packages/airflow/example_dags/plugins/listener_plugin.py
[2024-07-21T21:23:41.221+0100] {processor.py:829} INFO - Processing file /Users/apoorvasaxena/.pyenv/versions/airflow-venv/lib/python3.10/site-packages/airflow/example_dags/plugins/listener_plugin.py for tasks to queue
[2024-07-21T21:23:41.221+0100] {logging_mixin.py:151} INFO - [2024-07-21T21:23:41.221+0100] {dagbag.py:539} INFO - Filling up the DagBag from /Users/apoorvasaxena/.pyenv/versions/airflow-venv/lib/python3.10/site-packages/airflow/example_dags/plugins/listener_plugin.py
[2024-07-21T21:23:41.222+0100] {processor.py:841} WARNING - No viable dags retrieved from /Users/apoorvasaxena/.pyenv/versions/airflow-venv/lib/python3.10/site-packages/airflow/example_dags/plugins/listener_plugin.py
[2024-07-21T21:23:41.275+0100] {processor.py:179} INFO - Processing /Users/apoorvasaxena/.pyenv/versions/airflow-venv/lib/python3.10/site-packages/airflow/example_dags/plugins/listener_plugin.py took 0.057 seconds
[2024-07-21T21:24:16.308+0100] {processor.py:157} INFO - Started process (PID=86080) to work on /Users/apoorvasaxena/.pyenv/versions/airflow-venv/lib/python3.10/site-packages/airflow/example_dags/plugins/listener_plugin.py
[2024-07-21T21:24:16.310+0100] {processor.py:829} INFO - Processing file /Users/apoorvasaxena/.pyenv/versions/airflow-venv/lib/python3.10/site-packages/airflow/example_dags/plugins/listener_plugin.py for tasks to queue
[2024-07-21T21:24:16.311+0100] {logging_mixin.py:151} INFO - [2024-07-21T21:24:16.310+0100] {dagbag.py:539} INFO - Filling up the DagBag from /Users/apoorvasaxena/.pyenv/versions/airflow-venv/lib/python3.10/site-packages/airflow/example_dags/plugins/listener_plugin.py
[2024-07-21T21:24:16.312+0100] {processor.py:841} WARNING - No viable dags retrieved from /Users/apoorvasaxena/.pyenv/versions/airflow-venv/lib/python3.10/site-packages/airflow/example_dags/plugins/listener_plugin.py
[2024-07-21T21:24:16.365+0100] {processor.py:179} INFO - Processing /Users/apoorvasaxena/.pyenv/versions/airflow-venv/lib/python3.10/site-packages/airflow/example_dags/plugins/listener_plugin.py took 0.058 seconds
[2024-07-21T21:24:52.084+0100] {processor.py:157} INFO - Started process (PID=86133) to work on /Users/apoorvasaxena/.pyenv/versions/airflow-venv/lib/python3.10/site-packages/airflow/example_dags/plugins/listener_plugin.py
[2024-07-21T21:24:52.086+0100] {processor.py:829} INFO - Processing file /Users/apoorvasaxena/.pyenv/versions/airflow-venv/lib/python3.10/site-packages/airflow/example_dags/plugins/listener_plugin.py for tasks to queue
[2024-07-21T21:24:52.086+0100] {logging_mixin.py:151} INFO - [2024-07-21T21:24:52.086+0100] {dagbag.py:539} INFO - Filling up the DagBag from /Users/apoorvasaxena/.pyenv/versions/airflow-venv/lib/python3.10/site-packages/airflow/example_dags/plugins/listener_plugin.py
[2024-07-21T21:24:52.087+0100] {processor.py:841} WARNING - No viable dags retrieved from /Users/apoorvasaxena/.pyenv/versions/airflow-venv/lib/python3.10/site-packages/airflow/example_dags/plugins/listener_plugin.py
[2024-07-21T21:24:52.140+0100] {processor.py:179} INFO - Processing /Users/apoorvasaxena/.pyenv/versions/airflow-venv/lib/python3.10/site-packages/airflow/example_dags/plugins/listener_plugin.py took 0.057 seconds
[2024-07-21T21:25:27.337+0100] {processor.py:157} INFO - Started process (PID=86175) to work on /Users/apoorvasaxena/.pyenv/versions/airflow-venv/lib/python3.10/site-packages/airflow/example_dags/plugins/listener_plugin.py
[2024-07-21T21:25:27.339+0100] {processor.py:829} INFO - Processing file /Users/apoorvasaxena/.pyenv/versions/airflow-venv/lib/python3.10/site-packages/airflow/example_dags/plugins/listener_plugin.py for tasks to queue
[2024-07-21T21:25:27.339+0100] {logging_mixin.py:151} INFO - [2024-07-21T21:25:27.339+0100] {dagbag.py:539} INFO - Filling up the DagBag from /Users/apoorvasaxena/.pyenv/versions/airflow-venv/lib/python3.10/site-packages/airflow/example_dags/plugins/listener_plugin.py
[2024-07-21T21:25:27.340+0100] {processor.py:841} WARNING - No viable dags retrieved from /Users/apoorvasaxena/.pyenv/versions/airflow-venv/lib/python3.10/site-packages/airflow/example_dags/plugins/listener_plugin.py
[2024-07-21T21:25:27.393+0100] {processor.py:179} INFO - Processing /Users/apoorvasaxena/.pyenv/versions/airflow-venv/lib/python3.10/site-packages/airflow/example_dags/plugins/listener_plugin.py took 0.057 seconds
[2024-07-21T21:26:02.016+0100] {processor.py:157} INFO - Started process (PID=86224) to work on /Users/apoorvasaxena/.pyenv/versions/airflow-venv/lib/python3.10/site-packages/airflow/example_dags/plugins/listener_plugin.py
[2024-07-21T21:26:02.018+0100] {processor.py:829} INFO - Processing file /Users/apoorvasaxena/.pyenv/versions/airflow-venv/lib/python3.10/site-packages/airflow/example_dags/plugins/listener_plugin.py for tasks to queue
[2024-07-21T21:26:02.018+0100] {logging_mixin.py:151} INFO - [2024-07-21T21:26:02.018+0100] {dagbag.py:539} INFO - Filling up the DagBag from /Users/apoorvasaxena/.pyenv/versions/airflow-venv/lib/python3.10/site-packages/airflow/example_dags/plugins/listener_plugin.py
[2024-07-21T21:26:02.019+0100] {processor.py:841} WARNING - No viable dags retrieved from /Users/apoorvasaxena/.pyenv/versions/airflow-venv/lib/python3.10/site-packages/airflow/example_dags/plugins/listener_plugin.py
[2024-07-21T21:26:02.072+0100] {processor.py:179} INFO - Processing /Users/apoorvasaxena/.pyenv/versions/airflow-venv/lib/python3.10/site-packages/airflow/example_dags/plugins/listener_plugin.py took 0.057 seconds
[2024-07-21T21:26:36.564+0100] {processor.py:157} INFO - Started process (PID=86267) to work on /Users/apoorvasaxena/.pyenv/versions/airflow-venv/lib/python3.10/site-packages/airflow/example_dags/plugins/listener_plugin.py
[2024-07-21T21:26:36.566+0100] {processor.py:829} INFO - Processing file /Users/apoorvasaxena/.pyenv/versions/airflow-venv/lib/python3.10/site-packages/airflow/example_dags/plugins/listener_plugin.py for tasks to queue
[2024-07-21T21:26:36.566+0100] {logging_mixin.py:151} INFO - [2024-07-21T21:26:36.566+0100] {dagbag.py:539} INFO - Filling up the DagBag from /Users/apoorvasaxena/.pyenv/versions/airflow-venv/lib/python3.10/site-packages/airflow/example_dags/plugins/listener_plugin.py
[2024-07-21T21:26:36.567+0100] {processor.py:841} WARNING - No viable dags retrieved from /Users/apoorvasaxena/.pyenv/versions/airflow-venv/lib/python3.10/site-packages/airflow/example_dags/plugins/listener_plugin.py
[2024-07-21T21:26:36.620+0100] {processor.py:179} INFO - Processing /Users/apoorvasaxena/.pyenv/versions/airflow-venv/lib/python3.10/site-packages/airflow/example_dags/plugins/listener_plugin.py took 0.057 seconds
[2024-07-21T21:27:13.221+0100] {processor.py:157} INFO - Started process (PID=86319) to work on /Users/apoorvasaxena/.pyenv/versions/airflow-venv/lib/python3.10/site-packages/airflow/example_dags/plugins/listener_plugin.py
[2024-07-21T21:27:13.223+0100] {processor.py:829} INFO - Processing file /Users/apoorvasaxena/.pyenv/versions/airflow-venv/lib/python3.10/site-packages/airflow/example_dags/plugins/listener_plugin.py for tasks to queue
[2024-07-21T21:27:13.224+0100] {logging_mixin.py:151} INFO - [2024-07-21T21:27:13.224+0100] {dagbag.py:539} INFO - Filling up the DagBag from /Users/apoorvasaxena/.pyenv/versions/airflow-venv/lib/python3.10/site-packages/airflow/example_dags/plugins/listener_plugin.py
[2024-07-21T21:27:13.224+0100] {processor.py:841} WARNING - No viable dags retrieved from /Users/apoorvasaxena/.pyenv/versions/airflow-venv/lib/python3.10/site-packages/airflow/example_dags/plugins/listener_plugin.py
[2024-07-21T21:27:13.278+0100] {processor.py:179} INFO - Processing /Users/apoorvasaxena/.pyenv/versions/airflow-venv/lib/python3.10/site-packages/airflow/example_dags/plugins/listener_plugin.py took 0.057 seconds
[2024-07-21T21:27:48.642+0100] {processor.py:157} INFO - Started process (PID=86365) to work on /Users/apoorvasaxena/.pyenv/versions/airflow-venv/lib/python3.10/site-packages/airflow/example_dags/plugins/listener_plugin.py
[2024-07-21T21:27:48.644+0100] {processor.py:829} INFO - Processing file /Users/apoorvasaxena/.pyenv/versions/airflow-venv/lib/python3.10/site-packages/airflow/example_dags/plugins/listener_plugin.py for tasks to queue
[2024-07-21T21:27:48.644+0100] {logging_mixin.py:151} INFO - [2024-07-21T21:27:48.644+0100] {dagbag.py:539} INFO - Filling up the DagBag from /Users/apoorvasaxena/.pyenv/versions/airflow-venv/lib/python3.10/site-packages/airflow/example_dags/plugins/listener_plugin.py
[2024-07-21T21:27:48.645+0100] {processor.py:841} WARNING - No viable dags retrieved from /Users/apoorvasaxena/.pyenv/versions/airflow-venv/lib/python3.10/site-packages/airflow/example_dags/plugins/listener_plugin.py
[2024-07-21T21:27:48.699+0100] {processor.py:179} INFO - Processing /Users/apoorvasaxena/.pyenv/versions/airflow-venv/lib/python3.10/site-packages/airflow/example_dags/plugins/listener_plugin.py took 0.057 seconds
[2024-07-21T21:28:23.927+0100] {processor.py:157} INFO - Started process (PID=86409) to work on /Users/apoorvasaxena/.pyenv/versions/airflow-venv/lib/python3.10/site-packages/airflow/example_dags/plugins/listener_plugin.py
[2024-07-21T21:28:23.929+0100] {processor.py:829} INFO - Processing file /Users/apoorvasaxena/.pyenv/versions/airflow-venv/lib/python3.10/site-packages/airflow/example_dags/plugins/listener_plugin.py for tasks to queue
[2024-07-21T21:28:23.929+0100] {logging_mixin.py:151} INFO - [2024-07-21T21:28:23.929+0100] {dagbag.py:539} INFO - Filling up the DagBag from /Users/apoorvasaxena/.pyenv/versions/airflow-venv/lib/python3.10/site-packages/airflow/example_dags/plugins/listener_plugin.py
[2024-07-21T21:28:23.930+0100] {processor.py:841} WARNING - No viable dags retrieved from /Users/apoorvasaxena/.pyenv/versions/airflow-venv/lib/python3.10/site-packages/airflow/example_dags/plugins/listener_plugin.py
[2024-07-21T21:28:23.983+0100] {processor.py:179} INFO - Processing /Users/apoorvasaxena/.pyenv/versions/airflow-venv/lib/python3.10/site-packages/airflow/example_dags/plugins/listener_plugin.py took 0.057 seconds
[2024-07-21T21:29:01.168+0100] {processor.py:157} INFO - Started process (PID=86459) to work on /Users/apoorvasaxena/.pyenv/versions/airflow-venv/lib/python3.10/site-packages/airflow/example_dags/plugins/listener_plugin.py
[2024-07-21T21:29:01.170+0100] {processor.py:829} INFO - Processing file /Users/apoorvasaxena/.pyenv/versions/airflow-venv/lib/python3.10/site-packages/airflow/example_dags/plugins/listener_plugin.py for tasks to queue
[2024-07-21T21:29:01.171+0100] {logging_mixin.py:151} INFO - [2024-07-21T21:29:01.170+0100] {dagbag.py:539} INFO - Filling up the DagBag from /Users/apoorvasaxena/.pyenv/versions/airflow-venv/lib/python3.10/site-packages/airflow/example_dags/plugins/listener_plugin.py
[2024-07-21T21:29:01.172+0100] {processor.py:841} WARNING - No viable dags retrieved from /Users/apoorvasaxena/.pyenv/versions/airflow-venv/lib/python3.10/site-packages/airflow/example_dags/plugins/listener_plugin.py
[2024-07-21T21:29:01.225+0100] {processor.py:179} INFO - Processing /Users/apoorvasaxena/.pyenv/versions/airflow-venv/lib/python3.10/site-packages/airflow/example_dags/plugins/listener_plugin.py took 0.058 seconds
[2024-07-21T21:29:36.007+0100] {processor.py:157} INFO - Started process (PID=86502) to work on /Users/apoorvasaxena/.pyenv/versions/airflow-venv/lib/python3.10/site-packages/airflow/example_dags/plugins/listener_plugin.py
[2024-07-21T21:29:36.010+0100] {processor.py:829} INFO - Processing file /Users/apoorvasaxena/.pyenv/versions/airflow-venv/lib/python3.10/site-packages/airflow/example_dags/plugins/listener_plugin.py for tasks to queue
[2024-07-21T21:29:36.010+0100] {logging_mixin.py:151} INFO - [2024-07-21T21:29:36.010+0100] {dagbag.py:539} INFO - Filling up the DagBag from /Users/apoorvasaxena/.pyenv/versions/airflow-venv/lib/python3.10/site-packages/airflow/example_dags/plugins/listener_plugin.py
[2024-07-21T21:29:36.011+0100] {processor.py:841} WARNING - No viable dags retrieved from /Users/apoorvasaxena/.pyenv/versions/airflow-venv/lib/python3.10/site-packages/airflow/example_dags/plugins/listener_plugin.py
[2024-07-21T21:29:36.064+0100] {processor.py:179} INFO - Processing /Users/apoorvasaxena/.pyenv/versions/airflow-venv/lib/python3.10/site-packages/airflow/example_dags/plugins/listener_plugin.py took 0.058 seconds
[2024-07-21T21:30:12.171+0100] {processor.py:157} INFO - Started process (PID=86555) to work on /Users/apoorvasaxena/.pyenv/versions/airflow-venv/lib/python3.10/site-packages/airflow/example_dags/plugins/listener_plugin.py
[2024-07-21T21:30:12.174+0100] {processor.py:829} INFO - Processing file /Users/apoorvasaxena/.pyenv/versions/airflow-venv/lib/python3.10/site-packages/airflow/example_dags/plugins/listener_plugin.py for tasks to queue
[2024-07-21T21:30:12.174+0100] {logging_mixin.py:151} INFO - [2024-07-21T21:30:12.174+0100] {dagbag.py:539} INFO - Filling up the DagBag from /Users/apoorvasaxena/.pyenv/versions/airflow-venv/lib/python3.10/site-packages/airflow/example_dags/plugins/listener_plugin.py
[2024-07-21T21:30:12.175+0100] {processor.py:841} WARNING - No viable dags retrieved from /Users/apoorvasaxena/.pyenv/versions/airflow-venv/lib/python3.10/site-packages/airflow/example_dags/plugins/listener_plugin.py
[2024-07-21T21:30:12.228+0100] {processor.py:179} INFO - Processing /Users/apoorvasaxena/.pyenv/versions/airflow-venv/lib/python3.10/site-packages/airflow/example_dags/plugins/listener_plugin.py took 0.058 seconds
[2024-07-21T21:30:48.269+0100] {processor.py:157} INFO - Started process (PID=86601) to work on /Users/apoorvasaxena/.pyenv/versions/airflow-venv/lib/python3.10/site-packages/airflow/example_dags/plugins/listener_plugin.py
[2024-07-21T21:30:48.271+0100] {processor.py:829} INFO - Processing file /Users/apoorvasaxena/.pyenv/versions/airflow-venv/lib/python3.10/site-packages/airflow/example_dags/plugins/listener_plugin.py for tasks to queue
[2024-07-21T21:30:48.271+0100] {logging_mixin.py:151} INFO - [2024-07-21T21:30:48.271+0100] {dagbag.py:539} INFO - Filling up the DagBag from /Users/apoorvasaxena/.pyenv/versions/airflow-venv/lib/python3.10/site-packages/airflow/example_dags/plugins/listener_plugin.py
[2024-07-21T21:30:48.272+0100] {processor.py:841} WARNING - No viable dags retrieved from /Users/apoorvasaxena/.pyenv/versions/airflow-venv/lib/python3.10/site-packages/airflow/example_dags/plugins/listener_plugin.py
[2024-07-21T21:30:48.325+0100] {processor.py:179} INFO - Processing /Users/apoorvasaxena/.pyenv/versions/airflow-venv/lib/python3.10/site-packages/airflow/example_dags/plugins/listener_plugin.py took 0.057 seconds
[2024-07-21T21:31:25.082+0100] {processor.py:157} INFO - Started process (PID=86645) to work on /Users/apoorvasaxena/.pyenv/versions/airflow-venv/lib/python3.10/site-packages/airflow/example_dags/plugins/listener_plugin.py
[2024-07-21T21:31:25.084+0100] {processor.py:829} INFO - Processing file /Users/apoorvasaxena/.pyenv/versions/airflow-venv/lib/python3.10/site-packages/airflow/example_dags/plugins/listener_plugin.py for tasks to queue
[2024-07-21T21:31:25.085+0100] {logging_mixin.py:151} INFO - [2024-07-21T21:31:25.085+0100] {dagbag.py:539} INFO - Filling up the DagBag from /Users/apoorvasaxena/.pyenv/versions/airflow-venv/lib/python3.10/site-packages/airflow/example_dags/plugins/listener_plugin.py
[2024-07-21T21:31:25.085+0100] {processor.py:841} WARNING - No viable dags retrieved from /Users/apoorvasaxena/.pyenv/versions/airflow-venv/lib/python3.10/site-packages/airflow/example_dags/plugins/listener_plugin.py
[2024-07-21T21:31:25.139+0100] {processor.py:179} INFO - Processing /Users/apoorvasaxena/.pyenv/versions/airflow-venv/lib/python3.10/site-packages/airflow/example_dags/plugins/listener_plugin.py took 0.057 seconds
[2024-07-21T21:31:59.321+0100] {processor.py:157} INFO - Started process (PID=86692) to work on /Users/apoorvasaxena/.pyenv/versions/airflow-venv/lib/python3.10/site-packages/airflow/example_dags/plugins/listener_plugin.py
[2024-07-21T21:31:59.323+0100] {processor.py:829} INFO - Processing file /Users/apoorvasaxena/.pyenv/versions/airflow-venv/lib/python3.10/site-packages/airflow/example_dags/plugins/listener_plugin.py for tasks to queue
[2024-07-21T21:31:59.323+0100] {logging_mixin.py:151} INFO - [2024-07-21T21:31:59.323+0100] {dagbag.py:539} INFO - Filling up the DagBag from /Users/apoorvasaxena/.pyenv/versions/airflow-venv/lib/python3.10/site-packages/airflow/example_dags/plugins/listener_plugin.py
[2024-07-21T21:31:59.324+0100] {processor.py:841} WARNING - No viable dags retrieved from /Users/apoorvasaxena/.pyenv/versions/airflow-venv/lib/python3.10/site-packages/airflow/example_dags/plugins/listener_plugin.py
[2024-07-21T21:31:59.377+0100] {processor.py:179} INFO - Processing /Users/apoorvasaxena/.pyenv/versions/airflow-venv/lib/python3.10/site-packages/airflow/example_dags/plugins/listener_plugin.py took 0.057 seconds
[2024-07-21T21:32:37.861+0100] {processor.py:157} INFO - Started process (PID=86763) to work on /Users/apoorvasaxena/.pyenv/versions/airflow-venv/lib/python3.10/site-packages/airflow/example_dags/plugins/listener_plugin.py
[2024-07-21T21:32:37.864+0100] {processor.py:829} INFO - Processing file /Users/apoorvasaxena/.pyenv/versions/airflow-venv/lib/python3.10/site-packages/airflow/example_dags/plugins/listener_plugin.py for tasks to queue
[2024-07-21T21:32:37.864+0100] {logging_mixin.py:151} INFO - [2024-07-21T21:32:37.864+0100] {dagbag.py:539} INFO - Filling up the DagBag from /Users/apoorvasaxena/.pyenv/versions/airflow-venv/lib/python3.10/site-packages/airflow/example_dags/plugins/listener_plugin.py
[2024-07-21T21:32:37.865+0100] {processor.py:841} WARNING - No viable dags retrieved from /Users/apoorvasaxena/.pyenv/versions/airflow-venv/lib/python3.10/site-packages/airflow/example_dags/plugins/listener_plugin.py
[2024-07-21T21:32:37.920+0100] {processor.py:179} INFO - Processing /Users/apoorvasaxena/.pyenv/versions/airflow-venv/lib/python3.10/site-packages/airflow/example_dags/plugins/listener_plugin.py took 0.059 seconds
[2024-07-21T21:33:15.628+0100] {processor.py:157} INFO - Started process (PID=86813) to work on /Users/apoorvasaxena/.pyenv/versions/airflow-venv/lib/python3.10/site-packages/airflow/example_dags/plugins/listener_plugin.py
[2024-07-21T21:33:15.630+0100] {processor.py:829} INFO - Processing file /Users/apoorvasaxena/.pyenv/versions/airflow-venv/lib/python3.10/site-packages/airflow/example_dags/plugins/listener_plugin.py for tasks to queue
[2024-07-21T21:33:15.630+0100] {logging_mixin.py:151} INFO - [2024-07-21T21:33:15.630+0100] {dagbag.py:539} INFO - Filling up the DagBag from /Users/apoorvasaxena/.pyenv/versions/airflow-venv/lib/python3.10/site-packages/airflow/example_dags/plugins/listener_plugin.py
[2024-07-21T21:33:15.631+0100] {processor.py:841} WARNING - No viable dags retrieved from /Users/apoorvasaxena/.pyenv/versions/airflow-venv/lib/python3.10/site-packages/airflow/example_dags/plugins/listener_plugin.py
[2024-07-21T21:33:15.696+0100] {processor.py:179} INFO - Processing /Users/apoorvasaxena/.pyenv/versions/airflow-venv/lib/python3.10/site-packages/airflow/example_dags/plugins/listener_plugin.py took 0.069 seconds
[2024-07-21T21:33:52.008+0100] {processor.py:157} INFO - Started process (PID=86856) to work on /Users/apoorvasaxena/.pyenv/versions/airflow-venv/lib/python3.10/site-packages/airflow/example_dags/plugins/listener_plugin.py
[2024-07-21T21:33:52.011+0100] {processor.py:829} INFO - Processing file /Users/apoorvasaxena/.pyenv/versions/airflow-venv/lib/python3.10/site-packages/airflow/example_dags/plugins/listener_plugin.py for tasks to queue
[2024-07-21T21:33:52.011+0100] {logging_mixin.py:151} INFO - [2024-07-21T21:33:52.011+0100] {dagbag.py:539} INFO - Filling up the DagBag from /Users/apoorvasaxena/.pyenv/versions/airflow-venv/lib/python3.10/site-packages/airflow/example_dags/plugins/listener_plugin.py
[2024-07-21T21:33:52.013+0100] {processor.py:841} WARNING - No viable dags retrieved from /Users/apoorvasaxena/.pyenv/versions/airflow-venv/lib/python3.10/site-packages/airflow/example_dags/plugins/listener_plugin.py
[2024-07-21T21:33:52.067+0100] {processor.py:179} INFO - Processing /Users/apoorvasaxena/.pyenv/versions/airflow-venv/lib/python3.10/site-packages/airflow/example_dags/plugins/listener_plugin.py took 0.059 seconds
[2024-07-21T21:34:28.396+0100] {processor.py:157} INFO - Started process (PID=86895) to work on /Users/apoorvasaxena/.pyenv/versions/airflow-venv/lib/python3.10/site-packages/airflow/example_dags/plugins/listener_plugin.py
[2024-07-21T21:34:28.398+0100] {processor.py:829} INFO - Processing file /Users/apoorvasaxena/.pyenv/versions/airflow-venv/lib/python3.10/site-packages/airflow/example_dags/plugins/listener_plugin.py for tasks to queue
[2024-07-21T21:34:28.398+0100] {logging_mixin.py:151} INFO - [2024-07-21T21:34:28.398+0100] {dagbag.py:539} INFO - Filling up the DagBag from /Users/apoorvasaxena/.pyenv/versions/airflow-venv/lib/python3.10/site-packages/airflow/example_dags/plugins/listener_plugin.py
[2024-07-21T21:34:28.399+0100] {processor.py:841} WARNING - No viable dags retrieved from /Users/apoorvasaxena/.pyenv/versions/airflow-venv/lib/python3.10/site-packages/airflow/example_dags/plugins/listener_plugin.py
[2024-07-21T21:34:28.456+0100] {processor.py:179} INFO - Processing /Users/apoorvasaxena/.pyenv/versions/airflow-venv/lib/python3.10/site-packages/airflow/example_dags/plugins/listener_plugin.py took 0.061 seconds
[2024-07-21T21:35:05.322+0100] {processor.py:157} INFO - Started process (PID=86938) to work on /Users/apoorvasaxena/.pyenv/versions/airflow-venv/lib/python3.10/site-packages/airflow/example_dags/plugins/listener_plugin.py
[2024-07-21T21:35:05.324+0100] {processor.py:829} INFO - Processing file /Users/apoorvasaxena/.pyenv/versions/airflow-venv/lib/python3.10/site-packages/airflow/example_dags/plugins/listener_plugin.py for tasks to queue
[2024-07-21T21:35:05.324+0100] {logging_mixin.py:151} INFO - [2024-07-21T21:35:05.324+0100] {dagbag.py:539} INFO - Filling up the DagBag from /Users/apoorvasaxena/.pyenv/versions/airflow-venv/lib/python3.10/site-packages/airflow/example_dags/plugins/listener_plugin.py
[2024-07-21T21:35:05.325+0100] {processor.py:841} WARNING - No viable dags retrieved from /Users/apoorvasaxena/.pyenv/versions/airflow-venv/lib/python3.10/site-packages/airflow/example_dags/plugins/listener_plugin.py
[2024-07-21T21:35:05.380+0100] {processor.py:179} INFO - Processing /Users/apoorvasaxena/.pyenv/versions/airflow-venv/lib/python3.10/site-packages/airflow/example_dags/plugins/listener_plugin.py took 0.058 seconds
[2024-07-21T21:35:41.559+0100] {processor.py:157} INFO - Started process (PID=86985) to work on /Users/apoorvasaxena/.pyenv/versions/airflow-venv/lib/python3.10/site-packages/airflow/example_dags/plugins/listener_plugin.py
[2024-07-21T21:35:41.561+0100] {processor.py:829} INFO - Processing file /Users/apoorvasaxena/.pyenv/versions/airflow-venv/lib/python3.10/site-packages/airflow/example_dags/plugins/listener_plugin.py for tasks to queue
[2024-07-21T21:35:41.561+0100] {logging_mixin.py:151} INFO - [2024-07-21T21:35:41.561+0100] {dagbag.py:539} INFO - Filling up the DagBag from /Users/apoorvasaxena/.pyenv/versions/airflow-venv/lib/python3.10/site-packages/airflow/example_dags/plugins/listener_plugin.py
[2024-07-21T21:35:41.562+0100] {processor.py:841} WARNING - No viable dags retrieved from /Users/apoorvasaxena/.pyenv/versions/airflow-venv/lib/python3.10/site-packages/airflow/example_dags/plugins/listener_plugin.py
[2024-07-21T21:35:41.616+0100] {processor.py:179} INFO - Processing /Users/apoorvasaxena/.pyenv/versions/airflow-venv/lib/python3.10/site-packages/airflow/example_dags/plugins/listener_plugin.py took 0.058 seconds
[2024-07-21T21:36:16.824+0100] {processor.py:157} INFO - Started process (PID=87033) to work on /Users/apoorvasaxena/.pyenv/versions/airflow-venv/lib/python3.10/site-packages/airflow/example_dags/plugins/listener_plugin.py
[2024-07-21T21:36:16.826+0100] {processor.py:829} INFO - Processing file /Users/apoorvasaxena/.pyenv/versions/airflow-venv/lib/python3.10/site-packages/airflow/example_dags/plugins/listener_plugin.py for tasks to queue
[2024-07-21T21:36:16.826+0100] {logging_mixin.py:151} INFO - [2024-07-21T21:36:16.826+0100] {dagbag.py:539} INFO - Filling up the DagBag from /Users/apoorvasaxena/.pyenv/versions/airflow-venv/lib/python3.10/site-packages/airflow/example_dags/plugins/listener_plugin.py
[2024-07-21T21:36:16.827+0100] {processor.py:841} WARNING - No viable dags retrieved from /Users/apoorvasaxena/.pyenv/versions/airflow-venv/lib/python3.10/site-packages/airflow/example_dags/plugins/listener_plugin.py
[2024-07-21T21:36:16.881+0100] {processor.py:179} INFO - Processing /Users/apoorvasaxena/.pyenv/versions/airflow-venv/lib/python3.10/site-packages/airflow/example_dags/plugins/listener_plugin.py took 0.058 seconds
[2024-07-21T21:36:51.324+0100] {processor.py:157} INFO - Started process (PID=87072) to work on /Users/apoorvasaxena/.pyenv/versions/airflow-venv/lib/python3.10/site-packages/airflow/example_dags/plugins/listener_plugin.py
[2024-07-21T21:36:51.326+0100] {processor.py:829} INFO - Processing file /Users/apoorvasaxena/.pyenv/versions/airflow-venv/lib/python3.10/site-packages/airflow/example_dags/plugins/listener_plugin.py for tasks to queue
[2024-07-21T21:36:51.326+0100] {logging_mixin.py:151} INFO - [2024-07-21T21:36:51.326+0100] {dagbag.py:539} INFO - Filling up the DagBag from /Users/apoorvasaxena/.pyenv/versions/airflow-venv/lib/python3.10/site-packages/airflow/example_dags/plugins/listener_plugin.py
[2024-07-21T21:36:51.327+0100] {processor.py:841} WARNING - No viable dags retrieved from /Users/apoorvasaxena/.pyenv/versions/airflow-venv/lib/python3.10/site-packages/airflow/example_dags/plugins/listener_plugin.py
[2024-07-21T21:36:51.381+0100] {processor.py:179} INFO - Processing /Users/apoorvasaxena/.pyenv/versions/airflow-venv/lib/python3.10/site-packages/airflow/example_dags/plugins/listener_plugin.py took 0.058 seconds
[2024-07-21T21:37:28.181+0100] {processor.py:157} INFO - Started process (PID=87112) to work on /Users/apoorvasaxena/.pyenv/versions/airflow-venv/lib/python3.10/site-packages/airflow/example_dags/plugins/listener_plugin.py
[2024-07-21T21:37:28.183+0100] {processor.py:829} INFO - Processing file /Users/apoorvasaxena/.pyenv/versions/airflow-venv/lib/python3.10/site-packages/airflow/example_dags/plugins/listener_plugin.py for tasks to queue
[2024-07-21T21:37:28.183+0100] {logging_mixin.py:151} INFO - [2024-07-21T21:37:28.183+0100] {dagbag.py:539} INFO - Filling up the DagBag from /Users/apoorvasaxena/.pyenv/versions/airflow-venv/lib/python3.10/site-packages/airflow/example_dags/plugins/listener_plugin.py
[2024-07-21T21:37:28.184+0100] {processor.py:841} WARNING - No viable dags retrieved from /Users/apoorvasaxena/.pyenv/versions/airflow-venv/lib/python3.10/site-packages/airflow/example_dags/plugins/listener_plugin.py
[2024-07-21T21:37:28.239+0100] {processor.py:179} INFO - Processing /Users/apoorvasaxena/.pyenv/versions/airflow-venv/lib/python3.10/site-packages/airflow/example_dags/plugins/listener_plugin.py took 0.058 seconds
