[2024-07-21T20:49:26.149+0100] {processor.py:157} INFO - Started process (PID=82470) to work on /Users/apoorvasaxena/.pyenv/versions/airflow-venv/lib/python3.10/site-packages/airflow/example_dags/plugins/workday.py
[2024-07-21T20:49:26.151+0100] {processor.py:829} INFO - Processing file /Users/apoorvasaxena/.pyenv/versions/airflow-venv/lib/python3.10/site-packages/airflow/example_dags/plugins/workday.py for tasks to queue
[2024-07-21T20:49:26.151+0100] {logging_mixin.py:151} INFO - [2024-07-21T20:49:26.151+0100] {dagbag.py:539} INFO - Filling up the DagBag from /Users/apoorvasaxena/.pyenv/versions/airflow-venv/lib/python3.10/site-packages/airflow/example_dags/plugins/workday.py
[2024-07-21T20:49:26.152+0100] {logging_mixin.py:151} INFO - [2024-07-21T20:49:26.152+0100] {workday.py:36} WARNING - Could not import pandas. Holidays will not be considered.
[2024-07-21T20:49:26.152+0100] {processor.py:841} WARNING - No viable dags retrieved from /Users/apoorvasaxena/.pyenv/versions/airflow-venv/lib/python3.10/site-packages/airflow/example_dags/plugins/workday.py
[2024-07-21T20:49:26.207+0100] {processor.py:179} INFO - Processing /Users/apoorvasaxena/.pyenv/versions/airflow-venv/lib/python3.10/site-packages/airflow/example_dags/plugins/workday.py took 0.058 seconds
[2024-07-21T20:50:33.034+0100] {processor.py:157} INFO - Started process (PID=82584) to work on /Users/apoorvasaxena/.pyenv/versions/airflow-venv/lib/python3.10/site-packages/airflow/example_dags/plugins/workday.py
[2024-07-21T20:50:33.037+0100] {processor.py:829} INFO - Processing file /Users/apoorvasaxena/.pyenv/versions/airflow-venv/lib/python3.10/site-packages/airflow/example_dags/plugins/workday.py for tasks to queue
[2024-07-21T20:50:33.037+0100] {logging_mixin.py:151} INFO - [2024-07-21T20:50:33.037+0100] {dagbag.py:539} INFO - Filling up the DagBag from /Users/apoorvasaxena/.pyenv/versions/airflow-venv/lib/python3.10/site-packages/airflow/example_dags/plugins/workday.py
[2024-07-21T20:50:33.038+0100] {logging_mixin.py:151} INFO - [2024-07-21T20:50:33.038+0100] {workday.py:36} WARNING - Could not import pandas. Holidays will not be considered.
[2024-07-21T20:50:33.038+0100] {processor.py:841} WARNING - No viable dags retrieved from /Users/apoorvasaxena/.pyenv/versions/airflow-venv/lib/python3.10/site-packages/airflow/example_dags/plugins/workday.py
[2024-07-21T20:50:33.092+0100] {processor.py:179} INFO - Processing /Users/apoorvasaxena/.pyenv/versions/airflow-venv/lib/python3.10/site-packages/airflow/example_dags/plugins/workday.py took 0.058 seconds
[2024-07-21T20:51:10.468+0100] {processor.py:157} INFO - Started process (PID=82666) to work on /Users/apoorvasaxena/.pyenv/versions/airflow-venv/lib/python3.10/site-packages/airflow/example_dags/plugins/workday.py
[2024-07-21T20:51:10.470+0100] {processor.py:829} INFO - Processing file /Users/apoorvasaxena/.pyenv/versions/airflow-venv/lib/python3.10/site-packages/airflow/example_dags/plugins/workday.py for tasks to queue
[2024-07-21T20:51:10.471+0100] {logging_mixin.py:151} INFO - [2024-07-21T20:51:10.470+0100] {dagbag.py:539} INFO - Filling up the DagBag from /Users/apoorvasaxena/.pyenv/versions/airflow-venv/lib/python3.10/site-packages/airflow/example_dags/plugins/workday.py
[2024-07-21T20:51:10.471+0100] {logging_mixin.py:151} INFO - [2024-07-21T20:51:10.471+0100] {workday.py:36} WARNING - Could not import pandas. Holidays will not be considered.
[2024-07-21T20:51:10.471+0100] {processor.py:841} WARNING - No viable dags retrieved from /Users/apoorvasaxena/.pyenv/versions/airflow-venv/lib/python3.10/site-packages/airflow/example_dags/plugins/workday.py
[2024-07-21T20:51:10.530+0100] {processor.py:179} INFO - Processing /Users/apoorvasaxena/.pyenv/versions/airflow-venv/lib/python3.10/site-packages/airflow/example_dags/plugins/workday.py took 0.063 seconds
[2024-07-21T20:51:48.293+0100] {processor.py:157} INFO - Started process (PID=82832) to work on /Users/apoorvasaxena/.pyenv/versions/airflow-venv/lib/python3.10/site-packages/airflow/example_dags/plugins/workday.py
[2024-07-21T20:51:48.296+0100] {processor.py:829} INFO - Processing file /Users/apoorvasaxena/.pyenv/versions/airflow-venv/lib/python3.10/site-packages/airflow/example_dags/plugins/workday.py for tasks to queue
[2024-07-21T20:51:48.296+0100] {logging_mixin.py:151} INFO - [2024-07-21T20:51:48.296+0100] {dagbag.py:539} INFO - Filling up the DagBag from /Users/apoorvasaxena/.pyenv/versions/airflow-venv/lib/python3.10/site-packages/airflow/example_dags/plugins/workday.py
[2024-07-21T20:51:48.297+0100] {logging_mixin.py:151} INFO - [2024-07-21T20:51:48.297+0100] {workday.py:36} WARNING - Could not import pandas. Holidays will not be considered.
[2024-07-21T20:51:48.297+0100] {processor.py:841} WARNING - No viable dags retrieved from /Users/apoorvasaxena/.pyenv/versions/airflow-venv/lib/python3.10/site-packages/airflow/example_dags/plugins/workday.py
[2024-07-21T20:51:48.351+0100] {processor.py:179} INFO - Processing /Users/apoorvasaxena/.pyenv/versions/airflow-venv/lib/python3.10/site-packages/airflow/example_dags/plugins/workday.py took 0.058 seconds
[2024-07-21T20:52:23.680+0100] {processor.py:157} INFO - Started process (PID=82872) to work on /Users/apoorvasaxena/.pyenv/versions/airflow-venv/lib/python3.10/site-packages/airflow/example_dags/plugins/workday.py
[2024-07-21T20:52:23.682+0100] {processor.py:829} INFO - Processing file /Users/apoorvasaxena/.pyenv/versions/airflow-venv/lib/python3.10/site-packages/airflow/example_dags/plugins/workday.py for tasks to queue
[2024-07-21T20:52:23.682+0100] {logging_mixin.py:151} INFO - [2024-07-21T20:52:23.682+0100] {dagbag.py:539} INFO - Filling up the DagBag from /Users/apoorvasaxena/.pyenv/versions/airflow-venv/lib/python3.10/site-packages/airflow/example_dags/plugins/workday.py
[2024-07-21T20:52:23.683+0100] {logging_mixin.py:151} INFO - [2024-07-21T20:52:23.683+0100] {workday.py:36} WARNING - Could not import pandas. Holidays will not be considered.
[2024-07-21T20:52:23.683+0100] {processor.py:841} WARNING - No viable dags retrieved from /Users/apoorvasaxena/.pyenv/versions/airflow-venv/lib/python3.10/site-packages/airflow/example_dags/plugins/workday.py
[2024-07-21T20:52:23.737+0100] {processor.py:179} INFO - Processing /Users/apoorvasaxena/.pyenv/versions/airflow-venv/lib/python3.10/site-packages/airflow/example_dags/plugins/workday.py took 0.057 seconds
